
Showing logs for build [32mentando-entando-core-bom-pr-1-p-bppsl-1[0m stage [32mfrom-build-pack[0m and container [32mstep-credential-initializer-7fq4r[0m
{"level":"warn","ts":1599745286.9419978,"logger":"fallback-logger","caller":"logging/config.go:69","msg":"Fetch GitHub commit ID from kodata failed: \"ref: refs/heads/0.8.0-**-support-backwards-incompats\" is not a valid GitHub commit ID"}
{"level":"info","ts":1599745286.9636438,"logger":"fallback-logger","caller":"creds-init/main.go:40","msg":"Credentials initialized."}

Showing logs for build [32mentando-entando-core-bom-pr-1-p-bppsl-1[0m stage [32mfrom-build-pack[0m and container [32mstep-working-dir-initializer-tjj9n[0m
{"level":"warn","ts":1599745291.4975402,"logger":"fallback-logger","caller":"logging/config.go:69","msg":"Fetch GitHub commit ID from kodata failed: open /var/run/ko/HEAD: no such file or directory"}
{"level":"info","ts":1599745291.5285046,"logger":"fallback-logger","caller":"bash/main.go:64","msg":"Successfully e**cuted command \"sh -c mkdir -p /workspace/source\"; output "}

Showing logs for build [32mentando-entando-core-bom-pr-1-p-bppsl-1[0m stage [32mfrom-build-pack[0m and container [32mstep-place-tools[0m

Showing logs for build [32mentando-entando-core-bom-pr-1-p-bppsl-1[0m stage [32mfrom-build-pack[0m and container [32mstep-git-source-entando-entando-core-bom-pr-1-p-c7gfq[0m
{"level":"warn","ts":1599745323.918302,"logger":"fallback-logger","caller":"logging/config.go:69","msg":"Fetch GitHub commit ID from kodata failed: \"ref: refs/heads/0.8.0-**-support-backwards-incompats\" is not a valid GitHub commit ID"}
{"level":"info","ts":1599745325.075291,"logger":"fallback-logger","caller":"git/git.go:103","msg":"Successfully cloned https://github.com/entando/entando-core-bom.git @ master in path /workspace/source"}

Showing logs for build [32mentando-entando-core-bom-pr-1-p-bppsl-1[0m stage [32mfrom-build-pack[0m and container [32mstep-git-merge[0m
Using SHAs from PULL_REFS=master:3b8eeb6b2e336df12caf70cae526a90b2c0e870b,1:f110a0cad9ed717d0a1e54bebd79121690fe633a
DEBUG: ran git fetch --unshallow origin f110a0cad9ed717d0a1e54bebd79121690fe633a: 3b8eeb6b2e336df12caf70cae526a90b2c0e870b: in 
DEBUG: ran git checkout master in 
DEBUG: ran git reset --hard 3b8eeb6b2e336df12caf70cae526a90b2c0e870b in 
DEBUG: ran clean --force -d . in 
DEBUG: ran git merge f110a0cad9ed717d0a1e54bebd79121690fe633a in 
Merged SHA f110a0cad9ed717d0a1e54bebd79121690fe633a with commit message 'ENG-1130 updating entando engine version' into base branch master

Showing logs for build [32mentando-entando-core-bom-pr-1-p-bppsl-1[0m stage [32mfrom-build-pack[0m and container [32mstep-build-verify[0m
Picked up _JAVA_OPTIONS: -XX:+UnlockExperimentalVMOptions -Dsun.zip.disableMemoryMapping=true -XX:+UseParallelGC -XX:MinHeapFreeRatio=5 -XX:MaxHeapFreeRatio=10 -XX:GCTimeRatio=4 -XX:AdaptiveSizePolicyWeight=90 -Xms10m -Xmx8000m
[INFO] Scanning for projects...
[INFO] 
[INFO] --------------------< org.entando:entando-core-bom >--------------------
[INFO] Building entando-de-app 6.2.0-SNAPSHOT
[INFO] --------------------------------[ pom ]---------------------------------
[INFO] ------------------------------------------------------------------------
[INFO] BUILD SUCCESS
[INFO] ------------------------------------------------------------------------
[INFO] Total time:  0.980 s
[INFO] Finished at: 2020-09-10T13:42:10Z
[INFO] ------------------------------------------------------------------------
