
Showing logs for build [32mentando-entando-core-bom-master-qnsn4-103[0m stage [32mfrom-build-pack[0m and container [32mstep-credential-initializer-d88tm[0m
{"level":"warn","ts":1602673809.415382,"logger":"fallback-logger","caller":"logging/config.go:69","msg":"Fetch GitHub commit ID from kodata failed: \"ref: refs/heads/0.8.0-**-support-backwards-incompats\" is not a valid GitHub commit ID"}
{"level":"info","ts":1602673809.4259603,"logger":"fallback-logger","caller":"creds-init/main.go:40","msg":"Credentials initialized."}

Showing logs for build [32mentando-entando-core-bom-master-qnsn4-103[0m stage [32mfrom-build-pack[0m and container [32mstep-working-dir-initializer-rp2sk[0m
{"level":"warn","ts":1602673811.9571946,"logger":"fallback-logger","caller":"logging/config.go:69","msg":"Fetch GitHub commit ID from kodata failed: open /var/run/ko/HEAD: no such file or directory"}
{"level":"info","ts":1602673811.9818616,"logger":"fallback-logger","caller":"bash/main.go:64","msg":"Successfully e**cuted command \"sh -c mkdir -p /workspace/source\"; output "}

Showing logs for build [32mentando-entando-core-bom-master-qnsn4-103[0m stage [32mfrom-build-pack[0m and container [32mstep-place-tools[0m

Showing logs for build [32mentando-entando-core-bom-master-qnsn4-103[0m stage [32mfrom-build-pack[0m and container [32mstep-git-source-entando-entando-core-bom-master-6v54g[0m
{"level":"warn","ts":1602673835.2154694,"logger":"fallback-logger","caller":"logging/config.go:69","msg":"Fetch GitHub commit ID from kodata failed: \"ref: refs/heads/0.8.0-**-support-backwards-incompats\" is not a valid GitHub commit ID"}
{"level":"info","ts":1602673836.5051649,"logger":"fallback-logger","caller":"git/git.go:103","msg":"Successfully cloned https://github.com/entando/entando-core-bom.git @ v6.2.93 in path /workspace/source"}

Showing logs for build [32mentando-entando-core-bom-master-qnsn4-103[0m stage [32mfrom-build-pack[0m and container [32mstep-git-merge[0m
Using SHAs from PULL_REFS=master:8bdd1e48208b8a11a7e4cf7d623fa28f8777572e
WARNING: no SHAs to merge, falling back to initial cloned commit

Showing logs for build [32mentando-entando-core-bom-master-qnsn4-103[0m stage [32mfrom-build-pack[0m and container [32mstep-setup-jx-git-credentials[0m
Generated Git credentials file /workspace/xdg_config/git/credentials

Showing logs for build [32mentando-entando-core-bom-master-qnsn4-103[0m stage [32mfrom-build-pack[0m and container [32mstep-build-mvn-deploy[0m
Picked up _JAVA_OPTIONS: -XX:+UnlockExperimentalVMOptions -Dsun.zip.disableMemoryMapping=true -XX:+UseParallelGC -XX:MinHeapFreeRatio=5 -XX:MaxHeapFreeRatio=10 -XX:GCTimeRatio=4 -XX:AdaptiveSizePolicyWeight=90 -Xms10m -Xmx8000m
[INFO] Scanning for projects...
[INFO] 
[INFO] --------------------< org.entando:entando-core-bom >--------------------
[INFO] Building Entando Core BOM 6.2.93
[INFO] --------------------------------[ pom ]---------------------------------
[INFO] 
[INFO] --- maven-install-plugin:2.4:install (default-install) @ entando-core-bom ---
[INFO] Installing /workspace/source/pom.xml to /home/jenkins/.mvnrepository/org/entando/entando-core-bom/6.2.93/entando-core-bom-6.2.93.pom
[INFO] 
[INFO] --- maven-deploy-plugin:2.8.2:deploy (default-deploy) @ entando-core-bom ---
[INFO] Using alternate deployment repository local-nexus::default::http://nexus/repository/maven-releases/
[INFO] ------------------------------------------------------------------------
[INFO] BUILD SUCCESS
[INFO] ------------------------------------------------------------------------
[INFO] Total time:  3.131 s
[INFO] Finished at: 2020-10-14T11:10:43Z
[INFO] ------------------------------------------------------------------------

Showing logs for build [32mentando-entando-core-bom-master-qnsn4-103[0m stage [32mfrom-build-pack[0m and container [32mstep-promote-changelog[0m
Converted /workspace/source to an unshallow repository
Generating change log from git ref 850fbaafc91d0f134814c04e75cc0296cf1a4794 => f9a76aa2eb317311f84b88374e404c56b3a7efe2
Associating user jenkins-x-bot in users.jenkins.io with email jenkins-x@googlegroups.com to git GitProvider user with login jenkins-x-bot-0 as emails match
Adding label jenkins.io/git-github-userid=jenkins-x-bot-0 to user jenkins-x-bot in users.jenkins.io
Associating user jenkins-x-bot in users.jenkins.io with email jenkins-x@googlegroups.com to git GitProvider user with login jenkins-x-bot-0 as emails match
Adding label jenkins.io/git-github-userid=jenkins-x-bot-0 to user jenkins-x-bot in users.jenkins.io
Finding issues in commit messages using git format
WARNING: No release found for entando/entando-core-bom and tag v6.2.93 so creating a new release
Updated the release information at https://github.com/entando/entando-core-bom/releases/tag/v6.2.93
generated: /workspace/source/templates/release.yaml
Created Release entando-core-bom-6-2-93 resource in namespace **
Updating PipelineActivity entando-entando-core-bom-master-103 with version 6.2.93
Updated PipelineActivities entando-entando-core-bom-master-103 with release notes URL: https://github.com/entando/entando-core-bom/releases/tag/v6.2.93
