
Showing logs for build [32mentando-entando-core-bom-master-rzc9n-39[0m stage [32mfrom-build-pack[0m and container [32mstep-credential-initializer-sh2m6[0m
{"level":"warn","ts":1599745658.2228277,"logger":"fallback-logger","caller":"logging/config.go:69","msg":"Fetch GitHub commit ID from kodata failed: \"ref: refs/heads/0.8.0-**-support-backwards-incompats\" is not a valid GitHub commit ID"}
{"level":"info","ts":1599745658.2249324,"logger":"fallback-logger","caller":"creds-init/main.go:40","msg":"Credentials initialized."}

Showing logs for build [32mentando-entando-core-bom-master-rzc9n-39[0m stage [32mfrom-build-pack[0m and container [32mstep-working-dir-initializer-z75sf[0m
{"level":"warn","ts":1599745660.1722004,"logger":"fallback-logger","caller":"logging/config.go:69","msg":"Fetch GitHub commit ID from kodata failed: open /var/run/ko/HEAD: no such file or directory"}
{"level":"info","ts":1599745660.1759493,"logger":"fallback-logger","caller":"bash/main.go:64","msg":"Successfully e**cuted command \"sh -c mkdir -p /workspace/source\"; output "}

Showing logs for build [32mentando-entando-core-bom-master-rzc9n-39[0m stage [32mfrom-build-pack[0m and container [32mstep-place-tools[0m

Showing logs for build [32mentando-entando-core-bom-master-rzc9n-39[0m stage [32mfrom-build-pack[0m and container [32mstep-git-source-entando-entando-core-bom-master-jxvbq[0m
{"level":"warn","ts":1599745691.8813381,"logger":"fallback-logger","caller":"logging/config.go:69","msg":"Fetch GitHub commit ID from kodata failed: \"ref: refs/heads/0.8.0-**-support-backwards-incompats\" is not a valid GitHub commit ID"}
{"level":"info","ts":1599745693.0456238,"logger":"fallback-logger","caller":"git/git.go:103","msg":"Successfully cloned https://github.com/entando/entando-core-bom.git @ v6.2.32 in path /workspace/source"}

Showing logs for build [32mentando-entando-core-bom-master-rzc9n-39[0m stage [32mfrom-build-pack[0m and container [32mstep-git-merge[0m
Using SHAs from PULL_REFS=master:9c1daaf441cb62c39e79475aa1205bf05474e33a
WARNING: no SHAs to merge, falling back to initial cloned commit

Showing logs for build [32mentando-entando-core-bom-master-rzc9n-39[0m stage [32mfrom-build-pack[0m and container [32mstep-setup-jx-git-credentials[0m
Generated Git credentials file /workspace/xdg_config/git/credentials

Showing logs for build [32mentando-entando-core-bom-master-rzc9n-39[0m stage [32mfrom-build-pack[0m and container [32mstep-build-mvn-deploy[0m
Picked up _JAVA_OPTIONS: -XX:+UnlockExperimentalVMOptions -Dsun.zip.disableMemoryMapping=true -XX:+UseParallelGC -XX:MinHeapFreeRatio=5 -XX:MaxHeapFreeRatio=10 -XX:GCTimeRatio=4 -XX:AdaptiveSizePolicyWeight=90 -Xms10m -Xmx8000m
[INFO] Scanning for projects...
[INFO] 
[INFO] --------------------< org.entando:entando-core-bom >--------------------
[INFO] Building entando-de-app 6.2.32
[INFO] --------------------------------[ pom ]---------------------------------
[INFO] 
[INFO] --- maven-install-plugin:2.4:install (default-install) @ entando-core-bom ---
[INFO] Installing /workspace/source/pom.xml to /home/jenkins/.mvnrepository/org/entando/entando-core-bom/6.2.32/entando-core-bom-6.2.32.pom
[INFO] 
[INFO] --- maven-deploy-plugin:2.8.2:deploy (default-deploy) @ entando-core-bom ---
[INFO] Using alternate deployment repository local-nexus::default::http://nexus/repository/maven-releases/
[INFO] ------------------------------------------------------------------------
[INFO] BUILD SUCCESS
[INFO] ------------------------------------------------------------------------
[INFO] Total time:  3.344 s
[INFO] Finished at: 2020-09-10T13:48:21Z
[INFO] ------------------------------------------------------------------------

Showing logs for build [32mentando-entando-core-bom-master-rzc9n-39[0m stage [32mfrom-build-pack[0m and container [32mstep-promote-changelog[0m
Converted /workspace/source to an unshallow repository
Generating change log from git ref 374b26b789bc9d311de2bc44e5231f42976bb9ec => 67b0da80b0dcb6200ac0061915e44c31cec49aaf
Associating user brenoqvds in users.jenkins.io with email brenoqueirozvds@gmail.com to git GitProvider user with login breno-de-souza as emails match
Adding label jenkins.io/git-github-userid=breno-de-souza to user brenoqvds in users.jenkins.io
Associating user github in users.jenkins.io with email noreply@github.com to git GitProvider user with login github-0 as emails match
Adding label jenkins.io/git-github-userid=github-0 to user github in users.jenkins.io
Finding issues in commit messages using git format
WARNING: No release found for entando/entando-core-bom and tag v6.2.32 so creating a new release
Updated the release information at https://github.com/entando/entando-core-bom/releases/tag/v6.2.32
generated: /workspace/source/templates/release.yaml
Created Release entando-core-bom-6-2-32 resource in namespace **
Updating PipelineActivity entando-entando-core-bom-master-39 with version 6.2.32
Updated PipelineActivities entando-entando-core-bom-master-39 with release notes URL: https://github.com/entando/entando-core-bom/releases/tag/v6.2.32
