
Showing logs for build [32mentando-entando-core-bom-master-xks7h-76[0m stage [32mfrom-build-pack[0m and container [32mstep-credential-initializer-tjwwz[0m
{"level":"warn","ts":1602003347.2102559,"logger":"fallback-logger","caller":"logging/config.go:69","msg":"Fetch GitHub commit ID from kodata failed: \"ref: refs/heads/0.8.0-**-support-backwards-incompats\" is not a valid GitHub commit ID"}
{"level":"info","ts":1602003347.213965,"logger":"fallback-logger","caller":"creds-init/main.go:40","msg":"Credentials initialized."}

Showing logs for build [32mentando-entando-core-bom-master-xks7h-76[0m stage [32mfrom-build-pack[0m and container [32mstep-working-dir-initializer-ldvz4[0m
{"level":"warn","ts":1602003348.7004697,"logger":"fallback-logger","caller":"logging/config.go:69","msg":"Fetch GitHub commit ID from kodata failed: open /var/run/ko/HEAD: no such file or directory"}
{"level":"info","ts":1602003348.709592,"logger":"fallback-logger","caller":"bash/main.go:64","msg":"Successfully e**cuted command \"sh -c mkdir -p /workspace/source\"; output "}

Showing logs for build [32mentando-entando-core-bom-master-xks7h-76[0m stage [32mfrom-build-pack[0m and container [32mstep-place-tools[0m

Showing logs for build [32mentando-entando-core-bom-master-xks7h-76[0m stage [32mfrom-build-pack[0m and container [32mstep-git-source-entando-entando-core-bom-master-56zzd[0m
{"level":"warn","ts":1602003372.4566596,"logger":"fallback-logger","caller":"logging/config.go:69","msg":"Fetch GitHub commit ID from kodata failed: \"ref: refs/heads/0.8.0-**-support-backwards-incompats\" is not a valid GitHub commit ID"}
{"level":"info","ts":1602003373.7108622,"logger":"fallback-logger","caller":"git/git.go:103","msg":"Successfully cloned https://github.com/entando/entando-core-bom.git @ v6.2.68 in path /workspace/source"}

Showing logs for build [32mentando-entando-core-bom-master-xks7h-76[0m stage [32mfrom-build-pack[0m and container [32mstep-git-merge[0m
Using SHAs from PULL_REFS=master:2972fa93bd15104c512d93773ebf2a1a50af8133
WARNING: no SHAs to merge, falling back to initial cloned commit

Showing logs for build [32mentando-entando-core-bom-master-xks7h-76[0m stage [32mfrom-build-pack[0m and container [32mstep-setup-jx-git-credentials[0m
Generated Git credentials file /workspace/xdg_config/git/credentials

Showing logs for build [32mentando-entando-core-bom-master-xks7h-76[0m stage [32mfrom-build-pack[0m and container [32mstep-build-mvn-deploy[0m
Picked up _JAVA_OPTIONS: -XX:+UnlockExperimentalVMOptions -Dsun.zip.disableMemoryMapping=true -XX:+UseParallelGC -XX:MinHeapFreeRatio=5 -XX:MaxHeapFreeRatio=10 -XX:GCTimeRatio=4 -XX:AdaptiveSizePolicyWeight=90 -Xms10m -Xmx8000m
[INFO] Scanning for projects...
[INFO] 
[INFO] --------------------< org.entando:entando-core-bom >--------------------
[INFO] Building Entando Core BOM 6.2.68
[INFO] --------------------------------[ pom ]---------------------------------
[INFO] 
[INFO] --- maven-install-plugin:2.4:install (default-install) @ entando-core-bom ---
[INFO] Installing /workspace/source/pom.xml to /home/jenkins/.mvnrepository/org/entando/entando-core-bom/6.2.68/entando-core-bom-6.2.68.pom
[INFO] 
[INFO] --- maven-deploy-plugin:2.8.2:deploy (default-deploy) @ entando-core-bom ---
[INFO] Using alternate deployment repository local-nexus::default::http://nexus/repository/maven-releases/
[INFO] ------------------------------------------------------------------------
[INFO] BUILD SUCCESS
[INFO] ------------------------------------------------------------------------
[INFO] Total time:  3.969 s
[INFO] Finished at: 2020-10-06T16:56:22Z
[INFO] ------------------------------------------------------------------------

Showing logs for build [32mentando-entando-core-bom-master-xks7h-76[0m stage [32mfrom-build-pack[0m and container [32mstep-promote-changelog[0m
Converted /workspace/source to an unshallow repository
Generating change log from git ref 0ca076ec68aa05ab550448942ccb878cd63799c7 => 47995f110dbea2a9366c2ab84e8a4c4c8a7c97fe
Associating user jenkins-x-bot in users.jenkins.io with email jenkins-x@googlegroups.com to git GitProvider user with login jenkins-x-bot-0 as emails match
Adding label jenkins.io/git-github-userid=jenkins-x-bot-0 to user jenkins-x-bot in users.jenkins.io
Associating user jenkins-x-bot in users.jenkins.io with email jenkins-x@googlegroups.com to git GitProvider user with login jenkins-x-bot-0 as emails match
Adding label jenkins.io/git-github-userid=jenkins-x-bot-0 to user jenkins-x-bot in users.jenkins.io
Finding issues in commit messages using git format
WARNING: No release found for entando/entando-core-bom and tag v6.2.68 so creating a new release
Updated the release information at https://github.com/entando/entando-core-bom/releases/tag/v6.2.68
generated: /workspace/source/templates/release.yaml
Created Release entando-core-bom-6-2-68 resource in namespace **
Updating PipelineActivity entando-entando-core-bom-master-76 with version 6.2.68
Updated PipelineActivities entando-entando-core-bom-master-76 with release notes URL: https://github.com/entando/entando-core-bom/releases/tag/v6.2.68
