
Showing logs for build [32mmeta-entando-entando-engine-pr-jggj5-11[0m stage [32mmeta-pipeline[0m and container [32mstep-credential-initializer-n945h[0m
{"level":"warn","ts":1600683334.5982294,"logger":"fallback-logger","caller":"logging/config.go:69","msg":"Fetch GitHub commit ID from kodata failed: \"ref: refs/heads/0.8.0-**-support-backwards-incompats\" is not a valid GitHub commit ID"}
{"level":"info","ts":1600683334.6037693,"logger":"fallback-logger","caller":"creds-init/main.go:40","msg":"Credentials initialized."}

Showing logs for build [32mmeta-entando-entando-engine-pr-jggj5-11[0m stage [32mmeta-pipeline[0m and container [32mstep-working-dir-initializer-qqvk4[0m
{"level":"warn","ts":1600683336.6960363,"logger":"fallback-logger","caller":"logging/config.go:69","msg":"Fetch GitHub commit ID from kodata failed: open /var/run/ko/HEAD: no such file or directory"}
{"level":"info","ts":1600683336.7381718,"logger":"fallback-logger","caller":"bash/main.go:64","msg":"Successfully e**cuted command \"sh -c mkdir -p /workspace/source\"; output "}

Showing logs for build [32mmeta-entando-entando-engine-pr-jggj5-11[0m stage [32mmeta-pipeline[0m and container [32mstep-place-tools[0m

Showing logs for build [32mmeta-entando-entando-engine-pr-jggj5-11[0m stage [32mmeta-pipeline[0m and container [32mstep-git-source-meta-entando-entando-engine-pr-gdxz8[0m
{"level":"warn","ts":1600683363.4601917,"logger":"fallback-logger","caller":"logging/config.go:69","msg":"Fetch GitHub commit ID from kodata failed: \"ref: refs/heads/0.8.0-**-support-backwards-incompats\" is not a valid GitHub commit ID"}
{"level":"info","ts":1600683365.9434524,"logger":"fallback-logger","caller":"git/git.go:103","msg":"Successfully cloned https://github.com/entando/entando-engine.git @ e3a073f4123e828ab2dd6b6e3490d15fd413446a in path /workspace/source"}

Showing logs for build [32mmeta-entando-entando-engine-pr-jggj5-11[0m stage [32mmeta-pipeline[0m and container [32mstep-git-merge[0m
Using SHAs from PULL_REFS=master:e3a073f4123e828ab2dd6b6e3490d15fd413446a,37:47f9f76093bf9722ee07a7972f5b58eb96844de3
DEBUG: ran git fetch --unshallow origin 47f9f76093bf9722ee07a7972f5b58eb96844de3: e3a073f4123e828ab2dd6b6e3490d15fd413446a: in 
DEBUG: ran git checkout master in 
DEBUG: ran git reset --hard e3a073f4123e828ab2dd6b6e3490d15fd413446a in 
DEBUG: ran clean --force -d . in 
error: error during merge: merging 47f9f76093bf9722ee07a7972f5b58eb96844de3 into master: git output: Removing src/main/java/org/entando/entando/aps/util/crypto/LegacyPasswordEncryptor.java
Auto-merging src/main/java/org/entando/entando/aps/******/services/page/PageService.java
Auto-merging src/main/java/org/entando/entando/aps/******/services/api/ApiResourcesDefDOM.java
CONFLICT (content): Merge conflict in src/main/java/org/entando/entando/aps/******/services/api/ApiResourcesDefDOM.java
Auto-merging src/main/java/org/entando/entando/aps/******/init/util/ComponentDefDOM.java
CONFLICT (content): Merge conflict in src/main/java/org/entando/entando/aps/******/init/util/ComponentDefDOM.java
Auto-merging src/main/java/com/agiletec/aps/******/services/user/UserManager.java
CONFLICT (content): Merge conflict in src/main/java/com/agiletec/aps/******/services/user/UserManager.java
Auto-merging src/main/java/com/agiletec/aps/******/services/baseconfig/ConfigInterface.java
CONFLICT (content): Merge conflict in src/main/java/com/agiletec/aps/******/services/baseconfig/ConfigInterface.java
Auto-merging src/main/java/com/agiletec/aps/******/services/baseconfig/BaseConfigManager.java
Auto-merging src/main/java/com/agiletec/aps/******/common/entity/parse/AbstractAttributeSupportObjectDOM.java
CONFLICT (content): Merge conflict in src/main/java/com/agiletec/aps/******/common/entity/parse/AbstractAttributeSupportObjectDOM.java
Auto-merging src/main/java/com/agiletec/aps/******/common/entity/ApsEntityManager.java
Automatic merge failed; fix conflicts and then commit the result.: failed to run 'git merge 47f9f76093bf9722ee07a7972f5b58eb96844de3' command in directory '', output: 'Removing src/main/java/org/entando/entando/aps/util/crypto/LegacyPasswordEncryptor.java
Auto-merging src/main/java/org/entando/entando/aps/******/services/page/PageService.java
Auto-merging src/main/java/org/entando/entando/aps/******/services/api/ApiResourcesDefDOM.java
CONFLICT (content): Merge conflict in src/main/java/org/entando/entando/aps/******/services/api/ApiResourcesDefDOM.java
Auto-merging src/main/java/org/entando/entando/aps/******/init/util/ComponentDefDOM.java
CONFLICT (content): Merge conflict in src/main/java/org/entando/entando/aps/******/init/util/ComponentDefDOM.java
Auto-merging src/main/java/com/agiletec/aps/******/services/user/UserManager.java
CONFLICT (content): Merge conflict in src/main/java/com/agiletec/aps/******/services/user/UserManager.java
Auto-merging src/main/java/com/agiletec/aps/******/services/baseconfig/ConfigInterface.java
CONFLICT (content): Merge conflict in src/main/java/com/agiletec/aps/******/services/baseconfig/ConfigInterface.java
Auto-merging src/main/java/com/agiletec/aps/******/services/baseconfig/BaseConfigManager.java
Auto-merging src/main/java/com/agiletec/aps/******/common/entity/parse/AbstractAttributeSupportObjectDOM.java
CONFLICT (content): Merge conflict in src/main/java/com/agiletec/aps/******/common/entity/parse/AbstractAttributeSupportObjectDOM.java
Auto-merging src/main/java/com/agiletec/aps/******/common/entity/ApsEntityManager.java
Automatic merge failed; fix conflicts and then commit the result.'
[31m
Pipeline failed on stage 'meta-pipeline' : container 'step-git-merge'. The execution of the pipeline has stopped.[0m
