
Showing logs for build [32mentando-entando-engine-pr-37-pr-hnsbh-28[0m stage [32mfrom-build-pack[0m and container [32mstep-credential-initializer-rqdwh[0m
{"level":"warn","ts":1600776620.6843991,"logger":"fallback-logger","caller":"logging/config.go:69","msg":"Fetch GitHub commit ID from kodata failed: \"ref: refs/heads/0.8.0-**-support-backwards-incompats\" is not a valid GitHub commit ID"}
{"level":"info","ts":1600776620.691571,"logger":"fallback-logger","caller":"creds-init/main.go:40","msg":"Credentials initialized."}

Showing logs for build [32mentando-entando-engine-pr-37-pr-hnsbh-28[0m stage [32mfrom-build-pack[0m and container [32mstep-working-dir-initializer-x5m6n[0m
{"level":"warn","ts":1600776624.1253054,"logger":"fallback-logger","caller":"logging/config.go:69","msg":"Fetch GitHub commit ID from kodata failed: open /var/run/ko/HEAD: no such file or directory"}
{"level":"info","ts":1600776624.1372168,"logger":"fallback-logger","caller":"bash/main.go:64","msg":"Successfully e**cuted command \"sh -c mkdir -p /workspace/source\"; output "}

Showing logs for build [32mentando-entando-engine-pr-37-pr-hnsbh-28[0m stage [32mfrom-build-pack[0m and container [32mstep-place-tools[0m

Showing logs for build [32mentando-entando-engine-pr-37-pr-hnsbh-28[0m stage [32mfrom-build-pack[0m and container [32mstep-git-source-entando-entando-engine-pr-37-pr-lzgxk[0m
{"level":"warn","ts":1600776705.9663892,"logger":"fallback-logger","caller":"logging/config.go:69","msg":"Fetch GitHub commit ID from kodata failed: \"ref: refs/heads/0.8.0-**-support-backwards-incompats\" is not a valid GitHub commit ID"}
{"level":"info","ts":1600776708.4101903,"logger":"fallback-logger","caller":"git/git.go:103","msg":"Successfully cloned https://github.com/entando/entando-engine.git @ master in path /workspace/source"}

Showing logs for build [32mentando-entando-engine-pr-37-pr-hnsbh-28[0m stage [32mfrom-build-pack[0m and container [32mstep-git-merge[0m
failed to open log file "/var/log/pods/86a0c4e1-fccc-11ea-ada8-765ed317cb17/step-git-merge/0.log": open /var/log/pods/86a0c4e1-fccc-11ea-ada8-765ed317cb17/step-git-merge/0.log: no such file or directory

Showing logs for build [32mentando-entando-engine-pr-37-pr-hnsbh-28[0m stage [32mfrom-build-pack[0m and container [32mstep-build-set-version[0m
Unable to retrieve container logs for docker://8adfe7b939d1283bf69c2a99f304975e8a429e5436e84c52d90453faa4283327

Showing logs for build [32mentando-entando-engine-pr-37-pr-hnsbh-28[0m stage [32mfrom-build-pack[0m and container [32mstep-build-fix-git-for-sonar[0m
Unable to retrieve container logs for docker://4f2ca73bcc277907f3b7102c932e17167023062acff47268df5a173d266beb79

Showing logs for build [32mentando-entando-engine-pr-37-pr-hnsbh-28[0m stage [32mfrom-build-pack[0m and container [32mstep-build-mvn-verify-pr[0m
Unable to retrieve container logs for docker://018a4888c3b3c4407f3c03ed92e5c0351a8caab48ea4ef142c3046ff80eed43a
[31m
Pipeline failed on stage 'from-build-pack' : container 'step-build-mvn-verify-pr'. The execution of the pipeline has stopped.[0m
