
Showing logs for build [32mmeta-entando-entando-plugin-jps-rv6k8-2[0m stage [32mmeta-pipeline[0m and container [32mstep-credential-initializer-rvbrx[0m
{"level":"warn","ts":1602596682.037371,"logger":"fallback-logger","caller":"logging/config.go:69","msg":"Fetch GitHub commit ID from kodata failed: \"ref: refs/heads/0.8.0-**-support-backwards-incompats\" is not a valid GitHub commit ID"}
{"level":"info","ts":1602596682.0415497,"logger":"fallback-logger","caller":"creds-init/main.go:40","msg":"Credentials initialized."}

Showing logs for build [32mmeta-entando-entando-plugin-jps-rv6k8-2[0m stage [32mmeta-pipeline[0m and container [32mstep-working-dir-initializer-kp2bz[0m
{"level":"warn","ts":1602596683.463257,"logger":"fallback-logger","caller":"logging/config.go:69","msg":"Fetch GitHub commit ID from kodata failed: open /var/run/ko/HEAD: no such file or directory"}
{"level":"info","ts":1602596683.4760897,"logger":"fallback-logger","caller":"bash/main.go:64","msg":"Successfully e**cuted command \"sh -c mkdir -p /workspace/source\"; output "}

Showing logs for build [32mmeta-entando-entando-plugin-jps-rv6k8-2[0m stage [32mmeta-pipeline[0m and container [32mstep-place-tools[0m

Showing logs for build [32mmeta-entando-entando-plugin-jps-rv6k8-2[0m stage [32mmeta-pipeline[0m and container [32mstep-git-source-meta-entando-entando-plugin-jps-jgh54[0m
{"level":"warn","ts":1602596703.8495233,"logger":"fallback-logger","caller":"logging/config.go:69","msg":"Fetch GitHub commit ID from kodata failed: \"ref: refs/heads/0.8.0-**-support-backwards-incompats\" is not a valid GitHub commit ID"}
{"level":"info","ts":1602596705.438312,"logger":"fallback-logger","caller":"git/git.go:103","msg":"Successfully cloned https://github.com/entando/entando-plugin-jpseo.git @ ee53d4f7a8838da7c8bef833f243333f09203c57 in path /workspace/source"}

Showing logs for build [32mmeta-entando-entando-plugin-jps-rv6k8-2[0m stage [32mmeta-pipeline[0m and container [32mstep-git-merge[0m
Using SHAs from PULL_REFS=master:ee53d4f7a8838da7c8bef833f243333f09203c57,18:90c15d3296b402bbad8f555d5b5776dea5f4a159
DEBUG: ran git fetch --unshallow origin 90c15d3296b402bbad8f555d5b5776dea5f4a159: ee53d4f7a8838da7c8bef833f243333f09203c57: in 
DEBUG: ran git checkout master in 
DEBUG: ran git reset --hard ee53d4f7a8838da7c8bef833f243333f09203c57 in 
DEBUG: ran clean --force -d . in 
error: error during merge: merging 90c15d3296b402bbad8f555d5b5776dea5f4a159 into master: git output: Auto-merging src/test/java/org/entando/entando/plugins/jpseo/aps*****/portal/PageSettingsActionAspectTest.java
CONFLICT (content): Merge conflict in src/test/java/org/entando/entando/plugins/jpseo/aps*****/portal/PageSettingsActionAspectTest.java
Auto-merging src/main/java/org/entando/entando/plugins/jpseo/aps/******/services/page/SeoPageService.java
CONFLICT (content): Merge conflict in src/main/java/org/entando/entando/plugins/jpseo/aps/******/services/page/SeoPageService.java
Auto-merging src/main/java/org/entando/entando/plugins/jpseo/aps/******/services/metatag/MetatagCatalog.java
CONFLICT (content): Merge conflict in src/main/java/org/entando/entando/plugins/jpseo/aps/******/services/metatag/MetatagCatalog.java
Automatic merge failed; fix conflicts and then commit the result.: failed to run 'git merge 90c15d3296b402bbad8f555d5b5776dea5f4a159' command in directory '', output: 'Auto-merging src/test/java/org/entando/entando/plugins/jpseo/aps*****/portal/PageSettingsActionAspectTest.java
CONFLICT (content): Merge conflict in src/test/java/org/entando/entando/plugins/jpseo/aps*****/portal/PageSettingsActionAspectTest.java
Auto-merging src/main/java/org/entando/entando/plugins/jpseo/aps/******/services/page/SeoPageService.java
CONFLICT (content): Merge conflict in src/main/java/org/entando/entando/plugins/jpseo/aps/******/services/page/SeoPageService.java
Auto-merging src/main/java/org/entando/entando/plugins/jpseo/aps/******/services/metatag/MetatagCatalog.java
CONFLICT (content): Merge conflict in src/main/java/org/entando/entando/plugins/jpseo/aps/******/services/metatag/MetatagCatalog.java
Automatic merge failed; fix conflicts and then commit the result.'
[31m
Pipeline failed on stage 'meta-pipeline' : container 'step-git-merge'. The execution of the pipeline has stopped.[0m
