
Showing logs for build [32mentando-entando-engine-pr-56-pr-54rzn-5[0m stage [32mfrom-build-pack[0m and container [32mstep-credential-initializer-dkdhx[0m
failed to open log file "/var/log/pods/73dee155-0884-11eb-a71d-765ed317cb17/step-credential-initializer-dkdhx/0.log": open /var/log/pods/73dee155-0884-11eb-a71d-765ed317cb17/step-credential-initializer-dkdhx/0.log: no such file or directory

Showing logs for build [32mentando-entando-engine-pr-56-pr-54rzn-5[0m stage [32mfrom-build-pack[0m and container [32mstep-working-dir-initializer-mmh8d[0m
{"level":"warn","ts":1602065099.4095652,"logger":"fallback-logger","caller":"logging/config.go:69","msg":"Fetch GitHub commit ID from kodata failed: open /var/run/ko/HEAD: no such file or directory"}
{"level":"info","ts":1602065099.426506,"logger":"fallback-logger","caller":"bash/main.go:64","msg":"Successfully e**cuted command \"sh -c mkdir -p /workspace/source\"; output "}

Showing logs for build [32mentando-entando-engine-pr-56-pr-54rzn-5[0m stage [32mfrom-build-pack[0m and container [32mstep-place-tools[0m

Showing logs for build [32mentando-entando-engine-pr-56-pr-54rzn-5[0m stage [32mfrom-build-pack[0m and container [32mstep-git-source-entando-entando-engine-pr-56-pr-tfgp8[0m
{"level":"warn","ts":1602065197.355551,"logger":"fallback-logger","caller":"logging/config.go:69","msg":"Fetch GitHub commit ID from kodata failed: \"ref: refs/heads/0.8.0-**-support-backwards-incompats\" is not a valid GitHub commit ID"}
{"level":"info","ts":1602065200.6980774,"logger":"fallback-logger","caller":"git/git.go:103","msg":"Successfully cloned https://github.com/entando/entando-engine.git @ master in path /workspace/source"}

Showing logs for build [32mentando-entando-engine-pr-56-pr-54rzn-5[0m stage [32mfrom-build-pack[0m and container [32mstep-git-merge[0m
Using SHAs from PULL_REFS=master:02fd7c024c0fb1ebff42aa57ff0fc919528f434d,56:8bf48188fb12907657b385c76b5e1f6bb6b2b5ca
DEBUG: ran git fetch --unshallow origin 8bf48188fb12907657b385c76b5e1f6bb6b2b5ca: 02fd7c024c0fb1ebff42aa57ff0fc919528f434d: in 
DEBUG: ran git checkout master in 
DEBUG: ran git reset --hard 02fd7c024c0fb1ebff42aa57ff0fc919528f434d in 
DEBUG: ran clean --force -d . in 
DEBUG: ran git merge 8bf48188fb12907657b385c76b5e1f6bb6b2b5ca in 
Merged SHA fae55ba78818213623c06d921b08ad401edeb40e with commit message 'Merge commit '8bf48188fb12907657b385c76b5e1f6bb6b2b5ca'' into base branch master
Merged SHA 8bf48188fb12907657b385c76b5e1f6bb6b2b5ca with commit message 'ENG-1244 null check added' into base branch master
Merged SHA 1ba6ef2f66ce93596433b2c08f6aa5ce576d9632 with commit message 'ENG-1244 Field overridable renamed to readonlyDefaultConfig' into base branch master
Merged SHA f3aed51fd95351090a34bed71ea2dce964e780b0 with commit message 'ENG-1244 removed unused logger and changed the if statement using the primitive boolean expression to avoid Null Pointer Exceptions' into base branch master
Merged SHA 599eda3597c2ff7137fd257060e48db83254db26 with commit message 'ENG-1244 new overridable field added in widget type' into base branch master

Showing logs for build [32mentando-entando-engine-pr-56-pr-54rzn-5[0m stage [32mfrom-build-pack[0m and container [32mstep-build-set-version[0m
Picked up _JAVA_OPTIONS: -XX:+UnlockExperimentalVMOptions -Dsun.zip.disableMemoryMapping=true -XX:+UseParallelGC -XX:MinHeapFreeRatio=5 -XX:MaxHeapFreeRatio=10 -XX:GCTimeRatio=4 -XX:AdaptiveSizePolicyWeight=90 -Xms10m -Xmx8000m
[INFO] Scanning for projects...
[WARNING] The POM for org.eclipse.m2e:lifecycle-mapping:jar:1.0.0 is missing, no dependency information available
[WARNING] Failed to retrieve plugin descriptor for org.eclipse.m2e:lifecycle-mapping:1.0.0: Plugin org.eclipse.m2e:lifecycle-mapping:1.0.0 or one of its dependencies could not be resolved: Could not find artifact org.eclipse.m2e:lifecycle-mapping:jar:1.0.0 in nexus (http://nexus/repository/maven-group/)
[INFO] 
[INFO] -----------------< org.entando.entando:entando-engine >-----------------
[INFO] Building Entando Core: Engine 6.2.0-SNAPSHOT
[INFO] --------------------------------[ jar ]---------------------------------
[WARNING] The POM for org.eclipse.m2e:lifecycle-mapping:jar:1.0.0 is missing, no dependency information available
[WARNING] Failed to retrieve plugin descriptor for org.eclipse.m2e:lifecycle-mapping:1.0.0: Plugin org.eclipse.m2e:lifecycle-mapping:1.0.0 or one of its dependencies could not be resolved: Failure to find org.eclipse.m2e:lifecycle-mapping:jar:1.0.0 in http://nexus/repository/maven-group/ was cached in the local repository, resolution will not be reattempted until the update interval of nexus has elapsed or updates are forced
[INFO] 
[INFO] --- versions-maven-plugin:2.8.1:set (default-cli) @ entando-engine ---
[INFO] Local aggregation ****: /workspace/source
[INFO] Processing change of org.entando.entando:entando-engine:6.2.0-SNAPSHOT -> 0.0.0-SNAPSHOT-PR-56-5
[INFO] Processing org.entando.entando:entando-engine
[INFO]     Updating project org.entando.entando:entando-engine
[INFO]         from version 6.2.0-SNAPSHOT to 0.0.0-SNAPSHOT-PR-56-5
[INFO] 
[INFO] ------------------------------------------------------------------------
[INFO] BUILD SUCCESS
[INFO] ------------------------------------------------------------------------
[INFO] Total time:  34.480 s
[INFO] Finished at: 2020-10-07T10:07:25Z
[INFO] ------------------------------------------------------------------------

Showing logs for build [32mentando-entando-engine-pr-56-pr-54rzn-5[0m stage [32mfrom-build-pack[0m and container [32mstep-build-fix-git-for-sonar[0m
error: Your local changes to the following files would be overwritten by checkout:
	pom.xml
Please commit your changes or stash them before you switch branches.
Aborting
error: Cannot delete branch 'master' checked out at '/workspace/source'
fatal: Refusing to fetch into current branch refs/heads/master of non-bare repository
[31m
Pipeline failed on stage 'from-build-pack' : container 'step-build-fix-git-for-sonar'. The execution of the pipeline has stopped.[0m
