
Showing logs for build [32mentando-k8s-entando-de-app-pr-9-zbclf-1[0m stage [32mfrom-build-pack[0m and container [32mstep-credential-initializer-qxpqg[0m
{"level":"warn","ts":1602001730.3168445,"logger":"fallback-logger","caller":"logging/config.go:69","msg":"Fetch GitHub commit ID from kodata failed: \"ref: refs/heads/0.8.0-**-support-backwards-incompats\" is not a valid GitHub commit ID"}
{"level":"info","ts":1602001730.3207808,"logger":"fallback-logger","caller":"creds-init/main.go:40","msg":"Credentials initialized."}

Showing logs for build [32mentando-k8s-entando-de-app-pr-9-zbclf-1[0m stage [32mfrom-build-pack[0m and container [32mstep-working-dir-initializer-6dpgr[0m
{"level":"warn","ts":1602001732.1595657,"logger":"fallback-logger","caller":"logging/config.go:69","msg":"Fetch GitHub commit ID from kodata failed: open /var/run/ko/HEAD: no such file or directory"}
{"level":"info","ts":1602001732.1715012,"logger":"fallback-logger","caller":"bash/main.go:64","msg":"Successfully e**cuted command \"sh -c mkdir -p /workspace/source\"; output "}

Showing logs for build [32mentando-k8s-entando-de-app-pr-9-zbclf-1[0m stage [32mfrom-build-pack[0m and container [32mstep-place-tools[0m
Unable to retrieve container logs for docker://8952f3e608066c20b810ba837f0656212ed65723a67bc251f41e93bd5813f52e

Showing logs for build [32mentando-k8s-entando-de-app-pr-9-zbclf-1[0m stage [32mfrom-build-pack[0m and container [32mstep-git-source-entando-k8s-entando-de-app-pr-9-p5qhf[0m
{"level":"warn","ts":1602001843.733477,"logger":"fallback-logger","caller":"logging/config.go:69","msg":"Fetch GitHub commit ID from kodata failed: \"ref: refs/heads/0.8.0-**-support-backwards-incompats\" is not a valid GitHub commit ID"}
{"level":"info","ts":1602001846.6274836,"logger":"fallback-logger","caller":"git/git.go:103","msg":"Successfully cloned https://github.com/entando-k8s/entando-de-app.git @ master in path /workspace/source"}

Showing logs for build [32mentando-k8s-entando-de-app-pr-9-zbclf-1[0m stage [32mfrom-build-pack[0m and container [32mstep-git-merge[0m
Using SHAs from PULL_REFS=master:5b2f9adb7dd7effa3e9e69e4d0c1fffc226590e9,99:f5ff9f8d3c6eb14ca673936dfd491fed795bb5ac
DEBUG: ran git fetch --unshallow origin f5ff9f8d3c6eb14ca673936dfd491fed795bb5ac: 5b2f9adb7dd7effa3e9e69e4d0c1fffc226590e9: in 
DEBUG: ran git checkout master in 
DEBUG: ran git reset --hard 5b2f9adb7dd7effa3e9e69e4d0c1fffc226590e9 in 
DEBUG: ran clean --force -d . in 
DEBUG: ran git merge f5ff9f8d3c6eb14ca673936dfd491fed795bb5ac in 
Merged SHA f5ff9f8d3c6eb14ca673936dfd491fed795bb5ac with commit message 'ENG-1348-Update-versions' into base branch master

Showing logs for build [32mentando-k8s-entando-de-app-pr-9-zbclf-1[0m stage [32mfrom-build-pack[0m and container [32mstep-build-set-version[0m
Unable to retrieve container logs for docker://2e610d1e1977e33e790e40955fa50b48b6a235e76669a2473e026c044afc8b3e

Showing logs for build [32mentando-k8s-entando-de-app-pr-9-zbclf-1[0m stage [32mfrom-build-pack[0m and container [32mstep-build-mvn-verify[0m
Unable to retrieve container logs for docker://c7ca27bf281eba73968292fe658ac7441e60f46df152d65fdd9c0c1c9961b450
[31m
Pipeline failed on stage 'from-build-pack' : container 'step-build-mvn-verify'. The execution of the pipeline has stopped.[0m
