
Showing logs for build [32mentando-entando-plugin-jacms-pr-mmtg6-1[0m stage [32mfrom-build-pack[0m and container [32mstep-credential-initializer-6ltrs[0m
{"level":"warn","ts":1599746433.1102517,"logger":"fallback-logger","caller":"logging/config.go:69","msg":"Fetch GitHub commit ID from kodata failed: \"ref: refs/heads/0.8.0-**-support-backwards-incompats\" is not a valid GitHub commit ID"}
{"level":"info","ts":1599746433.114359,"logger":"fallback-logger","caller":"creds-init/main.go:40","msg":"Credentials initialized."}

Showing logs for build [32mentando-entando-plugin-jacms-pr-mmtg6-1[0m stage [32mfrom-build-pack[0m and container [32mstep-working-dir-initializer-n2m6l[0m
{"level":"warn","ts":1599746436.131757,"logger":"fallback-logger","caller":"logging/config.go:69","msg":"Fetch GitHub commit ID from kodata failed: open /var/run/ko/HEAD: no such file or directory"}
{"level":"info","ts":1599746436.138536,"logger":"fallback-logger","caller":"bash/main.go:64","msg":"Successfully e**cuted command \"sh -c mkdir -p /workspace/source\"; output "}

Showing logs for build [32mentando-entando-plugin-jacms-pr-mmtg6-1[0m stage [32mfrom-build-pack[0m and container [32mstep-place-tools[0m

Showing logs for build [32mentando-entando-plugin-jacms-pr-mmtg6-1[0m stage [32mfrom-build-pack[0m and container [32mstep-git-source-entando-entando-plugin-jacms-pr-x5tcd[0m
{"level":"warn","ts":1599746530.0896728,"logger":"fallback-logger","caller":"logging/config.go:69","msg":"Fetch GitHub commit ID from kodata failed: \"ref: refs/heads/0.8.0-**-support-backwards-incompats\" is not a valid GitHub commit ID"}
{"level":"info","ts":1599746532.2223773,"logger":"fallback-logger","caller":"git/git.go:103","msg":"Successfully cloned https://github.com/entando/entando-plugin-jacms.git @ master in path /workspace/source"}

Showing logs for build [32mentando-entando-plugin-jacms-pr-mmtg6-1[0m stage [32mfrom-build-pack[0m and container [32mstep-git-merge[0m
Using SHAs from PULL_REFS=master:bce453478806fb1922d4dc6519bfc35570da6eed,29:cad74158d0eded904c93f3c381fd2ed0a8b5f689
DEBUG: ran git fetch --unshallow origin cad74158d0eded904c93f3c381fd2ed0a8b5f689: bce453478806fb1922d4dc6519bfc35570da6eed: in 
DEBUG: ran git checkout master in 
DEBUG: ran git reset --hard bce453478806fb1922d4dc6519bfc35570da6eed in 
DEBUG: ran clean --force -d . in 
DEBUG: ran git merge cad74158d0eded904c93f3c381fd2ed0a8b5f689 in 
Merged SHA cad74158d0eded904c93f3c381fd2ed0a8b5f689 with commit message 'ENG-1130 Refactoring CMS after entando-engine changes' into base branch master

Showing logs for build [32mentando-entando-plugin-jacms-pr-mmtg6-1[0m stage [32mfrom-build-pack[0m and container [32mstep-build-set-version[0m
Picked up _JAVA_OPTIONS: -XX:+UnlockExperimentalVMOptions -Dsun.zip.disableMemoryMapping=true -XX:+UseParallelGC -XX:MinHeapFreeRatio=5 -XX:MaxHeapFreeRatio=10 -XX:GCTimeRatio=4 -XX:AdaptiveSizePolicyWeight=90 -Xms10m -Xmx8000m
[INFO] Scanning for projects...
[INFO] 
[INFO] ----------< org.entando.entando.plugins:entando-plugin-jacms >----------
[INFO] Building Entando Plugin: CMS 6.2.0-SNAPSHOT
[INFO] --------------------------------[ war ]---------------------------------
[INFO] 
[INFO] --- versions-maven-plugin:2.8.1:set (default-cli) @ entando-plugin-jacms ---
[INFO] Local aggregation ****: /workspace/source
[INFO] Processing change of org.entando.entando.plugins:entando-plugin-jacms:6.2.0-SNAPSHOT -> 0.0.0-SNAPSHOT-PR-29-1
[INFO] Processing org.entando.entando.plugins:entando-plugin-jacms
[INFO]     Updating project org.entando.entando.plugins:entando-plugin-jacms
[INFO]         from version 6.2.0-SNAPSHOT to 0.0.0-SNAPSHOT-PR-29-1
[INFO] 
[INFO] ------------------------------------------------------------------------
[INFO] BUILD SUCCESS
[INFO] ------------------------------------------------------------------------
[INFO] Total time:  10.423 s
[INFO] Finished at: 2020-09-10T14:02:28Z
[INFO] ------------------------------------------------------------------------

Showing logs for build [32mentando-entando-plugin-jacms-pr-mmtg6-1[0m stage [32mfrom-build-pack[0m and container [32mstep-build-fix-git-for-sonar[0m
M	pom.xml
Switched to a new branch 'PR-29'
Deleted branch master (was cad7415).
From https://github.com/entando/entando-plugin-jacms
 * [new branch]      master            -> master
 * [new tag]         5.0.0.initial     -> 5.0.0.initial
 * [new tag]         pia-crs4          -> pia-crs4
 * [new tag]         v5.0.0-pre        -> v5.0.0-pre
 * [new tag]         v6.2.0-sprint1-rc -> v6.2.0-sprint1-rc
 * [new tag]         v6.2.0-sprint2-rc -> v6.2.0-sprint2-rc
 * [new tag]         v6.2.0-sprint3-rc -> v6.2.0-sprint3-rc
 * [new tag]         v6.2.0-sprint4-rc -> v6.2.0-sprint4-rc
 * [new tag]         v6.2.0-sprint5-rc -> v6.2.0-sprint5-rc

Showing logs for build [32mentando-entando-plugin-jacms-pr-mmtg6-1[0m stage [32mfrom-build-pack[0m and container [32mstep-build-mvn-verify-pr[0m
  % Total    % Received % Xferd  Average Speed   Time    Time     Time  Current
                                 Dload  Upload   Total   Spent    Left  Speed
  0     0    0     0    0     0      0      0 --:--:-- --:--:-- --:--:--     0100  1845  100  1633  100   212   2256    292 --:--:-- --:--:-- --:--:--  2268
{
  "url": "https://api.github.com/repos/entando/entando-plugin-jacms/statuses/cad74158d0eded904c93f3c381fd2ed0a8b5f689",
  "avatar_url": "https://avatars2.githubusercontent.com/u/57885396?v=4",
  "id": 10727114137,
  "node_id": "MDEzOlN0YXR1c0NvbnRleHQxMDcyNzExNDEzNw==",
  "state": "pending",
  "description": "Pre-deployment tests pending!",
  "target_url": "https://entando-k8s.github.io/devops-results/entando-plugin-jacms/PR-29/surefire-report.html",
  "context": "Pre-deployment tests",
  "created_at": "2020-09-10T14:02:31Z",
  "updated_at": "2020-09-10T14:02:31Z",
  "creator": {
    "login": "**********",
    "id": 57885396,
    "node_id": "MDQ6VXNlcjU3ODg1Mzk2",
    "avatar_url": "https://avatars2.githubusercontent.com/u/57885396?v=4",
    "gravatar_id": "",
    "url": "https://api.github.com/users/entando-**",
    "html_url": "https://github.com/**********",
    "followers_url": "https://api.github.com/users/**********/followers",
    "following_url": "https://api.github.com/users/**********/following{/other_user}",
    "gists_url": "https://api.github.com/users/**********/gists{/gist_id}",
    "starred_url": "https://api.github.com/users/**********/starred{/owner}{/repo}",
    "subscriptions_url": "https://api.github.com/users/**********/subscriptions",
    "organizations_url": "https://api.github.com/users/entando-**/orgs",
    "repos_url": "https://api.github.com/users/**********/repos",
    "events_url": "https://api.github.com/users/**********/events{/privacy}",
    "received_events_url": "https://api.github.com/users/**********/received_events",
    "type": "User",
    "site_*****": false
  }
}
  % Total    % Received % Xferd  Average Speed   Time    Time     Time  Current
                                 Dload  Upload   Total   Spent    Left  Speed
{
  "url": "https://api.github.com/repos/entando/entando-plugin-jacms/statuses/cad74158d0eded904c93f3c381fd2ed0a8b5f689",
  "avatar_url": "https://avatars2.githubusercontent.com/u/57885396?v=4",
  "id": 10727114254,
  "node_id": "MDEzOlN0YXR1c0NvbnRleHQxMDcyNzExNDI1NA==",
  "state": "pending",
  "description": "OWASP CVE pending!",
  "target_url": "https://entando-k8s.github.io/devops-results/entando-plugin-jacms/PR-29/dependency-check-report.html",
  "context": "OWASP CVE",
  "created_at": "2020-09-10T14:02:31Z",
  "updated_at": "2020-09-10T14:02:31Z",
  "creator": {
    "login": "**********",
  0     0    0     0    0     0      0      0 --:--:-- --:--:-- --:--:--     0 10  1817    0     0  100   198      0    315 --:--:-- --:--:-- --:--:--   315100  1817  100  1619  100   198   2579    315 --:--:-- --:--:-- --:--:--  2578
    "id": 57885396,
    "node_id": "MDQ6VXNlcjU3ODg1Mzk2",
    "avatar_url": "https://avatars2.githubusercontent.com/u/57885396?v=4",
    "gravatar_id": "",
    "url": "https://api.github.com/users/**********",
    "html_url": "https://github.com/**********",
    "followers_url": "https://api.github.com/users/**********/followers",
    "following_url": "https://api.github.com/users/**********/following{/other_user}",
    "gists_url": "https://api.github.com/users/**********/gists{/gist_id}",
    "starred_url": "https://api.github.com/users/**********/starred{/owner}{/repo}",
    "subscriptions_url": "https://api.github.com/users/entando-**/subscriptions",
    "organizations_url": "https://api.github.com/users/**********/orgs",
    "repos_url": "https://api.github.com/users/**********/repos",
    "events_url": "https://api.github.com/users/entando-**/events{/privacy}",
    "received_events_url": "https://api.github.com/users/**********/received_events",
    "type": "User",
    "site_*****": false
  }
}
Picked up _JAVA_OPTIONS: -XX:+UnlockExperimentalVMOptions -Dsun.zip.disableMemoryMapping=true -XX:+UseParallelGC -XX:MinHeapFreeRatio=5 -XX:MaxHeapFreeRatio=10 -XX:GCTimeRatio=4 -XX:AdaptiveSizePolicyWeight=90 -Xms10m -Xmx8000m
[INFO] Scanning for projects...
[INFO] 
[INFO] ----------< org.entando.entando.plugins:entando-plugin-jacms >----------
[INFO] Building Entando Plugin: CMS 0.0.0-SNAPSHOT-PR-29-1
[INFO] --------------------------------[ war ]---------------------------------
[WARNING] The POM for org.entando.entando:entando-engine:jar:6.2.39 is missing, no dependency information available
[WARNING] The POM for org.entando.entando:entando-engine:jar:tests:6.2.39 is missing, no dependency information available
[INFO] 
[INFO] ------------------------------------------------------------------------
[INFO] Skipping Entando Plugin: CMS
[INFO] This project has been banned from the build due to previous failures.
[INFO] ------------------------------------------------------------------------
[INFO] ------------------------------------------------------------------------
[INFO] BUILD FAILURE
[INFO] ------------------------------------------------------------------------
[INFO] Total time:  15.967 s
[INFO] Finished at: 2020-09-10T14:02:50Z
[INFO] ------------------------------------------------------------------------
[ERROR] Failed to e**cute goal on project entando-plugin-jacms: Could not resolve dependencies for project org.entando.entando.plugins:entando-plugin-jacms:war:0.0.0-SNAPSHOT-PR-29-1: The following artifacts could not be resolved: org.entando.entando:entando-engine:jar:tests:6.2.39, org.entando.entando:entando-engine:jar:6.2.39: Could not find artifact org.entando.entando:entando-engine:jar:tests:6.2.39 in nexus (http://nexus/repository/maven-group/) -> [Help 1]
[ERROR] 
[ERROR] To see the full stack trace of the errors, re-run Maven with the -e switch.
[ERROR] Re-run Maven using the -X switch to enable full debug logging.
[ERROR] 
[ERROR] For more information about the errors and possible solutions, please read the following articles:
[ERROR] [Help 1] http://cwiki.apache.org/confluence/display/MAVEN/DependencyResolutionException
shallow cloning https://github.com/entando-k8s/devops-results.git branch gh-pages
ran git init in /tmp/jenkins-x-collect246491117
ran git add remote origin https://github.com/entando-k8s/devops-results.git in /tmp/jenkins-x-collect246491117
ran git fetch origin --depth=1 gh-pages in dir /tmp/jenkins-x-collect246491117
No pre-deployment test results found for entando-plugin-jacms-PR-29.
  % Total    % Received % Xferd  Average Speed   Time    Time     Time  Current
                                 Dload  Upload   Total   Spent    Left  Speed
  0     0    0     0    0     0      0      0 --:--:-- --:--:-- --:--:--     0 11  1845    0     0  100   212      0    233 --:--:-- --:--:-- --:--:--   235100  1845  100  1633  100   212   1800    233 --:--:-- --:--:-- --:--:--  1808
{
  "url": "https://api.github.com/repos/entando/entando-plugin-jacms/statuses/cad74158d0eded904c93f3c381fd2ed0a8b5f689",
  "avatar_url": "https://avatars2.githubusercontent.com/u/57885396?v=4",
  "id": 10727141744,
  "node_id": "MDEzOlN0YXR1c0NvbnRleHQxMDcyNzE0MTc0NA==",
  "state": "failure",
  "description": "Pre-deployment tests failure!",
  "target_url": "https://entando-k8s.github.io/devops-results/entando-plugin-jacms/PR-29/surefire-report.html",
  "context": "Pre-deployment tests",
  "created_at": "2020-09-10T14:04:36Z",
  "updated_at": "2020-09-10T14:04:36Z",
  "creator": {
    "login": "**********",
    "id": 57885396,
    "node_id": "MDQ6VXNlcjU3ODg1Mzk2",
    "avatar_url": "https://avatars2.githubusercontent.com/u/57885396?v=4",
    "gravatar_id": "",
    "url": "https://api.github.com/users/entando-**",
    "html_url": "https://github.com/**********",
    "followers_url": "https://api.github.com/users/**********/followers",
    "following_url": "https://api.github.com/users/**********/following{/other_user}",
    "gists_url": "https://api.github.com/users/**********/gists{/gist_id}",
    "starred_url": "https://api.github.com/users/**********/starred{/owner}{/repo}",
    "subscriptions_url": "https://api.github.com/users/**********/subscriptions",
    "organizations_url": "https://api.github.com/users/**********/orgs",
    "repos_url": "https://api.github.com/users/**********/repos",
    "events_url": "https://api.github.com/users/**********/events{/privacy}",
    "received_events_url": "https://api.github.com/users/entando-**/received_events",
    "type": "User",
    "site_*****": false
  }
}
OWASP has found dependencies with vulnerabilities for entando-plugin-jacms-PR-29.
  % Total    % Received % Xferd  Average Speed   Time    Time     Time  Current
                                 Dload  Upload   Total   Spent    Left  Speed
  0     0    0     0    0     0      0      0 --:--:-- --:--:-- --:--:--     0 10  1817    0     0  100   198      0    284 --:--:-- --:--:-- --:--:--   284100  1817  100  1619  100   198   2324    284 --:--:-- --:--:-- --:--:--  2322
{
  "url": "https://api.github.com/repos/entando/entando-plugin-jacms/statuses/cad74158d0eded904c93f3c381fd2ed0a8b5f689",
  "avatar_url": "https://avatars2.githubusercontent.com/u/57885396?v=4",
  "id": 10727141863,
  "node_id": "MDEzOlN0YXR1c0NvbnRleHQxMDcyNzE0MTg2Mw==",
  "state": "failure",
  "description": "OWASP CVE failure!",
  "target_url": "https://entando-k8s.github.io/devops-results/entando-plugin-jacms/PR-29/dependency-check-report.html",
  "context": "OWASP CVE",
  "created_at": "2020-09-10T14:04:37Z",
  "updated_at": "2020-09-10T14:04:37Z",
  "creator": {
    "login": "**********",
    "id": 57885396,
    "node_id": "MDQ6VXNlcjU3ODg1Mzk2",
    "avatar_url": "https://avatars2.githubusercontent.com/u/57885396?v=4",
    "gravatar_id": "",
    "url": "https://api.github.com/users/entando-**",
    "html_url": "https://github.com/**********",
    "followers_url": "https://api.github.com/users/**********/followers",
    "following_url": "https://api.github.com/users/**********/following{/other_user}",
    "gists_url": "https://api.github.com/users/entando-**/gists{/gist_id}",
    "starred_url": "https://api.github.com/users/**********/starred{/owner}{/repo}",
    "subscriptions_url": "https://api.github.com/users/**********/subscriptions",
    "organizations_url": "https://api.github.com/users/**********/orgs",
    "repos_url": "https://api.github.com/users/**********/repos",
    "events_url": "https://api.github.com/users/**********/events{/privacy}",
    "received_events_url": "https://api.github.com/users/**********/received_events",
    "type": "User",
    "site_*****": false
  }
}
The following checks failed: for entando-plugin-jacms-PR-29 : Pre-deployment tests; OWASP Maven Dependency Check; 
[31m
Pipeline failed on stage 'from-build-pack' : container 'step-build-mvn-verify-pr'. The execution of the pipeline has stopped.[0m
