
Showing logs for build [32mentando-entando-engine-pr-62-pr-lx585-4[0m stage [32mfrom-build-pack[0m and container [32mstep-credential-initializer-94f4c[0m
{"level":"warn","ts":1601654088.3259158,"logger":"fallback-logger","caller":"logging/config.go:69","msg":"Fetch GitHub commit ID from kodata failed: \"ref: refs/heads/0.8.0-**-support-backwards-incompats\" is not a valid GitHub commit ID"}
{"level":"info","ts":1601654088.3293092,"logger":"fallback-logger","caller":"creds-init/main.go:40","msg":"Credentials initialized."}

Showing logs for build [32mentando-entando-engine-pr-62-pr-lx585-4[0m stage [32mfrom-build-pack[0m and container [32mstep-working-dir-initializer-6jwxb[0m
{"level":"warn","ts":1601654089.4702127,"logger":"fallback-logger","caller":"logging/config.go:69","msg":"Fetch GitHub commit ID from kodata failed: open /var/run/ko/HEAD: no such file or directory"}
{"level":"info","ts":1601654089.477242,"logger":"fallback-logger","caller":"bash/main.go:64","msg":"Successfully e**cuted command \"sh -c mkdir -p /workspace/source\"; output "}

Showing logs for build [32mentando-entando-engine-pr-62-pr-lx585-4[0m stage [32mfrom-build-pack[0m and container [32mstep-place-tools[0m
failed to open log file "/var/log/pods/8dd49f52-04c7-11eb-90b9-765ed317cb17/step-place-tools/0.log": open /var/log/pods/8dd49f52-04c7-11eb-90b9-765ed317cb17/step-place-tools/0.log: no such file or directory

Showing logs for build [32mentando-entando-engine-pr-62-pr-lx585-4[0m stage [32mfrom-build-pack[0m and container [32mstep-git-source-entando-entando-engine-pr-62-pr-txwsd[0m
Unable to retrieve container logs for docker://8bcc99e84a10b57d69a3a1bd0e61d74dd827e07b7c0b5f35da45cf163e1cdd49

Showing logs for build [32mentando-entando-engine-pr-62-pr-lx585-4[0m stage [32mfrom-build-pack[0m and container [32mstep-git-merge[0m
Unable to retrieve container logs for docker://006a2f9e8aaedb06c539aec2910a20467fc07e366974743ada7060095876a618

Showing logs for build [32mentando-entando-engine-pr-62-pr-lx585-4[0m stage [32mfrom-build-pack[0m and container [32mstep-build-set-version[0m
Unable to retrieve container logs for docker://b157618baa7f0b7dbe3c4d73c5bfc64cb989096241e7ae5aaeb0550d5bc5a002

Showing logs for build [32mentando-entando-engine-pr-62-pr-lx585-4[0m stage [32mfrom-build-pack[0m and container [32mstep-build-fix-git-for-sonar[0m
Unable to retrieve container logs for docker://54e5f335f961710d7ad58dcd89fa9b137f0de7cc2b8c202ec3fd785ccf82f714

Showing logs for build [32mentando-entando-engine-pr-62-pr-lx585-4[0m stage [32mfrom-build-pack[0m and container [32mstep-build-mvn-verify-pr[0m
Unable to retrieve container logs for docker://0dff8571fd15f65b803390a35cf4312c8c99aa26f623076fbb3bb4da07062d40
[31m
Pipeline failed on stage 'from-build-pack' : container 'step-build-mvn-verify-pr'. The execution of the pipeline has stopped.[0m
