
Showing logs for build [32mentando-k8s-environment-entando-h7qb7-1[0m stage [32mfrom-build-pack[0m and container [32mstep-credential-initializer-sjfbv[0m
{"level":"warn","ts":1601371534.556575,"logger":"fallback-logger","caller":"logging/config.go:69","msg":"Fetch GitHub commit ID from kodata failed: \"ref: refs/heads/0.8.0-**-support-backwards-incompats\" is not a valid GitHub commit ID"}
{"level":"info","ts":1601371534.5617294,"logger":"fallback-logger","caller":"creds-init/main.go:40","msg":"Credentials initialized."}

Showing logs for build [32mentando-k8s-environment-entando-h7qb7-1[0m stage [32mfrom-build-pack[0m and container [32mstep-working-dir-initializer-5slwp[0m
{"level":"warn","ts":1601371538.460554,"logger":"fallback-logger","caller":"logging/config.go:69","msg":"Fetch GitHub commit ID from kodata failed: open /var/run/ko/HEAD: no such file or directory"}
{"level":"info","ts":1601371538.4701664,"logger":"fallback-logger","caller":"bash/main.go:64","msg":"Successfully e**cuted command \"sh -c mkdir -p /workspace/source\"; output "}

Showing logs for build [32mentando-k8s-environment-entando-h7qb7-1[0m stage [32mfrom-build-pack[0m and container [32mstep-place-tools[0m

Showing logs for build [32mentando-k8s-environment-entando-h7qb7-1[0m stage [32mfrom-build-pack[0m and container [32mstep-git-source-entando-k8s-environment-entando-67bp5[0m
{"level":"warn","ts":1601371550.500857,"logger":"fallback-logger","caller":"logging/config.go:69","msg":"Fetch GitHub commit ID from kodata failed: \"ref: refs/heads/0.8.0-**-support-backwards-incompats\" is not a valid GitHub commit ID"}
{"level":"info","ts":1601371551.7291796,"logger":"fallback-logger","caller":"git/git.go:103","msg":"Successfully cloned https://github.com/entando-k8s/environment-entando-**-staging.git @ master in path /workspace/source"}

Showing logs for build [32mentando-k8s-environment-entando-h7qb7-1[0m stage [32mfrom-build-pack[0m and container [32mstep-git-merge[0m
Using SHAs from PULL_REFS=master:4d54e9f4533b7aa1e3e4cce2993bdc65f7aef545,117:f31ec63e787c168084c06e64ac9214cf800a9642
DEBUG: ran git fetch --unshallow origin f31ec63e787c168084c06e64ac9214cf800a9642: 4d54e9f4533b7aa1e3e4cce2993bdc65f7aef545: in 
DEBUG: ran git checkout master in 
DEBUG: ran git reset --hard 4d54e9f4533b7aa1e3e4cce2993bdc65f7aef545 in 
DEBUG: ran clean --force -d . in 
DEBUG: ran git merge f31ec63e787c168084c06e64ac9214cf800a9642 in 
Merged SHA f31ec63e787c168084c06e64ac9214cf800a9642 with commit message 'chore: Promote entando-k8s-controller-coordinator to version 6.2.5' into base branch master

Showing logs for build [32mentando-k8s-environment-entando-h7qb7-1[0m stage [32mfrom-build-pack[0m and container [32mstep-build-helm-build[0m
WARNING: No $CHART_REPOSITORY defined so using the default value of: http://jenkins-x-chartmuseum:8080
Adding missing Helm repo: storage.googleapis.com https://storage.googleapis.com/chartmuseum.jenkins-x.io
Successfully added Helm repository storage.googleapis.com.
Adding missing Helm repo: jenkins-x-chartmuseum http://jenkins-x-chartmuseum:8080
Successfully added Helm repository jenkins-x-chartmuseum.
WARNING: No $CHART_REPOSITORY defined so using the default value of: http://jenkins-x-chartmuseum:8080
Adding missing Helm repo: chartmuseum.jenkins-x.io http://chartmuseum.jenkins-x.io
Successfully added Helm repository chartmuseum.jenkins-x.io.
