
Showing logs for build [32mentando-k8s-environment-entando-rrxlh-128[0m stage [32mfrom-build-pack[0m and container [32mstep-credential-initializer-2gmrf[0m
{"level":"warn","ts":1601371675.4956896,"logger":"fallback-logger","caller":"logging/config.go:69","msg":"Fetch GitHub commit ID from kodata failed: \"ref: refs/heads/0.8.0-**-support-backwards-incompats\" is not a valid GitHub commit ID"}
{"level":"info","ts":1601371675.5003383,"logger":"fallback-logger","caller":"creds-init/main.go:40","msg":"Credentials initialized."}

Showing logs for build [32mentando-k8s-environment-entando-rrxlh-128[0m stage [32mfrom-build-pack[0m and container [32mstep-working-dir-initializer-tzn8f[0m
{"level":"warn","ts":1601371677.1799788,"logger":"fallback-logger","caller":"logging/config.go:69","msg":"Fetch GitHub commit ID from kodata failed: open /var/run/ko/HEAD: no such file or directory"}
{"level":"info","ts":1601371677.1902218,"logger":"fallback-logger","caller":"bash/main.go:64","msg":"Successfully e**cuted command \"sh -c mkdir -p /workspace/source\"; output "}

Showing logs for build [32mentando-k8s-environment-entando-rrxlh-128[0m stage [32mfrom-build-pack[0m and container [32mstep-place-tools[0m

Showing logs for build [32mentando-k8s-environment-entando-rrxlh-128[0m stage [32mfrom-build-pack[0m and container [32mstep-git-source-entando-k8s-environment-entando-z6gnl[0m
{"level":"warn","ts":1601371714.5563738,"logger":"fallback-logger","caller":"logging/config.go:69","msg":"Fetch GitHub commit ID from kodata failed: \"ref: refs/heads/0.8.0-**-support-backwards-incompats\" is not a valid GitHub commit ID"}
{"level":"info","ts":1601371715.7452438,"logger":"fallback-logger","caller":"git/git.go:103","msg":"Successfully cloned https://github.com/entando-k8s/environment-entando-**-staging.git @ v0.0.126 in path /workspace/source"}

Showing logs for build [32mentando-k8s-environment-entando-rrxlh-128[0m stage [32mfrom-build-pack[0m and container [32mstep-git-merge[0m
Using SHAs from PULL_REFS=master:1142485fd742fe2360d927eb9d109fa27e339e5e
WARNING: no SHAs to merge, falling back to initial cloned commit

Showing logs for build [32mentando-k8s-environment-entando-rrxlh-128[0m stage [32mfrom-build-pack[0m and container [32mstep-setup-jx-git-credentials[0m
Generated Git credentials file /builder/home/git/credentials

Showing logs for build [32mentando-k8s-environment-entando-rrxlh-128[0m stage [32mfrom-build-pack[0m and container [32mstep-build-helm-apply[0m
Modified file /workspace/source/env/Chart.yaml to set the chart to version 128
Ignoring templates/.gitignore
Ignoring templates/wildcardcert-secret.yaml
WARNING: No $CHART_REPOSITORY defined so using the default value of: http://jenkins-x-chartmuseum:8080
Adding missing Helm repo: storage.googleapis.com https://storage.googleapis.com/chartmuseum.jenkins-x.io
Successfully added Helm repository storage.googleapis.com.
Adding missing Helm repo: jenkins-x-chartmuseum http://jenkins-x-chartmuseum:8080
Successfully added Helm repository jenkins-x-chartmuseum.
WARNING: No $CHART_REPOSITORY defined so using the default value of: http://jenkins-x-chartmuseum:8080
Adding missing Helm repo: chartmuseum.jenkins-x.io http://chartmuseum.jenkins-x.io
Successfully added Helm repository chartmuseum.jenkins-x.io.

panic: interface conversion: runtime.Object is *v1.Status, not *v1.Job

goroutine 1 [running]:
github.com/jenkins-x/**/pkg/kube.WaitForJobToComplete.func1(0xc000e00038, 0x5, 0x5a35840, 0xc00080a000, 0xc000ad4b01, 0x0, 0x0)
	/workspace/source/pkg/kube/job.go:68 +0x263
k8s.io/client-go/tools/watch.UntilWithoutRetry(0x5a75fc0, 0xc000910a80, 0x5a35f00, 0xc001711950, 0xc000d86b18, 0x1, 0x1, 0x0, 0x0, 0x0)
	/workspace/go/pkg/mod/k8s.io/client-go@v0.0.0-20190528110200-4f3abb12cae2/tools/watch/until.go:82 +0x239
github.com/jenkins-x/**/pkg/kube.WaitForJobToComplete(0x5b18e20, 0xc000890b00, 0xc000054491, 0xa, 0xc000e73f10, 0x6, 0x1a3185c5000, 0xc0004d0800, 0x0, 0x0)
	/workspace/source/pkg/kube/job.go:79 +0x3a1
github.com/jenkins-x/**/pkg/helm.(*HelmTemplate).deleteHooks(0xc00048e230, 0xc000e7a130, 0x2, 0x2, 0x4cfce0e, 0xc, 0x4d02a4f, 0**, 0xc000054491, 0xa, ...)
	/workspace/source/pkg/helm/helm_template.go:1116 +0x519
github.com/jenkins-x/**/pkg/helm.(*HelmTemplate).UpgradeChart(0xc00048e230, 0x4ce8a35, 0x1, 0x4ce8d8b, 0x2, 0xc000054491, 0xa, 0x0, 0x0, 0x1, ...)
	/workspace/source/pkg/helm/helm_template.go:393 +0x953
github.com/jenkins-x/**/pkg/helm.InstallFromChartOptions(0xc000652ee0, 0x20, 0x4ce8d8b, 0x2, 0x4ce8a35, 0x1, 0x0, 0x0, 0xc000054491, 0xa, ...)
	/workspace/source/pkg/helm/helm_helpers.go:578 +0x546
github.com/jenkins-x/**/pkg/cmd/opts.(*CommonOptions).InstallChartWithOptionsAndTimeout(0xc00044e600, 0xc000652ee0, 0x20, 0x4ce8d8b, 0x2, 0x4ce8a35, 0x1, 0x0, 0x0, 0xc000054491, ...)
	/workspace/source/pkg/cmd/opts/helm.go:408 +0x1d7
github.com/jenkins-x/**/pkg/cmd/step/helm.(*StepHelmApplyOptions).Run(0xc000457950, 0x0, 0x0)
	/workspace/source/pkg/cmd/step/helm/step_helm_apply.go:378 +0x19bc
github.com/jenkins-x/**/pkg/cmd/step/helm.NewCmdStepHelmApply.func1(0xc00087fb80, 0xa5b9d00, 0x0, 0x0)
	/workspace/source/pkg/cmd/step/helm/step_helm_apply.go:82 +0x6f
github.com/spf13/cobra.(*Command).e**cute(0xc00087fb80, 0xa5b9d00, 0x0, 0x0, 0xc00087fb80, 0xa5b9d00)
	/workspace/go/pkg/mod/github.com/spf13/cobra@v0.0.5/command.go:830 +0x2ae
github.com/spf13/cobra.(*Command).E**cuteC(0xc000220280, 0xc000724b40, 0x5a380c0, 0xc0000ec000)
	/workspace/go/pkg/mod/github.com/spf13/cobra@v0.0.5/command.go:914 +0x2fc
github.com/spf13/cobra.(*Command).E**cute(...)
	/workspace/go/pkg/mod/github.com/spf13/cobra@v0.0.5/command.go:864
github.com/jenkins-x/**/cmd/**/app.Run(0x0, 0x0, 0x0, 0xc000a0ff88, 0xc0000d0058)
	/workspace/source/cmd/**/app/**.go:19 +0x185
main.main()
	/workspace/source/cmd/**/**.go:11 +0x32
[31m
Pipeline failed on stage 'from-build-pack' : container 'step-build-helm-apply'. The execution of the pipeline has stopped.[0m
