
Showing logs for build [32mmeta-entando-entando-keycloak-p-z5qpm-1[0m stage [32mmeta-pipeline[0m and container [32mstep-credential-initializer-l7vz8[0m
{"level":"warn","ts":1602485173.2881134,"logger":"fallback-logger","caller":"logging/config.go:69","msg":"Fetch GitHub commit ID from kodata failed: \"ref: refs/heads/0.8.0-**-support-backwards-incompats\" is not a valid GitHub commit ID"}
{"level":"info","ts":1602485173.2935693,"logger":"fallback-logger","caller":"creds-init/main.go:40","msg":"Credentials initialized."}

Showing logs for build [32mmeta-entando-entando-keycloak-p-z5qpm-1[0m stage [32mmeta-pipeline[0m and container [32mstep-working-dir-initializer-4vr7r[0m
{"level":"warn","ts":1602485174.4682531,"logger":"fallback-logger","caller":"logging/config.go:69","msg":"Fetch GitHub commit ID from kodata failed: open /var/run/ko/HEAD: no such file or directory"}
{"level":"info","ts":1602485174.5128582,"logger":"fallback-logger","caller":"bash/main.go:64","msg":"Successfully e**cuted command \"sh -c mkdir -p /workspace/source\"; output "}

Showing logs for build [32mmeta-entando-entando-keycloak-p-z5qpm-1[0m stage [32mmeta-pipeline[0m and container [32mstep-place-tools[0m

Showing logs for build [32mmeta-entando-entando-keycloak-p-z5qpm-1[0m stage [32mmeta-pipeline[0m and container [32mstep-git-source-meta-entando-entando-keycloak-p-p9jgj[0m
{"level":"warn","ts":1602485258.9791431,"logger":"fallback-logger","caller":"logging/config.go:69","msg":"Fetch GitHub commit ID from kodata failed: \"ref: refs/heads/0.8.0-**-support-backwards-incompats\" is not a valid GitHub commit ID"}
{"level":"info","ts":1602485260.7167406,"logger":"fallback-logger","caller":"git/git.go:103","msg":"Successfully cloned https://github.com/entando/entando-keycloak-plugin.git @ 5b1502a1e4ca86c1d082affbca5078b871b41bd5 in path /workspace/source"}

Showing logs for build [32mmeta-entando-entando-keycloak-p-z5qpm-1[0m stage [32mmeta-pipeline[0m and container [32mstep-git-merge[0m
Using SHAs from PULL_REFS=master:5b1502a1e4ca86c1d082affbca5078b871b41bd5,29:cf25a6fec4def387c3cc9738450ddb9573aa7bda
DEBUG: ran git fetch --unshallow origin cf25a6fec4def387c3cc9738450ddb9573aa7bda: 5b1502a1e4ca86c1d082affbca5078b871b41bd5: in 
DEBUG: ran git checkout master in 
DEBUG: ran git reset --hard 5b1502a1e4ca86c1d082affbca5078b871b41bd5 in 
DEBUG: ran clean --force -d . in 
error: error during merge: merging cf25a6fec4def387c3cc9738450ddb9573aa7bda into master: git output: Auto-merging pom.xml
CONFLICT (content): Merge conflict in pom.xml
Automatic merge failed; fix conflicts and then commit the result.: failed to run 'git merge cf25a6fec4def387c3cc9738450ddb9573aa7bda' command in directory '', output: 'Auto-merging pom.xml
CONFLICT (content): Merge conflict in pom.xml
Automatic merge failed; fix conflicts and then commit the result.'
[31m
Pipeline failed on stage 'meta-pipeline' : container 'step-git-merge'. The execution of the pipeline has stopped.[0m
