
Showing logs for build [32mentando-entando-admin-console-p-99vmw-7[0m stage [32mfrom-build-pack[0m and container [32mstep-credential-initializer-vcszx[0m
{"level":"warn","ts":1602157945.5954945,"logger":"fallback-logger","caller":"logging/config.go:69","msg":"Fetch GitHub commit ID from kodata failed: \"ref: refs/heads/0.8.0-**-support-backwards-incompats\" is not a valid GitHub commit ID"}
{"level":"info","ts":1602157945.6043632,"logger":"fallback-logger","caller":"creds-init/main.go:40","msg":"Credentials initialized."}

Showing logs for build [32mentando-entando-admin-console-p-99vmw-7[0m stage [32mfrom-build-pack[0m and container [32mstep-working-dir-initializer-chlhv[0m
{"level":"warn","ts":1602157948.2746592,"logger":"fallback-logger","caller":"logging/config.go:69","msg":"Fetch GitHub commit ID from kodata failed: open /var/run/ko/HEAD: no such file or directory"}
{"level":"info","ts":1602157948.2827446,"logger":"fallback-logger","caller":"bash/main.go:64","msg":"Successfully e**cuted command \"sh -c mkdir -p /workspace/source\"; output "}

Showing logs for build [32mentando-entando-admin-console-p-99vmw-7[0m stage [32mfrom-build-pack[0m and container [32mstep-place-tools[0m

Showing logs for build [32mentando-entando-admin-console-p-99vmw-7[0m stage [32mfrom-build-pack[0m and container [32mstep-git-source-entando-entando-admin-console-p-wn8vj[0m
{"level":"warn","ts":1602157968.2533562,"logger":"fallback-logger","caller":"logging/config.go:69","msg":"Fetch GitHub commit ID from kodata failed: \"ref: refs/heads/0.8.0-**-support-backwards-incompats\" is not a valid GitHub commit ID"}
{"level":"info","ts":1602157974.182246,"logger":"fallback-logger","caller":"git/git.go:103","msg":"Successfully cloned https://github.com/entando/entando-*****-console.git @ master in path /workspace/source"}

Showing logs for build [32mentando-entando-admin-console-p-99vmw-7[0m stage [32mfrom-build-pack[0m and container [32mstep-git-merge[0m
Using SHAs from PULL_REFS=master:3af7289fc48d32da6045e5f25e928938c25fe718,57:ffe620878d476578ed2cdf47d3ac377a37bf5cc2
DEBUG: ran git fetch --unshallow origin ffe620878d476578ed2cdf47d3ac377a37bf5cc2: 3af7289fc48d32da6045e5f25e928938c25fe718: in 
DEBUG: ran git checkout master in 
DEBUG: ran git reset --hard 3af7289fc48d32da6045e5f25e928938c25fe718 in 
DEBUG: ran clean --force -d . in 
DEBUG: ran git merge ffe620878d476578ed2cdf47d3ac377a37bf5cc2 in 
Merged SHA ffe620878d476578ed2cdf47d3ac377a37bf5cc2 with commit message 'ENG-1345: Adapt AdminConsole to the EntanoEngine vulnerability fi**s' into base branch master

Showing logs for build [32mentando-entando-admin-console-p-99vmw-7[0m stage [32mfrom-build-pack[0m and container [32mstep-build-set-version[0m
Picked up _JAVA_OPTIONS: -XX:+UnlockExperimentalVMOptions -Dsun.zip.disableMemoryMapping=true -XX:+UseParallelGC -XX:MinHeapFreeRatio=5 -XX:MaxHeapFreeRatio=10 -XX:GCTimeRatio=4 -XX:AdaptiveSizePolicyWeight=90 -Xms10m -Xmx8000m
[INFO] Scanning for projects...
[WARNING] The POM for org.eclipse.m2e:lifecycle-mapping:jar:1.0.0 is missing, no dependency information available
[WARNING] Failed to retrieve plugin descriptor for org.eclipse.m2e:lifecycle-mapping:1.0.0: Plugin org.eclipse.m2e:lifecycle-mapping:1.0.0 or one of its dependencies could not be resolved: Could not find artifact org.eclipse.m2e:lifecycle-mapping:jar:1.0.0 in nexus (http://nexus/repository/maven-group/)
[INFO] 
[INFO] -------------< org.entando.entando:entando-*****-console >--------------
[INFO] Building Entando Core: Administration Console 6.2.0-SNAPSHOT
[INFO] --------------------------------[ war ]---------------------------------
[WARNING] The POM for org.eclipse.m2e:lifecycle-mapping:jar:1.0.0 is missing, no dependency information available
[WARNING] Failed to retrieve plugin descriptor for org.eclipse.m2e:lifecycle-mapping:1.0.0: Plugin org.eclipse.m2e:lifecycle-mapping:1.0.0 or one of its dependencies could not be resolved: Failure to find org.eclipse.m2e:lifecycle-mapping:jar:1.0.0 in http://nexus/repository/maven-group/ was cached in the local repository, resolution will not be reattempted until the update interval of nexus has elapsed or updates are forced
[INFO] 
[INFO] --- versions-maven-plugin:2.8.1:set (default-cli) @ entando-*****-console ---
[INFO] Local aggregation ****: /workspace/source
[INFO] Processing change of org.entando.entando:entando-*****-console:6.2.0-SNAPSHOT -> 0.0.0-SNAPSHOT-PR-57-7
[INFO] Processing org.entando.entando:entando-*****-console
[INFO]     Updating project org.entando.entando:entando-*****-console
[INFO]         from version 6.2.0-SNAPSHOT to 0.0.0-SNAPSHOT-PR-57-7
[INFO] 
[INFO] ------------------------------------------------------------------------
[INFO] BUILD SUCCESS
[INFO] ------------------------------------------------------------------------
[INFO] Total time:  11.003 s
[INFO] Finished at: 2020-10-08T11:53:12Z
[INFO] ------------------------------------------------------------------------

Showing logs for build [32mentando-entando-admin-console-p-99vmw-7[0m stage [32mfrom-build-pack[0m and container [32mstep-build-fix-git-for-sonar[0m
Switched to a new branch 'PR-57'
M	pom.xml
Deleted branch master (was ffe6208).
From https://github.com/entando/entando-*****-console
 * [new branch]      master            -> master
 * [new tag]         pia-crs4          -> pia-crs4
 * [new tag]         v4.2.0            -> v4.2.0
 * [new tag]         v4.3.2-RC1        -> v4.3.2-RC1
 * [new tag]         v5.0.0-pre        -> v5.0.0-pre
 * [new tag]         v6.2.0-sprint1-rc -> v6.2.0-sprint1-rc
 * [new tag]         v6.2.0-sprint2-rc -> v6.2.0-sprint2-rc
 * [new tag]         v6.2.0-sprint3-rc -> v6.2.0-sprint3-rc
 * [new tag]         v6.2.0-sprint4-rc -> v6.2.0-sprint4-rc
 * [new tag]         v6.2.0-sprint5-rc -> v6.2.0-sprint5-rc

Showing logs for build [32mentando-entando-admin-console-p-99vmw-7[0m stage [32mfrom-build-pack[0m and container [32mstep-build-mvn-verify-pr[0m
  % Total    % Received % Xferd  Average Speed   Time    Time     Time  Current
                                 Dload  Upload   Total   Spent    Left  Speed
  0     0    0     0    0     0      0      0 --:--:-- --:--:-- --:--:--     0100  1848  100  1635  100   213   2811    366 --:--:-- --:--:-- --:--:--  2814
{
  "url": "https://api.github.com/repos/entando/entando-*****-console/statuses/ffe620878d476578ed2cdf47d3ac377a37bf5cc2",
  "avatar_url": "https://avatars2.githubusercontent.com/u/57885396?v=4",
  "id": 10993141651,
  "node_id": "MDEzOlN0YXR1c0NvbnRleHQxMDk5MzE0MTY1MQ==",
  "state": "pending",
  "description": "Pre-deployment tests pending!",
  "target_url": "https://entando-k8s.github.io/devops-results/entando-*****-console/PR-57/surefire-report.html",
  "context": "Pre-deployment tests",
  "created_at": "2020-10-08T11:53:14Z",
  "updated_at": "2020-10-08T11:53:14Z",
  "creator": {
    "login": "**********",
    "id": 57885396,
    "node_id": "MDQ6VXNlcjU3ODg1Mzk2",
    "avatar_url": "https://avatars2.githubusercontent.com/u/57885396?v=4",
    "gravatar_id": "",
    "url": "https://api.github.com/users/**********",
    "html_url": "https://github.com/**********",
    "followers_url": "https://api.github.com/users/**********/followers",
    "following_url": "https://api.github.com/users/entando-**/following{/other_user}",
    "gists_url": "https://api.github.com/users/entando-**/gists{/gist_id}",
    "starred_url": "https://api.github.com/users/**********/starred{/owner}{/repo}",
    "subscriptions_url": "https://api.github.com/users/entando-**/subscriptions",
    "organizations_url": "https://api.github.com/users/**********/orgs",
    "repos_url": "https://api.github.com/users/**********/repos",
    "events_url": "https://api.github.com/users/**********/events{/privacy}",
    "received_events_url": "https://api.github.com/users/**********/received_events",
    "type": "User",
    "site_*****": *****
  }
}
  % Total    % Received % Xferd  Average Speed   Time    Time     Time  Current
                                 Dload  Upload   Total   Spent    Left  Speed
{
  "url": "https://api.github.com/repos/entando/entando-*****-console/statuses/ffe620878d476578ed2cdf47d3ac377a37bf5cc2",
  "avatar_url": "https://avatars2.githubusercontent.com/u/57885396?v=4",
  "id": 10993141735,
  "node_id": "MDEzOlN0YXR1c0NvbnRleHQxMDk5MzE0MTczNQ==",
  "state": "pending",
  "description": "OWASP CVE pending!",
  "target_url": "https://entando-k8s.github.io/devops-results/entando-*****-console/PR-57/dependency-check-report.html",
  "context": "OWASP CVE",
  "created_at": "2020-10-08T11:53:15Z",
  "updated_at": "2020-10-08T11:53:15Z",
  "creator": {
    "login": "**********",
    "id": 57885396,
    "node_id": "MDQ6VXNlcjU3ODg1Mzk2",
    "avatar_url": "https://avatars2.githubusercontent.com/u/57885396?v=4",
    "gravatar_id": "",
    "url": "https://api.github.com/users/**********",
    "html_url": "https://github.com/**********",
    "followers_url": "https://api.github.com/users/**********/followers",
    "following_url": "https://api.github.com/users/**********/following{/other_user}",
    "gists_url": "https://api.github.com/users/**********/gists{/gist_id}",
    "starred_url": "https://api.github.com/users/entando-**/starred{/owner}{/repo}",
    "subscriptions_url": "https://api.github.com/users/**********/subscriptions",
    "organizations_url": "https://api.github.com/users/**********/orgs",
    "repos_url": "https://api.github.com/users/**********/repos",
    "events_url": "https://api.github.com/users/**********/events{/privacy}",
    "received_events_url": "https://api.github.com/users/**********/received_events",
    "type": "User",
    "site_*****": *****
  }
}
  0     0    0     0    0     0      0      0 --:--:-- --:--:-- --:--:--     0  0     0    0     0    0     0      0      0 --:--:-- --:--:-- --:--:--     0100  1820  100  1621  100   199   2610    320 --:--:-- --:--:-- --:--:--  2610
Picked up _JAVA_OPTIONS: -XX:+UnlockExperimentalVMOptions -Dsun.zip.disableMemoryMapping=true -XX:+UseParallelGC -XX:MinHeapFreeRatio=5 -XX:MaxHeapFreeRatio=10 -XX:GCTimeRatio=4 -XX:AdaptiveSizePolicyWeight=90 -Xms10m -Xmx8000m
[INFO] Scanning for projects...
[WARNING] The POM for org.eclipse.m2e:lifecycle-mapping:jar:1.0.0 is missing, no dependency information available
[WARNING] Failed to retrieve plugin descriptor for org.eclipse.m2e:lifecycle-mapping:1.0.0: Plugin org.eclipse.m2e:lifecycle-mapping:1.0.0 or one of its dependencies could not be resolved: Failure to find org.eclipse.m2e:lifecycle-mapping:jar:1.0.0 in http://nexus/repository/maven-group/ was cached in the local repository, resolution will not be reattempted until the update interval of nexus has elapsed or updates are forced
[INFO] 
[INFO] -------------< org.entando.entando:entando-*****-console >--------------
[INFO] Building Entando Core: Administration Console 0.0.0-SNAPSHOT-PR-57-7
[INFO] --------------------------------[ war ]---------------------------------
[WARNING] The POM for com.sun.xml.bind:jaxb-impl:jar:2.2.11 is invalid, transitive dependencies (if any) will not be available, enable debug logging for more details
[INFO] 
[INFO] --- maven-checkstyle-plugin:3.1.1:check (validate) @ entando-*****-console ---
[INFO] 
[INFO] --- maven-checkstyle-plugin:3.1.1:checkstyle (validate) @ entando-*****-console ---
[INFO] 
[INFO] --- jacoco-maven-plugin:0.8.5:prepare-agent (prepare-agent) @ entando-*****-console ---
[INFO] argLine set to -javaagent:/home/jenkins/.mvnrepository/org/jacoco/org.jacoco.agent/0.8.5/org.jacoco.agent-0.8.5-runtime.jar=destfile=/workspace/source/target/jacoco.e**c
[INFO] 
[INFO] --- maven-resources-plugin:2.5:resources (default-resources) @ entando-*****-console ---
[debug] e**cute contextualize
[INFO] Using 'UTF-8' encoding to copy filtered resources.
[INFO] Copying 26 resources
[INFO] Copying 1 resource
[INFO] Copying 93 resources
[INFO] Copying 2 resources to META-INF
[INFO] 
[INFO] --- maven-compiler-plugin:3.8.1:compile (default-compile) @ entando-*****-console ---
[INFO] Changes detected - recompiling the module!
[INFO] Compiling 240 source files to /workspace/source/target/classes
[INFO] /workspace/source/src/main/java/com/agiletec/aps*****/******/BaseAction.java: Some input files use or override a deprecated API.
[INFO] /workspace/source/src/main/java/com/agiletec/aps*****/******/BaseAction.java: Recompile with -Xlint:deprecation for details.
[INFO] -------------------------------------------------------------
[ERROR] COMPILATION ERROR : 
[INFO] -------------------------------------------------------------
[ERROR] /workspace/source/src/main/java/com/agiletec/aps*****/tags/util/AdminPagerTagHelper.java:[21,41] package org.entando.entando.ent.exception does not exist
[ERROR] /workspace/source/src/main/java/com/agiletec/aps*****/tags/util/AdminPagerTagHelper.java:[40,68] cannot find symbol
  symbol:   class EntException
  location: class com.agiletec.aps*****.tags.util.AdminPagerTagHelper
[ERROR] /workspace/source/src/main/java/com/agiletec/aps*****/tags/util/AdminPagerTagHelper.java:[45,68] cannot find symbol
  symbol:   class EntException
  location: class com.agiletec.aps*****.tags.util.AdminPagerTagHelper
[ERROR] /workspace/source/src/main/java/org/entando/entando/aps*****/******/services/shortcut/IShortcutManager.java:[23,41] package org.entando.entando.ent.exception does not exist
[ERROR] /workspace/source/src/main/java/org/entando/entando/aps*****/******/services/shortcut/IShortcutManager.java:[40,82] cannot find symbol
  symbol:   class EntException
  location: interface org.entando.entando.aps*****.******.services.shortcut.IShortcutManager
[ERROR] /workspace/source/src/main/java/org/entando/entando/aps*****/******/services/shortcut/IShortcutManager.java:[51,102] cannot find symbol
  symbol:   class EntException
  location: interface org.entando.entando.aps*****.******.services.shortcut.IShortcutManager
[ERROR] /workspace/source/src/main/java/org/entando/entando/aps*****/******/services/shortcut/IShortcutManager.java:[66,64] cannot find symbol
  symbol:   class EntException
  location: interface org.entando.entando.aps*****.******.services.shortcut.IShortcutManager
[ERROR] /workspace/source/src/main/java/org/entando/entando/aps*****/******/services/shortcut/IShortcutManager.java:[75,74] cannot find symbol
  symbol:   class EntException
  location: interface org.entando.entando.aps*****.******.services.shortcut.IShortcutManager
[ERROR] /workspace/source/src/main/java/org/entando/entando/aps*****/******/services/shortcut/IShortcutManager.java:[82,62] cannot find symbol
  symbol:   class EntException
  location: interface org.entando.entando.aps*****.******.services.shortcut.IShortcutManager
[ERROR] /workspace/source/src/main/java/org/entando/entando/aps*****/******/services/shortcut/IShortcutManager.java:[90,76] cannot find symbol
  symbol:   class EntException
  location: interface org.entando.entando.aps*****.******.services.shortcut.IShortcutManager
[ERROR] /workspace/source/src/main/java/com/agiletec/aps*****/category/helper/CategoryActionHelper.java:[23,41] package org.entando.entando.ent.exception does not exist
[ERROR] /workspace/source/src/main/java/com/agiletec/aps*****/******/TreeNodeBaseActionHelper.java:[21,41] package org.entando.entando.ent.exception does not exist
[ERROR] /workspace/source/src/main/java/com/agiletec/aps*****/******/ITreeNodeBaseActionHelper.java:[20,41] package org.entando.entando.ent.exception does not exist
[ERROR] /workspace/source/src/main/java/com/agiletec/aps*****/category/helper/ICategoryActionHelper.java:[24,41] package org.entando.entando.ent.exception does not exist
[ERROR] /workspace/source/src/main/java/com/agiletec/aps*****/category/helper/CategoryActionHelper.java:[46,96] cannot find symbol
  symbol:   class EntException
  location: class com.agiletec.aps*****.category.helper.CategoryActionHelper
[ERROR] /workspace/source/src/main/java/com/agiletec/aps*****/category/helper/CategoryActionHelper.java:[73,103] cannot find symbol
  symbol:   class EntException
  location: class com.agiletec.aps*****.category.helper.CategoryActionHelper
[ERROR] /workspace/source/src/main/java/com/agiletec/aps*****/category/helper/CategoryActionHelper.java:[100,103] cannot find symbol
  symbol:   class EntException
  location: class com.agiletec.aps*****.category.helper.CategoryActionHelper
[ERROR] /workspace/source/src/main/java/com/agiletec/aps*****/******/TreeNodeBaseActionHelper.java:[53,93] cannot find symbol
  symbol:   class EntException
  location: class com.agiletec.aps*****.******.TreeNodeBaseActionHelper
[ERROR] /workspace/source/src/main/java/com/agiletec/aps*****/******/TreeNodeBaseActionHelper.java:[85,131] cannot find symbol
  symbol:   class EntException
  location: class com.agiletec.aps*****.******.TreeNodeBaseActionHelper
[ERROR] /workspace/source/src/main/java/com/agiletec/aps*****/******/TreeNodeBaseActionHelper.java:[108,145] cannot find symbol
  symbol:   class EntException
  location: class com.agiletec.aps*****.******.TreeNodeBaseActionHelper
[ERROR] /workspace/source/src/main/java/com/agiletec/aps*****/******/TreeNodeBaseActionHelper.java:[153,135] cannot find symbol
  symbol:   class EntException
  location: class com.agiletec.aps*****.******.TreeNodeBaseActionHelper
[ERROR] /workspace/source/src/main/java/com/agiletec/aps*****/******/TreeNodeBaseActionHelper.java:[222,83] cannot find symbol
  symbol:   class EntException
  location: class com.agiletec.aps*****.******.TreeNodeBaseActionHelper
[ERROR] /workspace/source/src/main/java/com/agiletec/aps*****/******/ITreeNodeBaseActionHelper.java:[41,93] cannot find symbol
  symbol:   class EntException
  location: interface com.agiletec.aps*****.******.ITreeNodeBaseActionHelper
[ERROR] /workspace/source/src/main/java/com/agiletec/aps*****/******/ITreeNodeBaseActionHelper.java:[43,83] cannot find symbol
  symbol:   class EntException
  location: interface com.agiletec.aps*****.******.ITreeNodeBaseActionHelper
[ERROR] /workspace/source/src/main/java/com/agiletec/aps*****/******/ITreeNodeBaseActionHelper.java:[53,131] cannot find symbol
  symbol:   class EntException
  location: interface com.agiletec.aps*****.******.ITreeNodeBaseActionHelper
[ERROR] /workspace/source/src/main/java/com/agiletec/aps*****/******/ITreeNodeBaseActionHelper.java:[62,141] cannot find symbol
  symbol:   class EntException
  location: interface com.agiletec.aps*****.******.ITreeNodeBaseActionHelper
[ERROR] /workspace/source/src/main/java/com/agiletec/aps*****/******/ITreeNodeBaseActionHelper.java:[72,135] cannot find symbol
  symbol:   class EntException
  location: interface com.agiletec.aps*****.******.ITreeNodeBaseActionHelper
[ERROR] /workspace/source/src/main/java/com/agiletec/aps*****/category/helper/ICategoryActionHelper.java:[41,96] cannot find symbol
  symbol:   class EntException
  location: interface com.agiletec.aps*****.category.helper.ICategoryActionHelper
[ERROR] /workspace/source/src/main/java/com/agiletec/aps*****/category/helper/ICategoryActionHelper.java:[54,103] cannot find symbol
  symbol:   class EntException
  location: interface com.agiletec.aps*****.category.helper.ICategoryActionHelper
[ERROR] /workspace/source/src/main/java/com/agiletec/aps*****/category/helper/ICategoryActionHelper.java:[64,103] cannot find symbol
  symbol:   class EntException
  location: interface com.agiletec.aps*****.category.helper.ICategoryActionHelper
[ERROR] /workspace/source/src/main/java/org/entando/entando/aps*****/portal/guifragment/helper/GuiFragmentActionHelper.java:[24,41] package org.entando.entando.ent.exception does not exist
[ERROR] /workspace/source/src/main/java/org/entando/entando/aps*****/portal/guifragment/helper/IGuiFragmentActionHelper.java:[22,41] package org.entando.entando.ent.exception does not exist
[ERROR] /workspace/source/src/main/java/org/entando/entando/aps*****/portal/guifragment/helper/GuiFragmentActionHelper.java:[39,121] cannot find symbol
  symbol:   class EntException
  location: class org.entando.entando.aps*****.portal.guifragment.helper.GuiFragmentActionHelper
[ERROR] /workspace/source/src/main/java/org/entando/entando/aps*****/portal/guifragment/helper/IGuiFragmentActionHelper.java:[27,121] cannot find symbol
  symbol:   class EntException
  location: interface org.entando.entando.aps*****.portal.guifragment.helper.IGuiFragmentActionHelper
[ERROR] /workspace/source/src/main/java/org/entando/entando/aps*****/portal/model/helper/IPageModelActionHelper.java:[23,41] package org.entando.entando.ent.exception does not exist
[ERROR] /workspace/source/src/main/java/org/entando/entando/aps*****/portal/model/helper/IPageModelActionHelper.java:[31,120] cannot find symbol
  symbol:   class EntException
  location: interface org.entando.entando.aps*****.portal.model.helper.IPageModelActionHelper
[ERROR] /workspace/source/src/main/java/com/agiletec/aps*****/portal/helper/AbstractPageActionHelper.java:[44,41] package org.entando.entando.ent.exception does not exist
[ERROR] /workspace/source/src/main/java/com/agiletec/aps*****/portal/helper/IPageActionHelper.java:[28,41] package org.entando.entando.ent.exception does not exist
[ERROR] /workspace/source/src/main/java/com/agiletec/aps*****/portal/helper/AbstractPageActionHelper.java:[116,85] cannot find symbol
  symbol:   class EntException
  location: class com.agiletec.aps*****.portal.helper.AbstractPageActionHelper
[ERROR] /workspace/source/src/main/java/com/agiletec/aps*****/portal/helper/AbstractPageActionHelper.java:[143,79] cannot find symbol
  symbol:   class EntException
  location: class com.agiletec.aps*****.portal.helper.AbstractPageActionHelper
[ERROR] /workspace/source/src/main/java/com/agiletec/aps*****/portal/helper/AbstractPageActionHelper.java:[148,110] cannot find symbol
  symbol:   class EntException
  location: class com.agiletec.aps*****.portal.helper.AbstractPageActionHelper
[ERROR] /workspace/source/src/main/java/com/agiletec/aps*****/portal/helper/IPageActionHelper.java:[39,85] cannot find symbol
  symbol:   class EntException
  location: interface com.agiletec.aps*****.portal.helper.IPageActionHelper
[ERROR] /workspace/source/src/main/java/com/agiletec/aps*****/portal/helper/IPageActionHelper.java:[49,106] cannot find symbol
  symbol:   class EntException
  location: interface com.agiletec.aps*****.portal.helper.IPageActionHelper
[ERROR] /workspace/source/src/main/java/com/agiletec/aps*****/******/entity/type/CompositeAttributeConfigAction.java:[23,41] package org.entando.entando.ent.exception does not exist
[ERROR] /workspace/source/src/main/java/org/entando/entando/aps*****/user/UserProfileAction.java:[29,41] package org.entando.entando.ent.exception does not exist
[ERROR] /workspace/source/src/main/java/org/entando/entando/aps*****/user/UserProfileAction.java:[174,84] cannot find symbol
  symbol:   class EntException
  location: class org.entando.entando.aps*****.user.UserProfileAction
[ERROR] /workspace/source/src/main/java/com/agiletec/aps*****/portal/WidgetTypeAction.java:[24,41] package org.entando.entando.ent.exception does not exist
[ERROR] /workspace/source/src/main/java/com/agiletec/aps*****/portal/WidgetTypeAction.java:[261,81] cannot find symbol
  symbol:   class EntException
  location: class com.agiletec.aps*****.portal.WidgetTypeAction
[ERROR] /workspace/source/src/main/java/org/entando/entando/aps*****/api/helper/SchemaGeneratorActionHelper.java:[25,41] package org.entando.entando.ent.exception does not exist
[ERROR] /workspace/source/src/main/java/org/entando/entando/aps*****/api/helper/SchemaGeneratorActionHelper.java:[40,92] cannot find symbol
  symbol:   class EntException
  location: class org.entando.entando.aps*****.api.helper.SchemaGeneratorActionHelper
[ERROR] /workspace/source/src/main/java/org/entando/entando/aps*****/api/helper/SchemaGeneratorActionHelper.java:[59,92] cannot find symbol
  symbol:   class EntException
  location: class org.entando.entando.aps*****.api.helper.SchemaGeneratorActionHelper
[ERROR] /workspace/source/src/main/java/org/entando/entando/aps*****/******/services/shortcut/UserShortcutConfigDOM.java:[17,41] package org.entando.entando.ent.exception does not exist
[ERROR] /workspace/source/src/main/java/org/entando/entando/aps*****/******/services/shortcut/UserShortcutConfigDOM.java:[36,77] cannot find symbol
  symbol:   class EntException
  location: class org.entando.entando.aps*****.******.services.shortcut.UserShortcutConfigDOM
[ERROR] /workspace/source/src/main/java/org/entando/entando/aps*****/******/services/shortcut/UserShortcutConfigDOM.java:[62,94] cannot find symbol
  symbol:   class EntException
  location: class org.entando.entando.aps*****.******.services.shortcut.UserShortcutConfigDOM
[ERROR] /workspace/source/src/main/java/org/entando/entando/aps*****/******/services/shortcut/UserShortcutConfigDOM.java:[90,66] cannot find symbol
  symbol:   class EntException
  location: class org.entando.entando.aps*****.******.services.shortcut.UserShortcutConfigDOM
[ERROR] /workspace/source/src/main/java/com/agiletec/aps*****/tags/EntityTypeInfoTag.java:[16,41] package org.entando.entando.ent.exception does not exist
[ERROR] /workspace/source/src/main/java/org/entando/entando/aps*****/api/AbstractApiAction.java:[36,41] package org.entando.entando.ent.exception does not exist
[ERROR] /workspace/source/src/main/java/org/entando/entando/aps*****/api/AbstractApiAction.java:[135,60] cannot find symbol
  symbol:   class EntException
  location: class org.entando.entando.aps*****.api.AbstractApiAction
[ERROR] /workspace/source/src/main/java/org/entando/entando/aps*****/dataobject/helper/IDataObjectActionHelper.java:[28,41] package org.entando.entando.ent.exception does not exist
[ERROR] /workspace/source/src/main/java/org/entando/entando/aps*****/dataobject/helper/IDataObjectActionHelper.java:[50,100] cannot find symbol
  symbol:   class EntException
  location: interface org.entando.entando.aps*****.dataobject.helper.IDataObjectActionHelper
[ERROR] /workspace/source/src/main/java/org/entando/entando/aps*****/******/services/shortcut/ShortcutDefDOM.java:[37,41] package org.entando.entando.ent.exception does not exist
[ERROR] /workspace/source/src/main/java/org/entando/entando/aps*****/******/services/shortcut/ShortcutDefDOM.java:[53,77] cannot find symbol
  symbol:   class EntException
  location: class org.entando.entando.aps*****.******.services.shortcut.ShortcutDefDOM
[ERROR] /workspace/source/src/main/java/org/entando/entando/aps*****/******/services/shortcut/ShortcutDefDOM.java:[58,77] cannot find symbol
  symbol:   class EntException
  location: class org.entando.entando.aps*****.******.services.shortcut.ShortcutDefDOM
[ERROR] /workspace/source/src/main/java/org/entando/entando/aps*****/******/services/shortcut/ShortcutDefDOM.java:[163,55] cannot find symbol
  symbol:   class EntException
  location: class org.entando.entando.aps*****.******.services.shortcut.ShortcutDefDOM
[ERROR] /workspace/source/src/main/java/org/entando/entando/aps*****/common/UserAvatarAction.java:[29,41] package org.entando.entando.ent.exception does not exist
[ERROR] /workspace/source/src/main/java/org/entando/entando/aps*****/common/UserAvatarAction.java:[106,56] cannot find symbol
  symbol:   class EntException
  location: class org.entando.entando.aps*****.common.UserAvatarAction
[ERROR] /workspace/source/src/main/java/org/entando/entando/aps*****/tags/EntityTypesInfoTag.java:[22,41] package org.entando.entando.ent.exception does not exist
[ERROR] /workspace/source/src/main/java/org/entando/entando/aps*****/common/currentuser/CurrentUserProfileAction.java:[21,41] package org.entando.entando.ent.exception does not exist
[ERROR] /workspace/source/src/main/java/org/entando/entando/aps*****/common/currentuser/CurrentUserProfileAction.java:[122,79] cannot find symbol
  symbol:   class EntException
  location: class org.entando.entando.aps*****.common.currentuser.CurrentUserProfileAction
[ERROR] /workspace/source/src/main/java/com/agiletec/aps*****/user/group/GroupAction.java:[19,41] package org.entando.entando.ent.exception does not exist
[ERROR] /workspace/source/src/main/java/com/agiletec/aps*****/user/group/helper/IGroupActionHelper.java:[23,41] package org.entando.entando.ent.exception does not exist
[ERROR] /workspace/source/src/main/java/com/agiletec/aps*****/user/group/GroupAction.java:[162,55] cannot find symbol
  symbol:   class EntException
  location: class com.agiletec.aps*****.user.group.GroupAction
[ERROR] /workspace/source/src/main/java/com/agiletec/aps*****/user/group/helper/IGroupActionHelper.java:[41,108] cannot find symbol
  symbol:   class EntException
  location: interface com.agiletec.aps*****.user.group.helper.IGroupActionHelper
[ERROR] /workspace/source/src/main/java/org/entando/entando/aps*****/api/ConsumerAction.java:[22,41] package org.entando.entando.ent.exception does not exist
[ERROR] /workspace/source/src/main/java/org/entando/entando/aps*****/api/ConsumerAction.java:[152,46] cannot find symbol
  symbol:   class EntException
  location: class org.entando.entando.aps*****.api.ConsumerAction
[ERROR] /workspace/source/src/main/java/org/entando/entando/aps*****/dataobject/helper/DataObjectActionHelper.java:[26,41] package org.entando.entando.ent.exception does not exist
[ERROR] /workspace/source/src/main/java/org/entando/entando/aps*****/dataobject/helper/DataObjectActionHelper.java:[175,96] cannot find symbol
  symbol:   class EntException
  location: class org.entando.entando.aps*****.dataobject.helper.DataObjectActionHelper
[ERROR] /workspace/source/src/main/java/org/entando/entando/aps*****/******/services/shortcut/UserShortcutDAO.java:[20,41] package org.entando.entando.ent.exception does not exist
[ERROR] /workspace/source/src/main/java/org/entando/entando/aps*****/******/services/shortcut/ShortcutManager.java:[26,41] package org.entando.entando.ent.exception does not exist
[ERROR] /workspace/source/src/main/java/org/entando/entando/aps*****/******/services/shortcut/ShortcutManager.java:[75,102] cannot find symbol
  symbol:   class EntException
  location: class org.entando.entando.aps*****.******.services.shortcut.ShortcutManager
[ERROR] /workspace/source/src/main/java/org/entando/entando/aps*****/******/services/shortcut/ShortcutManager.java:[86,82] cannot find symbol
  symbol:   class EntException
  location: class org.entando.entando.aps*****.******.services.shortcut.ShortcutManager
[ERROR] /workspace/source/src/main/java/org/entando/entando/aps*****/******/services/shortcut/ShortcutManager.java:[104,74] cannot find symbol
  symbol:   class EntException
  location: class org.entando.entando.aps*****.******.services.shortcut.ShortcutManager
[ERROR] /workspace/source/src/main/java/org/entando/entando/aps*****/******/services/shortcut/ShortcutManager.java:[111,64] cannot find symbol
  symbol:   class EntException
  location: class org.entando.entando.aps*****.******.services.shortcut.ShortcutManager
[ERROR] /workspace/source/src/main/java/org/entando/entando/aps*****/******/services/shortcut/ShortcutManager.java:[159,62] cannot find symbol
  symbol:   class EntException
  location: class org.entando.entando.aps*****.******.services.shortcut.ShortcutManager
[ERROR] /workspace/source/src/main/java/org/entando/entando/aps*****/******/services/shortcut/ShortcutManager.java:[170,76] cannot find symbol
  symbol:   class EntException
  location: class org.entando.entando.aps*****.******.services.shortcut.ShortcutManager
[ERROR] /workspace/source/src/main/java/com/agiletec/aps*****/portal/PageAction.java:[33,41] package org.entando.entando.ent.exception does not exist
[ERROR] /workspace/source/src/main/java/com/agiletec/aps*****/portal/PageAction.java:[418,43] cannot find symbol
  symbol:   class EntException
  location: class com.agiletec.aps*****.portal.PageAction
[ERROR] /workspace/source/src/main/java/com/agiletec/aps*****/portal/PageAction.java:[450,67] cannot find symbol
  symbol:   class EntException
  location: class com.agiletec.aps*****.portal.PageAction
[ERROR] /workspace/source/src/main/java/com/agiletec/aps*****/portal/PageAction.java:[461,45] cannot find symbol
  symbol:   class EntException
  location: class com.agiletec.aps*****.portal.PageAction
[ERROR] /workspace/source/src/main/java/com/agiletec/aps*****/portal/PageAction.java:[670,66] cannot find symbol
  symbol:   class EntException
  location: class com.agiletec.aps*****.portal.PageAction
[ERROR] /workspace/source/src/main/java/com/agiletec/aps*****/portal/PageAction.java:[706,62] cannot find symbol
  symbol:   class EntException
  location: class com.agiletec.aps*****.portal.PageAction
[ERROR] /workspace/source/src/main/java/org/entando/entando/aps*****/common/currentuser/CurrentAvatarAction.java:[21,41] package org.entando.entando.ent.exception does not exist
[ERROR] /workspace/source/src/main/java/org/entando/entando/aps*****/common/currentuser/CurrentAvatarAction.java:[29,56] cannot find symbol
  symbol:   class EntException
  location: class org.entando.entando.aps*****.common.currentuser.CurrentAvatarAction
[ERROR] /workspace/source/src/main/java/com/agiletec/aps*****/user/group/helper/GroupActionHelper.java:[22,41] package org.entando.entando.ent.exception does not exist
[ERROR] /workspace/source/src/main/java/com/agiletec/aps*****/user/group/helper/GroupActionHelper.java:[42,108] cannot find symbol
  symbol:   class EntException
  location: class com.agiletec.aps*****.user.group.helper.GroupActionHelper
[ERROR] /workspace/source/src/main/java/com/agiletec/aps*****/user/role/RoleAction.java:[20,41] package org.entando.entando.ent.exception does not exist
[ERROR] /workspace/source/src/main/java/com/agiletec/aps*****/user/role/RoleAction.java:[166,48] cannot find symbol
  symbol:   class EntException
  location: class com.agiletec.aps*****.user.role.RoleAction
[ERROR] /workspace/source/src/main/java/com/agiletec/aps*****/user/role/RoleAction.java:[180,54] cannot find symbol
  symbol:   class EntException
  location: class com.agiletec.aps*****.user.role.RoleAction
[ERROR] /workspace/source/src/main/java/org/entando/entando/aps*****/portal/model/PageModelAction.java:[33,41] package org.entando.entando.ent.exception does not exist
[ERROR] /workspace/source/src/main/java/com/agiletec/aps*****/tags/EntityInfoTag.java:[16,41] package org.entando.entando.ent.exception does not exist
[INFO] 100 errors 
[INFO] -------------------------------------------------------------
[INFO] 
[INFO] ------------------------------------------------------------------------
[INFO] Skipping Entando Core: Administration Console
[INFO] This project has been banned from the build due to previous failures.
[INFO] ------------------------------------------------------------------------
[INFO] ------------------------------------------------------------------------
[INFO] BUILD FAILURE
[INFO] ------------------------------------------------------------------------
[INFO] Total time:  19.368 s
[INFO] Finished at: 2020-10-08T11:53:36Z
[INFO] ------------------------------------------------------------------------
[ERROR] Failed to e**cute goal org.apache.maven.plugins:maven-compiler-plugin:3.8.1:compile (default-compile) on project entando-*****-console: Compilation failure: Compilation failure: 
[ERROR] /workspace/source/src/main/java/com/agiletec/aps*****/tags/util/AdminPagerTagHelper.java:[21,41] package org.entando.entando.ent.exception does not exist
[ERROR] /workspace/source/src/main/java/com/agiletec/aps*****/tags/util/AdminPagerTagHelper.java:[40,68] cannot find symbol
[ERROR]   symbol:   class EntException
[ERROR]   location: class com.agiletec.aps*****.tags.util.AdminPagerTagHelper
[ERROR] /workspace/source/src/main/java/com/agiletec/aps*****/tags/util/AdminPagerTagHelper.java:[45,68] cannot find symbol
[ERROR]   symbol:   class EntException
[ERROR]   location: class com.agiletec.aps*****.tags.util.AdminPagerTagHelper
[ERROR] /workspace/source/src/main/java/org/entando/entando/aps*****/******/services/shortcut/IShortcutManager.java:[23,41] package org.entando.entando.ent.exception does not exist
[ERROR] /workspace/source/src/main/java/org/entando/entando/aps*****/******/services/shortcut/IShortcutManager.java:[40,82] cannot find symbol
[ERROR]   symbol:   class EntException
[ERROR]   location: interface org.entando.entando.aps*****.******.services.shortcut.IShortcutManager
[ERROR] /workspace/source/src/main/java/org/entando/entando/aps*****/******/services/shortcut/IShortcutManager.java:[51,102] cannot find symbol
[ERROR]   symbol:   class EntException
[ERROR]   location: interface org.entando.entando.aps*****.******.services.shortcut.IShortcutManager
[ERROR] /workspace/source/src/main/java/org/entando/entando/aps*****/******/services/shortcut/IShortcutManager.java:[66,64] cannot find symbol
[ERROR]   symbol:   class EntException
[ERROR]   location: interface org.entando.entando.aps*****.******.services.shortcut.IShortcutManager
[ERROR] /workspace/source/src/main/java/org/entando/entando/aps*****/******/services/shortcut/IShortcutManager.java:[75,74] cannot find symbol
[ERROR]   symbol:   class EntException
[ERROR]   location: interface org.entando.entando.aps*****.******.services.shortcut.IShortcutManager
[ERROR] /workspace/source/src/main/java/org/entando/entando/aps*****/******/services/shortcut/IShortcutManager.java:[82,62] cannot find symbol
[ERROR]   symbol:   class EntException
[ERROR]   location: interface org.entando.entando.aps*****.******.services.shortcut.IShortcutManager
[ERROR] /workspace/source/src/main/java/org/entando/entando/aps*****/******/services/shortcut/IShortcutManager.java:[90,76] cannot find symbol
[ERROR]   symbol:   class EntException
[ERROR]   location: interface org.entando.entando.aps*****.******.services.shortcut.IShortcutManager
[ERROR] /workspace/source/src/main/java/com/agiletec/aps*****/category/helper/CategoryActionHelper.java:[23,41] package org.entando.entando.ent.exception does not exist
[ERROR] /workspace/source/src/main/java/com/agiletec/aps*****/******/TreeNodeBaseActionHelper.java:[21,41] package org.entando.entando.ent.exception does not exist
[ERROR] /workspace/source/src/main/java/com/agiletec/aps*****/******/ITreeNodeBaseActionHelper.java:[20,41] package org.entando.entando.ent.exception does not exist
[ERROR] /workspace/source/src/main/java/com/agiletec/aps*****/category/helper/ICategoryActionHelper.java:[24,41] package org.entando.entando.ent.exception does not exist
[ERROR] /workspace/source/src/main/java/com/agiletec/aps*****/category/helper/CategoryActionHelper.java:[46,96] cannot find symbol
[ERROR]   symbol:   class EntException
[ERROR]   location: class com.agiletec.aps*****.category.helper.CategoryActionHelper
[ERROR] /workspace/source/src/main/java/com/agiletec/aps*****/category/helper/CategoryActionHelper.java:[73,103] cannot find symbol
[ERROR]   symbol:   class EntException
[ERROR]   location: class com.agiletec.aps*****.category.helper.CategoryActionHelper
[ERROR] /workspace/source/src/main/java/com/agiletec/aps*****/category/helper/CategoryActionHelper.java:[100,103] cannot find symbol
[ERROR]   symbol:   class EntException
[ERROR]   location: class com.agiletec.aps*****.category.helper.CategoryActionHelper
[ERROR] /workspace/source/src/main/java/com/agiletec/aps*****/******/TreeNodeBaseActionHelper.java:[53,93] cannot find symbol
[ERROR]   symbol:   class EntException
[ERROR]   location: class com.agiletec.aps*****.******.TreeNodeBaseActionHelper
[ERROR] /workspace/source/src/main/java/com/agiletec/aps*****/******/TreeNodeBaseActionHelper.java:[85,131] cannot find symbol
[ERROR]   symbol:   class EntException
[ERROR]   location: class com.agiletec.aps*****.******.TreeNodeBaseActionHelper
[ERROR] /workspace/source/src/main/java/com/agiletec/aps*****/******/TreeNodeBaseActionHelper.java:[108,145] cannot find symbol
[ERROR]   symbol:   class EntException
[ERROR]   location: class com.agiletec.aps*****.******.TreeNodeBaseActionHelper
[ERROR] /workspace/source/src/main/java/com/agiletec/aps*****/******/TreeNodeBaseActionHelper.java:[153,135] cannot find symbol
[ERROR]   symbol:   class EntException
[ERROR]   location: class com.agiletec.aps*****.******.TreeNodeBaseActionHelper
[ERROR] /workspace/source/src/main/java/com/agiletec/aps*****/******/TreeNodeBaseActionHelper.java:[222,83] cannot find symbol
[ERROR]   symbol:   class EntException
[ERROR]   location: class com.agiletec.aps*****.******.TreeNodeBaseActionHelper
[ERROR] /workspace/source/src/main/java/com/agiletec/aps*****/******/ITreeNodeBaseActionHelper.java:[41,93] cannot find symbol
[ERROR]   symbol:   class EntException
[ERROR]   location: interface com.agiletec.aps*****.******.ITreeNodeBaseActionHelper
[ERROR] /workspace/source/src/main/java/com/agiletec/aps*****/******/ITreeNodeBaseActionHelper.java:[43,83] cannot find symbol
[ERROR]   symbol:   class EntException
[ERROR]   location: interface com.agiletec.aps*****.******.ITreeNodeBaseActionHelper
[ERROR] /workspace/source/src/main/java/com/agiletec/aps*****/******/ITreeNodeBaseActionHelper.java:[53,131] cannot find symbol
[ERROR]   symbol:   class EntException
[ERROR]   location: interface com.agiletec.aps*****.******.ITreeNodeBaseActionHelper
[ERROR] /workspace/source/src/main/java/com/agiletec/aps*****/******/ITreeNodeBaseActionHelper.java:[62,141] cannot find symbol
[ERROR]   symbol:   class EntException
[ERROR]   location: interface com.agiletec.aps*****.******.ITreeNodeBaseActionHelper
[ERROR] /workspace/source/src/main/java/com/agiletec/aps*****/******/ITreeNodeBaseActionHelper.java:[72,135] cannot find symbol
[ERROR]   symbol:   class EntException
[ERROR]   location: interface com.agiletec.aps*****.******.ITreeNodeBaseActionHelper
[ERROR] /workspace/source/src/main/java/com/agiletec/aps*****/category/helper/ICategoryActionHelper.java:[41,96] cannot find symbol
[ERROR]   symbol:   class EntException
[ERROR]   location: interface com.agiletec.aps*****.category.helper.ICategoryActionHelper
[ERROR] /workspace/source/src/main/java/com/agiletec/aps*****/category/helper/ICategoryActionHelper.java:[54,103] cannot find symbol
[ERROR]   symbol:   class EntException
[ERROR]   location: interface com.agiletec.aps*****.category.helper.ICategoryActionHelper
[ERROR] /workspace/source/src/main/java/com/agiletec/aps*****/category/helper/ICategoryActionHelper.java:[64,103] cannot find symbol
[ERROR]   symbol:   class EntException
[ERROR]   location: interface com.agiletec.aps*****.category.helper.ICategoryActionHelper
[ERROR] /workspace/source/src/main/java/org/entando/entando/aps*****/portal/guifragment/helper/GuiFragmentActionHelper.java:[24,41] package org.entando.entando.ent.exception does not exist
[ERROR] /workspace/source/src/main/java/org/entando/entando/aps*****/portal/guifragment/helper/IGuiFragmentActionHelper.java:[22,41] package org.entando.entando.ent.exception does not exist
[ERROR] /workspace/source/src/main/java/org/entando/entando/aps*****/portal/guifragment/helper/GuiFragmentActionHelper.java:[39,121] cannot find symbol
[ERROR]   symbol:   class EntException
[ERROR]   location: class org.entando.entando.aps*****.portal.guifragment.helper.GuiFragmentActionHelper
[ERROR] /workspace/source/src/main/java/org/entando/entando/aps*****/portal/guifragment/helper/IGuiFragmentActionHelper.java:[27,121] cannot find symbol
[ERROR]   symbol:   class EntException
[ERROR]   location: interface org.entando.entando.aps*****.portal.guifragment.helper.IGuiFragmentActionHelper
[ERROR] /workspace/source/src/main/java/org/entando/entando/aps*****/portal/model/helper/IPageModelActionHelper.java:[23,41] package org.entando.entando.ent.exception does not exist
[ERROR] /workspace/source/src/main/java/org/entando/entando/aps*****/portal/model/helper/IPageModelActionHelper.java:[31,120] cannot find symbol
[ERROR]   symbol:   class EntException
[ERROR]   location: interface org.entando.entando.aps*****.portal.model.helper.IPageModelActionHelper
[ERROR] /workspace/source/src/main/java/com/agiletec/aps*****/portal/helper/AbstractPageActionHelper.java:[44,41] package org.entando.entando.ent.exception does not exist
[ERROR] /workspace/source/src/main/java/com/agiletec/aps*****/portal/helper/IPageActionHelper.java:[28,41] package org.entando.entando.ent.exception does not exist
[ERROR] /workspace/source/src/main/java/com/agiletec/aps*****/portal/helper/AbstractPageActionHelper.java:[116,85] cannot find symbol
[ERROR]   symbol:   class EntException
[ERROR]   location: class com.agiletec.aps*****.portal.helper.AbstractPageActionHelper
[ERROR] /workspace/source/src/main/java/com/agiletec/aps*****/portal/helper/AbstractPageActionHelper.java:[143,79] cannot find symbol
[ERROR]   symbol:   class EntException
[ERROR]   location: class com.agiletec.aps*****.portal.helper.AbstractPageActionHelper
[ERROR] /workspace/source/src/main/java/com/agiletec/aps*****/portal/helper/AbstractPageActionHelper.java:[148,110] cannot find symbol
[ERROR]   symbol:   class EntException
[ERROR]   location: class com.agiletec.aps*****.portal.helper.AbstractPageActionHelper
[ERROR] /workspace/source/src/main/java/com/agiletec/aps*****/portal/helper/IPageActionHelper.java:[39,85] cannot find symbol
[ERROR]   symbol:   class EntException
[ERROR]   location: interface com.agiletec.aps*****.portal.helper.IPageActionHelper
[ERROR] /workspace/source/src/main/java/com/agiletec/aps*****/portal/helper/IPageActionHelper.java:[49,106] cannot find symbol
[ERROR]   symbol:   class EntException
[ERROR]   location: interface com.agiletec.aps*****.portal.helper.IPageActionHelper
[ERROR] /workspace/source/src/main/java/com/agiletec/aps*****/******/entity/type/CompositeAttributeConfigAction.java:[23,41] package org.entando.entando.ent.exception does not exist
[ERROR] /workspace/source/src/main/java/org/entando/entando/aps*****/user/UserProfileAction.java:[29,41] package org.entando.entando.ent.exception does not exist
[ERROR] /workspace/source/src/main/java/org/entando/entando/aps*****/user/UserProfileAction.java:[174,84] cannot find symbol
[ERROR]   symbol:   class EntException
[ERROR]   location: class org.entando.entando.aps*****.user.UserProfileAction
[ERROR] /workspace/source/src/main/java/com/agiletec/aps*****/portal/WidgetTypeAction.java:[24,41] package org.entando.entando.ent.exception does not exist
[ERROR] /workspace/source/src/main/java/com/agiletec/aps*****/portal/WidgetTypeAction.java:[261,81] cannot find symbol
[ERROR]   symbol:   class EntException
[ERROR]   location: class com.agiletec.aps*****.portal.WidgetTypeAction
[ERROR] /workspace/source/src/main/java/org/entando/entando/aps*****/api/helper/SchemaGeneratorActionHelper.java:[25,41] package org.entando.entando.ent.exception does not exist
[ERROR] /workspace/source/src/main/java/org/entando/entando/aps*****/api/helper/SchemaGeneratorActionHelper.java:[40,92] cannot find symbol
[ERROR]   symbol:   class EntException
[ERROR]   location: class org.entando.entando.aps*****.api.helper.SchemaGeneratorActionHelper
[ERROR] /workspace/source/src/main/java/org/entando/entando/aps*****/api/helper/SchemaGeneratorActionHelper.java:[59,92] cannot find symbol
[ERROR]   symbol:   class EntException
[ERROR]   location: class org.entando.entando.aps*****.api.helper.SchemaGeneratorActionHelper
[ERROR] /workspace/source/src/main/java/org/entando/entando/aps*****/******/services/shortcut/UserShortcutConfigDOM.java:[17,41] package org.entando.entando.ent.exception does not exist
[ERROR] /workspace/source/src/main/java/org/entando/entando/aps*****/******/services/shortcut/UserShortcutConfigDOM.java:[36,77] cannot find symbol
[ERROR]   symbol:   class EntException
[ERROR]   location: class org.entando.entando.aps*****.******.services.shortcut.UserShortcutConfigDOM
[ERROR] /workspace/source/src/main/java/org/entando/entando/aps*****/******/services/shortcut/UserShortcutConfigDOM.java:[62,94] cannot find symbol
[ERROR]   symbol:   class EntException
[ERROR]   location: class org.entando.entando.aps*****.******.services.shortcut.UserShortcutConfigDOM
[ERROR] /workspace/source/src/main/java/org/entando/entando/aps*****/******/services/shortcut/UserShortcutConfigDOM.java:[90,66] cannot find symbol
[ERROR]   symbol:   class EntException
[ERROR]   location: class org.entando.entando.aps*****.******.services.shortcut.UserShortcutConfigDOM
[ERROR] /workspace/source/src/main/java/com/agiletec/aps*****/tags/EntityTypeInfoTag.java:[16,41] package org.entando.entando.ent.exception does not exist
[ERROR] /workspace/source/src/main/java/org/entando/entando/aps*****/api/AbstractApiAction.java:[36,41] package org.entando.entando.ent.exception does not exist
[ERROR] /workspace/source/src/main/java/org/entando/entando/aps*****/api/AbstractApiAction.java:[135,60] cannot find symbol
[ERROR]   symbol:   class EntException
[ERROR]   location: class org.entando.entando.aps*****.api.AbstractApiAction
[ERROR] /workspace/source/src/main/java/org/entando/entando/aps*****/dataobject/helper/IDataObjectActionHelper.java:[28,41] package org.entando.entando.ent.exception does not exist
[ERROR] /workspace/source/src/main/java/org/entando/entando/aps*****/dataobject/helper/IDataObjectActionHelper.java:[50,100] cannot find symbol
[ERROR]   symbol:   class EntException
[ERROR]   location: interface org.entando.entando.aps*****.dataobject.helper.IDataObjectActionHelper
[ERROR] /workspace/source/src/main/java/org/entando/entando/aps*****/******/services/shortcut/ShortcutDefDOM.java:[37,41] package org.entando.entando.ent.exception does not exist
[ERROR] /workspace/source/src/main/java/org/entando/entando/aps*****/******/services/shortcut/ShortcutDefDOM.java:[53,77] cannot find symbol
[ERROR]   symbol:   class EntException
[ERROR]   location: class org.entando.entando.aps*****.******.services.shortcut.ShortcutDefDOM
[ERROR] /workspace/source/src/main/java/org/entando/entando/aps*****/******/services/shortcut/ShortcutDefDOM.java:[58,77] cannot find symbol
[ERROR]   symbol:   class EntException
[ERROR]   location: class org.entando.entando.aps*****.******.services.shortcut.ShortcutDefDOM
[ERROR] /workspace/source/src/main/java/org/entando/entando/aps*****/******/services/shortcut/ShortcutDefDOM.java:[163,55] cannot find symbol
[ERROR]   symbol:   class EntException
[ERROR]   location: class org.entando.entando.aps*****.******.services.shortcut.ShortcutDefDOM
[ERROR] /workspace/source/src/main/java/org/entando/entando/aps*****/common/UserAvatarAction.java:[29,41] package org.entando.entando.ent.exception does not exist
[ERROR] /workspace/source/src/main/java/org/entando/entando/aps*****/common/UserAvatarAction.java:[106,56] cannot find symbol
[ERROR]   symbol:   class EntException
[ERROR]   location: class org.entando.entando.aps*****.common.UserAvatarAction
[ERROR] /workspace/source/src/main/java/org/entando/entando/aps*****/tags/EntityTypesInfoTag.java:[22,41] package org.entando.entando.ent.exception does not exist
[ERROR] /workspace/source/src/main/java/org/entando/entando/aps*****/common/currentuser/CurrentUserProfileAction.java:[21,41] package org.entando.entando.ent.exception does not exist
[ERROR] /workspace/source/src/main/java/org/entando/entando/aps*****/common/currentuser/CurrentUserProfileAction.java:[122,79] cannot find symbol
[ERROR]   symbol:   class EntException
[ERROR]   location: class org.entando.entando.aps*****.common.currentuser.CurrentUserProfileAction
[ERROR] /workspace/source/src/main/java/com/agiletec/aps*****/user/group/GroupAction.java:[19,41] package org.entando.entando.ent.exception does not exist
[ERROR] /workspace/source/src/main/java/com/agiletec/aps*****/user/group/helper/IGroupActionHelper.java:[23,41] package org.entando.entando.ent.exception does not exist
[ERROR] /workspace/source/src/main/java/com/agiletec/aps*****/user/group/GroupAction.java:[162,55] cannot find symbol
[ERROR]   symbol:   class EntException
[ERROR]   location: class com.agiletec.aps*****.user.group.GroupAction
[ERROR] /workspace/source/src/main/java/com/agiletec/aps*****/user/group/helper/IGroupActionHelper.java:[41,108] cannot find symbol
[ERROR]   symbol:   class EntException
[ERROR]   location: interface com.agiletec.aps*****.user.group.helper.IGroupActionHelper
[ERROR] /workspace/source/src/main/java/org/entando/entando/aps*****/api/ConsumerAction.java:[22,41] package org.entando.entando.ent.exception does not exist
[ERROR] /workspace/source/src/main/java/org/entando/entando/aps*****/api/ConsumerAction.java:[152,46] cannot find symbol
[ERROR]   symbol:   class EntException
[ERROR]   location: class org.entando.entando.aps*****.api.ConsumerAction
[ERROR] /workspace/source/src/main/java/org/entando/entando/aps*****/dataobject/helper/DataObjectActionHelper.java:[26,41] package org.entando.entando.ent.exception does not exist
[ERROR] /workspace/source/src/main/java/org/entando/entando/aps*****/dataobject/helper/DataObjectActionHelper.java:[175,96] cannot find symbol
[ERROR]   symbol:   class EntException
[ERROR]   location: class org.entando.entando.aps*****.dataobject.helper.DataObjectActionHelper
[ERROR] /workspace/source/src/main/java/org/entando/entando/aps*****/******/services/shortcut/UserShortcutDAO.java:[20,41] package org.entando.entando.ent.exception does not exist
[ERROR] /workspace/source/src/main/java/org/entando/entando/aps*****/******/services/shortcut/ShortcutManager.java:[26,41] package org.entando.entando.ent.exception does not exist
[ERROR] /workspace/source/src/main/java/org/entando/entando/aps*****/******/services/shortcut/ShortcutManager.java:[75,102] cannot find symbol
[ERROR]   symbol:   class EntException
[ERROR]   location: class org.entando.entando.aps*****.******.services.shortcut.ShortcutManager
[ERROR] /workspace/source/src/main/java/org/entando/entando/aps*****/******/services/shortcut/ShortcutManager.java:[86,82] cannot find symbol
[ERROR]   symbol:   class EntException
[ERROR]   location: class org.entando.entando.aps*****.******.services.shortcut.ShortcutManager
[ERROR] /workspace/source/src/main/java/org/entando/entando/aps*****/******/services/shortcut/ShortcutManager.java:[104,74] cannot find symbol
[ERROR]   symbol:   class EntException
[ERROR]   location: class org.entando.entando.aps*****.******.services.shortcut.ShortcutManager
[ERROR] /workspace/source/src/main/java/org/entando/entando/aps*****/******/services/shortcut/ShortcutManager.java:[111,64] cannot find symbol
[ERROR]   symbol:   class EntException
[ERROR]   location: class org.entando.entando.aps*****.******.services.shortcut.ShortcutManager
[ERROR] /workspace/source/src/main/java/org/entando/entando/aps*****/******/services/shortcut/ShortcutManager.java:[159,62] cannot find symbol
[ERROR]   symbol:   class EntException
[ERROR]   location: class org.entando.entando.aps*****.******.services.shortcut.ShortcutManager
[ERROR] /workspace/source/src/main/java/org/entando/entando/aps*****/******/services/shortcut/ShortcutManager.java:[170,76] cannot find symbol
[ERROR]   symbol:   class EntException
[ERROR]   location: class org.entando.entando.aps*****.******.services.shortcut.ShortcutManager
[ERROR] /workspace/source/src/main/java/com/agiletec/aps*****/portal/PageAction.java:[33,41] package org.entando.entando.ent.exception does not exist
[ERROR] /workspace/source/src/main/java/com/agiletec/aps*****/portal/PageAction.java:[418,43] cannot find symbol
[ERROR]   symbol:   class EntException
[ERROR]   location: class com.agiletec.aps*****.portal.PageAction
[ERROR] /workspace/source/src/main/java/com/agiletec/aps*****/portal/PageAction.java:[450,67] cannot find symbol
[ERROR]   symbol:   class EntException
[ERROR]   location: class com.agiletec.aps*****.portal.PageAction
[ERROR] /workspace/source/src/main/java/com/agiletec/aps*****/portal/PageAction.java:[461,45] cannot find symbol
[ERROR]   symbol:   class EntException
[ERROR]   location: class com.agiletec.aps*****.portal.PageAction
[ERROR] /workspace/source/src/main/java/com/agiletec/aps*****/portal/PageAction.java:[670,66] cannot find symbol
[ERROR]   symbol:   class EntException
[ERROR]   location: class com.agiletec.aps*****.portal.PageAction
[ERROR] /workspace/source/src/main/java/com/agiletec/aps*****/portal/PageAction.java:[706,62] cannot find symbol
[ERROR]   symbol:   class EntException
[ERROR]   location: class com.agiletec.aps*****.portal.PageAction
[ERROR] /workspace/source/src/main/java/org/entando/entando/aps*****/common/currentuser/CurrentAvatarAction.java:[21,41] package org.entando.entando.ent.exception does not exist
[ERROR] /workspace/source/src/main/java/org/entando/entando/aps*****/common/currentuser/CurrentAvatarAction.java:[29,56] cannot find symbol
[ERROR]   symbol:   class EntException
[ERROR]   location: class org.entando.entando.aps*****.common.currentuser.CurrentAvatarAction
[ERROR] /workspace/source/src/main/java/com/agiletec/aps*****/user/group/helper/GroupActionHelper.java:[22,41] package org.entando.entando.ent.exception does not exist
[ERROR] /workspace/source/src/main/java/com/agiletec/aps*****/user/group/helper/GroupActionHelper.java:[42,108] cannot find symbol
[ERROR]   symbol:   class EntException
[ERROR]   location: class com.agiletec.aps*****.user.group.helper.GroupActionHelper
[ERROR] /workspace/source/src/main/java/com/agiletec/aps*****/user/role/RoleAction.java:[20,41] package org.entando.entando.ent.exception does not exist
[ERROR] /workspace/source/src/main/java/com/agiletec/aps*****/user/role/RoleAction.java:[166,48] cannot find symbol
[ERROR]   symbol:   class EntException
[ERROR]   location: class com.agiletec.aps*****.user.role.RoleAction
[ERROR] /workspace/source/src/main/java/com/agiletec/aps*****/user/role/RoleAction.java:[180,54] cannot find symbol
[ERROR]   symbol:   class EntException
[ERROR]   location: class com.agiletec.aps*****.user.role.RoleAction
[ERROR] /workspace/source/src/main/java/org/entando/entando/aps*****/portal/model/PageModelAction.java:[33,41] package org.entando.entando.ent.exception does not exist
[ERROR] /workspace/source/src/main/java/com/agiletec/aps*****/tags/EntityInfoTag.java:[16,41] package org.entando.entando.ent.exception does not exist
[ERROR] -> [Help 1]
[ERROR] 
[ERROR] To see the full stack trace of the errors, re-run Maven with the -e switch.
[ERROR] Re-run Maven using the -X switch to enable full debug logging.
[ERROR] 
[ERROR] For more information about the errors and possible solutions, please read the following articles:
[ERROR] [Help 1] http://cwiki.apache.org/confluence/display/MAVEN/MojoFailureException
shallow cloning https://github.com/entando-k8s/devops-results.git branch gh-pages
ran git init in /tmp/jenkins-x-collect661063678
ran git add remote origin https://github.com/entando-k8s/devops-results.git in /tmp/jenkins-x-collect661063678
ran git fetch origin --depth=1 gh-pages in dir /tmp/jenkins-x-collect661063678
No pre-deployment test results found for entando-*****-console-PR-57.
  % Total    % Received % Xferd  Average Speed   Time    Time     Time  Current
                                 Dload  Upload   Total   Spent    Left  Speed
{
  "url": "https://api.github.com/repos/entando/entando-*****-console/statuses/ffe620878d476578ed2cdf47d3ac377a37bf5cc2",
  "avatar_url": "https://avatars2.githubusercontent.com/u/57885396?v=4",
  "id": 10993166013,
  "node_id": "MDEzOlN0YXR1c0NvbnRleHQxMDk5MzE2NjAxMw==",
  "state": "failure",
  "description": "Pre-deployment tests failure!",
  "target_url": "https://entando-k8s.github.io/devops-results/entando-*****-console/PR-57/surefire-report.html",
  "context": "Pre-deployment tests",
  "created_at": "2020-10-08T11:56:01Z",
  "updated_at": "2020-10-08T11:56:01Z",
  "creator": {
    "login": "entando-**",
    "id": 57885396,
    "node_id": "MDQ6VXNlcjU3ODg1Mzk2",
    "avatar_url": "https://avatars2.githubusercontent.com/u/57885396?v=4",
    "gravatar_id": "",
    "url": "https://api.github.com/users/**********",
    "html_url": "https://github.com/**********",
    "followers_url": "https://api.github.com/users/**********/followers",
    "following_url": "https://api.github.com/users/**********/following{/other_user}",
    "gists_url": "https://api.github.com/users/**********/gists{/gist_id}",
    "starred_url": "https://api.github.com/users/**********/starred{/owner}{/repo}",
    "subscriptions_url": "https://api.github.com/users/**********/subscriptions",
    "organizations_url": "https://api.github.com/users/**********/orgs",
    "repos_url": "https://api.github.com/users/entando-**/repos",
    "events_url": "https://api.github.com/users/**********/events{/privacy}",
    "received_events_url": "https://api.github.com/users/**********/received_events",
    "type": "User",
    "site_*****": *****
  }
}
  0     0    0     0    0     0      0      0 --:--:-- --:--:-- --:--:--     0  0     0    0     0    0     0      0      0 --:--:-- --:--:-- --:--:--     0100  1848  100  1635  100   213   1993    259 --:--:-- --:--:-- --:--:--  1998
OWASP has found dependencies with vulnerabilities for entando-*****-console-PR-57.
  % Total    % Received % Xferd  Average Speed   Time    Time     Time  Current
                                 Dload  Upload   Total   Spent    Left  Speed
{
  "url": "https://api.github.com/repos/entando/entando-*****-console/statuses/ffe620878d476578ed2cdf47d3ac377a37bf5cc2",
  "avatar_url": "https://avatars2.githubusercontent.com/u/57885396?v=4",
  "id": 10993166111,
  "node_id": "MDEzOlN0YXR1c0NvbnRleHQxMDk5MzE2NjExMQ==",
  "state": "failure",
  "description": "OWASP CVE failure!",
  "target_url": "https://entando-k8s.github.io/devops-results/entando-*****-console/PR-57/dependency-check-report.html",
  "context": "OWASP CVE",
  "created_at": "2020-10-08T11:56:01Z",
  "updated_at": "2020-10-08T11:56:01Z",
  "creator": {
    "login": "**********",
    "id": 57885396,
    "node_id": "MDQ6VXNlcjU3ODg1Mzk2",
    "avatar_url": "https://avatars2.githubusercontent.com/u/57885396?v=4",
    "gravatar_id": "",
    "url": "https://api.github.com/users/**********",
    "html_url": "https://github.com/**********",
    "followers_url": "https://api.github.com/users/**********/followers",
    "following_url": "https://api.github.com/users/entando-**/following{/other_user}",
    "gists_url": "https://api.github.com/users/**********/gists{/gist_id}",
    "starred_url": "https://api.github.com/users/**********/starred{/owner}{/repo}",
    "subscriptions_url": "https://api.github.com/users/**********/subscriptions",
    "organizations_url": "https://api.github.com/users/**********/orgs",
    "repos_url": "https://api.github.com/users/**********/repos",
    "events_url": "https://api.github.com/users/**********/events{/privacy}",
    "received_events_url": "https://api.github.com/users/**********/received_events",
    "type": "User",
    "site_*****": *****
  }
}
  0     0    0     0    0     0      0      0 --:--:-- --:--:-- --:--:--     0 10  1820    0     0  100   199      0    262 --:--:-- --:--:-- --:--:--   262100  1820  100  1621  100   199   2140    262 --:--:-- --:--:-- --:--:--  2138
The following checks failed: for entando-*****-console-PR-57 : Pre-deployment tests; OWASP Maven Dependency Check; 
[31m
Pipeline failed on stage 'from-build-pack' : container 'step-build-mvn-verify-pr'. The execution of the pipeline has stopped.[0m
