
Showing logs for build [32mentando-entando-admin-console-p-gt4ts-2[0m stage [32mfrom-build-pack[0m and container [32mstep-credential-initializer-6fzbh[0m
{"level":"warn","ts":1602074803.8241823,"logger":"fallback-logger","caller":"logging/config.go:69","msg":"Fetch GitHub commit ID from kodata failed: \"ref: refs/heads/0.8.0-**-support-backwards-incompats\" is not a valid GitHub commit ID"}
{"level":"info","ts":1602074803.831486,"logger":"fallback-logger","caller":"creds-init/main.go:40","msg":"Credentials initialized."}

Showing logs for build [32mentando-entando-admin-console-p-gt4ts-2[0m stage [32mfrom-build-pack[0m and container [32mstep-working-dir-initializer-zc5tt[0m
{"level":"warn","ts":1602074806.0289075,"logger":"fallback-logger","caller":"logging/config.go:69","msg":"Fetch GitHub commit ID from kodata failed: open /var/run/ko/HEAD: no such file or directory"}
{"level":"info","ts":1602074806.0434961,"logger":"fallback-logger","caller":"bash/main.go:64","msg":"Successfully e**cuted command \"sh -c mkdir -p /workspace/source\"; output "}

Showing logs for build [32mentando-entando-admin-console-p-gt4ts-2[0m stage [32mfrom-build-pack[0m and container [32mstep-place-tools[0m

Showing logs for build [32mentando-entando-admin-console-p-gt4ts-2[0m stage [32mfrom-build-pack[0m and container [32mstep-git-source-entando-entando-admin-console-p-4bt5l[0m
{"level":"warn","ts":1602074904.272448,"logger":"fallback-logger","caller":"logging/config.go:69","msg":"Fetch GitHub commit ID from kodata failed: \"ref: refs/heads/0.8.0-**-support-backwards-incompats\" is not a valid GitHub commit ID"}
{"level":"info","ts":1602074907.9400756,"logger":"fallback-logger","caller":"git/git.go:103","msg":"Successfully cloned https://github.com/entando/entando-*****-console.git @ master in path /workspace/source"}

Showing logs for build [32mentando-entando-admin-console-p-gt4ts-2[0m stage [32mfrom-build-pack[0m and container [32mstep-git-merge[0m
Using SHAs from PULL_REFS=master:3af7289fc48d32da6045e5f25e928938c25fe718,56:376e746dbd52e5d83bc62964427dae41d5e355b9
DEBUG: ran git fetch --unshallow origin 376e746dbd52e5d83bc62964427dae41d5e355b9: 3af7289fc48d32da6045e5f25e928938c25fe718: in 
DEBUG: ran git checkout master in 
DEBUG: ran git reset --hard 3af7289fc48d32da6045e5f25e928938c25fe718 in 
DEBUG: ran clean --force -d . in 
DEBUG: ran git merge 376e746dbd52e5d83bc62964427dae41d5e355b9 in 
Merged SHA 376e746dbd52e5d83bc62964427dae41d5e355b9 with commit message 'Merge branch 'master' into ENG-1206_emailAttribute' into base branch master
Merged SHA 74367569c3dbbc6237a7ab9d5b9014f8f115de2b with commit message 'ENG-1256: Fix General exception' into base branch master
Merged SHA 9d061305e5ec4a63fd850889f891dfedfe898bdc with commit message 'ENG-1206: Upgrade config UI' into base branch master

Showing logs for build [32mentando-entando-admin-console-p-gt4ts-2[0m stage [32mfrom-build-pack[0m and container [32mstep-build-set-version[0m
Picked up _JAVA_OPTIONS: -XX:+UnlockExperimentalVMOptions -Dsun.zip.disableMemoryMapping=true -XX:+UseParallelGC -XX:MinHeapFreeRatio=5 -XX:MaxHeapFreeRatio=10 -XX:GCTimeRatio=4 -XX:AdaptiveSizePolicyWeight=90 -Xms10m -Xmx8000m
[INFO] Scanning for projects...
[WARNING] The POM for org.eclipse.m2e:lifecycle-mapping:jar:1.0.0 is missing, no dependency information available
[WARNING] Failed to retrieve plugin descriptor for org.eclipse.m2e:lifecycle-mapping:1.0.0: Plugin org.eclipse.m2e:lifecycle-mapping:1.0.0 or one of its dependencies could not be resolved: Could not find artifact org.eclipse.m2e:lifecycle-mapping:jar:1.0.0 in nexus (http://nexus/repository/maven-group/)
[INFO] 
[INFO] -------------< org.entando.entando:entando-*****-console >--------------
[INFO] Building Entando Core: Administration Console 6.2.0-SNAPSHOT
[INFO] --------------------------------[ war ]---------------------------------
[WARNING] The POM for org.eclipse.m2e:lifecycle-mapping:jar:1.0.0 is missing, no dependency information available
[WARNING] Failed to retrieve plugin descriptor for org.eclipse.m2e:lifecycle-mapping:1.0.0: Plugin org.eclipse.m2e:lifecycle-mapping:1.0.0 or one of its dependencies could not be resolved: Failure to find org.eclipse.m2e:lifecycle-mapping:jar:1.0.0 in http://nexus/repository/maven-group/ was cached in the local repository, resolution will not be reattempted until the update interval of nexus has elapsed or updates are forced
[INFO] 
[INFO] --- versions-maven-plugin:2.8.1:set (default-cli) @ entando-*****-console ---
[INFO] Local aggregation ****: /workspace/source
[INFO] Processing change of org.entando.entando:entando-*****-console:6.2.0-SNAPSHOT -> 0.0.0-SNAPSHOT-PR-56-2
[INFO] Processing org.entando.entando:entando-*****-console
[INFO]     Updating project org.entando.entando:entando-*****-console
[INFO]         from version 6.2.0-SNAPSHOT to 0.0.0-SNAPSHOT-PR-56-2
[INFO] 
[INFO] ------------------------------------------------------------------------
[INFO] BUILD SUCCESS
[INFO] ------------------------------------------------------------------------
[INFO] Total time:  12.268 s
[INFO] Finished at: 2020-10-07T12:48:47Z
[INFO] ------------------------------------------------------------------------

Showing logs for build [32mentando-entando-admin-console-p-gt4ts-2[0m stage [32mfrom-build-pack[0m and container [32mstep-build-fix-git-for-sonar[0m
Switched to a new branch 'PR-56'
M	pom.xml
Deleted branch master (was 376e746).
From https://github.com/entando/entando-*****-console
 * [new branch]      master            -> master
 * [new tag]         pia-crs4          -> pia-crs4
 * [new tag]         v4.2.0            -> v4.2.0
 * [new tag]         v4.3.2-RC1        -> v4.3.2-RC1
 * [new tag]         v5.0.0-pre        -> v5.0.0-pre
 * [new tag]         v6.2.0-sprint1-rc -> v6.2.0-sprint1-rc
 * [new tag]         v6.2.0-sprint2-rc -> v6.2.0-sprint2-rc
 * [new tag]         v6.2.0-sprint3-rc -> v6.2.0-sprint3-rc
 * [new tag]         v6.2.0-sprint4-rc -> v6.2.0-sprint4-rc
 * [new tag]         v6.2.0-sprint5-rc -> v6.2.0-sprint5-rc

Showing logs for build [32mentando-entando-admin-console-p-gt4ts-2[0m stage [32mfrom-build-pack[0m and container [32mstep-build-mvn-verify-pr[0m
  % Total    % Received % Xferd  Average Speed   Time    Time     Time  Current
                                 Dload  Upload   Total   Spent    Left  Speed
  0     0    0     0    0     0      0      0 --:--:-- --:--:-- --:--:--     0100  1848  100  1635  100   213   2154    280 --:--:-- --:--:-- --:--:--  2168
{
  "url": "https://api.github.com/repos/entando/entando-*****-console/statuses/376e746dbd52e5d83bc62964427dae41d5e355b9",
  "avatar_url": "https://avatars2.githubusercontent.com/u/57885396?v=4",
  "id": 10980561509,
  "node_id": "MDEzOlN0YXR1c0NvbnRleHQxMDk4MDU2MTUwOQ==",
  "state": "pending",
  "description": "Pre-deployment tests pending!",
  "target_url": "https://entando-k8s.github.io/devops-results/entando-*****-console/PR-56/surefire-report.html",
  "context": "Pre-deployment tests",
  "created_at": "2020-10-07T12:48:50Z",
  "updated_at": "2020-10-07T12:48:50Z",
  "creator": {
    "login": "**********",
    "id": 57885396,
    "node_id": "MDQ6VXNlcjU3ODg1Mzk2",
    "avatar_url": "https://avatars2.githubusercontent.com/u/57885396?v=4",
    "gravatar_id": "",
    "url": "https://api.github.com/users/**********",
    "html_url": "https://github.com/entando-**",
    "followers_url": "https://api.github.com/users/**********/followers",
    "following_url": "https://api.github.com/users/**********/following{/other_user}",
    "gists_url": "https://api.github.com/users/**********/gists{/gist_id}",
    "starred_url": "https://api.github.com/users/**********/starred{/owner}{/repo}",
    "subscriptions_url": "https://api.github.com/users/**********/subscriptions",
    "organizations_url": "https://api.github.com/users/**********/orgs",
    "repos_url": "https://api.github.com/users/**********/repos",
    "events_url": "https://api.github.com/users/**********/events{/privacy}",
    "received_events_url": "https://api.github.com/users/**********/received_events",
    "type": "User",
    "site_*****": *****
  }
}
  % Total    % Received % Xferd  Average Speed   Time    Time     Time  Current
                                 Dload  Upload   Total   Spent    Left  Speed
  0     0    0     0    0     0      0      0 --:--:-- --:--:-- --:--:--     0  0     0    0     0    0     0      0      0 --:--:-- --:--:-- --:--:--     0100  1820  100  1621  100   199   2435    298 --:--:-- --:--:-- --:--:--  2433
{
  "url": "https://api.github.com/repos/entando/entando-*****-console/statuses/376e746dbd52e5d83bc62964427dae41d5e355b9",
  "avatar_url": "https://avatars2.githubusercontent.com/u/57885396?v=4",
  "id": 10980561625,
  "node_id": "MDEzOlN0YXR1c0NvbnRleHQxMDk4MDU2MTYyNQ==",
  "state": "pending",
  "description": "OWASP CVE pending!",
  "target_url": "https://entando-k8s.github.io/devops-results/entando-*****-console/PR-56/dependency-check-report.html",
  "context": "OWASP CVE",
  "created_at": "2020-10-07T12:48:50Z",
  "updated_at": "2020-10-07T12:48:50Z",
  "creator": {
    "login": "**********",
    "id": 57885396,
    "node_id": "MDQ6VXNlcjU3ODg1Mzk2",
    "avatar_url": "https://avatars2.githubusercontent.com/u/57885396?v=4",
    "gravatar_id": "",
    "url": "https://api.github.com/users/**********",
    "html_url": "https://github.com/**********",
    "followers_url": "https://api.github.com/users/**********/followers",
    "following_url": "https://api.github.com/users/**********/following{/other_user}",
    "gists_url": "https://api.github.com/users/**********/gists{/gist_id}",
    "starred_url": "https://api.github.com/users/**********/starred{/owner}{/repo}",
    "subscriptions_url": "https://api.github.com/users/**********/subscriptions",
    "organizations_url": "https://api.github.com/users/entando-**/orgs",
    "repos_url": "https://api.github.com/users/**********/repos",
    "events_url": "https://api.github.com/users/**********/events{/privacy}",
    "received_events_url": "https://api.github.com/users/**********/received_events",
    "type": "User",
    "site_*****": *****
  }
}
Picked up _JAVA_OPTIONS: -XX:+UnlockExperimentalVMOptions -Dsun.zip.disableMemoryMapping=true -XX:+UseParallelGC -XX:MinHeapFreeRatio=5 -XX:MaxHeapFreeRatio=10 -XX:GCTimeRatio=4 -XX:AdaptiveSizePolicyWeight=90 -Xms10m -Xmx8000m
[INFO] Scanning for projects...
[WARNING] The POM for org.eclipse.m2e:lifecycle-mapping:jar:1.0.0 is missing, no dependency information available
[WARNING] Failed to retrieve plugin descriptor for org.eclipse.m2e:lifecycle-mapping:1.0.0: Plugin org.eclipse.m2e:lifecycle-mapping:1.0.0 or one of its dependencies could not be resolved: Failure to find org.eclipse.m2e:lifecycle-mapping:jar:1.0.0 in http://nexus/repository/maven-group/ was cached in the local repository, resolution will not be reattempted until the update interval of nexus has elapsed or updates are forced
[INFO] 
[INFO] -------------< org.entando.entando:entando-*****-console >--------------
[INFO] Building Entando Core: Administration Console 0.0.0-SNAPSHOT-PR-56-2
[INFO] --------------------------------[ war ]---------------------------------
[WARNING] The POM for com.sun.xml.bind:jaxb-impl:jar:2.2.11 is invalid, transitive dependencies (if any) will not be available, enable debug logging for more details
[INFO] 
[INFO] --- maven-checkstyle-plugin:3.1.1:check (validate) @ entando-*****-console ---
[INFO] 
[INFO] --- maven-checkstyle-plugin:3.1.1:checkstyle (validate) @ entando-*****-console ---
[INFO] 
[INFO] --- jacoco-maven-plugin:0.8.5:prepare-agent (prepare-agent) @ entando-*****-console ---
[INFO] argLine set to -javaagent:/home/jenkins/.mvnrepository/org/jacoco/org.jacoco.agent/0.8.5/org.jacoco.agent-0.8.5-runtime.jar=destfile=/workspace/source/target/jacoco.e**c
[INFO] 
[INFO] --- maven-resources-plugin:2.5:resources (default-resources) @ entando-*****-console ---
[debug] e**cute contextualize
[INFO] Using 'UTF-8' encoding to copy filtered resources.
[INFO] Copying 26 resources
[INFO] Copying 1 resource
[INFO] Copying 93 resources
[INFO] Copying 2 resources to META-INF
[INFO] 
[INFO] --- maven-compiler-plugin:3.8.1:compile (default-compile) @ entando-*****-console ---
[INFO] Changes detected - recompiling the module!
[INFO] Compiling 240 source files to /workspace/source/target/classes
[INFO] /workspace/source/src/main/java/com/agiletec/aps*****/******/BaseAction.java: Some input files use or override a deprecated API.
[INFO] /workspace/source/src/main/java/com/agiletec/aps*****/******/BaseAction.java: Recompile with -Xlint:deprecation for details.
[INFO] -------------------------------------------------------------
[ERROR] COMPILATION ERROR : 
[INFO] -------------------------------------------------------------
[ERROR] /workspace/source/src/main/java/org/entando/entando/aps*****/user/UserProfileAction.java:[29,41] package org.entando.entando.ent.exception does not exist
[ERROR] /workspace/source/src/main/java/org/entando/entando/aps*****/user/UserProfileAction.java:[174,84] cannot find symbol
  symbol:   class EntException
  location: class org.entando.entando.aps*****.user.UserProfileAction
[ERROR] /workspace/source/src/main/java/com/agiletec/aps*****/portal/WidgetTypeAction.java:[39,41] package org.entando.entando.ent.exception does not exist
[ERROR] /workspace/source/src/main/java/com/agiletec/aps*****/portal/WidgetTypeAction.java:[262,81] cannot find symbol
  symbol:   class EntException
  location: class com.agiletec.aps*****.portal.WidgetTypeAction
[ERROR] /workspace/source/src/main/java/org/entando/entando/aps*****/dataobject/helper/IDataObjectActionHelper.java:[28,41] package org.entando.entando.ent.exception does not exist
[ERROR] /workspace/source/src/main/java/org/entando/entando/aps*****/dataobject/helper/IDataObjectActionHelper.java:[50,100] cannot find symbol
  symbol:   class EntException
  location: interface org.entando.entando.aps*****.dataobject.helper.IDataObjectActionHelper
[ERROR] /workspace/source/src/main/java/org/entando/entando/aps*****/common/UserAvatarAction.java:[29,41] package org.entando.entando.ent.exception does not exist
[ERROR] /workspace/source/src/main/java/org/entando/entando/aps*****/common/UserAvatarAction.java:[106,56] cannot find symbol
  symbol:   class EntException
  location: class org.entando.entando.aps*****.common.UserAvatarAction
[ERROR] /workspace/source/src/main/java/org/entando/entando/aps*****/api/ConsumerAction.java:[28,41] package org.entando.entando.ent.exception does not exist
[ERROR] /workspace/source/src/main/java/org/entando/entando/aps*****/api/ConsumerAction.java:[152,46] cannot find symbol
  symbol:   class EntException
  location: class org.entando.entando.aps*****.api.ConsumerAction
[ERROR] /workspace/source/src/main/java/org/entando/entando/aps*****/dataobject/helper/DataObjectActionHelper.java:[42,41] package org.entando.entando.ent.exception does not exist
[ERROR] /workspace/source/src/main/java/org/entando/entando/aps*****/dataobject/helper/DataObjectActionHelper.java:[175,96] cannot find symbol
  symbol:   class EntException
  location: class org.entando.entando.aps*****.dataobject.helper.DataObjectActionHelper
[ERROR] /workspace/source/src/main/java/org/entando/entando/aps*****/common/currentuser/CurrentAvatarAction.java:[20,41] package org.entando.entando.ent.exception does not exist
[ERROR] /workspace/source/src/main/java/org/entando/entando/aps*****/common/currentuser/CurrentAvatarAction.java:[28,56] cannot find symbol
  symbol:   class EntException
  location: class org.entando.entando.aps*****.common.currentuser.CurrentAvatarAction
[ERROR] /workspace/source/src/main/java/com/agiletec/aps*****/user/role/RoleAction.java:[23,41] package org.entando.entando.ent.exception does not exist
[ERROR] /workspace/source/src/main/java/com/agiletec/aps*****/user/role/RoleAction.java:[166,48] cannot find symbol
  symbol:   class EntException
  location: class com.agiletec.aps*****.user.role.RoleAction
[ERROR] /workspace/source/src/main/java/com/agiletec/aps*****/user/role/RoleAction.java:[180,54] cannot find symbol
  symbol:   class EntException
  location: class com.agiletec.aps*****.user.role.RoleAction
[ERROR] /workspace/source/src/main/java/com/agiletec/aps*****/common/BaseCommonAction.java:[23,41] package org.entando.entando.ent.exception does not exist
[ERROR] /workspace/source/src/main/java/org/entando/entando/aps*****/user/UserAuthorizationAction.java:[33,41] package org.entando.entando.ent.exception does not exist
[ERROR] /workspace/source/src/main/java/org/entando/entando/aps*****/user/UserAuthorizationAction.java:[165,47] cannot find symbol
  symbol:   class EntException
  location: class org.entando.entando.aps*****.user.UserAuthorizationAction
[INFO] 20 errors 
[INFO] -------------------------------------------------------------
[INFO] 
[INFO] ------------------------------------------------------------------------
[INFO] Skipping Entando Core: Administration Console
[INFO] This project has been banned from the build due to previous failures.
[INFO] ------------------------------------------------------------------------
[INFO] ------------------------------------------------------------------------
[INFO] BUILD FAILURE
[INFO] ------------------------------------------------------------------------
[INFO] Total time:  22.876 s
[INFO] Finished at: 2020-10-07T12:49:16Z
[INFO] ------------------------------------------------------------------------
[ERROR] Failed to e**cute goal org.apache.maven.plugins:maven-compiler-plugin:3.8.1:compile (default-compile) on project entando-*****-console: Compilation failure: Compilation failure: 
[ERROR] /workspace/source/src/main/java/org/entando/entando/aps*****/user/UserProfileAction.java:[29,41] package org.entando.entando.ent.exception does not exist
[ERROR] /workspace/source/src/main/java/org/entando/entando/aps*****/user/UserProfileAction.java:[174,84] cannot find symbol
[ERROR]   symbol:   class EntException
[ERROR]   location: class org.entando.entando.aps*****.user.UserProfileAction
[ERROR] /workspace/source/src/main/java/com/agiletec/aps*****/portal/WidgetTypeAction.java:[39,41] package org.entando.entando.ent.exception does not exist
[ERROR] /workspace/source/src/main/java/com/agiletec/aps*****/portal/WidgetTypeAction.java:[262,81] cannot find symbol
[ERROR]   symbol:   class EntException
[ERROR]   location: class com.agiletec.aps*****.portal.WidgetTypeAction
[ERROR] /workspace/source/src/main/java/org/entando/entando/aps*****/dataobject/helper/IDataObjectActionHelper.java:[28,41] package org.entando.entando.ent.exception does not exist
[ERROR] /workspace/source/src/main/java/org/entando/entando/aps*****/dataobject/helper/IDataObjectActionHelper.java:[50,100] cannot find symbol
[ERROR]   symbol:   class EntException
[ERROR]   location: interface org.entando.entando.aps*****.dataobject.helper.IDataObjectActionHelper
[ERROR] /workspace/source/src/main/java/org/entando/entando/aps*****/common/UserAvatarAction.java:[29,41] package org.entando.entando.ent.exception does not exist
[ERROR] /workspace/source/src/main/java/org/entando/entando/aps*****/common/UserAvatarAction.java:[106,56] cannot find symbol
[ERROR]   symbol:   class EntException
[ERROR]   location: class org.entando.entando.aps*****.common.UserAvatarAction
[ERROR] /workspace/source/src/main/java/org/entando/entando/aps*****/api/ConsumerAction.java:[28,41] package org.entando.entando.ent.exception does not exist
[ERROR] /workspace/source/src/main/java/org/entando/entando/aps*****/api/ConsumerAction.java:[152,46] cannot find symbol
[ERROR]   symbol:   class EntException
[ERROR]   location: class org.entando.entando.aps*****.api.ConsumerAction
[ERROR] /workspace/source/src/main/java/org/entando/entando/aps*****/dataobject/helper/DataObjectActionHelper.java:[42,41] package org.entando.entando.ent.exception does not exist
[ERROR] /workspace/source/src/main/java/org/entando/entando/aps*****/dataobject/helper/DataObjectActionHelper.java:[175,96] cannot find symbol
[ERROR]   symbol:   class EntException
[ERROR]   location: class org.entando.entando.aps*****.dataobject.helper.DataObjectActionHelper
[ERROR] /workspace/source/src/main/java/org/entando/entando/aps*****/common/currentuser/CurrentAvatarAction.java:[20,41] package org.entando.entando.ent.exception does not exist
[ERROR] /workspace/source/src/main/java/org/entando/entando/aps*****/common/currentuser/CurrentAvatarAction.java:[28,56] cannot find symbol
[ERROR]   symbol:   class EntException
[ERROR]   location: class org.entando.entando.aps*****.common.currentuser.CurrentAvatarAction
[ERROR] /workspace/source/src/main/java/com/agiletec/aps*****/user/role/RoleAction.java:[23,41] package org.entando.entando.ent.exception does not exist
[ERROR] /workspace/source/src/main/java/com/agiletec/aps*****/user/role/RoleAction.java:[166,48] cannot find symbol
[ERROR]   symbol:   class EntException
[ERROR]   location: class com.agiletec.aps*****.user.role.RoleAction
[ERROR] /workspace/source/src/main/java/com/agiletec/aps*****/user/role/RoleAction.java:[180,54] cannot find symbol
[ERROR]   symbol:   class EntException
[ERROR]   location: class com.agiletec.aps*****.user.role.RoleAction
[ERROR] /workspace/source/src/main/java/com/agiletec/aps*****/common/BaseCommonAction.java:[23,41] package org.entando.entando.ent.exception does not exist
[ERROR] /workspace/source/src/main/java/org/entando/entando/aps*****/user/UserAuthorizationAction.java:[33,41] package org.entando.entando.ent.exception does not exist
[ERROR] /workspace/source/src/main/java/org/entando/entando/aps*****/user/UserAuthorizationAction.java:[165,47] cannot find symbol
[ERROR]   symbol:   class EntException
[ERROR]   location: class org.entando.entando.aps*****.user.UserAuthorizationAction
[ERROR] -> [Help 1]
[ERROR] 
[ERROR] To see the full stack trace of the errors, re-run Maven with the -e switch.
[ERROR] Re-run Maven using the -X switch to enable full debug logging.
[ERROR] 
[ERROR] For more information about the errors and possible solutions, please read the following articles:
[ERROR] [Help 1] http://cwiki.apache.org/confluence/display/MAVEN/MojoFailureException
shallow cloning https://github.com/entando-k8s/devops-results.git branch gh-pages
ran git init in /tmp/jenkins-x-collect580917475
ran git add remote origin https://github.com/entando-k8s/devops-results.git in /tmp/jenkins-x-collect580917475
ran git fetch origin --depth=1 gh-pages in dir /tmp/jenkins-x-collect580917475
No pre-deployment test results found for entando-*****-console-PR-56.
  % Total    % Received % Xferd  Average Speed   Time    Time     Time  Current
                                 Dload  Upload   Total   Spent    Left  Speed
  0     0    0     0    0     0      0      0 --:--:-- --:--:-- --:--:--     0 11  1848    0     0  100   213      0    261 --:--:-- --:--:-- --:--:--   261100  1848  100  1635  100   213   2004    261 --:--:-- --:--:-- --:--:--  2011
{
  "url": "https://api.github.com/repos/entando/entando-*****-console/statuses/376e746dbd52e5d83bc62964427dae41d5e355b9",
  "avatar_url": "https://avatars2.githubusercontent.com/u/57885396?v=4",
  "id": 10980594533,
  "node_id": "MDEzOlN0YXR1c0NvbnRleHQxMDk4MDU5NDUzMw==",
  "state": "failure",
  "description": "Pre-deployment tests failure!",
  "target_url": "https://entando-k8s.github.io/devops-results/entando-*****-console/PR-56/surefire-report.html",
  "context": "Pre-deployment tests",
  "created_at": "2020-10-07T12:51:46Z",
  "updated_at": "2020-10-07T12:51:46Z",
  "creator": {
    "login": "**********",
    "id": 57885396,
    "node_id": "MDQ6VXNlcjU3ODg1Mzk2",
    "avatar_url": "https://avatars2.githubusercontent.com/u/57885396?v=4",
    "gravatar_id": "",
    "url": "https://api.github.com/users/**********",
    "html_url": "https://github.com/**********",
    "followers_url": "https://api.github.com/users/**********/followers",
    "following_url": "https://api.github.com/users/**********/following{/other_user}",
    "gists_url": "https://api.github.com/users/**********/gists{/gist_id}",
    "starred_url": "https://api.github.com/users/entando-**/starred{/owner}{/repo}",
    "subscriptions_url": "https://api.github.com/users/**********/subscriptions",
    "organizations_url": "https://api.github.com/users/**********/orgs",
    "repos_url": "https://api.github.com/users/**********/repos",
    "events_url": "https://api.github.com/users/**********/events{/privacy}",
    "received_events_url": "https://api.github.com/users/entando-**/received_events",
    "type": "User",
    "site_*****": *****
  }
}
OWASP has found dependencies with vulnerabilities for entando-*****-console-PR-56.
  % Total    % Received % Xferd  Average Speed   Time    Time     Time  Current
                                 Dload  Upload   Total   Spent    Left  Speed
{
  "url": "https://api.github.com/repos/entando/entando-*****-console/statuses/376e746dbd52e5d83bc62964427dae41d5e355b9",
  "avatar_url": "https://avatars2.githubusercontent.com/u/57885396?v=4",
  "id": 10980594662,
  "node_id": "MDEzOlN0YXR1c0NvbnRleHQxMDk4MDU5NDY2Mg==",
  "state": "failure",
  "description": "OWASP CVE failure!",
  "target_url": "https://entando-k8s.github.io/devops-results/entando-*****-console/PR-56/dependency-check-report.html",
  "context": "OWASP CVE",
  "created_at": "2020-10-07T12:51:47Z",
  "updated_at": "2020-10-07T12:51:47Z",
  "creator": {
    "login": "**********",
    "id": 57885396,
    "node_id": "MDQ6VXNlcjU3ODg1Mzk2",
    "avatar_url": "https://avatars2.githubusercontent.com/u/57885396?v=4",
    "gravatar_id": "",
    "url": "https://api.github.com/users/**********",
    "html_url": "https://github.com/**********",
    "followers_url": "https://api.github.com/users/**********/followers",
    "following_url": "https://api.github.com/users/**********/following{/other_user}",
    "gists_url": "https://api.github.com/users/**********/gists{/gist_id}",
    "starred_url": "https://api.github.com/users/**********/starred{/owner}{/repo}",
    "subscriptions_url": "https://api.github.com/users/**********/subscriptions",
    "organizations_url": "https://api.github.com/users/**********/orgs",
    "repos_url": "https://api.github.com/users/**********/repos",
    "events_url": "https://api.github.com/users/**********/events{/privacy}",
    "received_events_url": "https://api.github.com/users/**********/received_events",
    "type": "User",
    "site_*****": *****
  }
}
  0     0    0     0    0     0      0      0 --:--:-- --:--:-- --:--:--     0100  1820  100  1621  100   199   2723    334 --:--:-- --:--:-- --:--:--  2724
The following checks failed: for entando-*****-console-PR-56 : Pre-deployment tests; OWASP Maven Dependency Check; 
[31m
Pipeline failed on stage 'from-build-pack' : container 'step-build-mvn-verify-pr'. The execution of the pipeline has stopped.[0m
