
Showing logs for build [32mentando-k8s-environment-entando-l75zv-1[0m stage [32mfrom-build-pack[0m and container [32mstep-credential-initializer-d4h4m[0m
{"level":"warn","ts":1602687127.055067,"logger":"fallback-logger","caller":"logging/config.go:69","msg":"Fetch GitHub commit ID from kodata failed: \"ref: refs/heads/0.8.0-**-support-backwards-incompats\" is not a valid GitHub commit ID"}
{"level":"info","ts":1602687127.0595102,"logger":"fallback-logger","caller":"creds-init/main.go:40","msg":"Credentials initialized."}

Showing logs for build [32mentando-k8s-environment-entando-l75zv-1[0m stage [32mfrom-build-pack[0m and container [32mstep-working-dir-initializer-p75cw[0m
{"level":"warn","ts":1602687128.576393,"logger":"fallback-logger","caller":"logging/config.go:69","msg":"Fetch GitHub commit ID from kodata failed: open /var/run/ko/HEAD: no such file or directory"}
{"level":"info","ts":1602687128.5913324,"logger":"fallback-logger","caller":"bash/main.go:64","msg":"Successfully e**cuted command \"sh -c mkdir -p /workspace/source\"; output "}

Showing logs for build [32mentando-k8s-environment-entando-l75zv-1[0m stage [32mfrom-build-pack[0m and container [32mstep-place-tools[0m

Showing logs for build [32mentando-k8s-environment-entando-l75zv-1[0m stage [32mfrom-build-pack[0m and container [32mstep-git-source-entando-k8s-environment-entando-98lv5[0m
{"level":"warn","ts":1602687137.1180007,"logger":"fallback-logger","caller":"logging/config.go:69","msg":"Fetch GitHub commit ID from kodata failed: \"ref: refs/heads/0.8.0-**-support-backwards-incompats\" is not a valid GitHub commit ID"}
{"level":"info","ts":1602687138.982055,"logger":"fallback-logger","caller":"git/git.go:103","msg":"Successfully cloned https://github.com/entando-k8s/environment-entando-**-staging.git @ master in path /workspace/source"}

Showing logs for build [32mentando-k8s-environment-entando-l75zv-1[0m stage [32mfrom-build-pack[0m and container [32mstep-git-merge[0m
Using SHAs from PULL_REFS=master:2d0ea262968041d060dca303e441cf9e93fc9df2,121:9ee328be9e1a5acf73d0a316461009445563b400
DEBUG: ran git fetch --unshallow origin 9ee328be9e1a5acf73d0a316461009445563b400: 2d0ea262968041d060dca303e441cf9e93fc9df2: in 
DEBUG: ran git checkout master in 
DEBUG: ran git reset --hard 2d0ea262968041d060dca303e441cf9e93fc9df2 in 
DEBUG: ran clean --force -d . in 
DEBUG: ran git merge 9ee328be9e1a5acf73d0a316461009445563b400 in 
Merged SHA 9ee328be9e1a5acf73d0a316461009445563b400 with commit message 'chore: Promote entando-k8s-controller-coordinator to version 6.2.10' into base branch master

Showing logs for build [32mentando-k8s-environment-entando-l75zv-1[0m stage [32mfrom-build-pack[0m and container [32mstep-build-helm-build[0m
WARNING: No $CHART_REPOSITORY defined so using the default value of: http://jenkins-x-chartmuseum:8080
Adding missing Helm repo: storage.googleapis.com https://storage.googleapis.com/chartmuseum.jenkins-x.io
Successfully added Helm repository storage.googleapis.com.
Adding missing Helm repo: jenkins-x-chartmuseum http://jenkins-x-chartmuseum:8080
Successfully added Helm repository jenkins-x-chartmuseum.
WARNING: No $CHART_REPOSITORY defined so using the default value of: http://jenkins-x-chartmuseum:8080
Adding missing Helm repo: chartmuseum.jenkins-x.io http://chartmuseum.jenkins-x.io
Successfully added Helm repository chartmuseum.jenkins-x.io.
