
Showing logs for build [32mentando-entando-plugin-jacms-pr-tz7dc-2[0m stage [32mfrom-build-pack[0m and container [32mstep-credential-initializer-rzdv8[0m
{"level":"warn","ts":1600275446.7713203,"logger":"fallback-logger","caller":"logging/config.go:69","msg":"Fetch GitHub commit ID from kodata failed: \"ref: refs/heads/0.8.0-**-support-backwards-incompats\" is not a valid GitHub commit ID"}
{"level":"info","ts":1600275446.7754939,"logger":"fallback-logger","caller":"creds-init/main.go:40","msg":"Credentials initialized."}

Showing logs for build [32mentando-entando-plugin-jacms-pr-tz7dc-2[0m stage [32mfrom-build-pack[0m and container [32mstep-working-dir-initializer-ngl79[0m
{"level":"warn","ts":1600275447.809749,"logger":"fallback-logger","caller":"logging/config.go:69","msg":"Fetch GitHub commit ID from kodata failed: open /var/run/ko/HEAD: no such file or directory"}
{"level":"info","ts":1600275447.8164942,"logger":"fallback-logger","caller":"bash/main.go:64","msg":"Successfully e**cuted command \"sh -c mkdir -p /workspace/source\"; output "}

Showing logs for build [32mentando-entando-plugin-jacms-pr-tz7dc-2[0m stage [32mfrom-build-pack[0m and container [32mstep-place-tools[0m

Showing logs for build [32mentando-entando-plugin-jacms-pr-tz7dc-2[0m stage [32mfrom-build-pack[0m and container [32mstep-git-source-entando-entando-plugin-jacms-pr-cq5fm[0m
{"level":"warn","ts":1600275467.3360481,"logger":"fallback-logger","caller":"logging/config.go:69","msg":"Fetch GitHub commit ID from kodata failed: \"ref: refs/heads/0.8.0-**-support-backwards-incompats\" is not a valid GitHub commit ID"}
{"level":"info","ts":1600275469.4529748,"logger":"fallback-logger","caller":"git/git.go:103","msg":"Successfully cloned https://github.com/entando/entando-plugin-jacms.git @ master in path /workspace/source"}

Showing logs for build [32mentando-entando-plugin-jacms-pr-tz7dc-2[0m stage [32mfrom-build-pack[0m and container [32mstep-git-merge[0m
Using SHAs from PULL_REFS=master:2d6ce5f6b4f88092d77f9d2f6a86a9de3ddedf86,31:8bcb94129a3deb83ea0cc230dd82c9e85f4d0959
DEBUG: ran git fetch --unshallow origin 8bcb94129a3deb83ea0cc230dd82c9e85f4d0959: 2d6ce5f6b4f88092d77f9d2f6a86a9de3ddedf86: in 
DEBUG: ran git checkout master in 
DEBUG: ran git reset --hard 2d6ce5f6b4f88092d77f9d2f6a86a9de3ddedf86 in 
DEBUG: ran clean --force -d . in 
DEBUG: ran git merge 8bcb94129a3deb83ea0cc230dd82c9e85f4d0959 in 
Merged SHA 4e768c1551dacd6720b42b628830349f86587122 with commit message 'Merge commit '8bcb94129a3deb83ea0cc230dd82c9e85f4d0959'' into base branch master
Merged SHA 8bcb94129a3deb83ea0cc230dd82c9e85f4d0959 with commit message 'ENG-1237 tests fi**s' into base branch master
Merged SHA d711f1464ca8c11501f4bfd386d7cab6c608dd28 with commit message 'ENG-1237 user permission checks added in list asset and delete asset' into base branch master

Showing logs for build [32mentando-entando-plugin-jacms-pr-tz7dc-2[0m stage [32mfrom-build-pack[0m and container [32mstep-build-set-version[0m
Picked up _JAVA_OPTIONS: -XX:+UnlockExperimentalVMOptions -Dsun.zip.disableMemoryMapping=true -XX:+UseParallelGC -XX:MinHeapFreeRatio=5 -XX:MaxHeapFreeRatio=10 -XX:GCTimeRatio=4 -XX:AdaptiveSizePolicyWeight=90 -Xms10m -Xmx8000m
[INFO] Scanning for projects...
[INFO] 
[INFO] ----------< org.entando.entando.plugins:entando-plugin-jacms >----------
[INFO] Building Entando Plugin: CMS 6.2.0-SNAPSHOT
[INFO] --------------------------------[ war ]---------------------------------
[INFO] 
[INFO] --- versions-maven-plugin:2.8.1:set (default-cli) @ entando-plugin-jacms ---
[INFO] Local aggregation ****: /workspace/source
[INFO] Processing change of org.entando.entando.plugins:entando-plugin-jacms:6.2.0-SNAPSHOT -> 0.0.0-SNAPSHOT-PR-31-2
[INFO] Processing org.entando.entando.plugins:entando-plugin-jacms
[INFO]     Updating project org.entando.entando.plugins:entando-plugin-jacms
[INFO]         from version 6.2.0-SNAPSHOT to 0.0.0-SNAPSHOT-PR-31-2
[INFO] 
[INFO] ------------------------------------------------------------------------
[INFO] BUILD SUCCESS
[INFO] ------------------------------------------------------------------------
[INFO] Total time:  14.616 s
[INFO] Finished at: 2020-09-16T16:58:10Z
[INFO] ------------------------------------------------------------------------

Showing logs for build [32mentando-entando-plugin-jacms-pr-tz7dc-2[0m stage [32mfrom-build-pack[0m and container [32mstep-build-fix-git-for-sonar[0m
error: Your local changes to the following files would be overwritten by checkout:
	pom.xml
Please commit your changes or stash them before you switch branches.
Aborting
error: Cannot delete branch 'master' checked out at '/workspace/source'
fatal: Refusing to fetch into current branch refs/heads/master of non-bare repository
[31m
Pipeline failed on stage 'from-build-pack' : container 'step-build-fix-git-for-sonar'. The execution of the pipeline has stopped.[0m
