
Showing logs for build [32mmeta-entando-app-builder-pr-842-s72jt-1[0m stage [32mmeta-pipeline[0m and container [32mstep-credential-initializer-6xw5c[0m
{"level":"warn","ts":1599822757.3004465,"logger":"fallback-logger","caller":"logging/config.go:69","msg":"Fetch GitHub commit ID from kodata failed: \"ref: refs/heads/0.8.0-**-support-backwards-incompats\" is not a valid GitHub commit ID"}
{"level":"info","ts":1599822757.3040388,"logger":"fallback-logger","caller":"creds-init/main.go:40","msg":"Credentials initialized."}

Showing logs for build [32mmeta-entando-app-builder-pr-842-s72jt-1[0m stage [32mmeta-pipeline[0m and container [32mstep-working-dir-initializer-bs79p[0m
{"level":"warn","ts":1599822758.3447812,"logger":"fallback-logger","caller":"logging/config.go:69","msg":"Fetch GitHub commit ID from kodata failed: open /var/run/ko/HEAD: no such file or directory"}
{"level":"info","ts":1599822758.3583941,"logger":"fallback-logger","caller":"bash/main.go:64","msg":"Successfully e**cuted command \"sh -c mkdir -p /workspace/source\"; output "}

Showing logs for build [32mmeta-entando-app-builder-pr-842-s72jt-1[0m stage [32mmeta-pipeline[0m and container [32mstep-place-tools[0m

Showing logs for build [32mmeta-entando-app-builder-pr-842-s72jt-1[0m stage [32mmeta-pipeline[0m and container [32mstep-git-source-meta-entando-app-builder-pr-842-nhk8d[0m
{"level":"warn","ts":1599822780.974728,"logger":"fallback-logger","caller":"logging/config.go:69","msg":"Fetch GitHub commit ID from kodata failed: \"ref: refs/heads/0.8.0-**-support-backwards-incompats\" is not a valid GitHub commit ID"}
{"level":"info","ts":1599822783.931998,"logger":"fallback-logger","caller":"git/git.go:103","msg":"Successfully cloned https://github.com/entando/app-builder.git @ d6808ba6962cd2e9788910314b79c0534372c980 in path /workspace/source"}

Showing logs for build [32mmeta-entando-app-builder-pr-842-s72jt-1[0m stage [32mmeta-pipeline[0m and container [32mstep-git-merge[0m
Using SHAs from PULL_REFS=master:d6808ba6962cd2e9788910314b79c0534372c980,842:23b5c322509fe3bf03ba0a024f87c580ae762f2e
DEBUG: ran git fetch --unshallow origin 23b5c322509fe3bf03ba0a024f87c580ae762f2e: d6808ba6962cd2e9788910314b79c0534372c980: in 
DEBUG: ran git checkout master in 
DEBUG: ran git reset --hard d6808ba6962cd2e9788910314b79c0534372c980 in 
DEBUG: ran clean --force -d . in 
error: error during merge: merging 23b5c322509fe3bf03ba0a024f87c580ae762f2e into master: git output: Auto-merging src/locales/pt.js
CONFLICT (content): Merge conflict in src/locales/pt.js
Auto-merging src/locales/it.js
CONFLICT (content): Merge conflict in src/locales/it.js
Auto-merging src/locales/en.js
Automatic merge failed; fix conflicts and then commit the result.: failed to run 'git merge 23b5c322509fe3bf03ba0a024f87c580ae762f2e' command in directory '', output: 'Auto-merging src/locales/pt.js
CONFLICT (content): Merge conflict in src/locales/pt.js
Auto-merging src/locales/it.js
CONFLICT (content): Merge conflict in src/locales/it.js
Auto-merging src/locales/en.js
Automatic merge failed; fix conflicts and then commit the result.'
[31m
Pipeline failed on stage 'meta-pipeline' : container 'step-git-merge'. The execution of the pipeline has stopped.[0m
