
Showing logs for build [32mentando-k8s-entando-de-app-pr-7-7xpxd-1[0m stage [32mfrom-build-pack[0m and container [32mstep-credential-initializer-q5bjs[0m
{"level":"warn","ts":1600184385.9222224,"logger":"fallback-logger","caller":"logging/config.go:69","msg":"Fetch GitHub commit ID from kodata failed: \"ref: refs/heads/0.8.0-**-support-backwards-incompats\" is not a valid GitHub commit ID"}
{"level":"info","ts":1600184385.923764,"logger":"fallback-logger","caller":"creds-init/main.go:40","msg":"Credentials initialized."}

Showing logs for build [32mentando-k8s-entando-de-app-pr-7-7xpxd-1[0m stage [32mfrom-build-pack[0m and container [32mstep-working-dir-initializer-tmsp6[0m
{"level":"warn","ts":1600184388.1476803,"logger":"fallback-logger","caller":"logging/config.go:69","msg":"Fetch GitHub commit ID from kodata failed: open /var/run/ko/HEAD: no such file or directory"}
{"level":"info","ts":1600184388.1509962,"logger":"fallback-logger","caller":"bash/main.go:64","msg":"Successfully e**cuted command \"sh -c mkdir -p /workspace/source\"; output "}

Showing logs for build [32mentando-k8s-entando-de-app-pr-7-7xpxd-1[0m stage [32mfrom-build-pack[0m and container [32mstep-place-tools[0m

Showing logs for build [32mentando-k8s-entando-de-app-pr-7-7xpxd-1[0m stage [32mfrom-build-pack[0m and container [32mstep-git-source-entando-k8s-entando-de-app-pr-7-7llhv[0m
{"level":"warn","ts":1600184416.6524818,"logger":"fallback-logger","caller":"logging/config.go:69","msg":"Fetch GitHub commit ID from kodata failed: \"ref: refs/heads/0.8.0-**-support-backwards-incompats\" is not a valid GitHub commit ID"}
{"level":"info","ts":1600184418.4479609,"logger":"fallback-logger","caller":"git/git.go:103","msg":"Successfully cloned https://github.com/entando-k8s/entando-de-app.git @ master in path /workspace/source"}

Showing logs for build [32mentando-k8s-entando-de-app-pr-7-7xpxd-1[0m stage [32mfrom-build-pack[0m and container [32mstep-git-merge[0m
Using SHAs from PULL_REFS=master:4fa28304b4d252dfadc491444ba76516a598346a,79:a73408b63095d15cc0ce5c313d5da2c758ae5919
DEBUG: ran git fetch --unshallow origin a73408b63095d15cc0ce5c313d5da2c758ae5919: 4fa28304b4d252dfadc491444ba76516a598346a: in 
DEBUG: ran git checkout master in 
DEBUG: ran git reset --hard 4fa28304b4d252dfadc491444ba76516a598346a in 
DEBUG: ran clean --force -d . in 
DEBUG: ran git merge a73408b63095d15cc0ce5c313d5da2c758ae5919 in 
Merged SHA a73408b63095d15cc0ce5c313d5da2c758ae5919 with commit message 'ENG-1201 Updating CMS version' into base branch master

Showing logs for build [32mentando-k8s-entando-de-app-pr-7-7xpxd-1[0m stage [32mfrom-build-pack[0m and container [32mstep-build-set-version[0m
Picked up _JAVA_OPTIONS: -XX:+UnlockExperimentalVMOptions -Dsun.zip.disableMemoryMapping=true -XX:+UseParallelGC -XX:MinHeapFreeRatio=5 -XX:MaxHeapFreeRatio=10 -XX:GCTimeRatio=4 -XX:AdaptiveSizePolicyWeight=90 -Xms1000m -Xmx12000m
[INFO] Scanning for projects...
[INFO] 
[INFO] -----------------< org.entando.entando:entando-de-app >-----------------
[INFO] Building entando-de-app 6.1.16
[INFO] --------------------------------[ war ]---------------------------------
[INFO] 
[INFO] --- versions-maven-plugin:2.8.1:set (default-cli) @ entando-de-app ---
[INFO] Local aggregation ****: /workspace/source
[INFO] Processing change of org.entando.entando:entando-de-app:6.1.16 -> 0.0.0-SNAPSHOT-PR-79-1
[INFO] Processing org.entando.entando:entando-de-app
[INFO]     Updating project org.entando.entando:entando-de-app
[INFO]         from version 6.1.16 to 0.0.0-SNAPSHOT-PR-79-1
[INFO] 
[INFO] ------------------------------------------------------------------------
[INFO] BUILD SUCCESS
[INFO] ------------------------------------------------------------------------
[INFO] Total time:  11.118 s
[INFO] Finished at: 2020-09-15T15:40:34Z
[INFO] ------------------------------------------------------------------------

Showing logs for build [32mentando-k8s-entando-de-app-pr-7-7xpxd-1[0m stage [32mfrom-build-pack[0m and container [32mstep-build-mvn-verify[0m
Picked up _JAVA_OPTIONS: -XX:+UnlockExperimentalVMOptions -Dsun.zip.disableMemoryMapping=true -XX:+UseParallelGC -XX:MinHeapFreeRatio=5 -XX:MaxHeapFreeRatio=10 -XX:GCTimeRatio=4 -XX:AdaptiveSizePolicyWeight=90 -Xms1000m -Xmx12000m
[INFO] Scanning for projects...
[INFO] 
[INFO] -----------------< org.entando.entando:entando-de-app >-----------------
[INFO] Building entando-de-app 0.0.0-SNAPSHOT-PR-79-1
[INFO] --------------------------------[ war ]---------------------------------
[WARNING] The POM for org.entando.entando.plugins:entando-plugin-jacms:jar:classes:6.2.35 is missing, no dependency information available
[WARNING] The POM for org.entando.entando.plugins:entando-plugin-jacms:war:6.2.35 is missing, no dependency information available
[INFO] ------------------------------------------------------------------------
[INFO] BUILD FAILURE
[INFO] ------------------------------------------------------------------------
[INFO] Total time:  11.894 s
[INFO] Finished at: 2020-09-15T15:40:48Z
[INFO] ------------------------------------------------------------------------
[ERROR] Failed to e**cute goal on project entando-de-app: Could not resolve dependencies for project org.entando.entando:entando-de-app:war:0.0.0-SNAPSHOT-PR-79-1: The following artifacts could not be resolved: org.entando.entando.plugins:entando-plugin-jacms:jar:classes:6.2.35, org.entando.entando.plugins:entando-plugin-jacms:war:6.2.35: Could not find artifact org.entando.entando.plugins:entando-plugin-jacms:jar:classes:6.2.35 in nexus (http://nexus/repository/maven-group/) -> [Help 1]
[ERROR] 
[ERROR] To see the full stack trace of the errors, re-run Maven with the -e switch.
[ERROR] Re-run Maven using the -X switch to enable full debug logging.
[ERROR] 
[ERROR] For more information about the errors and possible solutions, please read the following articles:
[ERROR] [Help 1] http://cwiki.apache.org/confluence/display/MAVEN/DependencyResolutionException
[31m
Pipeline failed on stage 'from-build-pack' : container 'step-build-mvn-verify'. The execution of the pipeline has stopped.[0m
