
Showing logs for build [32mentando-entando-plugin-jpseo-pr-ngmxh-3[0m stage [32mfrom-build-pack[0m and container [32mstep-credential-initializer-bsjt6[0m
{"level":"warn","ts":1602495665.6464417,"logger":"fallback-logger","caller":"logging/config.go:69","msg":"Fetch GitHub commit ID from kodata failed: \"ref: refs/heads/0.8.0-**-support-backwards-incompats\" is not a valid GitHub commit ID"}
{"level":"info","ts":1602495665.6575496,"logger":"fallback-logger","caller":"creds-init/main.go:40","msg":"Credentials initialized."}

Showing logs for build [32mentando-entando-plugin-jpseo-pr-ngmxh-3[0m stage [32mfrom-build-pack[0m and container [32mstep-working-dir-initializer-gzkdh[0m
{"level":"warn","ts":1602495667.4837759,"logger":"fallback-logger","caller":"logging/config.go:69","msg":"Fetch GitHub commit ID from kodata failed: open /var/run/ko/HEAD: no such file or directory"}
{"level":"info","ts":1602495667.5019827,"logger":"fallback-logger","caller":"bash/main.go:64","msg":"Successfully e**cuted command \"sh -c mkdir -p /workspace/source\"; output "}

Showing logs for build [32mentando-entando-plugin-jpseo-pr-ngmxh-3[0m stage [32mfrom-build-pack[0m and container [32mstep-place-tools[0m

Showing logs for build [32mentando-entando-plugin-jpseo-pr-ngmxh-3[0m stage [32mfrom-build-pack[0m and container [32mstep-git-source-entando-entando-plugin-jpseo-pr-zkrhd[0m
{"level":"warn","ts":1602495698.8985326,"logger":"fallback-logger","caller":"logging/config.go:69","msg":"Fetch GitHub commit ID from kodata failed: \"ref: refs/heads/0.8.0-**-support-backwards-incompats\" is not a valid GitHub commit ID"}
{"level":"info","ts":1602495700.5256505,"logger":"fallback-logger","caller":"git/git.go:103","msg":"Successfully cloned https://github.com/entando/entando-plugin-jpseo.git @ master in path /workspace/source"}

Showing logs for build [32mentando-entando-plugin-jpseo-pr-ngmxh-3[0m stage [32mfrom-build-pack[0m and container [32mstep-git-merge[0m
Using SHAs from PULL_REFS=master:f8318f59b710fdc32242fe558864d004756e5906,14:068aa611649f5a5b9a0c739f4f2c96540403606e
DEBUG: ran git fetch --unshallow origin 068aa611649f5a5b9a0c739f4f2c96540403606e: f8318f59b710fdc32242fe558864d004756e5906: in 
DEBUG: ran git checkout master in 
DEBUG: ran git reset --hard f8318f59b710fdc32242fe558864d004756e5906 in 
DEBUG: ran clean --force -d . in 
DEBUG: ran git merge 068aa611649f5a5b9a0c739f4f2c96540403606e in 
Merged SHA 068aa611649f5a5b9a0c739f4f2c96540403606e with commit message 'ENG-1256: Fix General exception' into base branch master
Merged SHA aa1d5d473871f6ab331b41d0d6aebf3e4efb97b7 with commit message 'Merge branch 'master' into ENG-531_envForRedis' into base branch master
Merged SHA fba8c6939d86f0f240283738247db680a0873439 with commit message 'Merge branch 'master' into ENG-531_envForRedis' into base branch master
Merged SHA 7e38e2d55fd40d703b11b9ec58e25538a3b29860 with commit message 'Merge branch 'master' into ENG-531_envForRedis' into base branch master
Merged SHA 8d4ea70357b22c0c3e3d6520c4e3d7716f0c92a4 with commit message 'Merge branch 'master' into ENG-531_envForRedis' into base branch master
Merged SHA 36943755f3e19d6338151b039883c8a3010a8f66 with commit message 'Merge branch 'master' into ENG-531_envForRedis_master' into base branch master
Merged SHA a198b8dcd7f9fddbbc0709a507fa13c3b74c8282 with commit message 'ENG-531: core modification for redis integration' into base branch master

Showing logs for build [32mentando-entando-plugin-jpseo-pr-ngmxh-3[0m stage [32mfrom-build-pack[0m and container [32mstep-build-set-version[0m
Picked up _JAVA_OPTIONS: -XX:+UnlockExperimentalVMOptions -Dsun.zip.disableMemoryMapping=true -XX:+UseParallelGC -XX:MinHeapFreeRatio=5 -XX:MaxHeapFreeRatio=10 -XX:GCTimeRatio=4 -XX:AdaptiveSizePolicyWeight=90 -Xms10m -Xmx8000m
[INFO] Scanning for projects...
[INFO] 
[INFO] ----------< org.entando.entando.plugins:entando-plugin-jpseo >----------
[INFO] Building Entando Plugin: SEO 6.2.0-SNAPSHOT
[INFO] --------------------------------[ war ]---------------------------------
[INFO] 
[INFO] --- versions-maven-plugin:2.8.1:set (default-cli) @ entando-plugin-jpseo ---
[INFO] Local aggregation ****: /workspace/source
[INFO] Processing change of org.entando.entando.plugins:entando-plugin-jpseo:6.2.0-SNAPSHOT -> 0.0.0-SNAPSHOT-PR-14-3
[INFO] Processing org.entando.entando.plugins:entando-plugin-jpseo
[INFO]     Updating project org.entando.entando.plugins:entando-plugin-jpseo
[INFO]         from version 6.2.0-SNAPSHOT to 0.0.0-SNAPSHOT-PR-14-3
[INFO] 
[INFO] ------------------------------------------------------------------------
[INFO] BUILD SUCCESS
[INFO] ------------------------------------------------------------------------
[INFO] Total time:  15.918 s
[INFO] Finished at: 2020-10-12T09:42:04Z
[INFO] ------------------------------------------------------------------------

Showing logs for build [32mentando-entando-plugin-jpseo-pr-ngmxh-3[0m stage [32mfrom-build-pack[0m and container [32mstep-build-fix-git-for-sonar[0m
Switched to a new branch 'PR-14'
M	pom.xml
Deleted branch master (was 068aa61).
From https://github.com/entando/entando-plugin-jpseo
 * [new branch]      master            -> master
 * [new tag]         pia-crs4          -> pia-crs4
 * [new tag]         v6.2.0-sprint1-rc -> v6.2.0-sprint1-rc
 * [new tag]         v6.2.0-sprint2-rc -> v6.2.0-sprint2-rc
 * [new tag]         v6.2.0-sprint3-rc -> v6.2.0-sprint3-rc
 * [new tag]         v6.2.0-sprint4-rc -> v6.2.0-sprint4-rc
 * [new tag]         v6.2.0-sprint5-rc -> v6.2.0-sprint5-rc

Showing logs for build [32mentando-entando-plugin-jpseo-pr-ngmxh-3[0m stage [32mfrom-build-pack[0m and container [32mstep-build-mvn-verify-pr[0m
  % Total    % Received % Xferd  Average Speed   Time    Time     Time  Current
                                 Dload  Upload   Total   Spent    Left  Speed
  0     0    0     0    0     0      0      0 --:--:-- --:--:-- --:--:--     0  0     0    0     0    0     0      0      0 --:--:-- --:--:-- --:--:--     0100  1845  100  1633  100   212   2483    322 --:--:-- --:--:-- --:--:--  2481
{
  "url": "https://api.github.com/repos/entando/entando-plugin-jpseo/statuses/068aa611649f5a5b9a0c739f4f2c96540403606e",
  "avatar_url": "https://avatars2.githubusercontent.com/u/57885396?v=4",
  "id": 11020680977,
  "node_id": "MDEzOlN0YXR1c0NvbnRleHQxMTAyMDY4MDk3Nw==",
  "state": "pending",
  "description": "Pre-deployment tests pending!",
  "target_url": "https://entando-k8s.github.io/devops-results/entando-plugin-jpseo/PR-14/surefire-report.html",
  "context": "Pre-deployment tests",
  "created_at": "2020-10-12T09:42:07Z",
  "updated_at": "2020-10-12T09:42:07Z",
  "creator": {
    "login": "entando-**",
    "id": 57885396,
    "node_id": "MDQ6VXNlcjU3ODg1Mzk2",
    "avatar_url": "https://avatars2.githubusercontent.com/u/57885396?v=4",
    "gravatar_id": "",
    "url": "https://api.github.com/users/entando-**",
    "html_url": "https://github.com/entando-**",
    "followers_url": "https://api.github.com/users/entando-**/followers",
    "following_url": "https://api.github.com/users/entando-**/following{/other_user}",
    "gists_url": "https://api.github.com/users/**********/gists{/gist_id}",
    "starred_url": "https://api.github.com/users/entando-**/starred{/owner}{/repo}",
    "subscriptions_url": "https://api.github.com/users/entando-**/subscriptions",
    "organizations_url": "https://api.github.com/users/entando-**/orgs",
    "repos_url": "https://api.github.com/users/entando-**/repos",
    "events_url": "https://api.github.com/users/entando-**/events{/privacy}",
    "received_events_url": "https://api.github.com/users/entando-**/received_events",
    "type": "User",
    "site_*****": *****
  }
}
  % Total    % Received % Xferd  Average Speed   Time    Time     Time  Current
                                 Dload  Upload   Total   Spent    Left  Speed
{
  "url": "https://api.github.com/repos/entando/entando-plugin-jpseo/statuses/068aa611649f5a5b9a0c739f4f2c96540403606e",
  "avatar_url": "https://avatars2.githubusercontent.com/u/57885396?v=4",
  "id": 11020681092,
  "node_id": "MDEzOlN0YXR1c0NvbnRleHQxMTAyMDY4MTA5Mg==",
  "state": "pending",
  "description": "OWASP CVE pending!",
  "target_url": "https://entando-k8s.github.io/devops-results/entando-plugin-jpseo/PR-14/dependency-check-report.html",
  "context": "OWASP CVE",
  "created_at": "2020-10-12T09:42:08Z",
  "updated_at": "2020-10-12T09:42:08Z",
  "creator": {
    "login": "entando-**",
    "id": 57885396,
    "node_id": "MDQ6VXNlcjU3ODg1Mzk2",
    "avatar_url": "https://avatars2.githubusercontent.com/u/57885396?v=4",
    "gravatar_id": "",
    "url": "https://api.github.com/users/entando-**",
    "html_url": "https://github.com/entando-**",
    "followers_url": "https://api.github.com/users/entando-**/followers",
    "following_url": "https://api.github.com/users/entando-**/following{/other_user}",
    "gists_url": "https://api.github.com/users/entando-**/gists{/gist_id}",
    "starred_url": "https://api.github.com/users/entando-**/starred{/owner}{/repo}",
    "subscriptions_url": "https://api.github.com/users/entando-**/subscriptions",
    "organizations_url": "https://api.github.com/users/entando-**/orgs",
    "repos_url": "https://api.github.com/users/entando-**/repos",
    "events_url": "https://api.github.com/users/entando-**/events{/privacy}",
    "received_events_url": "https://api.github.com/users/entando-**/received_events",
    "type": "User",
    "site_*****": *****
  }
}
  0     0    0     0    0     0      0      0 --:--:-- --:--:-- --:--:--     0 10  1817    0     0  100   198      0    328 --:--:-- --:--:-- --:--:--   328100  1817  100  1619  100   198   2686    328 --:--:-- --:--:-- --:--:--  2684
Picked up _JAVA_OPTIONS: -XX:+UnlockExperimentalVMOptions -Dsun.zip.disableMemoryMapping=true -XX:+UseParallelGC -XX:MinHeapFreeRatio=5 -XX:MaxHeapFreeRatio=10 -XX:GCTimeRatio=4 -XX:AdaptiveSizePolicyWeight=90 -Xms10m -Xmx8000m
[INFO] Scanning for projects...
[INFO] 
[INFO] ----------< org.entando.entando.plugins:entando-plugin-jpseo >----------
[INFO] Building Entando Plugin: SEO 0.0.0-SNAPSHOT-PR-14-3
[INFO] --------------------------------[ war ]---------------------------------
[WARNING] The POM for com.sun.xml.bind:jaxb-impl:jar:2.2.11 is invalid, transitive dependencies (if any) will not be available, enable debug logging for more details
[INFO] 
[INFO] --- maven-checkstyle-plugin:3.1.1:check (validate) @ entando-plugin-jpseo ---
[INFO] 
[INFO] --- maven-checkstyle-plugin:3.1.1:checkstyle (validate) @ entando-plugin-jpseo ---
[INFO] 
[INFO] --- jacoco-maven-plugin:0.8.5:prepare-agent (prepare-agent) @ entando-plugin-jpseo ---
[INFO] argLine set to -javaagent:/home/jenkins/.mvnrepository/org/jacoco/org.jacoco.agent/0.8.5/org.jacoco.agent-0.8.5-runtime.jar=destfile=/workspace/source/target/jacoco.e**c
[INFO] 
[INFO] --- maven-resources-plugin:2.5:resources (default-resources) @ entando-plugin-jpseo ---
[debug] e**cute contextualize
[INFO] Using 'UTF-8' encoding to copy filtered resources.
[INFO] Copying 12 resources
[INFO] Copying 1 resource
[INFO] Copying 5 resources
[INFO] Copying 8 resources
[INFO] Copying 2 resources to META-INF
[INFO] 
[INFO] --- maven-compiler-plugin:3.8.1:compile (default-compile) @ entando-plugin-jpseo ---
[INFO] Changes detected - recompiling the module!
[INFO] Compiling 50 source files to /workspace/source/target/classes
[INFO] -------------------------------------------------------------
[ERROR] COMPILATION ERROR : 
[INFO] -------------------------------------------------------------
[ERROR] /workspace/source/src/main/java/org/entando/entando/plugins/jpseo/aps/******/services/page/SeoPageService.java:[40,41] package org.entando.entando.ent.exception does not exist
[ERROR] /workspace/source/src/main/java/org/entando/entando/plugins/jpseo/aps/******/services/metatag/MetatagCatalog.java:[28,41] package org.entando.entando.ent.exception does not exist
[INFO] 2 errors 
[INFO] -------------------------------------------------------------
[INFO] 
[INFO] ------------------------------------------------------------------------
[INFO] Skipping Entando Plugin: SEO
[INFO] This project has been banned from the build due to previous failures.
[INFO] ------------------------------------------------------------------------
[INFO] ------------------------------------------------------------------------
[INFO] BUILD FAILURE
[INFO] ------------------------------------------------------------------------
[INFO] Total time:  32.561 s
[INFO] Finished at: 2020-10-12T09:42:44Z
[INFO] ------------------------------------------------------------------------
[ERROR] Failed to e**cute goal org.apache.maven.plugins:maven-compiler-plugin:3.8.1:compile (default-compile) on project entando-plugin-jpseo: Compilation failure: Compilation failure: 
[ERROR] /workspace/source/src/main/java/org/entando/entando/plugins/jpseo/aps/******/services/page/SeoPageService.java:[40,41] package org.entando.entando.ent.exception does not exist
[ERROR] /workspace/source/src/main/java/org/entando/entando/plugins/jpseo/aps/******/services/metatag/MetatagCatalog.java:[28,41] package org.entando.entando.ent.exception does not exist
[ERROR] -> [Help 1]
[ERROR] 
[ERROR] To see the full stack trace of the errors, re-run Maven with the -e switch.
[ERROR] Re-run Maven using the -X switch to enable full debug logging.
[ERROR] 
[ERROR] For more information about the errors and possible solutions, please read the following articles:
[ERROR] [Help 1] http://cwiki.apache.org/confluence/display/MAVEN/MojoFailureException
shallow cloning https://github.com/entando-k8s/devops-results.git branch gh-pages
ran git init in /tmp/jenkins-x-collect047024306
ran git add remote origin https://github.com/entando-k8s/devops-results.git in /tmp/jenkins-x-collect047024306
ran git fetch origin --depth=1 gh-pages in dir /tmp/jenkins-x-collect047024306
No pre-deployment test results found for entando-plugin-jpseo-PR-14.
  % Total    % Received % Xferd  Average Speed   Time    Time     Time  Current
                                 Dload  Upload   Total   Spent    Left  Speed
  0     0    0     0    0     0      0      0 --:--:-- --:--:-- --:--:--     0  0     0    0     0    0     0      0      0 --:--:-- --:--:-- --:--:--     0100  1845  100  1633  100   212   2141    278 --:--:-- --:--:-- --:--:--  2148
{
  "url": "https://api.github.com/repos/entando/entando-plugin-jpseo/statuses/068aa611649f5a5b9a0c739f4f2c96540403606e",
  "avatar_url": "https://avatars2.githubusercontent.com/u/57885396?v=4",
  "id": 11020710544,
  "node_id": "MDEzOlN0YXR1c0NvbnRleHQxMTAyMDcxMDU0NA==",
  "state": "failure",
  "description": "Pre-deployment tests failure!",
  "target_url": "https://entando-k8s.github.io/devops-results/entando-plugin-jpseo/PR-14/surefire-report.html",
  "context": "Pre-deployment tests",
  "created_at": "2020-10-12T09:45:14Z",
  "updated_at": "2020-10-12T09:45:14Z",
  "creator": {
    "login": "entando-**",
    "id": 57885396,
    "node_id": "MDQ6VXNlcjU3ODg1Mzk2",
    "avatar_url": "https://avatars2.githubusercontent.com/u/57885396?v=4",
    "gravatar_id": "",
    "url": "https://api.github.com/users/entando-**",
    "html_url": "https://github.com/entando-**",
    "followers_url": "https://api.github.com/users/entando-**/followers",
    "following_url": "https://api.github.com/users/entando-**/following{/other_user}",
    "gists_url": "https://api.github.com/users/entando-**/gists{/gist_id}",
    "starred_url": "https://api.github.com/users/entando-**/starred{/owner}{/repo}",
    "subscriptions_url": "https://api.github.com/users/entando-**/subscriptions",
    "organizations_url": "https://api.github.com/users/entando-**/orgs",
    "repos_url": "https://api.github.com/users/entando-**/repos",
    "events_url": "https://api.github.com/users/entando-**/events{/privacy}",
    "received_events_url": "https://api.github.com/users/entando-**/received_events",
    "type": "User",
    "site_*****": *****
  }
}
OWASP has found dependencies with vulnerabilities for entando-plugin-jpseo-PR-14.
  % Total    % Received % Xferd  Average Speed   Time    Time     Time  Current
                                 Dload  Upload   Total   Spent    Left  Speed
{
  "url": "https://api.github.com/repos/entando/entando-plugin-jpseo/statuses/068aa611649f5a5b9a0c739f4f2c96540403606e",
  "avatar_url": "https://avatars2.githubusercontent.com/u/57885396?v=4",
  "id": 11020710667,
  "node_id": "MDEzOlN0YXR1c0NvbnRleHQxMTAyMDcxMDY2Nw==",
  "state": "failure",
  "description": "OWASP CVE failure!",
  "target_url": "https://entando-k8s.github.io/devops-results/entando-plugin-jpseo/PR-14/dependency-check-report.html",
  "context": "OWASP CVE",
  "created_at": "2020-10-12T09:45:15Z",
  "updated_at": "2020-10-12T09:45:15Z",
  "creator": {
    "login": "**********",
    "id": 57885396,
    "node_id": "MDQ6VXNlcjU3ODg1Mzk2",
    "avatar_url": "https://avatars2.githubusercontent.com/u/57885396?v=4",
    "gravatar_id": "",
    "url": "https://api.github.com/users/entando-**",
    "html_url": "https://github.com/entando-**",
    "followers_url": "https://api.github.com/users/entando-**/followers",
    "following_url": "https://api.github.com/users/entando-**/following{/other_user}",
    "gists_url": "https://api.github.com/users/entando-**/gists{/gist_id}",
    "starred_url": "https://api.github.com/users/entando-**/starred{/owner}{/repo}",
    "subscriptions_url": "https://api.github.com/users/entando-**/subscriptions",
    "organizations_url": "https://api.github.com/users/entando-**/orgs",
    "repos_url": "https://api.github.com/users/entando-**/repos",
    "events_url": "https://api.github.com/users/entando-**/events{/privacy}",
    "received_events_url": "https://api.github.com/users/entando-**/received_events",
    "type": "User",
    "site_*****": *****
  }
}
  0     0    0     0    0     0      0      0 --:--:-- --:--:-- --:--:--     0 10  1817    0     0  100   198      0    302 --:--:-- --:--:-- --:--:--   302100  1817  100  1619  100   198   2475    302 --:--:-- --:--:-- --:--:--  2475
The following checks failed: for entando-plugin-jpseo-PR-14 : Pre-deployment tests; OWASP Maven Dependency Check; 
[31m
Pipeline failed on stage 'from-build-pack' : container 'step-build-mvn-verify-pr'. The execution of the pipeline has stopped.[0m
