
Showing logs for build [32mentando-k8s-environment-entando-mjq7f-1[0m stage [32mfrom-build-pack[0m and container [32mstep-credential-initializer-m2wmm[0m
{"level":"warn","ts":1599552868.0380557,"logger":"fallback-logger","caller":"logging/config.go:69","msg":"Fetch GitHub commit ID from kodata failed: \"ref: refs/heads/0.8.0-**-support-backwards-incompats\" is not a valid GitHub commit ID"}
{"level":"info","ts":1599552868.043968,"logger":"fallback-logger","caller":"creds-init/main.go:40","msg":"Credentials initialized."}

Showing logs for build [32mentando-k8s-environment-entando-mjq7f-1[0m stage [32mfrom-build-pack[0m and container [32mstep-working-dir-initializer-szdvw[0m
{"level":"warn","ts":1599552870.2026403,"logger":"fallback-logger","caller":"logging/config.go:69","msg":"Fetch GitHub commit ID from kodata failed: open /var/run/ko/HEAD: no such file or directory"}
{"level":"info","ts":1599552870.2133515,"logger":"fallback-logger","caller":"bash/main.go:64","msg":"Successfully e**cuted command \"sh -c mkdir -p /workspace/source\"; output "}

Showing logs for build [32mentando-k8s-environment-entando-mjq7f-1[0m stage [32mfrom-build-pack[0m and container [32mstep-place-tools[0m

Showing logs for build [32mentando-k8s-environment-entando-mjq7f-1[0m stage [32mfrom-build-pack[0m and container [32mstep-git-source-entando-k8s-environment-entando-klgsc[0m
{"level":"warn","ts":1599552890.166412,"logger":"fallback-logger","caller":"logging/config.go:69","msg":"Fetch GitHub commit ID from kodata failed: \"ref: refs/heads/0.8.0-**-support-backwards-incompats\" is not a valid GitHub commit ID"}
{"level":"info","ts":1599552891.381518,"logger":"fallback-logger","caller":"git/git.go:103","msg":"Successfully cloned https://github.com/entando-k8s/environment-entando-**-staging.git @ master in path /workspace/source"}

Showing logs for build [32mentando-k8s-environment-entando-mjq7f-1[0m stage [32mfrom-build-pack[0m and container [32mstep-git-merge[0m
Using SHAs from PULL_REFS=master:96b2b0960f4d79a530eb64e787737c0bfdece1af,115:74e961c9da52ae16c0867beaa70fc315fcbb17b9
DEBUG: ran git fetch --unshallow origin 74e961c9da52ae16c0867beaa70fc315fcbb17b9: 96b2b0960f4d79a530eb64e787737c0bfdece1af: in 
DEBUG: ran git checkout master in 
DEBUG: ran git reset --hard 96b2b0960f4d79a530eb64e787737c0bfdece1af in 
DEBUG: ran clean --force -d . in 
DEBUG: ran git merge 74e961c9da52ae16c0867beaa70fc315fcbb17b9 in 
Merged SHA 74e961c9da52ae16c0867beaa70fc315fcbb17b9 with commit message 'chore: Promote entando-k8s-controller-coordinator to version 6.2.2' into base branch master

Showing logs for build [32mentando-k8s-environment-entando-mjq7f-1[0m stage [32mfrom-build-pack[0m and container [32mstep-build-helm-build[0m
WARNING: No $CHART_REPOSITORY defined so using the default value of: http://jenkins-x-chartmuseum:8080
Adding missing Helm repo: storage.googleapis.com https://storage.googleapis.com/chartmuseum.jenkins-x.io
Successfully added Helm repository storage.googleapis.com.
Adding missing Helm repo: jenkins-x-chartmuseum http://jenkins-x-chartmuseum:8080
Successfully added Helm repository jenkins-x-chartmuseum.
WARNING: No $CHART_REPOSITORY defined so using the default value of: http://jenkins-x-chartmuseum:8080
Adding missing Helm repo: chartmuseum.jenkins-x.io http://chartmuseum.jenkins-x.io
Successfully added Helm repository chartmuseum.jenkins-x.io.
