
Showing logs for build [32mentando-k8s-environment-entando-dvhjs-1[0m stage [32mfrom-build-pack[0m and container [32mstep-credential-initializer-9lkwz[0m
{"level":"warn","ts":1600854560.3127606,"logger":"fallback-logger","caller":"logging/config.go:69","msg":"Fetch GitHub commit ID from kodata failed: \"ref: refs/heads/0.8.0-**-support-backwards-incompats\" is not a valid GitHub commit ID"}
{"level":"info","ts":1600854560.3320103,"logger":"fallback-logger","caller":"creds-init/main.go:40","msg":"Credentials initialized."}

Showing logs for build [32mentando-k8s-environment-entando-dvhjs-1[0m stage [32mfrom-build-pack[0m and container [32mstep-working-dir-initializer-sxm7z[0m
{"level":"warn","ts":1600854564.6813314,"logger":"fallback-logger","caller":"logging/config.go:69","msg":"Fetch GitHub commit ID from kodata failed: open /var/run/ko/HEAD: no such file or directory"}
{"level":"info","ts":1600854564.6931968,"logger":"fallback-logger","caller":"bash/main.go:64","msg":"Successfully e**cuted command \"sh -c mkdir -p /workspace/source\"; output "}

Showing logs for build [32mentando-k8s-environment-entando-dvhjs-1[0m stage [32mfrom-build-pack[0m and container [32mstep-place-tools[0m

Showing logs for build [32mentando-k8s-environment-entando-dvhjs-1[0m stage [32mfrom-build-pack[0m and container [32mstep-git-source-entando-k8s-environment-entando-qdhhw[0m
{"level":"warn","ts":1600854587.0174096,"logger":"fallback-logger","caller":"logging/config.go:69","msg":"Fetch GitHub commit ID from kodata failed: \"ref: refs/heads/0.8.0-**-support-backwards-incompats\" is not a valid GitHub commit ID"}
{"level":"info","ts":1600854588.238374,"logger":"fallback-logger","caller":"git/git.go:103","msg":"Successfully cloned https://github.com/entando-k8s/environment-entando-**-staging.git @ master in path /workspace/source"}

Showing logs for build [32mentando-k8s-environment-entando-dvhjs-1[0m stage [32mfrom-build-pack[0m and container [32mstep-git-merge[0m
Using SHAs from PULL_REFS=master:8d411eac05526e1da0a73b84aaf1844d12d50983,116:7ef26a1f0e0443b46b53c5c76591b30bf8bb5b22
DEBUG: ran git fetch --unshallow origin 7ef26a1f0e0443b46b53c5c76591b30bf8bb5b22: 8d411eac05526e1da0a73b84aaf1844d12d50983: in 
DEBUG: ran git checkout master in 
DEBUG: ran git reset --hard 8d411eac05526e1da0a73b84aaf1844d12d50983 in 
DEBUG: ran clean --force -d . in 
DEBUG: ran git merge 7ef26a1f0e0443b46b53c5c76591b30bf8bb5b22 in 
Merged SHA 7ef26a1f0e0443b46b53c5c76591b30bf8bb5b22 with commit message 'chore: Promote entando-k8s-controller-coordinator to version 6.2.4' into base branch master

Showing logs for build [32mentando-k8s-environment-entando-dvhjs-1[0m stage [32mfrom-build-pack[0m and container [32mstep-build-helm-build[0m
WARNING: No $CHART_REPOSITORY defined so using the default value of: http://jenkins-x-chartmuseum:8080
Adding missing Helm repo: storage.googleapis.com https://storage.googleapis.com/chartmuseum.jenkins-x.io
Successfully added Helm repository storage.googleapis.com.
Adding missing Helm repo: jenkins-x-chartmuseum http://jenkins-x-chartmuseum:8080
Successfully added Helm repository jenkins-x-chartmuseum.
WARNING: No $CHART_REPOSITORY defined so using the default value of: http://jenkins-x-chartmuseum:8080
Adding missing Helm repo: chartmuseum.jenkins-x.io http://chartmuseum.jenkins-x.io
Successfully added Helm repository chartmuseum.jenkins-x.io.
