
Showing logs for build [32mmeta-entando-entando-engine-pr-vbxx4-45[0m stage [32mmeta-pipeline[0m and container [32mstep-credential-initializer-9tbvv[0m
{"level":"warn","ts":1600386252.2781827,"logger":"fallback-logger","caller":"logging/config.go:69","msg":"Fetch GitHub commit ID from kodata failed: \"ref: refs/heads/0.8.0-**-support-backwards-incompats\" is not a valid GitHub commit ID"}
{"level":"info","ts":1600386252.2869844,"logger":"fallback-logger","caller":"creds-init/main.go:40","msg":"Credentials initialized."}

Showing logs for build [32mmeta-entando-entando-engine-pr-vbxx4-45[0m stage [32mmeta-pipeline[0m and container [32mstep-working-dir-initializer-72s9z[0m
{"level":"warn","ts":1600386254.675241,"logger":"fallback-logger","caller":"logging/config.go:69","msg":"Fetch GitHub commit ID from kodata failed: open /var/run/ko/HEAD: no such file or directory"}
{"level":"info","ts":1600386254.6880648,"logger":"fallback-logger","caller":"bash/main.go:64","msg":"Successfully e**cuted command \"sh -c mkdir -p /workspace/source\"; output "}

Showing logs for build [32mmeta-entando-entando-engine-pr-vbxx4-45[0m stage [32mmeta-pipeline[0m and container [32mstep-place-tools[0m

Showing logs for build [32mmeta-entando-entando-engine-pr-vbxx4-45[0m stage [32mmeta-pipeline[0m and container [32mstep-git-source-meta-entando-entando-engine-pr-q8wpv[0m
{"level":"warn","ts":1600386353.19491,"logger":"fallback-logger","caller":"logging/config.go:69","msg":"Fetch GitHub commit ID from kodata failed: \"ref: refs/heads/0.8.0-**-support-backwards-incompats\" is not a valid GitHub commit ID"}
{"level":"info","ts":1600386355.706117,"logger":"fallback-logger","caller":"git/git.go:103","msg":"Successfully cloned https://github.com/entando/entando-engine.git @ 800bbb561b168480ee3a0fc036a0f6be46964c94 in path /workspace/source"}

Showing logs for build [32mmeta-entando-entando-engine-pr-vbxx4-45[0m stage [32mmeta-pipeline[0m and container [32mstep-git-merge[0m
Using SHAs from PULL_REFS=master:800bbb561b168480ee3a0fc036a0f6be46964c94,34:4b7d4484ad1cbc93bfbfb11cc7c919e25cfc9161
DEBUG: ran git fetch --unshallow origin 4b7d4484ad1cbc93bfbfb11cc7c919e25cfc9161: 800bbb561b168480ee3a0fc036a0f6be46964c94: in 
DEBUG: ran git checkout master in 
DEBUG: ran git reset --hard 800bbb561b168480ee3a0fc036a0f6be46964c94 in 
DEBUG: ran clean --force -d . in 
error: error during merge: merging 4b7d4484ad1cbc93bfbfb11cc7c919e25cfc9161 into master: git output: Auto-merging src/main/java/org/entando/entando/web/category/CategoryController.java
CONFLICT (content): Merge conflict in src/main/java/org/entando/entando/web/category/CategoryController.java
Auto-merging src/main/java/org/entando/entando/aps/******/services/category/CategoryService.java
CONFLICT (content): Merge conflict in src/main/java/org/entando/entando/aps/******/services/category/CategoryService.java
Automatic merge failed; fix conflicts and then commit the result.: failed to run 'git merge 4b7d4484ad1cbc93bfbfb11cc7c919e25cfc9161' command in directory '', output: 'Auto-merging src/main/java/org/entando/entando/web/category/CategoryController.java
CONFLICT (content): Merge conflict in src/main/java/org/entando/entando/web/category/CategoryController.java
Auto-merging src/main/java/org/entando/entando/aps/******/services/category/CategoryService.java
CONFLICT (content): Merge conflict in src/main/java/org/entando/entando/aps/******/services/category/CategoryService.java
Automatic merge failed; fix conflicts and then commit the result.'
[31m
Pipeline failed on stage 'meta-pipeline' : container 'step-git-merge'. The execution of the pipeline has stopped.[0m
