
Showing logs for build [32mmeta-entando-entando-engine-pr-q7fxh-47[0m stage [32mmeta-pipeline[0m and container [32mstep-credential-initializer-7bprn[0m
{"level":"warn","ts":1600386794.2169142,"logger":"fallback-logger","caller":"logging/config.go:69","msg":"Fetch GitHub commit ID from kodata failed: \"ref: refs/heads/0.8.0-**-support-backwards-incompats\" is not a valid GitHub commit ID"}
{"level":"info","ts":1600386794.2217157,"logger":"fallback-logger","caller":"creds-init/main.go:40","msg":"Credentials initialized."}

Showing logs for build [32mmeta-entando-entando-engine-pr-q7fxh-47[0m stage [32mmeta-pipeline[0m and container [32mstep-working-dir-initializer-dttkx[0m
{"level":"warn","ts":1600386802.3232794,"logger":"fallback-logger","caller":"logging/config.go:69","msg":"Fetch GitHub commit ID from kodata failed: open /var/run/ko/HEAD: no such file or directory"}
{"level":"info","ts":1600386802.336892,"logger":"fallback-logger","caller":"bash/main.go:64","msg":"Successfully e**cuted command \"sh -c mkdir -p /workspace/source\"; output "}

Showing logs for build [32mmeta-entando-entando-engine-pr-q7fxh-47[0m stage [32mmeta-pipeline[0m and container [32mstep-place-tools[0m

Showing logs for build [32mmeta-entando-entando-engine-pr-q7fxh-47[0m stage [32mmeta-pipeline[0m and container [32mstep-git-source-meta-entando-entando-engine-pr-7nfrp[0m
{"level":"warn","ts":1600386820.987251,"logger":"fallback-logger","caller":"logging/config.go:69","msg":"Fetch GitHub commit ID from kodata failed: \"ref: refs/heads/0.8.0-**-support-backwards-incompats\" is not a valid GitHub commit ID"}
{"level":"info","ts":1600386823.6949887,"logger":"fallback-logger","caller":"git/git.go:103","msg":"Successfully cloned https://github.com/entando/entando-engine.git @ 800bbb561b168480ee3a0fc036a0f6be46964c94 in path /workspace/source"}

Showing logs for build [32mmeta-entando-entando-engine-pr-q7fxh-47[0m stage [32mmeta-pipeline[0m and container [32mstep-git-merge[0m
Using SHAs from PULL_REFS=master:800bbb561b168480ee3a0fc036a0f6be46964c94,34:28caa3c94d8b7ffe49125ae76f96caae5cb4398c
DEBUG: ran git fetch --unshallow origin 28caa3c94d8b7ffe49125ae76f96caae5cb4398c: 800bbb561b168480ee3a0fc036a0f6be46964c94: in 
DEBUG: ran git checkout master in 
DEBUG: ran git reset --hard 800bbb561b168480ee3a0fc036a0f6be46964c94 in 
DEBUG: ran clean --force -d . in 
error: error during merge: merging 28caa3c94d8b7ffe49125ae76f96caae5cb4398c into master: git output: Auto-merging src/main/java/org/entando/entando/web/category/CategoryController.java
CONFLICT (content): Merge conflict in src/main/java/org/entando/entando/web/category/CategoryController.java
Auto-merging src/main/java/org/entando/entando/aps/******/services/category/CategoryService.java
CONFLICT (content): Merge conflict in src/main/java/org/entando/entando/aps/******/services/category/CategoryService.java
Automatic merge failed; fix conflicts and then commit the result.: failed to run 'git merge 28caa3c94d8b7ffe49125ae76f96caae5cb4398c' command in directory '', output: 'Auto-merging src/main/java/org/entando/entando/web/category/CategoryController.java
CONFLICT (content): Merge conflict in src/main/java/org/entando/entando/web/category/CategoryController.java
Auto-merging src/main/java/org/entando/entando/aps/******/services/category/CategoryService.java
CONFLICT (content): Merge conflict in src/main/java/org/entando/entando/aps/******/services/category/CategoryService.java
Automatic merge failed; fix conflicts and then commit the result.'
[31m
Pipeline failed on stage 'meta-pipeline' : container 'step-git-merge'. The execution of the pipeline has stopped.[0m
