
Showing logs for build [32mmeta-entando-entando-engine-pr-tftnx-48[0m stage [32mmeta-pipeline[0m and container [32mstep-credential-initializer-n6r2m[0m
{"level":"warn","ts":1600423418.6600435,"logger":"fallback-logger","caller":"logging/config.go:69","msg":"Fetch GitHub commit ID from kodata failed: \"ref: refs/heads/0.8.0-**-support-backwards-incompats\" is not a valid GitHub commit ID"}
{"level":"info","ts":1600423418.664514,"logger":"fallback-logger","caller":"creds-init/main.go:40","msg":"Credentials initialized."}

Showing logs for build [32mmeta-entando-entando-engine-pr-tftnx-48[0m stage [32mmeta-pipeline[0m and container [32mstep-working-dir-initializer-fzbrk[0m
{"level":"warn","ts":1600423421.173397,"logger":"fallback-logger","caller":"logging/config.go:69","msg":"Fetch GitHub commit ID from kodata failed: open /var/run/ko/HEAD: no such file or directory"}
{"level":"info","ts":1600423421.180486,"logger":"fallback-logger","caller":"bash/main.go:64","msg":"Successfully e**cuted command \"sh -c mkdir -p /workspace/source\"; output "}

Showing logs for build [32mmeta-entando-entando-engine-pr-tftnx-48[0m stage [32mmeta-pipeline[0m and container [32mstep-place-tools[0m

Showing logs for build [32mmeta-entando-entando-engine-pr-tftnx-48[0m stage [32mmeta-pipeline[0m and container [32mstep-git-source-meta-entando-entando-engine-pr-w6s8n[0m
{"level":"warn","ts":1600423520.0079954,"logger":"fallback-logger","caller":"logging/config.go:69","msg":"Fetch GitHub commit ID from kodata failed: \"ref: refs/heads/0.8.0-**-support-backwards-incompats\" is not a valid GitHub commit ID"}
{"level":"info","ts":1600423522.6160135,"logger":"fallback-logger","caller":"git/git.go:103","msg":"Successfully cloned https://github.com/entando/entando-engine.git @ e3a073f4123e828ab2dd6b6e3490d15fd413446a in path /workspace/source"}

Showing logs for build [32mmeta-entando-entando-engine-pr-tftnx-48[0m stage [32mmeta-pipeline[0m and container [32mstep-git-merge[0m
Using SHAs from PULL_REFS=master:e3a073f4123e828ab2dd6b6e3490d15fd413446a,34:670d8b54e0d6ff0690dc8c47a5b51192acf1511d
DEBUG: ran git fetch --unshallow origin 670d8b54e0d6ff0690dc8c47a5b51192acf1511d: e3a073f4123e828ab2dd6b6e3490d15fd413446a: in 
DEBUG: ran git checkout master in 
DEBUG: ran git reset --hard e3a073f4123e828ab2dd6b6e3490d15fd413446a in 
DEBUG: ran clean --force -d . in 
error: error during merge: merging 670d8b54e0d6ff0690dc8c47a5b51192acf1511d into master: git output: Auto-merging src/main/java/org/entando/entando/web/group/GroupController.java
CONFLICT (content): Merge conflict in src/main/java/org/entando/entando/web/group/GroupController.java
Auto-merging src/main/java/org/entando/entando/aps/******/services/group/GroupService.java
Automatic merge failed; fix conflicts and then commit the result.: failed to run 'git merge 670d8b54e0d6ff0690dc8c47a5b51192acf1511d' command in directory '', output: 'Auto-merging src/main/java/org/entando/entando/web/group/GroupController.java
CONFLICT (content): Merge conflict in src/main/java/org/entando/entando/web/group/GroupController.java
Auto-merging src/main/java/org/entando/entando/aps/******/services/group/GroupService.java
Automatic merge failed; fix conflicts and then commit the result.'
[31m
Pipeline failed on stage 'meta-pipeline' : container 'step-git-merge'. The execution of the pipeline has stopped.[0m
