
Showing logs for build [32mentando-entando-engine-pr-34-pr-kxlbv-49[0m stage [32mfrom-build-pack[0m and container [32mstep-credential-initializer-6j5sm[0m
{"level":"warn","ts":1600424467.0015676,"logger":"fallback-logger","caller":"logging/config.go:69","msg":"Fetch GitHub commit ID from kodata failed: \"ref: refs/heads/0.8.0-**-support-backwards-incompats\" is not a valid GitHub commit ID"}
{"level":"info","ts":1600424467.0046299,"logger":"fallback-logger","caller":"creds-init/main.go:40","msg":"Credentials initialized."}

Showing logs for build [32mentando-entando-engine-pr-34-pr-kxlbv-49[0m stage [32mfrom-build-pack[0m and container [32mstep-working-dir-initializer-76hgb[0m
{"level":"warn","ts":1600424469.5032048,"logger":"fallback-logger","caller":"logging/config.go:69","msg":"Fetch GitHub commit ID from kodata failed: open /var/run/ko/HEAD: no such file or directory"}
{"level":"info","ts":1600424469.5120234,"logger":"fallback-logger","caller":"bash/main.go:64","msg":"Successfully e**cuted command \"sh -c mkdir -p /workspace/source\"; output "}

Showing logs for build [32mentando-entando-engine-pr-34-pr-kxlbv-49[0m stage [32mfrom-build-pack[0m and container [32mstep-place-tools[0m

Showing logs for build [32mentando-entando-engine-pr-34-pr-kxlbv-49[0m stage [32mfrom-build-pack[0m and container [32mstep-git-source-entando-entando-engine-pr-34-pr-29rqs[0m
{"level":"warn","ts":1600424503.6882455,"logger":"fallback-logger","caller":"logging/config.go:69","msg":"Fetch GitHub commit ID from kodata failed: \"ref: refs/heads/0.8.0-**-support-backwards-incompats\" is not a valid GitHub commit ID"}
{"level":"info","ts":1600424509.0750103,"logger":"fallback-logger","caller":"git/git.go:103","msg":"Successfully cloned https://github.com/entando/entando-engine.git @ master in path /workspace/source"}

Showing logs for build [32mentando-entando-engine-pr-34-pr-kxlbv-49[0m stage [32mfrom-build-pack[0m and container [32mstep-git-merge[0m
Using SHAs from PULL_REFS=master:e3a073f4123e828ab2dd6b6e3490d15fd413446a,34:940d362fb54fc0a77e5d94b583c5fe25abe886eb
DEBUG: ran git fetch --unshallow origin 940d362fb54fc0a77e5d94b583c5fe25abe886eb: e3a073f4123e828ab2dd6b6e3490d15fd413446a: in 
DEBUG: ran git checkout master in 
DEBUG: ran git reset --hard e3a073f4123e828ab2dd6b6e3490d15fd413446a in 
DEBUG: ran clean --force -d . in 
DEBUG: ran git merge 940d362fb54fc0a77e5d94b583c5fe25abe886eb in 
Merged SHA 940d362fb54fc0a77e5d94b583c5fe25abe886eb with commit message 'LOGGING SANITIZATION FIX ATTEMPT 3' into base branch master
Merged SHA b6de596d3a10f62a7babfa58dbd53abddbb54268 with commit message 'ENG-1075: pre-existing CodeSmells on impacted files' into base branch master
Merged SHA 24e5f46f603e243ee9c24e70d315a4d5cd840b2d with commit message 'ENG-1075: fix-javasecurity-s5145 for AppEngine logging instructions' into base branch master

Showing logs for build [32mentando-entando-engine-pr-34-pr-kxlbv-49[0m stage [32mfrom-build-pack[0m and container [32mstep-build-set-version[0m
Picked up _JAVA_OPTIONS: -XX:+UnlockExperimentalVMOptions -Dsun.zip.disableMemoryMapping=true -XX:+UseParallelGC -XX:MinHeapFreeRatio=5 -XX:MaxHeapFreeRatio=10 -XX:GCTimeRatio=4 -XX:AdaptiveSizePolicyWeight=90 -Xms10m -Xmx8000m
[INFO] Scanning for projects...
[WARNING] The POM for org.eclipse.m2e:lifecycle-mapping:jar:1.0.0 is missing, no dependency information available
[WARNING] Failed to retrieve plugin descriptor for org.eclipse.m2e:lifecycle-mapping:1.0.0: Plugin org.eclipse.m2e:lifecycle-mapping:1.0.0 or one of its dependencies could not be resolved: Could not find artifact org.eclipse.m2e:lifecycle-mapping:jar:1.0.0 in nexus (http://nexus/repository/maven-group/)
[INFO] 
[INFO] -----------------< org.entando.entando:entando-engine >-----------------
[INFO] Building Entando Core: Engine 6.2.0-SNAPSHOT
[INFO] --------------------------------[ jar ]---------------------------------
[WARNING] The POM for org.eclipse.m2e:lifecycle-mapping:jar:1.0.0 is missing, no dependency information available
[WARNING] Failed to retrieve plugin descriptor for org.eclipse.m2e:lifecycle-mapping:1.0.0: Plugin org.eclipse.m2e:lifecycle-mapping:1.0.0 or one of its dependencies could not be resolved: Failure to find org.eclipse.m2e:lifecycle-mapping:jar:1.0.0 in http://nexus/repository/maven-group/ was cached in the local repository, resolution will not be reattempted until the update interval of nexus has elapsed or updates are forced
[INFO] 
[INFO] --- versions-maven-plugin:2.8.1:set (default-cli) @ entando-engine ---
[INFO] Local aggregation ****: /workspace/source
[INFO] Processing change of org.entando.entando:entando-engine:6.2.0-SNAPSHOT -> 0.0.0-SNAPSHOT-PR-34-49
[INFO] Processing org.entando.entando:entando-engine
[INFO]     Updating project org.entando.entando:entando-engine
[INFO]         from version 6.2.0-SNAPSHOT to 0.0.0-SNAPSHOT-PR-34-49
[INFO] 
[INFO] ------------------------------------------------------------------------
[INFO] BUILD SUCCESS
[INFO] ------------------------------------------------------------------------
[INFO] Total time:  13.153 s
[INFO] Finished at: 2020-09-18T10:22:09Z
[INFO] ------------------------------------------------------------------------

Showing logs for build [32mentando-entando-engine-pr-34-pr-kxlbv-49[0m stage [32mfrom-build-pack[0m and container [32mstep-build-fix-git-for-sonar[0m
M	pom.xml
Switched to a new branch 'PR-34'
Deleted branch master (was 940d362f).
From https://github.com/entando/entando-engine
 * [new branch]        master            -> master
 * [new tag]           pia-crs4          -> pia-crs4
 * [new tag]           v4.2.0            -> v4.2.0
 * [new tag]           v4.3.2-RC1        -> v4.3.2-RC1
 * [new tag]           v5.0.0-pre        -> v5.0.0-pre
 * [new tag]           v6.2.0-sprint1-rc -> v6.2.0-sprint1-rc
 * [new tag]           v6.2.0-sprint2-rc -> v6.2.0-sprint2-rc
 * [new tag]           v6.2.0-sprint3-rc -> v6.2.0-sprint3-rc
 * [new tag]           v6.2.0-sprint4-rc -> v6.2.0-sprint4-rc
 * [new tag]           v6.2.0-sprint5-rc -> v6.2.0-sprint5-rc

Showing logs for build [32mentando-entando-engine-pr-34-pr-kxlbv-49[0m stage [32mfrom-build-pack[0m and container [32mstep-build-mvn-verify-pr[0m
  % Total    % Received % Xferd  Average Speed   Time    Time     Time  Current
                                 Dload  Upload   Total   Spent    Left  Speed
{
  "url": "https://api.github.com/repos/entando/entando-engine/statuses/940d362fb54fc0a77e5d94b583c5fe25abe886eb",
  "avatar_url": "https://avatars2.githubusercontent.com/u/57885396?v=4",
  "id": 10804581847,
  "node_id": "MDEzOlN0YXR1c0NvbnRleHQxMDgwNDU4MTg0Nw==",
  "state": "pending",
  "description": "Pre-deployment tests pending!",
  "target_url": "https://entando-k8s.github.io/devops-results/entando-engine/PR-34/surefire-report.html",
  "context": "Pre-deployment tests",
  "created_at": "2020-09-18T10:22:12Z",
  "updated_at": "2020-09-18T10:22:12Z",
  "creator": {
    "login": "entando-**",
    "id": 57885396,
    "node_id": "MDQ6VXNlcjU3ODg1Mzk2",
    "avatar_url": "https://avatars2.githubusercontent.com/u/57885396?v=4",
    "gravatar_id": "",
    "url": "https://api.github.com/users/entando-**",
    "html_url": "https://github.com/entando-**",
    "followers_url": "https://api.github.com/users/entando-**/followers",
    "following_url": "https://api.github.com/users/entando-**/following{/other_user}",
  0     0    0     0    0     0      0      0 --:--:-- --:--:-- --:--:--     0100  1827  100  1621  100   206   2332    296 --:--:-- --:--:-- --:--:--  2345
    "gists_url": "https://api.github.com/users/entando-**/gists{/gist_id}",
    "starred_url": "https://api.github.com/users/entando-**/starred{/owner}{/repo}",
    "subscriptions_url": "https://api.github.com/users/entando-**/subscriptions",
    "organizations_url": "https://api.github.com/users/entando-**/orgs",
    "repos_url": "https://api.github.com/users/entando-**/repos",
    "events_url": "https://api.github.com/users/entando-**/events{/privacy}",
    "received_events_url": "https://api.github.com/users/entando-**/received_events",
    "type": "User",
    "site_*****": false
  }
}
  % Total    % Received % Xferd  Average Speed   Time    Time     Time  Current
                                 Dload  Upload   Total   Spent    Left  Speed
{
  "url": "https://api.github.com/repos/entando/entando-engine/statuses/940d362fb54fc0a77e5d94b583c5fe25abe886eb",
  "avatar_url": "https://avatars2.githubusercontent.com/u/57885396?v=4",
  "id": 10804581928,
  "node_id": "MDEzOlN0YXR1c0NvbnRleHQxMDgwNDU4MTkyOA==",
  "state": "pending",
  "description": "OWASP CVE pending!",
  "target_url": "https://entando-k8s.github.io/devops-results/entando-engine/PR-34/dependency-check-report.html",
  "context": "OWASP CVE",
  "created_at": "2020-09-18T10:22:12Z",
  "updated_at": "2020-09-18T10:22:12Z",
  "creator": {
    "login": "entando-**",
    "id": 57885396,
    "node_id": "MDQ6VXNlcjU3ODg1Mzk2",
    "avatar_url": "https://avatars2.githubusercontent.com/u/57885396?v=4",
    "gravatar_id": "",
    "url": "https://api.github.com/users/entando-**",
    "html_url": "https://github.com/entando-**",
    "followers_url": "https://api.github.com/users/entando-**/followers",
    "following_url": "https://api.github.com/users/entando-**/following{/other_user}",
    "gists_url": "https://api.github.com/users/entando-**/gists{/gist_id}",
    "starred_url": "https://api.github.com/users/entando-**/starred{/owner}{/repo}",
    "subscriptions_url": "https://api.github.com/users/entando-**/subscriptions",
    "organizations_url": "https://api.github.com/users/entando-**/orgs",
    "repos_url": "https://api.github.com/users/entando-**/repos",
    "events_url": "https://api.github.com/users/entando-**/events{/privacy}",
    "received_events_url": "https://api.github.com/users/entando-**/received_events",
    "type": "User",
    "site_*****": false
  }
}
  0     0    0     0    0     0      0      0 --:--:-- --:--:-- --:--:--     0  0     0    0     0    0     0      0      0 --:--:-- --:--:-- --:--:--     0100  1799  100  1607  100   192   2431    290 --:--:-- --:--:-- --:--:--  2431
Picked up _JAVA_OPTIONS: -XX:+UnlockExperimentalVMOptions -Dsun.zip.disableMemoryMapping=true -XX:+UseParallelGC -XX:MinHeapFreeRatio=5 -XX:MaxHeapFreeRatio=10 -XX:GCTimeRatio=4 -XX:AdaptiveSizePolicyWeight=90 -Xms10m -Xmx8000m
[INFO] Scanning for projects...
[WARNING] The POM for org.eclipse.m2e:lifecycle-mapping:jar:1.0.0 is missing, no dependency information available
[WARNING] Failed to retrieve plugin descriptor for org.eclipse.m2e:lifecycle-mapping:1.0.0: Plugin org.eclipse.m2e:lifecycle-mapping:1.0.0 or one of its dependencies could not be resolved: Failure to find org.eclipse.m2e:lifecycle-mapping:jar:1.0.0 in http://nexus/repository/maven-group/ was cached in the local repository, resolution will not be reattempted until the update interval of nexus has elapsed or updates are forced
[INFO] 
[INFO] -----------------< org.entando.entando:entando-engine >-----------------
[INFO] Building Entando Core: Engine 0.0.0-SNAPSHOT-PR-34-49
[INFO] --------------------------------[ jar ]---------------------------------
[WARNING] The POM for com.sun.xml.bind:jaxb-impl:jar:2.2.11 is invalid, transitive dependencies (if any) will not be available, enable debug logging for more details
[WARNING] The artifact org.hibernate:hibernate-validator:jar:6.0.17.Final has been relocated to org.hibernate.validator:hibernate-validator:jar:6.0.17.Final
[INFO] 
[INFO] --- maven-enforcer-plugin:3.0.0-M3:enforce (enforce-versions) @ entando-engine ---
[INFO] 
[INFO] --- maven-checkstyle-plugin:3.1.1:check (validate) @ entando-engine ---
[INFO] 
[INFO] --- maven-checkstyle-plugin:3.1.1:checkstyle (validate) @ entando-engine ---
[INFO] 
[INFO] --- jacoco-maven-plugin:0.8.5:prepare-agent (prepare-agent) @ entando-engine ---
[INFO] argLine set to -javaagent:/home/jenkins/.mvnrepository/org/jacoco/org.jacoco.agent/0.8.5/org.jacoco.agent-0.8.5-runtime.jar=destfile=/workspace/source/target/jacoco.e**c
[INFO] 
[INFO] --- maven-resources-plugin:2.5:resources (default-resources) @ entando-engine ---
[debug] e**cute contextualize
[INFO] Using 'UTF-8' encoding to copy filtered resources.
[INFO] Copying 29 resources
[INFO] Copying 8 resources
[INFO] Copying 47 resources
[INFO] Copying 2 resources to META-INF
[INFO] 
[INFO] --- jrebel-maven-plugin:1.1.3:generate-liverebel-xml (generate-liverebel-xml) @ entando-engine ---
[INFO] Generating liverebel.xml
[INFO] 
[INFO] --- maven-compiler-plugin:3.8.1:compile (default-compile) @ entando-engine ---
[INFO] Changes detected - recompiling the module!
[INFO] Compiling 956 source files to /workspace/source/target/classes
[INFO] -------------------------------------------------------------
[ERROR] COMPILATION ERROR : 
[INFO] -------------------------------------------------------------
[ERROR] /workspace/source/src/main/java/org/entando/entando/aps/******/services/category/CategoryService.java:[35,1] class, interface, or enum expected
[ERROR] /workspace/source/src/main/java/org/entando/entando/aps/******/services/category/CategoryService.java:[40,1] class, interface, or enum expected
[ERROR] /workspace/source/src/main/java/org/entando/entando/aps/******/services/category/CategoryService.java:[43,1] class, interface, or enum expected
[ERROR] /workspace/source/src/main/java/org/entando/entando/aps/******/services/category/CategoryService.java:[47,1] class, interface, or enum expected
[INFO] 4 errors 
[INFO] -------------------------------------------------------------
[INFO] 
[INFO] ------------------------------------------------------------------------
[INFO] Skipping Entando Core: Engine
[INFO] This project has been banned from the build due to previous failures.
[INFO] ------------------------------------------------------------------------
[INFO] ------------------------------------------------------------------------
[INFO] BUILD FAILURE
[INFO] ------------------------------------------------------------------------
[INFO] Total time:  23.069 s
[INFO] Finished at: 2020-09-18T10:22:38Z
[INFO] ------------------------------------------------------------------------
[ERROR] Failed to e**cute goal org.apache.maven.plugins:maven-compiler-plugin:3.8.1:compile (default-compile) on project entando-engine: Compilation failure: Compilation failure: 
[ERROR] /workspace/source/src/main/java/org/entando/entando/aps/******/services/category/CategoryService.java:[35,1] class, interface, or enum expected
[ERROR] /workspace/source/src/main/java/org/entando/entando/aps/******/services/category/CategoryService.java:[40,1] class, interface, or enum expected
[ERROR] /workspace/source/src/main/java/org/entando/entando/aps/******/services/category/CategoryService.java:[43,1] class, interface, or enum expected
[ERROR] /workspace/source/src/main/java/org/entando/entando/aps/******/services/category/CategoryService.java:[47,1] class, interface, or enum expected
[ERROR] -> [Help 1]
[ERROR] 
[ERROR] To see the full stack trace of the errors, re-run Maven with the -e switch.
[ERROR] Re-run Maven using the -X switch to enable full debug logging.
[ERROR] 
[ERROR] For more information about the errors and possible solutions, please read the following articles:
[ERROR] [Help 1] http://cwiki.apache.org/confluence/display/MAVEN/MojoFailureException
shallow cloning https://github.com/entando-k8s/devops-results.git branch gh-pages
ran git init in /tmp/jenkins-x-collect578075579
ran git add remote origin https://github.com/entando-k8s/devops-results.git in /tmp/jenkins-x-collect578075579
ran git fetch origin --depth=1 gh-pages in dir /tmp/jenkins-x-collect578075579
No pre-deployment test results found for entando-engine-PR-34.
  % Total    % Received % Xferd  Average Speed   Time    Time     Time  Current
                                 Dload  Upload   Total   Spent    Left  Speed
  0     0    0     0    0     0      0      0 --:--:-- --:--:-- --:--:--     0  0     0    0     0    0     0      0      0 --:--:-- --:--:-- --:--:--     0100  1827  100  1621  100   206   2465    313 --:--:-- --:--:-- --:--:--  2463
{
  "url": "https://api.github.com/repos/entando/entando-engine/statuses/940d362fb54fc0a77e5d94b583c5fe25abe886eb",
  "avatar_url": "https://avatars2.githubusercontent.com/u/57885396?v=4",
  "id": 10804602027,
  "node_id": "MDEzOlN0YXR1c0NvbnRleHQxMDgwNDYwMjAyNw==",
  "state": "failure",
  "description": "Pre-deployment tests failure!",
  "target_url": "https://entando-k8s.github.io/devops-results/entando-engine/PR-34/surefire-report.html",
  "context": "Pre-deployment tests",
  "created_at": "2020-09-18T10:24:48Z",
  "updated_at": "2020-09-18T10:24:48Z",
  "creator": {
    "login": "entando-**",
    "id": 57885396,
    "node_id": "MDQ6VXNlcjU3ODg1Mzk2",
    "avatar_url": "https://avatars2.githubusercontent.com/u/57885396?v=4",
    "gravatar_id": "",
    "url": "https://api.github.com/users/entando-**",
    "html_url": "https://github.com/entando-**",
    "followers_url": "https://api.github.com/users/entando-**/followers",
    "following_url": "https://api.github.com/users/entando-**/following{/other_user}",
    "gists_url": "https://api.github.com/users/entando-**/gists{/gist_id}",
    "starred_url": "https://api.github.com/users/entando-**/starred{/owner}{/repo}",
    "subscriptions_url": "https://api.github.com/users/entando-**/subscriptions",
    "organizations_url": "https://api.github.com/users/entando-**/orgs",
    "repos_url": "https://api.github.com/users/entando-**/repos",
    "events_url": "https://api.github.com/users/entando-**/events{/privacy}",
    "received_events_url": "https://api.github.com/users/entando-**/received_events",
    "type": "User",
    "site_*****": false
  }
}
OWASP has found dependencies with vulnerabilities for entando-engine-PR-34.
  % Total    % Received % Xferd  Average Speed   Time    Time     Time  Current
                                 Dload  Upload   Total   Spent    Left  Speed
{
  "url": "https://api.github.com/repos/entando/entando-engine/statuses/940d362fb54fc0a77e5d94b583c5fe25abe886eb",
  "avatar_url": "https://avatars2.githubusercontent.com/u/57885396?v=4",
  "id": 10804602118,
  "node_id": "MDEzOlN0YXR1c0NvbnRleHQxMDgwNDYwMjExOA==",
  "state": "failure",
  "description": "OWASP CVE failure!",
  "target_url": "https://entando-k8s.github.io/devops-results/entando-engine/PR-34/dependency-check-report.html",
  "context": "OWASP CVE",
  "created_at": "2020-09-18T10:24:49Z",
  "updated_at": "2020-09-18T10:24:49Z",
  "creator": {
    "login": "entando-**",
    "id": 57885396,
    "node_id": "MDQ6VXNlcjU3ODg1Mzk2",
    "avatar_url": "https://avatars2.githubusercontent.com/u/57885396?v=4",
    "gravatar_id": "",
    "url": "https://api.github.com/users/entando-**",
    "html_url": "https://github.com/entando-**",
    "followers_url": "https://api.github.com/users/entando-**/followers",
    "following_url": "https://api.github.com/users/entando-**/following{/other_user}",
    "gists_url": "https://api.github.com/users/entando-**/gists{/gist_id}",
    "starred_url": "https://api.github.com/users/entando-**/starred{/owner}{/repo}",
    "subscriptions_url": "https://api.github.com/users/entando-**/subscriptions",
    "organizations_url": "https://api.github.com/users/entando-**/orgs",
    "repos_url": "https://api.github.com/users/entando-**/repos",
    "events_url": "https://api.github.com/users/entando-**/events{/privacy}",
    "received_events_url": "https://api.github.com/users/entando-**/received_events",
    "type": "User",
    "site_*****": false
  }
}
  0     0    0     0    0     0      0      0 --:--:-- --:--:-- --:--:--     0 10  1799    0     0  100   192      0    264 --:--:-- --:--:-- --:--:--   264100  1799  100  1607  100   192   2210    264 --:--:-- --:--:-- --:--:--  2216
The following checks failed: for entando-engine-PR-34 : Pre-deployment tests; OWASP Maven Dependency Check; 
[31m
Pipeline failed on stage 'from-build-pack' : container 'step-build-mvn-verify-pr'. The execution of the pipeline has stopped.[0m
