
Showing logs for build [32mentando-entando-engine-pr-34-pr-pw9dq-55[0m stage [32mfrom-build-pack[0m and container [32mstep-credential-initializer-brtwz[0m
{"level":"warn","ts":1600437320.1867557,"logger":"fallback-logger","caller":"logging/config.go:69","msg":"Fetch GitHub commit ID from kodata failed: \"ref: refs/heads/0.8.0-**-support-backwards-incompats\" is not a valid GitHub commit ID"}
{"level":"info","ts":1600437320.1929126,"logger":"fallback-logger","caller":"creds-init/main.go:40","msg":"Credentials initialized."}

Showing logs for build [32mentando-entando-engine-pr-34-pr-pw9dq-55[0m stage [32mfrom-build-pack[0m and container [32mstep-working-dir-initializer-brtgf[0m
{"level":"warn","ts":1600437338.2158449,"logger":"fallback-logger","caller":"logging/config.go:69","msg":"Fetch GitHub commit ID from kodata failed: open /var/run/ko/HEAD: no such file or directory"}
{"level":"info","ts":1600437338.2261672,"logger":"fallback-logger","caller":"bash/main.go:64","msg":"Successfully e**cuted command \"sh -c mkdir -p /workspace/source\"; output "}

Showing logs for build [32mentando-entando-engine-pr-34-pr-pw9dq-55[0m stage [32mfrom-build-pack[0m and container [32mstep-place-tools[0m

Showing logs for build [32mentando-entando-engine-pr-34-pr-pw9dq-55[0m stage [32mfrom-build-pack[0m and container [32mstep-git-source-entando-entando-engine-pr-34-pr-wkt45[0m
{"level":"warn","ts":1600437371.5293307,"logger":"fallback-logger","caller":"logging/config.go:69","msg":"Fetch GitHub commit ID from kodata failed: \"ref: refs/heads/0.8.0-**-support-backwards-incompats\" is not a valid GitHub commit ID"}
{"level":"info","ts":1600437374.0113325,"logger":"fallback-logger","caller":"git/git.go:103","msg":"Successfully cloned https://github.com/entando/entando-engine.git @ master in path /workspace/source"}

Showing logs for build [32mentando-entando-engine-pr-34-pr-pw9dq-55[0m stage [32mfrom-build-pack[0m and container [32mstep-git-merge[0m
Using SHAs from PULL_REFS=master:e3a073f4123e828ab2dd6b6e3490d15fd413446a,34:bd4b89419aae34e76b6dfa89d329a4838bd0f499
DEBUG: ran git fetch --unshallow origin bd4b89419aae34e76b6dfa89d329a4838bd0f499: e3a073f4123e828ab2dd6b6e3490d15fd413446a: in 
DEBUG: ran git checkout master in 
DEBUG: ran git reset --hard e3a073f4123e828ab2dd6b6e3490d15fd413446a in 
DEBUG: ran clean --force -d . in 
DEBUG: ran git merge bd4b89419aae34e76b6dfa89d329a4838bd0f499 in 
Merged SHA bd4b89419aae34e76b6dfa89d329a4838bd0f499 with commit message 'LOGGING SANITIZATION FIX ATTEMPT 3' into base branch master
Merged SHA b6de596d3a10f62a7babfa58dbd53abddbb54268 with commit message 'ENG-1075: pre-existing CodeSmells on impacted files' into base branch master
Merged SHA 24e5f46f603e243ee9c24e70d315a4d5cd840b2d with commit message 'ENG-1075: fix-javasecurity-s5145 for AppEngine logging instructions' into base branch master

Showing logs for build [32mentando-entando-engine-pr-34-pr-pw9dq-55[0m stage [32mfrom-build-pack[0m and container [32mstep-build-set-version[0m
Picked up _JAVA_OPTIONS: -XX:+UnlockExperimentalVMOptions -Dsun.zip.disableMemoryMapping=true -XX:+UseParallelGC -XX:MinHeapFreeRatio=5 -XX:MaxHeapFreeRatio=10 -XX:GCTimeRatio=4 -XX:AdaptiveSizePolicyWeight=90 -Xms10m -Xmx8000m
[INFO] Scanning for projects...
[WARNING] The POM for org.eclipse.m2e:lifecycle-mapping:jar:1.0.0 is missing, no dependency information available
[WARNING] Failed to retrieve plugin descriptor for org.eclipse.m2e:lifecycle-mapping:1.0.0: Plugin org.eclipse.m2e:lifecycle-mapping:1.0.0 or one of its dependencies could not be resolved: Could not find artifact org.eclipse.m2e:lifecycle-mapping:jar:1.0.0 in nexus (http://nexus/repository/maven-group/)
[INFO] 
[INFO] -----------------< org.entando.entando:entando-engine >-----------------
[INFO] Building Entando Core: Engine 6.2.0-SNAPSHOT
[INFO] --------------------------------[ jar ]---------------------------------
[WARNING] The POM for org.eclipse.m2e:lifecycle-mapping:jar:1.0.0 is missing, no dependency information available
[WARNING] Failed to retrieve plugin descriptor for org.eclipse.m2e:lifecycle-mapping:1.0.0: Plugin org.eclipse.m2e:lifecycle-mapping:1.0.0 or one of its dependencies could not be resolved: Failure to find org.eclipse.m2e:lifecycle-mapping:jar:1.0.0 in http://nexus/repository/maven-group/ was cached in the local repository, resolution will not be reattempted until the update interval of nexus has elapsed or updates are forced
[INFO] 
[INFO] --- versions-maven-plugin:2.8.1:set (default-cli) @ entando-engine ---
[INFO] Local aggregation ****: /workspace/source
[INFO] Processing change of org.entando.entando:entando-engine:6.2.0-SNAPSHOT -> 0.0.0-SNAPSHOT-PR-34-55
[INFO] Processing org.entando.entando:entando-engine
[INFO]     Updating project org.entando.entando:entando-engine
[INFO]         from version 6.2.0-SNAPSHOT to 0.0.0-SNAPSHOT-PR-34-55
[INFO] 
[INFO] ------------------------------------------------------------------------
[INFO] BUILD SUCCESS
[INFO] ------------------------------------------------------------------------
[INFO] Total time:  12.684 s
[INFO] Finished at: 2020-09-18T13:56:34Z
[INFO] ------------------------------------------------------------------------

Showing logs for build [32mentando-entando-engine-pr-34-pr-pw9dq-55[0m stage [32mfrom-build-pack[0m and container [32mstep-build-fix-git-for-sonar[0m
Switched to a new branch 'PR-34'
M	pom.xml
Deleted branch master (was bd4b8941).
From https://github.com/entando/entando-engine
 * [new branch]        master            -> master
 * [new tag]           pia-crs4          -> pia-crs4
 * [new tag]           v4.2.0            -> v4.2.0
 * [new tag]           v4.3.2-RC1        -> v4.3.2-RC1
 * [new tag]           v5.0.0-pre        -> v5.0.0-pre
 * [new tag]           v6.2.0-sprint1-rc -> v6.2.0-sprint1-rc
 * [new tag]           v6.2.0-sprint2-rc -> v6.2.0-sprint2-rc
 * [new tag]           v6.2.0-sprint3-rc -> v6.2.0-sprint3-rc
 * [new tag]           v6.2.0-sprint4-rc -> v6.2.0-sprint4-rc
 * [new tag]           v6.2.0-sprint5-rc -> v6.2.0-sprint5-rc

Showing logs for build [32mentando-entando-engine-pr-34-pr-pw9dq-55[0m stage [32mfrom-build-pack[0m and container [32mstep-build-mvn-verify-pr[0m
  % Total    % Received % Xferd  Average Speed   Time    Time     Time  Current
                                 Dload  Upload   Total   Spent    Left  Speed
{
  "url": "https://api.github.com/repos/entando/entando-engine/statuses/bd4b89419aae34e76b6dfa89d329a4838bd0f499",
  "avatar_url": "https://avatars2.githubusercontent.com/u/57885396?v=4",
  "id": 10806362583,
  "node_id": "MDEzOlN0YXR1c0NvbnRleHQxMDgwNjM2MjU4Mw==",
  "state": "pending",
  "description": "Pre-deployment tests pending!",
  "target_url": "https://entando-k8s.github.io/devops-results/entando-engine/PR-34/surefire-report.html",
  "context": "Pre-deployment tests",
  "created_at": "2020-09-18T13:56:36Z",
  "updated_at": "2020-09-18T13:56:36Z",
  "creator": {
    "login": "entando-**",
    "id": 57885396,
    "node_id": "MDQ6VXNlcjU3ODg1Mzk2",
    "avatar_url": "https://avatars2.githubusercontent.com/u/57885396?v=4",
    "gravatar_id": "",
    "url": "https://api.github.com/users/**********",
    "html_url": "https://github.com/entando-**",
    "followers_url": "https://api.github.com/users/entando-**/followers",
    "following_url": "https://api.github.com/users/**********/following{/other_user}",
    "gists_url": "https://api.github.com/users/entando-**/gists{/gist_id}",
    "starred_url": "https://api.github.com/users/entando-**/starred{/owner}{/repo}",
    "subscriptions_url": "https://api.github.com/users/**********/subscriptions",
    "organizations_url": "https://api.github.com/users/**********/orgs",
    "repos_url": "https://api.github.com/users/entando-**/repos",
    "events_url": "https://api.github.com/users/**********/events{/privacy}",
    "received_events_url": "https://api.github.com/users/**********/received_events",
    "type": "User",
    "site_*****": false
  }
}
  0     0    0     0    0     0      0      0 --:--:-- --:--:-- --:--:--     0 11  1827    0     0  100   206      0    286 --:--:-- --:--:-- --:--:--   287100  1827  100  1621  100   206   2250    286 --:--:-- --:--:-- --:--:--  2257
  % Total    % Received % Xferd  Average Speed   Time    Time     Time  Current
                                 Dload  Upload   Total   Spent    Left  Speed
  0     0    0     0    0     0      0      0 --:--:-- --:--:-- --:--:--     0100  1799  100  1607  100   192   2446    292 --:--:-- --:--:-- --:--:--  2449
{
  "url": "https://api.github.com/repos/entando/entando-engine/statuses/bd4b89419aae34e76b6dfa89d329a4838bd0f499",
  "avatar_url": "https://avatars2.githubusercontent.com/u/57885396?v=4",
  "id": 10806362724,
  "node_id": "MDEzOlN0YXR1c0NvbnRleHQxMDgwNjM2MjcyNA==",
  "state": "pending",
  "description": "OWASP CVE pending!",
  "target_url": "https://entando-k8s.github.io/devops-results/entando-engine/PR-34/dependency-check-report.html",
  "context": "OWASP CVE",
  "created_at": "2020-09-18T13:56:37Z",
  "updated_at": "2020-09-18T13:56:37Z",
  "creator": {
    "login": "entando-**",
    "id": 57885396,
    "node_id": "MDQ6VXNlcjU3ODg1Mzk2",
    "avatar_url": "https://avatars2.githubusercontent.com/u/57885396?v=4",
    "gravatar_id": "",
    "url": "https://api.github.com/users/entando-**",
    "html_url": "https://github.com/**********",
    "followers_url": "https://api.github.com/users/entando-**/followers",
    "following_url": "https://api.github.com/users/**********/following{/other_user}",
    "gists_url": "https://api.github.com/users/entando-**/gists{/gist_id}",
    "starred_url": "https://api.github.com/users/**********/starred{/owner}{/repo}",
    "subscriptions_url": "https://api.github.com/users/entando-**/subscriptions",
    "organizations_url": "https://api.github.com/users/entando-**/orgs",
    "repos_url": "https://api.github.com/users/**********/repos",
    "events_url": "https://api.github.com/users/entando-**/events{/privacy}",
    "received_events_url": "https://api.github.com/users/**********/received_events",
    "type": "User",
    "site_*****": false
  }
}
Picked up _JAVA_OPTIONS: -XX:+UnlockExperimentalVMOptions -Dsun.zip.disableMemoryMapping=true -XX:+UseParallelGC -XX:MinHeapFreeRatio=5 -XX:MaxHeapFreeRatio=10 -XX:GCTimeRatio=4 -XX:AdaptiveSizePolicyWeight=90 -Xms10m -Xmx8000m
[INFO] Scanning for projects...
[WARNING] The POM for org.eclipse.m2e:lifecycle-mapping:jar:1.0.0 is missing, no dependency information available
[WARNING] Failed to retrieve plugin descriptor for org.eclipse.m2e:lifecycle-mapping:1.0.0: Plugin org.eclipse.m2e:lifecycle-mapping:1.0.0 or one of its dependencies could not be resolved: Failure to find org.eclipse.m2e:lifecycle-mapping:jar:1.0.0 in http://nexus/repository/maven-group/ was cached in the local repository, resolution will not be reattempted until the update interval of nexus has elapsed or updates are forced
[INFO] 
[INFO] -----------------< org.entando.entando:entando-engine >-----------------
[INFO] Building Entando Core: Engine 0.0.0-SNAPSHOT-PR-34-55
[INFO] --------------------------------[ jar ]---------------------------------
[WARNING] The POM for com.sun.xml.bind:jaxb-impl:jar:2.2.11 is invalid, transitive dependencies (if any) will not be available, enable debug logging for more details
[WARNING] The artifact org.hibernate:hibernate-validator:jar:6.0.17.Final has been relocated to org.hibernate.validator:hibernate-validator:jar:6.0.17.Final
[INFO] 
[INFO] --- maven-enforcer-plugin:3.0.0-M3:enforce (enforce-versions) @ entando-engine ---
[INFO] 
[INFO] --- maven-checkstyle-plugin:3.1.1:check (validate) @ entando-engine ---
[INFO] 
[INFO] --- maven-checkstyle-plugin:3.1.1:checkstyle (validate) @ entando-engine ---
[INFO] 
[INFO] --- jacoco-maven-plugin:0.8.5:prepare-agent (prepare-agent) @ entando-engine ---
[INFO] argLine set to -javaagent:/home/jenkins/.mvnrepository/org/jacoco/org.jacoco.agent/0.8.5/org.jacoco.agent-0.8.5-runtime.jar=destfile=/workspace/source/target/jacoco.e**c
[INFO] 
[INFO] --- maven-resources-plugin:2.5:resources (default-resources) @ entando-engine ---
[debug] e**cute contextualize
[INFO] Using 'UTF-8' encoding to copy filtered resources.
[INFO] Copying 29 resources
[INFO] Copying 8 resources
[INFO] Copying 47 resources
[INFO] Copying 2 resources to META-INF
[INFO] 
[INFO] --- jrebel-maven-plugin:1.1.3:generate-liverebel-xml (generate-liverebel-xml) @ entando-engine ---
[INFO] Generating liverebel.xml
[INFO] 
[INFO] --- maven-compiler-plugin:3.8.1:compile (default-compile) @ entando-engine ---
[INFO] Changes detected - recompiling the module!
[INFO] Compiling 956 source files to /workspace/source/target/classes
[INFO] 
[INFO] ------------------------------------------------------------------------
[INFO] Skipping Entando Core: Engine
[INFO] This project has been banned from the build due to previous failures.
[INFO] ------------------------------------------------------------------------
[INFO] ------------------------------------------------------------------------
[INFO] BUILD FAILURE
[INFO] ------------------------------------------------------------------------
[INFO] Total time:  24.981 s
[INFO] Finished at: 2020-09-18T13:57:04Z
[INFO] ------------------------------------------------------------------------
[ERROR] Failed to e**cute goal org.apache.maven.plugins:maven-compiler-plugin:3.8.1:compile (default-compile) on project entando-engine: Fatal error compiling: CompilerException: NullPointerException -> [Help 1]
[ERROR] 
[ERROR] To see the full stack trace of the errors, re-run Maven with the -e switch.
[ERROR] Re-run Maven using the -X switch to enable full debug logging.
[ERROR] 
[ERROR] For more information about the errors and possible solutions, please read the following articles:
[ERROR] [Help 1] http://cwiki.apache.org/confluence/display/MAVEN/MojoE**cutionException
shallow cloning https://github.com/entando-k8s/devops-results.git branch gh-pages
ran git init in /tmp/jenkins-x-collect914470530
ran git add remote origin https://github.com/entando-k8s/devops-results.git in /tmp/jenkins-x-collect914470530
ran git fetch origin --depth=1 gh-pages in dir /tmp/jenkins-x-collect914470530
No pre-deployment test results found for entando-engine-PR-34.
  % Total    % Received % Xferd  Average Speed   Time    Time     Time  Current
                                 Dload  Upload   Total   Spent    Left  Speed
  0     0    0     0    0     0      0      0 --:--:-- --:--:-- --:--:--     0 11  1827    0     0  100   206      0    257 --:--:-- --:--:-- --:--:--   257100  1827  100  1621  100   206   2022    257 --:--:-- --:--:-- --:--:--  2026
{
  "url": "https://api.github.com/repos/entando/entando-engine/statuses/bd4b89419aae34e76b6dfa89d329a4838bd0f499",
  "avatar_url": "https://avatars2.githubusercontent.com/u/57885396?v=4",
  "id": 10806392501,
  "node_id": "MDEzOlN0YXR1c0NvbnRleHQxMDgwNjM5MjUwMQ==",
  "state": "failure",
  "description": "Pre-deployment tests failure!",
  "target_url": "https://entando-k8s.github.io/devops-results/entando-engine/PR-34/surefire-report.html",
  "context": "Pre-deployment tests",
  "created_at": "2020-09-18T13:59:21Z",
  "updated_at": "2020-09-18T13:59:21Z",
  "creator": {
    "login": "**********",
    "id": 57885396,
    "node_id": "MDQ6VXNlcjU3ODg1Mzk2",
    "avatar_url": "https://avatars2.githubusercontent.com/u/57885396?v=4",
    "gravatar_id": "",
    "url": "https://api.github.com/users/**********",
    "html_url": "https://github.com/entando-**",
    "followers_url": "https://api.github.com/users/**********/followers",
    "following_url": "https://api.github.com/users/entando-**/following{/other_user}",
    "gists_url": "https://api.github.com/users/entando-**/gists{/gist_id}",
    "starred_url": "https://api.github.com/users/entando-**/starred{/owner}{/repo}",
    "subscriptions_url": "https://api.github.com/users/entando-**/subscriptions",
    "organizations_url": "https://api.github.com/users/**********/orgs",
    "repos_url": "https://api.github.com/users/entando-**/repos",
    "events_url": "https://api.github.com/users/entando-**/events{/privacy}",
    "received_events_url": "https://api.github.com/users/entando-**/received_events",
    "type": "User",
    "site_*****": false
  }
}
OWASP has found dependencies with vulnerabilities for entando-engine-PR-34.
  % Total    % Received % Xferd  Average Speed   Time    Time     Time  Current
                                 Dload  Upload   Total   Spent    Left  Speed
  0     0    0     0    0     0      0      0 --:--:-- --:--:-- --:--:--     0 10  1799    0     0  100   192      0    199 --:--:-- --:--:-- --:--:--   199100  1799  100  1607  100   192   1666    199 --:--:-- --:--:-- --:--:--  1672
{
  "url": "https://api.github.com/repos/entando/entando-engine/statuses/bd4b89419aae34e76b6dfa89d329a4838bd0f499",
  "avatar_url": "https://avatars2.githubusercontent.com/u/57885396?v=4",
  "id": 10806392682,
  "node_id": "MDEzOlN0YXR1c0NvbnRleHQxMDgwNjM5MjY4Mg==",
  "state": "failure",
  "description": "OWASP CVE failure!",
  "target_url": "https://entando-k8s.github.io/devops-results/entando-engine/PR-34/dependency-check-report.html",
  "context": "OWASP CVE",
  "created_at": "2020-09-18T13:59:22Z",
  "updated_at": "2020-09-18T13:59:22Z",
  "creator": {
    "login": "**********",
    "id": 57885396,
    "node_id": "MDQ6VXNlcjU3ODg1Mzk2",
    "avatar_url": "https://avatars2.githubusercontent.com/u/57885396?v=4",
    "gravatar_id": "",
    "url": "https://api.github.com/users/entando-**",
    "html_url": "https://github.com/entando-**",
    "followers_url": "https://api.github.com/users/**********/followers",
    "following_url": "https://api.github.com/users/entando-**/following{/other_user}",
    "gists_url": "https://api.github.com/users/entando-**/gists{/gist_id}",
    "starred_url": "https://api.github.com/users/**********/starred{/owner}{/repo}",
    "subscriptions_url": "https://api.github.com/users/entando-**/subscriptions",
    "organizations_url": "https://api.github.com/users/**********/orgs",
    "repos_url": "https://api.github.com/users/**********/repos",
    "events_url": "https://api.github.com/users/entando-**/events{/privacy}",
    "received_events_url": "https://api.github.com/users/entando-**/received_events",
    "type": "User",
    "site_*****": false
  }
}
The following checks failed: for entando-engine-PR-34 : Pre-deployment tests; OWASP Maven Dependency Check; 
[31m
Pipeline failed on stage 'from-build-pack' : container 'step-build-mvn-verify-pr'. The execution of the pipeline has stopped.[0m
