
Showing logs for build [32mentando-entando-engine-pr-34-pr-jc5cm-8[0m stage [32mfrom-build-pack[0m and container [32mstep-credential-initializer-jp9bg[0m
{"level":"warn","ts":1599350408.956695,"logger":"fallback-logger","caller":"logging/config.go:69","msg":"Fetch GitHub commit ID from kodata failed: \"ref: refs/heads/0.8.0-**-support-backwards-incompats\" is not a valid GitHub commit ID"}
{"level":"info","ts":1599350408.9637115,"logger":"fallback-logger","caller":"creds-init/main.go:40","msg":"Credentials initialized."}

Showing logs for build [32mentando-entando-engine-pr-34-pr-jc5cm-8[0m stage [32mfrom-build-pack[0m and container [32mstep-working-dir-initializer-g79gk[0m
{"level":"warn","ts":1599350409.9871762,"logger":"fallback-logger","caller":"logging/config.go:69","msg":"Fetch GitHub commit ID from kodata failed: open /var/run/ko/HEAD: no such file or directory"}
{"level":"info","ts":1599350409.995535,"logger":"fallback-logger","caller":"bash/main.go:64","msg":"Successfully e**cuted command \"sh -c mkdir -p /workspace/source\"; output "}

Showing logs for build [32mentando-entando-engine-pr-34-pr-jc5cm-8[0m stage [32mfrom-build-pack[0m and container [32mstep-place-tools[0m

Showing logs for build [32mentando-entando-engine-pr-34-pr-jc5cm-8[0m stage [32mfrom-build-pack[0m and container [32mstep-git-source-entando-entando-engine-pr-34-pr-k6vk5[0m
{"level":"warn","ts":1599350507.9887636,"logger":"fallback-logger","caller":"logging/config.go:69","msg":"Fetch GitHub commit ID from kodata failed: \"ref: refs/heads/0.8.0-**-support-backwards-incompats\" is not a valid GitHub commit ID"}
{"level":"info","ts":1599350510.4079778,"logger":"fallback-logger","caller":"git/git.go:103","msg":"Successfully cloned https://github.com/entando/entando-engine.git @ master in path /workspace/source"}

Showing logs for build [32mentando-entando-engine-pr-34-pr-jc5cm-8[0m stage [32mfrom-build-pack[0m and container [32mstep-git-merge[0m
Using SHAs from PULL_REFS=master:0c90919c28676bdf73df5df6c123e041d4cccb2a,34:20f5e45a950f1290919aaa6cddf1496c5c9c806b
DEBUG: ran git fetch --unshallow origin 20f5e45a950f1290919aaa6cddf1496c5c9c806b: 0c90919c28676bdf73df5df6c123e041d4cccb2a: in 
DEBUG: ran git checkout master in 
DEBUG: ran git reset --hard 0c90919c28676bdf73df5df6c123e041d4cccb2a in 
DEBUG: ran clean --force -d . in 
DEBUG: ran git merge 20f5e45a950f1290919aaa6cddf1496c5c9c806b in 
Merged SHA 20f5e45a950f1290919aaa6cddf1496c5c9c806b with commit message 'ENG-1075/ENG-1216: remove code smells' into base branch master
Merged SHA 45c5d947a8a77353733505a3d89ece74bbc661f9 with commit message 'ENG-1075/ENG-1216: fix-javasecurity-s5145 for logging instructions' into base branch master

Showing logs for build [32mentando-entando-engine-pr-34-pr-jc5cm-8[0m stage [32mfrom-build-pack[0m and container [32mstep-build-set-version[0m
Picked up _JAVA_OPTIONS: -XX:+UnlockExperimentalVMOptions -Dsun.zip.disableMemoryMapping=true -XX:+UseParallelGC -XX:MinHeapFreeRatio=5 -XX:MaxHeapFreeRatio=10 -XX:GCTimeRatio=4 -XX:AdaptiveSizePolicyWeight=90 -Xms10m -Xmx8000m
[INFO] Scanning for projects...
[WARNING] The POM for org.eclipse.m2e:lifecycle-mapping:jar:1.0.0 is missing, no dependency information available
[WARNING] Failed to retrieve plugin descriptor for org.eclipse.m2e:lifecycle-mapping:1.0.0: Plugin org.eclipse.m2e:lifecycle-mapping:1.0.0 or one of its dependencies could not be resolved: Could not find artifact org.eclipse.m2e:lifecycle-mapping:jar:1.0.0 in nexus (http://nexus/repository/maven-group/)
[INFO] 
[INFO] -----------------< org.entando.entando:entando-engine >-----------------
[INFO] Building Entando Core: Engine 6.2.0-SNAPSHOT
[INFO] --------------------------------[ jar ]---------------------------------
[WARNING] The POM for org.eclipse.m2e:lifecycle-mapping:jar:1.0.0 is missing, no dependency information available
[WARNING] Failed to retrieve plugin descriptor for org.eclipse.m2e:lifecycle-mapping:1.0.0: Plugin org.eclipse.m2e:lifecycle-mapping:1.0.0 or one of its dependencies could not be resolved: Failure to find org.eclipse.m2e:lifecycle-mapping:jar:1.0.0 in http://nexus/repository/maven-group/ was cached in the local repository, resolution will not be reattempted until the update interval of nexus has elapsed or updates are forced
[INFO] 
[INFO] --- versions-maven-plugin:2.8.1:set (default-cli) @ entando-engine ---
[INFO] Local aggregation ****: /workspace/source
[INFO] Processing change of org.entando.entando:entando-engine:6.2.0-SNAPSHOT -> 0.0.0-SNAPSHOT-PR-34-8
[INFO] Processing org.entando.entando:entando-engine
[INFO]     Updating project org.entando.entando:entando-engine
[INFO]         from version 6.2.0-SNAPSHOT to 0.0.0-SNAPSHOT-PR-34-8
[INFO] 
[INFO] ------------------------------------------------------------------------
[INFO] BUILD SUCCESS
[INFO] ------------------------------------------------------------------------
[INFO] Total time:  12.892 s
[INFO] Finished at: 2020-09-06T00:02:10Z
[INFO] ------------------------------------------------------------------------

Showing logs for build [32mentando-entando-engine-pr-34-pr-jc5cm-8[0m stage [32mfrom-build-pack[0m and container [32mstep-build-fix-git-for-sonar[0m
Switched to a new branch 'PR-34'
M	pom.xml
Deleted branch master (was 20f5e45a).
From https://github.com/entando/entando-engine
 * [new branch]        master            -> master
 * [new tag]           pia-crs4          -> pia-crs4
 * [new tag]           v4.2.0            -> v4.2.0
 * [new tag]           v4.3.2-RC1        -> v4.3.2-RC1
 * [new tag]           v5.0.0-pre        -> v5.0.0-pre
 * [new tag]           v6.2.0-sprint1-rc -> v6.2.0-sprint1-rc
 * [new tag]           v6.2.0-sprint2-rc -> v6.2.0-sprint2-rc
 * [new tag]           v6.2.0-sprint3-rc -> v6.2.0-sprint3-rc
 * [new tag]           v6.2.0-sprint4-rc -> v6.2.0-sprint4-rc
 * [new tag]           v6.2.0-sprint5-rc -> v6.2.0-sprint5-rc

Showing logs for build [32mentando-entando-engine-pr-34-pr-jc5cm-8[0m stage [32mfrom-build-pack[0m and container [32mstep-build-mvn-verify-pr[0m
  % Total    % Received % Xferd  Average Speed   Time    Time     Time  Current
                                 Dload  Upload   Total   Spent    Left  Speed
  0     0    0     0    0     0      0      0 --:--:-- --:--:-- --:--:--     0 11  1827    0     0  100   206      0    285 --:--:-- --:--:-- --:--:--   286100  1827  100  1621  100   206   2245    285 --:--:-- --:--:-- --:--:--  2254
{
  "url": "https://api.github.com/repos/entando/entando-engine/statuses/20f5e45a950f1290919aaa6cddf1496c5c9c806b",
  "avatar_url": "https://avatars2.githubusercontent.com/u/57885396?v=4",
  "id": 10686122706,
  "node_id": "MDEzOlN0YXR1c0NvbnRleHQxMDY4NjEyMjcwNg==",
  "state": "pending",
  "description": "Pre-deployment tests pending!",
  "target_url": "https://entando-k8s.github.io/devops-results/entando-engine/PR-34/surefire-report.html",
  "context": "Pre-deployment tests",
  "created_at": "2020-09-06T00:02:12Z",
  "updated_at": "2020-09-06T00:02:12Z",
  "creator": {
    "login": "**********",
    "id": 57885396,
    "node_id": "MDQ6VXNlcjU3ODg1Mzk2",
    "avatar_url": "https://avatars2.githubusercontent.com/u/57885396?v=4",
    "gravatar_id": "",
    "url": "https://api.github.com/users/**********",
    "html_url": "https://github.com/**********",
    "followers_url": "https://api.github.com/users/**********/followers",
    "following_url": "https://api.github.com/users/**********/following{/other_user}",
    "gists_url": "https://api.github.com/users/**********/gists{/gist_id}",
    "starred_url": "https://api.github.com/users/**********/starred{/owner}{/repo}",
    "subscriptions_url": "https://api.github.com/users/**********/subscriptions",
    "organizations_url": "https://api.github.com/users/**********/orgs",
    "repos_url": "https://api.github.com/users/**********/repos",
    "events_url": "https://api.github.com/users/**********/events{/privacy}",
    "received_events_url": "https://api.github.com/users/**********/received_events",
    "type": "User",
    "site_*****": false
  }
}
  % Total    % Received % Xferd  Average Speed   Time    Time     Time  Current
                                 Dload  Upload   Total   Spent    Left  Speed
{
  "url": "https://api.github.com/repos/entando/entando-engine/statuses/20f5e45a950f1290919aaa6cddf1496c5c9c806b",
  "avatar_url": "https://avatars2.githubusercontent.com/u/57885396?v=4",
  "id": 10686122763,
  "node_id": "MDEzOlN0YXR1c0NvbnRleHQxMDY4NjEyMjc2Mw==",
  "state": "pending",
  "description": "OWASP CVE pending!",
  "target_url": "https://entando-k8s.github.io/devops-results/entando-engine/PR-34/dependency-check-report.html",
  "context": "OWASP CVE",
  "created_at": "2020-09-06T00:02:13Z",
  "updated_at": "2020-09-06T00:02:13Z",
  "creator": {
    "login": "**********",
    "id": 57885396,
    "node_id": "MDQ6VXNlcjU3ODg1Mzk2",
    "avatar_url": "https://avatars2.githubusercontent.com/u/57885396?v=4",
    "gravatar_id": "",
    "url": "https://api.github.com/users/**********",
    "html_url": "https://github.com/**********",
    "followers_url": "https://api.github.com/users/**********/followers",
    "following_url": "https://api.github.com/users/**********/following{/other_user}",
    "gists_url": "https://api.github.com/users/**********/gists{/gist_id}",
    "starred_url": "https://api.github.com/users/**********/starred{/owner}{/repo}",
    "subscriptions_url": "https://api.github.com/users/**********/subscriptions",
    "organizations_url": "https://api.github.com/users/**********/orgs",
    "repos_url": "https://api.github.com/users/**********/repos",
    "events_url": "https://api.github.com/users/**********/events{/privacy}",
    "received_events_url": "https://api.github.com/users/entando-**/received_events",
    "type": "User",
    "site_*****": false
  }
}
  0     0    0     0    0     0      0      0 --:--:-- --:--:-- --:--:--     0100  1799  100  1607  100   192   2744    327 --:--:-- --:--:-- --:--:--  2747
Picked up _JAVA_OPTIONS: -XX:+UnlockExperimentalVMOptions -Dsun.zip.disableMemoryMapping=true -XX:+UseParallelGC -XX:MinHeapFreeRatio=5 -XX:MaxHeapFreeRatio=10 -XX:GCTimeRatio=4 -XX:AdaptiveSizePolicyWeight=90 -Xms10m -Xmx8000m
[INFO] Scanning for projects...
[WARNING] The POM for org.eclipse.m2e:lifecycle-mapping:jar:1.0.0 is missing, no dependency information available
[WARNING] Failed to retrieve plugin descriptor for org.eclipse.m2e:lifecycle-mapping:1.0.0: Plugin org.eclipse.m2e:lifecycle-mapping:1.0.0 or one of its dependencies could not be resolved: Failure to find org.eclipse.m2e:lifecycle-mapping:jar:1.0.0 in http://nexus/repository/maven-group/ was cached in the local repository, resolution will not be reattempted until the update interval of nexus has elapsed or updates are forced
[INFO] 
[INFO] -----------------< org.entando.entando:entando-engine >-----------------
[INFO] Building Entando Core: Engine 0.0.0-SNAPSHOT-PR-34-8
[INFO] --------------------------------[ jar ]---------------------------------
[WARNING] The POM for com.sun.xml.bind:jaxb-impl:jar:2.2.11 is invalid, transitive dependencies (if any) will not be available, enable debug logging for more details
[WARNING] The artifact org.hibernate:hibernate-validator:jar:6.0.17.Final has been relocated to org.hibernate.validator:hibernate-validator:jar:6.0.17.Final
[INFO] 
[INFO] --- maven-enforcer-plugin:3.0.0-M3:enforce (enforce-versions) @ entando-engine ---
[INFO] 
[INFO] --- maven-checkstyle-plugin:3.1.1:check (validate) @ entando-engine ---
[INFO] 
[INFO] --- maven-checkstyle-plugin:3.1.1:checkstyle (validate) @ entando-engine ---
[INFO] 
[INFO] --- jacoco-maven-plugin:0.8.5:prepare-agent (prepare-agent) @ entando-engine ---
[INFO] argLine set to -javaagent:/home/jenkins/.mvnrepository/org/jacoco/org.jacoco.agent/0.8.5/org.jacoco.agent-0.8.5-runtime.jar=destfile=/workspace/source/target/jacoco.e**c
[INFO] 
[INFO] --- maven-resources-plugin:2.5:resources (default-resources) @ entando-engine ---
[debug] e**cute contextualize
[INFO] Using 'UTF-8' encoding to copy filtered resources.
[INFO] Copying 29 resources
[INFO] Copying 8 resources
[INFO] Copying 44 resources
[INFO] Copying 2 resources to META-INF
[INFO] 
[INFO] --- jrebel-maven-plugin:1.1.3:generate-liverebel-xml (generate-liverebel-xml) @ entando-engine ---
[INFO] Generating liverebel.xml
[INFO] 
[INFO] --- maven-compiler-plugin:3.8.1:compile (default-compile) @ entando-engine ---
[INFO] Changes detected - recompiling the module!
[INFO] Compiling 955 source files to /workspace/source/target/classes
[INFO] /workspace/source/src/main/java/org/entando/entando/web/filebrowser/model/FileBrowserFileRequest.java: Some input files use or override a deprecated API.
[INFO] /workspace/source/src/main/java/org/entando/entando/web/filebrowser/model/FileBrowserFileRequest.java: Recompile with -Xlint:deprecation for details.
[INFO] /workspace/source/src/main/java/org/entando/entando/aps/******/services/entity/AbstractEntityTypeService.java: Some input files additionally use unchecked or unsafe operations.
[INFO] -------------------------------------------------------------
[WARNING] COMPILATION WARNING : 
[INFO] -------------------------------------------------------------
[WARNING] /workspace/source/src/main/java/com/agiletec/aps/******/common/FieldSearchFilter.java:[99,33] unchecked method invocation: method addAll in interface java.util.List is applied to given types
  required: java.util.Collection<? extends E>
  found: java.util.Collection
[WARNING] /workspace/source/src/main/java/com/agiletec/aps/******/common/FieldSearchFilter.java:[99,34] unchecked conversion
  required: java.util.Collection<? extends E>
  found:    java.util.Collection
[WARNING] /workspace/source/src/main/java/org/entando/entando/aps/******/init/model/DataSourceDumpReport.java:[77,96] unchecked conversion
  required: java.util.List<org.jdom.Element>
  found:    java.util.List
[WARNING] /workspace/source/src/main/java/org/entando/entando/aps/******/init/model/DataSourceDumpReport.java:[84,73] unchecked conversion
  required: java.util.List<org.jdom.Element>
  found:    java.util.List
[WARNING] /workspace/source/src/main/java/org/entando/entando/aps/******/init/model/DataSourceDumpReport.java:[88,92] unchecked conversion
  required: java.util.List<org.jdom.Element>
  found:    java.util.List
[WARNING] /workspace/source/src/main/java/org/entando/entando/aps/******/init/model/DataSourceDumpReport.java:[125,49] unchecked method invocation: method sort in class java.util.Collections is applied to given types
  required: java.util.List<T>,java.util.Comparator<? super T>
  found: java.util.List<org.entando.entando.aps.******.init.model.TableDumpReport>,org.apache.commons.beanutils.BeanComparator
[WARNING] /workspace/source/src/main/java/org/entando/entando/aps/******/init/model/DataSourceDumpReport.java:[125,64] unchecked conversion
  required: java.util.Comparator<? super T>
  found:    org.apache.commons.beanutils.BeanComparator
[WARNING] /workspace/source/src/main/java/org/entando/entando/aps/******/init/model/DataSourceDumpReport.java:[194,33] unchecked method invocation: method sort in class java.util.Collections is applied to given types
  required: java.util.List<T>,java.util.Comparator<? super T>
  found: java.util.List<org.entando.entando.aps.******.init.model.ComponentInstallationReport>,org.apache.commons.beanutils.BeanComparator
[WARNING] /workspace/source/src/main/java/org/entando/entando/aps/******/init/model/DataSourceDumpReport.java:[194,59] unchecked conversion
  required: java.util.Comparator<? super T>
  found:    org.apache.commons.beanutils.BeanComparator
[WARNING] /workspace/source/src/main/java/org/entando/entando/aps/******/init/model/Component.java:[53,85] unchecked conversion
  required: java.util.List<org.jdom.Element>
  found:    java.util.List
[WARNING] /workspace/source/src/main/java/org/entando/entando/aps/******/init/model/Component.java:[63,83] unchecked conversion
  required: java.util.List<org.jdom.Element>
  found:    java.util.List
[WARNING] /workspace/source/src/main/java/org/entando/entando/aps/******/init/model/Component.java:[86,79] unchecked conversion
  required: java.util.List<org.jdom.Element>
  found:    java.util.List
[WARNING] /workspace/source/src/main/java/org/entando/entando/aps/******/init/model/Component.java:[91,75] unchecked conversion
  required: java.util.List<org.jdom.Element>
  found:    java.util.List
[WARNING] /workspace/source/src/main/java/org/entando/entando/aps/******/init/model/AbstractComponentModule.java:[39,79] unchecked conversion
  required: java.util.List<org.jdom.Element>
  found:    java.util.List
[WARNING] /workspace/source/src/main/java/org/entando/entando/aps/******/init/model/AbstractComponentModule.java:[51,81] unchecked conversion
  required: java.util.List<org.jdom.Element>
  found:    java.util.List
[WARNING] /workspace/source/src/main/java/org/entando/entando/aps/******/init/model/ComponentUninstallerInfo.java:[50,86] unchecked conversion
  required: java.util.List<org.jdom.Element>
  found:    java.util.List
[WARNING] /workspace/source/src/main/java/org/entando/entando/aps/******/init/model/SystemInstallationReport.java:[101,67] unchecked conversion
  required: java.util.List<org.jdom.Element>
  found:    java.util.List
[WARNING] /workspace/source/src/main/java/org/entando/entando/aps/******/init/model/DataSourceInstallationReport.java:[33,69] unchecked conversion
  required: java.util.List<org.jdom.Element>
  found:    java.util.List
[WARNING] /workspace/source/src/main/java/org/entando/entando/aps/******/init/model/DataSourceInstallationReport.java:[41,90] unchecked conversion
  required: java.util.List<org.jdom.Element>
  found:    java.util.List
[WARNING] /workspace/source/src/main/java/org/entando/entando/aps/******/init/model/DataInstallationReport.java:[29,69] unchecked conversion
  required: java.util.List<org.jdom.Element>
  found:    java.util.List
[WARNING] /workspace/source/src/main/java/com/agiletec/aps/******/common/entity/parse/AttributeDisablingCodesDOM.java:[44,83] unchecked conversion
  required: java.util.List<org.jdom.Element>
  found:    java.util.List
[WARNING] /workspace/source/src/main/java/org/entando/entando/aps/******/services/guifragment/model/GuiFragmentDtoBuilder.java:[56,92] unchecked conversion
  required: java.util.List<java.lang.Object>
  found:    java.util.List
[WARNING] /workspace/source/src/main/java/org/entando/entando/web/common/model/Filter.java:[126,22] unchecked call to EntitySearchFilter(java.lang.String,boolean,T,T) as a member of the raw type com.agiletec.aps.******.common.entity.model.EntitySearchFilter
[WARNING] /workspace/source/src/main/java/org/entando/entando/web/common/model/Filter.java:[128,22] unchecked call to EntitySearchFilter(java.lang.String,boolean,T,T) as a member of the raw type com.agiletec.aps.******.common.entity.model.EntitySearchFilter
[WARNING] /workspace/source/src/main/java/org/entando/entando/web/common/model/Filter.java:[130,22] unchecked call to EntitySearchFilter(java.lang.String,boolean,T,boolean) as a member of the raw type com.agiletec.aps.******.common.entity.model.EntitySearchFilter
[WARNING] /workspace/source/src/main/java/org/entando/entando/web/common/model/Filter.java:[133,22] unchecked call to EntitySearchFilter(java.lang.String,boolean,T,boolean,com.agiletec.aps.******.common.FieldSearchFilter.LikeOptionType) as a member of the raw type com.agiletec.aps.******.common.entity.model.EntitySearchFilter
[WARNING] /workspace/source/src/main/java/com/agiletec/aps/******/common/entity/model/EntitySearchFilter.java:[84,45] unchecked method invocation: method addAll in interface java.util.List is applied to given types
  required: java.util.Collection<? extends E>
  found: java.util.Collection
[WARNING] /workspace/source/src/main/java/com/agiletec/aps/******/common/entity/model/EntitySearchFilter.java:[84,46] unchecked conversion
  required: java.util.Collection<? extends E>
  found:    java.util.Collection
[WARNING] /workspace/source/src/main/java/com/agiletec/aps/******/common/entity/model/EntitySearchFilter.java:[85,46] unchecked call to setAllowedValues(java.util.List<T>) as a member of the raw type com.agiletec.aps.******.common.FieldSearchFilter
[WARNING] /workspace/source/src/main/java/com/agiletec/aps/******/common/entity/model/EntitySearchFilter.java:[90,38] unchecked call to setValue(T) as a member of the raw type com.agiletec.aps.******.common.FieldSearchFilter
[WARNING] /workspace/source/src/main/java/com/agiletec/aps/******/common/entity/model/EntitySearchFilter.java:[122,30] unchecked call to setStart(T) as a member of the raw type com.agiletec.aps.******.common.FieldSearchFilter
[WARNING] /workspace/source/src/main/java/com/agiletec/aps/******/common/entity/model/EntitySearchFilter.java:[123,28] unchecked call to setEnd(T) as a member of the raw type com.agiletec.aps.******.common.FieldSearchFilter
[WARNING] /workspace/source/src/main/java/com/agiletec/aps/******/common/entity/model/EntitySearchFilter.java:[142,38] unchecked call to setAllowedValues(java.util.List<T>) as a member of the raw type com.agiletec.aps.******.common.FieldSearchFilter
[WARNING] /workspace/source/src/main/java/com/agiletec/aps/******/common/entity/model/EntitySearchFilter.java:[166,45] unchecked method invocation: method addAll in interface java.util.List is applied to given types
  required: java.util.Collection<? extends E>
  found: java.util.Collection
[WARNING] /workspace/source/src/main/java/com/agiletec/aps/******/common/entity/model/EntitySearchFilter.java:[166,46] unchecked conversion
  required: java.util.Collection<? extends E>
  found:    java.util.Collection
[WARNING] /workspace/source/src/main/java/com/agiletec/aps/******/common/entity/model/EntitySearchFilter.java:[167,48] unchecked call to setAllowedValues(java.util.List<T>) as a member of the raw type com.agiletec.aps.******.common.FieldSearchFilter
[WARNING] /workspace/source/src/main/java/com/agiletec/aps/******/common/entity/model/EntitySearchFilter.java:[172,40] unchecked call to setValue(T) as a member of the raw type com.agiletec.aps.******.common.FieldSearchFilter
[WARNING] /workspace/source/src/main/java/com/agiletec/aps/******/common/entity/model/EntitySearchFilter.java:[195,32] unchecked call to setStart(T) as a member of the raw type com.agiletec.aps.******.common.FieldSearchFilter
[WARNING] /workspace/source/src/main/java/com/agiletec/aps/******/common/entity/model/EntitySearchFilter.java:[196,30] unchecked call to setEnd(T) as a member of the raw type com.agiletec.aps.******.common.FieldSearchFilter
[WARNING] /workspace/source/src/main/java/com/agiletec/aps/******/common/entity/model/EntitySearchFilter.java:[204,40] unchecked call to setAllowedValues(java.util.List<T>) as a member of the raw type com.agiletec.aps.******.common.FieldSearchFilter
[WARNING] /workspace/source/src/main/java/com/agiletec/aps/******/common/entity/model/EntitySearchFilter.java:[303,70] unchecked cast
  required: java.util.List<java.lang.Object>
  found:    java.lang.Object
[WARNING] /workspace/source/src/main/java/com/agiletec/aps/******/common/entity/model/EntitySearchFilter.java:[433,40] unchecked call to setValue(T) as a member of the raw type com.agiletec.aps.******.common.FieldSearchFilter
[WARNING] /workspace/source/src/main/java/com/agiletec/aps/******/common/entity/model/EntitySearchFilter.java:[439,48] unchecked call to setAllowedValues(java.util.List<T>) as a member of the raw type com.agiletec.aps.******.common.FieldSearchFilter
[WARNING] /workspace/source/src/main/java/com/agiletec/aps/******/common/entity/model/EntitySearchFilter.java:[445,40] unchecked call to setStart(T) as a member of the raw type com.agiletec.aps.******.common.FieldSearchFilter
[WARNING] /workspace/source/src/main/java/com/agiletec/aps/******/common/entity/model/EntitySearchFilter.java:[446,38] unchecked call to setEnd(T) as a member of the raw type com.agiletec.aps.******.common.FieldSearchFilter
[WARNING] /workspace/source/src/main/java/com/agiletec/aps/******/common/entity/model/attribute/AbstractAttribute.java:[276,57] unchecked conversion
  required: java.util.List<org.jdom.Element>
  found:    java.util.List
[WARNING] /workspace/source/src/main/java/org/entando/entando/aps/******/services/entity/model/EntityAttributeDto.java:[76,49] unchecked cast
  required: java.util.Map<java.lang.String,java.lang.Object>
  found:    java.lang.Object
[WARNING] /workspace/source/src/main/java/com/agiletec/aps/******/common/AbstractSearcherDAO.java:[147,65] unchecked conversion
  required: java.util.List<java.lang.Object>
  found:    java.util.List
[WARNING] /workspace/source/src/main/java/com/agiletec/aps/******/common/AbstractSearcherDAO.java:[299,65] unchecked conversion
  required: java.util.List<java.lang.Object>
  found:    java.util.List
[WARNING] /workspace/source/src/main/java/com/agiletec/aps/******/common/entity/AbstractEntitySearcherDAO.java:[93,41] unchecked call to EntitySearchFilter(java.lang.String,boolean,T,boolean) as a member of the raw type com.agiletec.aps.******.common.entity.model.EntitySearchFilter
[WARNING] /workspace/source/src/main/java/com/agiletec/aps/******/common/entity/AbstractEntitySearcherDAO.java:[348,65] unchecked conversion
  required: java.util.List<java.lang.Object>
  found:    java.util.List
[WARNING] /workspace/source/src/main/java/org/entando/entando/aps/******/services/dataobjectsearchengine/SearchEngineManager.java:[226,53] unchecked call to SearchEngineFilter(java.lang.String,T) as a member of the raw type org.entando.entando.aps.******.services.searchengine.SearchEngineFilter
[WARNING] /workspace/source/src/main/java/org/entando/entando/aps/******/services/searchengine/SearchEngineFilter.java:[77,32] unchecked call to setAllowedValues(java.util.List<T>) as a member of the raw type com.agiletec.aps.******.common.FieldSearchFilter
[WARNING] /workspace/source/src/main/java/org/entando/entando/aps/******/services/searchengine/SearchEngineFilter.java:[84,24] unchecked call to setStart(T) as a member of the raw type com.agiletec.aps.******.common.FieldSearchFilter
[WARNING] /workspace/source/src/main/java/org/entando/entando/aps/******/services/searchengine/SearchEngineFilter.java:[85,22] unchecked call to setEnd(T) as a member of the raw type com.agiletec.aps.******.common.FieldSearchFilter
[WARNING] /workspace/source/src/main/java/org/entando/entando/aps/******/init/AbstractDatabaseUtils.java:[49,113] unchecked cast
  required: java.util.List<java.lang.String>
  found:    java.lang.Object
[WARNING] /workspace/source/src/main/java/org/entando/entando/aps/******/services/api/model/ApiMethod.java:[82,97] unchecked conversion
  required: java.util.List<org.jdom.Element>
  found:    java.util.List
[WARNING] /workspace/source/src/main/java/org/entando/entando/aps/******/services/api/model/ApiMethodRelatedWidget.java:[34,69] unchecked conversion
  required: java.util.List<org.jdom.Element>
  found:    java.util.List
[WARNING] /workspace/source/src/main/java/org/entando/entando/aps/******/services/api/model/StringListApiResponseResult.java:[32,67] unchecked cast
  required: java.util.Collection<java.lang.String>
  found:    java.lang.Object
[WARNING] /workspace/source/src/main/java/com/agiletec/aps/******/common/AbstractCacheWrapper.java:[51,20] unchecked cast
  required: T
  found:    java.lang.Object
[WARNING] /workspace/source/src/main/java/com/agiletec/aps/******/services/baseconfig/cache/ConfigManagerCacheWrapper.java:[57,56] unchecked cast
  required: java.util.List<java.lang.String>
  found:    java.util.List
[WARNING] /workspace/source/src/main/java/com/agiletec/aps/******/services/group/GroupManager.java:[124,25] unchecked method invocation: method sort in class java.util.Collections is applied to given types
  required: java.util.List<T>,java.util.Comparator<? super T>
  found: java.util.List<com.agiletec.aps.******.services.group.Group>,org.apache.commons.beanutils.BeanComparator
[WARNING] /workspace/source/src/main/java/com/agiletec/aps/******/services/group/GroupManager.java:[124,34] unchecked conversion
  required: java.util.Comparator<? super T>
  found:    org.apache.commons.beanutils.BeanComparator
[WARNING] /workspace/source/src/main/java/org/entando/entando/aps/******/services/api/UnmarshalUtils.java:[82,51] unchecked call to readFrom(java.lang.Class<T>,java.lang.reflect.Type,java.lang.annotation.Annotation[],javax.ws.rs.core.MediaType,javax.ws.rs.core.MultivaluedMap<java.lang.String,java.lang.String>,java.io.InputStream) as a member of the raw type org.apache.cxf.jaxrs.provider.json.JSONProvider
[WARNING] /workspace/source/src/main/java/com/agiletec/aps/******/services/authorization/AuthorizationService.java:[81,91] unchecked cast
  required: com.agiletec.aps.******.services.group.GroupUtilizer<java.lang.String>
  found:    com.agiletec.aps.******.services.authorization.IAuthorizationManager
[WARNING] /workspace/source/src/main/java/org/entando/entando/aps/******/services/category/CategoryService.java:[120,53] unchecked call to SearcherDaoPaginatedResult(java.lang.Integer,java.util.List<T>) as a member of the raw type com.agiletec.aps.******.common.model.dao.SearcherDaoPaginatedResult
[WARNING] /workspace/source/src/main/java/org/entando/entando/aps/******/services/category/CategoryService.java:[122,46] unchecked cast
  required: java.util.List<java.lang.Object>
  found:    java.util.List<capture#1 of ?>
[WARNING] /workspace/source/src/main/java/com/agiletec/aps/******/common/entity/model/attribute/AbstractListAttribute.java:[47,86] unchecked conversion
  required: java.util.List<org.jdom.Element>
  found:    java.util.List
[WARNING] /workspace/source/src/main/java/org/entando/entando/aps/******/services/page/PageService.java:[753,46] unchecked cast
  required: java.util.List<java.lang.Object>
  found:    java.util.List<capture#2 of ?>
[WARNING] /workspace/source/src/main/java/org/entando/entando/aps/******/services/page/PageService.java:[801,29] unchecked method invocation: method sort in class java.util.Collections is applied to given types
  required: java.util.List<T>,java.util.Comparator<? super T>
  found: java.util.List<org.entando.entando.aps.******.services.page.model.PageDto>,java.util.Comparator
[WARNING] /workspace/source/src/main/java/org/entando/entando/aps/******/services/page/PageService.java:[801,56] unchecked conversion
  required: java.util.Comparator<? super T>
  found:    java.util.Comparator
[WARNING] /workspace/source/src/main/java/org/entando/entando/aps/******/services/page/PageService.java:[803,29] unchecked method invocation: method sort in class java.util.Collections is applied to given types
  required: java.util.List<T>,java.util.Comparator<? super T>
  found: java.util.List<org.entando.entando.aps.******.services.page.model.PageDto>,org.apache.commons.beanutils.BeanComparator
[WARNING] /workspace/source/src/main/java/org/entando/entando/aps/******/services/page/PageService.java:[803,37] unchecked conversion
  required: java.util.Comparator<? super T>
  found:    org.apache.commons.beanutils.BeanComparator
[WARNING] /workspace/source/src/main/java/com/agiletec/aps/******/services/authorization/AuthorizationManager.java:[133,64] unchecked cast
  required: java.util.List<com.agiletec.aps.******.services.authorization.IApsAuthority>
  found:    java.util.List
[WARNING] /workspace/source/src/main/java/com/agiletec/aps/******/services/authorization/AuthorizationManager.java:[161,32] unchecked call to add(E) as a member of the raw type java.util.List
[WARNING] /workspace/source/src/main/java/com/agiletec/aps/******/services/authorization/AuthorizationManager.java:[167,36] unchecked call to add(E) as a member of the raw type java.util.List
[WARNING] /workspace/source/src/main/java/com/agiletec/aps/******/services/authorization/AuthorizationManager.java:[186,42] unchecked conversion
  required: java.util.List<com.agiletec.aps.******.services.role.Role>
  found:    java.util.List
[WARNING] /workspace/source/src/main/java/com/agiletec/aps/******/services/authorization/AuthorizationManager.java:[233,51] unchecked conversion
  required: java.util.List<com.agiletec.aps.******.services.authorization.IApsAuthority>
  found:    java.util.List
[WARNING] /workspace/source/src/main/java/com/agiletec/aps/******/services/authorization/AuthorizationManager.java:[250,72] unchecked conversion
  required: java.util.List<com.agiletec.aps.******.services.authorization.IApsAuthority>
  found:    java.util.List
[WARNING] /workspace/source/src/main/java/com/agiletec/aps/******/services/authorization/AuthorizationManager.java:[286,29] unchecked call to addAll(java.util.Collection<? extends E>) as a member of the raw type java.util.List
[WARNING] /workspace/source/src/main/java/com/agiletec/aps/******/services/authorization/AuthorizationManager.java:[330,42] unchecked conversion
  required: java.util.List<com.agiletec.aps.******.services.authorization.IApsAuthority>
  found:    java.util.List
[WARNING] /workspace/source/src/main/java/com/agiletec/aps/******/services/authorization/AuthorizationManager.java:[335,42] unchecked conversion
  required: java.util.List<com.agiletec.aps.******.services.role.Role>
  found:    java.util.List
[WARNING] /workspace/source/src/main/java/com/agiletec/aps/******/services/authorization/AuthorizationManager.java:[345,42] unchecked conversion
  required: java.util.List<com.agiletec.aps.******.services.authorization.IApsAuthority>
  found:    java.util.List
[WARNING] /workspace/source/src/main/java/com/agiletec/aps/******/services/authorization/AuthorizationManager.java:[350,42] unchecked conversion
  required: java.util.List<com.agiletec.aps.******.services.group.Group>
  found:    java.util.List
[WARNING] /workspace/source/src/main/java/com/agiletec/aps/******/services/authorization/AuthorizationManager.java:[472,82] unchecked cast
  required: java.util.Map<java.lang.String,com.agiletec.aps.******.services.group.Group>
  found:    java.util.Map
[WARNING] /workspace/source/src/main/java/com/agiletec/aps/******/services/authorization/AuthorizationManager.java:[473,79] unchecked cast
  required: java.util.Map<java.lang.String,com.agiletec.aps.******.services.role.Role>
  found:    java.util.Map
[WARNING] /workspace/source/src/main/java/org/entando/entando/aps/******/services/dataobject/widget/UserFilterOptionBean.java:[255,26] unchecked call to EntitySearchFilter(java.lang.String,boolean,T,boolean) as a member of the raw type com.agiletec.aps.******.common.entity.model.EntitySearchFilter
[WARNING] /workspace/source/src/main/java/org/entando/entando/aps/******/services/dataobject/widget/UserFilterOptionBean.java:[264,26] unchecked call to EntitySearchFilter(java.lang.String,boolean,T,T) as a member of the raw type com.agiletec.aps.******.common.entity.model.EntitySearchFilter
[WARNING] /workspace/source/src/main/java/org/entando/entando/aps/******/services/dataobject/widget/UserFilterOptionBean.java:[275,30] unchecked call to EntitySearchFilter(java.lang.String,boolean,T,boolean) as a member of the raw type com.agiletec.aps.******.common.entity.model.EntitySearchFilter
[WARNING] /workspace/source/src/main/java/org/entando/entando/aps/******/services/dataobject/widget/UserFilterOptionBean.java:[292,26] unchecked call to EntitySearchFilter(java.lang.String,boolean,T,T) as a member of the raw type com.agiletec.aps.******.common.entity.model.EntitySearchFilter
[WARNING] /workspace/source/src/main/java/org/entando/entando/aps/******/services/dataobject/widget/UserFilterOptionBean.java:[322,26] unchecked call to SearchEngineFilter(java.lang.String,T,org.entando.entando.aps.******.services.searchengine.SearchEngineFilter.TextSearchOption) as a member of the raw type org.entando.entando.aps.******.services.searchengine.SearchEngineFilter
[WARNING] /workspace/source/src/main/java/org/entando/entando/aps/******/services/dataobject/widget/UserFilterOptionBean.java:[324,26] unchecked call to SearchEngineFilter(java.lang.String,T,org.entando.entando.aps.******.services.searchengine.SearchEngineFilter.TextSearchOption) as a member of the raw type org.entando.entando.aps.******.services.searchengine.SearchEngineFilter
[WARNING] /workspace/source/src/main/java/org/entando/entando/aps/******/services/dataobject/widget/UserFilterOptionBean.java:[329,26] unchecked call to SearchEngineFilter(java.lang.String,T,org.entando.entando.aps.******.services.searchengine.SearchEngineFilter.TextSearchOption) as a member of the raw type org.entando.entando.aps.******.services.searchengine.SearchEngineFilter
[WARNING] /workspace/source/src/main/java/org/entando/entando/aps/******/services/dataobject/widget/UserFilterOptionBean.java:[344,26] unchecked call to SearchEngineFilter(java.lang.String,T,T) as a member of the raw type org.entando.entando.aps.******.services.searchengine.SearchEngineFilter
[WARNING] /workspace/source/src/main/java/org/entando/entando/aps/******/services/dataobject/widget/UserFilterOptionBean.java:[347,26] unchecked call to SearchEngineFilter(java.lang.String,T,org.entando.entando.aps.******.services.searchengine.SearchEngineFilter.TextSearchOption) as a member of the raw type org.entando.entando.aps.******.services.searchengine.SearchEngineFilter
[WARNING] /workspace/source/src/main/java/org/entando/entando/aps/******/services/dataobject/widget/UserFilterOptionBean.java:[362,26] unchecked call to SearchEngineFilter(java.lang.String,T,T) as a member of the raw type org.entando.entando.aps.******.services.searchengine.SearchEngineFilter
[WARNING] /workspace/source/src/main/java/org/entando/entando/aps/******/services/api/response/ServicesResponseResult.java:[37,73] unchecked cast
  required: java.util.Collection<org.entando.entando.aps.******.services.api.model.ServiceInfo>
  found:    java.lang.Object
[WARNING] /workspace/source/src/main/java/org/entando/entando/aps/******/services/api/response/ServicesResponseResult.java:[38,68] unchecked call to ListResponse(java.util.List<T>) as a member of the raw type org.entando.entando.aps.******.services.api.model.ListResponse
[WARNING] /workspace/source/src/main/java/org/entando/entando/aps/******/services/api/ServiceExtraConfigDOM.java:[53,85] unchecked conversion
  required: java.util.List<org.jdom.Element>
  found:    java.util.List
[WARNING] /workspace/source/src/main/java/org/entando/entando/aps/******/services/entity/AbstractEntityTypeService.java:[152,60] unchecked cast
  required: I
  found:    com.agiletec.aps.******.common.entity.model.IApsEntity
[INFO] 100 warnings 
[INFO] -------------------------------------------------------------
[INFO] -------------------------------------------------------------
[ERROR] COMPILATION ERROR : 
[INFO] -------------------------------------------------------------
[ERROR] /workspace/source/src/main/java/com/agiletec/aps/util/CoreLogging.java:[986,124] unreachable statement
[INFO] 1 error
[INFO] -------------------------------------------------------------
[INFO] 
[INFO] ------------------------------------------------------------------------
[INFO] Skipping Entando Core: Engine
[INFO] This project has been banned from the build due to previous failures.
[INFO] ------------------------------------------------------------------------
[INFO] ------------------------------------------------------------------------
[INFO] BUILD FAILURE
[INFO] ------------------------------------------------------------------------
[INFO] Total time:  26.532 s
[INFO] Finished at: 2020-09-06T00:02:42Z
[INFO] ------------------------------------------------------------------------
[ERROR] Failed to e**cute goal org.apache.maven.plugins:maven-compiler-plugin:3.8.1:compile (default-compile) on project entando-engine: Compilation failure
[ERROR] /workspace/source/src/main/java/com/agiletec/aps/util/CoreLogging.java:[986,124] unreachable statement
[ERROR] 
[ERROR] -> [Help 1]
[ERROR] 
[ERROR] To see the full stack trace of the errors, re-run Maven with the -e switch.
[ERROR] Re-run Maven using the -X switch to enable full debug logging.
[ERROR] 
[ERROR] For more information about the errors and possible solutions, please read the following articles:
[ERROR] [Help 1] http://cwiki.apache.org/confluence/display/MAVEN/MojoFailureException
shallow cloning https://github.com/entando-k8s/devops-results.git branch gh-pages
ran git init in /tmp/jenkins-x-collect355817901
ran git add remote origin https://github.com/entando-k8s/devops-results.git in /tmp/jenkins-x-collect355817901
ran git fetch origin --depth=1 gh-pages in dir /tmp/jenkins-x-collect355817901
No pre-deployment test results found for entando-engine-PR-34.
  % Total    % Received % Xferd  Average Speed   Time    Time     Time  Current
                                 Dload  Upload   Total   Spent    Left  Speed
  0     0    0     0    0     0      0      0 --:--:-- --:--:-- --:--:--     0 11  1827    0     0  100   206      0    338 --:--:-- --:--:-- --:--:--   338100  1827  100  1621  100   206   2661    338 --:--:-- --:--:-- --:--:--  2661
{
  "url": "https://api.github.com/repos/entando/entando-engine/statuses/20f5e45a950f1290919aaa6cddf1496c5c9c806b",
  "avatar_url": "https://avatars2.githubusercontent.com/u/57885396?v=4",
  "id": 10686128801,
  "node_id": "MDEzOlN0YXR1c0NvbnRleHQxMDY4NjEyODgwMQ==",
  "state": "failure",
  "description": "Pre-deployment tests failure!",
  "target_url": "https://entando-k8s.github.io/devops-results/entando-engine/PR-34/surefire-report.html",
  "context": "Pre-deployment tests",
  "created_at": "2020-09-06T00:04:19Z",
  "updated_at": "2020-09-06T00:04:19Z",
  "creator": {
    "login": "**********",
    "id": 57885396,
    "node_id": "MDQ6VXNlcjU3ODg1Mzk2",
    "avatar_url": "https://avatars2.githubusercontent.com/u/57885396?v=4",
    "gravatar_id": "",
    "url": "https://api.github.com/users/**********",
    "html_url": "https://github.com/**********",
    "followers_url": "https://api.github.com/users/**********/followers",
    "following_url": "https://api.github.com/users/**********/following{/other_user}",
    "gists_url": "https://api.github.com/users/**********/gists{/gist_id}",
    "starred_url": "https://api.github.com/users/**********/starred{/owner}{/repo}",
    "subscriptions_url": "https://api.github.com/users/**********/subscriptions",
    "organizations_url": "https://api.github.com/users/**********/orgs",
    "repos_url": "https://api.github.com/users/**********/repos",
    "events_url": "https://api.github.com/users/**********/events{/privacy}",
    "received_events_url": "https://api.github.com/users/**********/received_events",
    "type": "User",
    "site_*****": false
  }
}
OWASP has found dependencies with vulnerabilities for entando-engine-PR-34.
  % Total    % Received % Xferd  Average Speed   Time    Time     Time  Current
                                 Dload  Upload   Total   Spent    Left  Speed
{
  "url": "https://api.github.com/repos/entando/entando-engine/statuses/20f5e45a950f1290919aaa6cddf1496c5c9c806b",
  "avatar_url": "https://avatars2.githubusercontent.com/u/57885396?v=4",
  "id": 10686128834,
  "node_id": "MDEzOlN0YXR1c0NvbnRleHQxMDY4NjEyODgzNA==",
  "state": "failure",
  "description": "OWASP CVE failure!",
  "target_url": "https://entando-k8s.github.io/devops-results/entando-engine/PR-34/dependency-check-report.html",
  "context": "OWASP CVE",
  "created_at": "2020-09-06T00:04:20Z",
  "updated_at": "2020-09-06T00:04:20Z",
  "creator": {
    "login": "**********",
    "id": 57885396,
    "node_id": "MDQ6VXNlcjU3ODg1Mzk2",
    "avatar_url": "https://avatars2.githubusercontent.com/u/57885396?v=4",
    "gravatar_id": "",
    "url": "https://api.github.com/users/**********",
    "html_url": "https://github.com/**********",
    "followers_url": "https://api.github.com/users/**********/followers",
    "following_url": "https://api.github.com/users/**********/following{/other_user}",
    "gists_url": "https://api.github.com/users/**********/gists{/gist_id}",
    "starred_url": "https://api.github.com/users/**********/starred{/owner}{/repo}",
    "subscriptions_url": "https://api.github.com/users/**********/subscriptions",
    "organizations_url": "https://api.github.com/users/**********/orgs",
    "repos_url": "https://api.github.com/users/**********/repos",
    "events_url": "https://api.github.com/users/**********/events{/privacy}",
    "received_events_url": "https://api.github.com/users/**********/received_events",
    "type": "User",
    "site_*****": false
  }
}
  0     0    0     0    0     0      0      0 --:--:-- --:--:-- --:--:--     0 10  1799    0     0  100   192      0    301 --:--:-- --:--:-- --:--:--   300100  1799  100  1607  100   192   2518    300 --:--:-- --:--:-- --:--:--  2518
The following checks failed: for entando-engine-PR-34 : Pre-deployment tests; OWASP Maven Dependency Check; 
[31m
Pipeline failed on stage 'from-build-pack' : container 'step-build-mvn-verify-pr'. The execution of the pipeline has stopped.[0m
