
Showing logs for build [32mentando-entando-core-parent-pr-jrcf2-1[0m stage [32mfrom-build-pack[0m and container [32mstep-credential-initializer-pvzvm[0m
{"level":"warn","ts":1601998050.9005878,"logger":"fallback-logger","caller":"logging/config.go:69","msg":"Fetch GitHub commit ID from kodata failed: \"ref: refs/heads/0.8.0-**-support-backwards-incompats\" is not a valid GitHub commit ID"}
{"level":"info","ts":1601998050.9054618,"logger":"fallback-logger","caller":"creds-init/main.go:40","msg":"Credentials initialized."}

Showing logs for build [32mentando-entando-core-parent-pr-jrcf2-1[0m stage [32mfrom-build-pack[0m and container [32mstep-working-dir-initializer-4pqjr[0m
{"level":"warn","ts":1601998053.0489333,"logger":"fallback-logger","caller":"logging/config.go:69","msg":"Fetch GitHub commit ID from kodata failed: open /var/run/ko/HEAD: no such file or directory"}
{"level":"info","ts":1601998053.059373,"logger":"fallback-logger","caller":"bash/main.go:64","msg":"Successfully e**cuted command \"sh -c mkdir -p /workspace/source\"; output "}

Showing logs for build [32mentando-entando-core-parent-pr-jrcf2-1[0m stage [32mfrom-build-pack[0m and container [32mstep-place-tools[0m

Showing logs for build [32mentando-entando-core-parent-pr-jrcf2-1[0m stage [32mfrom-build-pack[0m and container [32mstep-git-source-entando-entando-core-parent-pr-x8njg[0m
{"level":"warn","ts":1601998072.8585188,"logger":"fallback-logger","caller":"logging/config.go:69","msg":"Fetch GitHub commit ID from kodata failed: \"ref: refs/heads/0.8.0-**-support-backwards-incompats\" is not a valid GitHub commit ID"}
{"level":"info","ts":1601998074.016042,"logger":"fallback-logger","caller":"git/git.go:103","msg":"Successfully cloned https://github.com/entando/entando-core-parent.git @ master in path /workspace/source"}

Showing logs for build [32mentando-entando-core-parent-pr-jrcf2-1[0m stage [32mfrom-build-pack[0m and container [32mstep-git-merge[0m
Using SHAs from PULL_REFS=master:2aad6e983a506e4d5caeb9152953379116087ebf,5:e5f5db30aff259ea22fba027f1dfe24c1715fb3e
DEBUG: ran git fetch --unshallow origin e5f5db30aff259ea22fba027f1dfe24c1715fb3e: 2aad6e983a506e4d5caeb9152953379116087ebf: in 
DEBUG: ran git checkout master in 
DEBUG: ran git reset --hard 2aad6e983a506e4d5caeb9152953379116087ebf in 
DEBUG: ran clean --force -d . in 
DEBUG: ran git merge e5f5db30aff259ea22fba027f1dfe24c1715fb3e in 
Merged SHA e5f5db30aff259ea22fba027f1dfe24c1715fb3e with commit message 'Update pom.xml' into base branch master

Showing logs for build [32mentando-entando-core-parent-pr-jrcf2-1[0m stage [32mfrom-build-pack[0m and container [32mstep-build-set-version[0m
Picked up _JAVA_OPTIONS: -XX:+UnlockExperimentalVMOptions -Dsun.zip.disableMemoryMapping=true -XX:+UseParallelGC -XX:MinHeapFreeRatio=5 -XX:MaxHeapFreeRatio=10 -XX:GCTimeRatio=4 -XX:AdaptiveSizePolicyWeight=90 -Xms10m -Xmx8000m
[INFO] Scanning for projects...
[INFO] 
[INFO] ------------------< org.entando:entando-core-parent >-------------------
[INFO] Building Entando Core Maven Parent POM 6.2.14
[INFO] --------------------------------[ pom ]---------------------------------
[INFO] 
[INFO] --- versions-maven-plugin:2.8.1:set (default-cli) @ entando-core-parent ---
[INFO] Local aggregation ****: /workspace/source
[INFO] Processing change of org.entando:entando-core-parent:6.2.14 -> 0.0.0-SNAPSHOT-PR-5-1
[INFO] Processing org.entando:entando-core-parent
[INFO]     Updating project org.entando:entando-core-parent
[INFO]         from version 6.2.14 to 0.0.0-SNAPSHOT-PR-5-1
[INFO] 
[INFO] ------------------------------------------------------------------------
[INFO] BUILD SUCCESS
[INFO] ------------------------------------------------------------------------
[INFO] Total time:  ***13 s
[INFO] Finished at: 2020-10-06T15:28:07Z
[INFO] ------------------------------------------------------------------------

Showing logs for build [32mentando-entando-core-parent-pr-jrcf2-1[0m stage [32mfrom-build-pack[0m and container [32mstep-build-mvn-verify[0m
Picked up _JAVA_OPTIONS: -XX:+UnlockExperimentalVMOptions -Dsun.zip.disableMemoryMapping=true -XX:+UseParallelGC -XX:MinHeapFreeRatio=5 -XX:MaxHeapFreeRatio=10 -XX:GCTimeRatio=4 -XX:AdaptiveSizePolicyWeight=90 -Xms10m -Xmx8000m
[INFO] Scanning for projects...
[INFO] 
[INFO] ------------------< org.entando:entando-core-parent >-------------------
[INFO] Building Entando Core Maven Parent POM 0.0.0-SNAPSHOT-PR-5-1
[INFO] --------------------------------[ pom ]---------------------------------
[INFO] 
[INFO] --- maven-clean-plugin:2.5:clean (default-clean) @ entando-core-parent ---
[INFO] 
[INFO] --- maven-resources-plugin:2.5:copy-resources (copy-resources-test) @ entando-core-parent ---
[debug] e**cute contextualize
[INFO] Using 'UTF-8' encoding to copy filtered resources.
[INFO] skip non existing resourceDirectory /workspace/source/src/test/config
[INFO] 
[INFO] --- maven-resources-plugin:2.5:copy-resources (copy-resources-file-test-) @ entando-core-parent ---
[debug] e**cute contextualize
[INFO] Using 'UTF-8' encoding to copy filtered resources.
[INFO] skip non existing resourceDirectory /workspace/source/src/test/config
[INFO] 
[INFO] --- maven-surefire-report-plugin:3.0.0-M4:failsafe-report-only (integration-tests) @ entando-core-parent ---
[INFO] 
[INFO] --- maven-surefire-report-plugin:3.0.0-M4:report-only (unit-tests) @ entando-core-parent ---
[WARNING] Unable to locate Test Source XRef to link to - DISABLED
[INFO] ------------------------------------------------------------------------
[INFO] BUILD SUCCESS
[INFO] ------------------------------------------------------------------------
[INFO] Total time:  4.555 s
[INFO] Finished at: 2020-10-06T15:28:15Z
[INFO] ------------------------------------------------------------------------
