
Showing logs for build [32mentando-entando-plugin-jpseo-pr-5bw7f-3[0m stage [32mfrom-build-pack[0m and container [32mstep-credential-initializer-wjvfm[0m
{"level":"warn","ts":1602604613.1880906,"logger":"fallback-logger","caller":"logging/config.go:69","msg":"Fetch GitHub commit ID from kodata failed: \"ref: refs/heads/0.8.0-**-support-backwards-incompats\" is not a valid GitHub commit ID"}
{"level":"info","ts":1602604613.1956596,"logger":"fallback-logger","caller":"creds-init/main.go:40","msg":"Credentials initialized."}

Showing logs for build [32mentando-entando-plugin-jpseo-pr-5bw7f-3[0m stage [32mfrom-build-pack[0m and container [32mstep-working-dir-initializer-v29wl[0m
{"level":"warn","ts":1602604615.4755614,"logger":"fallback-logger","caller":"logging/config.go:69","msg":"Fetch GitHub commit ID from kodata failed: open /var/run/ko/HEAD: no such file or directory"}
{"level":"info","ts":1602604615.4944756,"logger":"fallback-logger","caller":"bash/main.go:64","msg":"Successfully e**cuted command \"sh -c mkdir -p /workspace/source\"; output "}

Showing logs for build [32mentando-entando-plugin-jpseo-pr-5bw7f-3[0m stage [32mfrom-build-pack[0m and container [32mstep-place-tools[0m

Showing logs for build [32mentando-entando-plugin-jpseo-pr-5bw7f-3[0m stage [32mfrom-build-pack[0m and container [32mstep-git-source-entando-entando-plugin-jpseo-pr-nb46s[0m
{"level":"warn","ts":1602604641.2805698,"logger":"fallback-logger","caller":"logging/config.go:69","msg":"Fetch GitHub commit ID from kodata failed: \"ref: refs/heads/0.8.0-**-support-backwards-incompats\" is not a valid GitHub commit ID"}
{"level":"info","ts":1602604642.9508712,"logger":"fallback-logger","caller":"git/git.go:103","msg":"Successfully cloned https://github.com/entando/entando-plugin-jpseo.git @ master in path /workspace/source"}

Showing logs for build [32mentando-entando-plugin-jpseo-pr-5bw7f-3[0m stage [32mfrom-build-pack[0m and container [32mstep-git-merge[0m
Using SHAs from PULL_REFS=master:68f6e17a12b1483fa76e3454b9ca08e2bf0558d3,16:93bbf334d81d2fd16962227e2a583327e0db24ac
DEBUG: ran git fetch --unshallow origin 93bbf334d81d2fd16962227e2a583327e0db24ac: 68f6e17a12b1483fa76e3454b9ca08e2bf0558d3: in 
DEBUG: ran git checkout master in 
DEBUG: ran git reset --hard 68f6e17a12b1483fa76e3454b9ca08e2bf0558d3 in 
DEBUG: ran clean --force -d . in 
DEBUG: ran git merge 93bbf334d81d2fd16962227e2a583327e0db24ac in 
Merged SHA 93bbf334d81d2fd16962227e2a583327e0db24ac with commit message 'ENG-1180: Removed cache release from init method' into base branch master

Showing logs for build [32mentando-entando-plugin-jpseo-pr-5bw7f-3[0m stage [32mfrom-build-pack[0m and container [32mstep-build-set-version[0m
Picked up _JAVA_OPTIONS: -XX:+UnlockExperimentalVMOptions -Dsun.zip.disableMemoryMapping=true -XX:+UseParallelGC -XX:MinHeapFreeRatio=5 -XX:MaxHeapFreeRatio=10 -XX:GCTimeRatio=4 -XX:AdaptiveSizePolicyWeight=90 -Xms10m -Xmx8000m
[INFO] Scanning for projects...
[INFO] 
[INFO] ----------< org.entando.entando.plugins:entando-plugin-jpseo >----------
[INFO] Building Entando Plugin: SEO 6.2.0-SNAPSHOT
[INFO] --------------------------------[ war ]---------------------------------
[INFO] 
[INFO] --- versions-maven-plugin:2.8.1:set (default-cli) @ entando-plugin-jpseo ---
[INFO] Local aggregation ****: /workspace/source
[INFO] Processing change of org.entando.entando.plugins:entando-plugin-jpseo:6.2.0-SNAPSHOT -> 0.0.0-SNAPSHOT-PR-16-3
[INFO] Processing org.entando.entando.plugins:entando-plugin-jpseo
[INFO]     Updating project org.entando.entando.plugins:entando-plugin-jpseo
[INFO]         from version 6.2.0-SNAPSHOT to 0.0.0-SNAPSHOT-PR-16-3
[INFO] 
[INFO] ------------------------------------------------------------------------
[INFO] BUILD SUCCESS
[INFO] ------------------------------------------------------------------------
[INFO] Total time:  11.135 s
[INFO] Finished at: 2020-10-13T15:57:38Z
[INFO] ------------------------------------------------------------------------

Showing logs for build [32mentando-entando-plugin-jpseo-pr-5bw7f-3[0m stage [32mfrom-build-pack[0m and container [32mstep-build-fix-git-for-sonar[0m
Switched to a new branch 'PR-16'
M	pom.xml
Deleted branch master (was 93bbf33).
From https://github.com/entando/entando-plugin-jpseo
 * [new branch]      master            -> master
 * [new tag]         pia-crs4          -> pia-crs4
 * [new tag]         v6.2.0-sprint1-rc -> v6.2.0-sprint1-rc
 * [new tag]         v6.2.0-sprint2-rc -> v6.2.0-sprint2-rc
 * [new tag]         v6.2.0-sprint3-rc -> v6.2.0-sprint3-rc
 * [new tag]         v6.2.0-sprint4-rc -> v6.2.0-sprint4-rc
 * [new tag]         v6.2.0-sprint5-rc -> v6.2.0-sprint5-rc

Showing logs for build [32mentando-entando-plugin-jpseo-pr-5bw7f-3[0m stage [32mfrom-build-pack[0m and container [32mstep-build-mvn-verify-pr[0m
  % Total    % Received % Xferd  Average Speed   Time    Time     Time  Current
                                 Dload  Upload   Total   Spent    Left  Speed
  0     0    0     0    0     0      0      0 --:--:-- --:--:-- --:--:--     0100  1845  100  1633  100   212   2187    283 --:--:-- --:--:-- --:--:--  2200
{
  "url": "https://api.github.com/repos/entando/entando-plugin-jpseo/statuses/93bbf334d81d2fd16962227e2a583327e0db24ac",
  "avatar_url": "https://avatars2.githubusercontent.com/u/57885396?v=4",
  "id": 11036587478,
  "node_id": "MDEzOlN0YXR1c0NvbnRleHQxMTAzNjU4NzQ3OA==",
  "state": "pending",
  "description": "Pre-deployment tests pending!",
  "target_url": "https://entando-k8s.github.io/devops-results/entando-plugin-jpseo/PR-16/surefire-report.html",
  "context": "Pre-deployment tests",
  "created_at": "2020-10-13T15:57:41Z",
  "updated_at": "2020-10-13T15:57:41Z",
  "creator": {
    "login": "entando-**",
    "id": 57885396,
    "node_id": "MDQ6VXNlcjU3ODg1Mzk2",
    "avatar_url": "https://avatars2.githubusercontent.com/u/57885396?v=4",
    "gravatar_id": "",
    "url": "https://api.github.com/users/entando-**",
    "html_url": "https://github.com/entando-**",
    "followers_url": "https://api.github.com/users/entando-**/followers",
    "following_url": "https://api.github.com/users/entando-**/following{/other_user}",
    "gists_url": "https://api.github.com/users/entando-**/gists{/gist_id}",
    "starred_url": "https://api.github.com/users/entando-**/starred{/owner}{/repo}",
    "subscriptions_url": "https://api.github.com/users/entando-**/subscriptions",
    "organizations_url": "https://api.github.com/users/**********/orgs",
    "repos_url": "https://api.github.com/users/**********/repos",
    "events_url": "https://api.github.com/users/entando-**/events{/privacy}",
    "received_events_url": "https://api.github.com/users/entando-**/received_events",
    "type": "User",
    "site_*****": *****
  }
}
  % Total    % Received % Xferd  Average Speed   Time    Time     Time  Current
                                 Dload  Upload   Total   Spent    Left  Speed
{
  "url": "https://api.github.com/repos/entando/entando-plugin-jpseo/statuses/93bbf334d81d2fd16962227e2a583327e0db24ac",
  "avatar_url": "https://avatars2.githubusercontent.com/u/57885396?v=4",
  "id": 11036587622,
  "node_id": "MDEzOlN0YXR1c0NvbnRleHQxMTAzNjU4NzYyMg==",
  "state": "pending",
  "description": "OWASP CVE pending!",
  "target_url": "https://entando-k8s.github.io/devops-results/entando-plugin-jpseo/PR-16/dependency-check-report.html",
  "context": "OWASP CVE",
  "created_at": "2020-10-13T15:57:41Z",
  "updated_at": "2020-10-13T15:57:41Z",
  "creator": {
    "login": "entando-**",
    "id": 57885396,
    "node_id": "MDQ6VXNlcjU3ODg1Mzk2",
    "avatar_url": "https://avatars2.githubusercontent.com/u/57885396?v=4",
    "gravatar_id": "",
    "url": "https://api.github.com/users/entando-**",
    "html_url": "https://github.com/entando-**",
    "followers_url": "https://api.github.com/users/entando-**/followers",
    "following_url": "https://api.github.com/users/entando-**/following{/other_user}",
    "gists_url": "https://api.github.com/users/entando-**/gists{/gist_id}",
    "starred_url": "https://api.github.com/users/entando-**/starred{/owner}{/repo}",
    "subscriptions_url": "https://api.github.com/users/entando-**/subscriptions",
    "organizations_url": "https://api.github.com/users/entando-**/orgs",
    "repos_url": "https://api.github.com/users/**********/repos",
    "events_url": "https://api.github.com/users/entando-**/events{/privacy}",
    "received_events_url": "https://api.github.com/users/entando-**/received_events",
    "type": "User",
    "site_*****": *****
  }
}
  0     0    0     0    0     0      0      0 --:--:-- --:--:-- --:--:--     0  0     0    0     0    0     0      0      0 --:--:-- --:--:-- --:--:--     0100  1817  100  1619  100   198   2576    315 --:--:-- --:--:-- --:--:--  2586
Picked up _JAVA_OPTIONS: -XX:+UnlockExperimentalVMOptions -Dsun.zip.disableMemoryMapping=true -XX:+UseParallelGC -XX:MinHeapFreeRatio=5 -XX:MaxHeapFreeRatio=10 -XX:GCTimeRatio=4 -XX:AdaptiveSizePolicyWeight=90 -Xms10m -Xmx8000m
[INFO] Scanning for projects...
[INFO] 
[INFO] ----------< org.entando.entando.plugins:entando-plugin-jpseo >----------
[INFO] Building Entando Plugin: SEO 0.0.0-SNAPSHOT-PR-16-3
[INFO] --------------------------------[ war ]---------------------------------
[WARNING] The POM for com.sun.xml.bind:jaxb-impl:jar:2.2.11 is invalid, transitive dependencies (if any) will not be available, enable debug logging for more details
[INFO] 
[INFO] --- maven-checkstyle-plugin:3.1.1:check (validate) @ entando-plugin-jpseo ---
[INFO] 
[INFO] --- maven-checkstyle-plugin:3.1.1:checkstyle (validate) @ entando-plugin-jpseo ---
[INFO] 
[INFO] --- jacoco-maven-plugin:0.8.5:prepare-agent (prepare-agent) @ entando-plugin-jpseo ---
[INFO] argLine set to -javaagent:/home/jenkins/.mvnrepository/org/jacoco/org.jacoco.agent/0.8.5/org.jacoco.agent-0.8.5-runtime.jar=destfile=/workspace/source/target/jacoco.e**c
[INFO] 
[INFO] --- maven-resources-plugin:2.5:resources (default-resources) @ entando-plugin-jpseo ---
[debug] e**cute contextualize
[INFO] Using 'UTF-8' encoding to copy filtered resources.
[INFO] Copying 12 resources
[INFO] Copying 1 resource
[INFO] Copying 5 resources
[INFO] Copying 8 resources
[INFO] Copying 2 resources to META-INF
[INFO] 
[INFO] --- maven-compiler-plugin:3.8.1:compile (default-compile) @ entando-plugin-jpseo ---
[INFO] Changes detected - recompiling the module!
[INFO] Compiling 50 source files to /workspace/source/target/classes
[INFO] /workspace/source/src/main/java/org/entando/entando/plugins/jpseo/aps/******/services/mapping/SeoMappingManager.java: Some input files use or override a deprecated API.
[INFO] /workspace/source/src/main/java/org/entando/entando/plugins/jpseo/aps/******/services/mapping/SeoMappingManager.java: Recompile with -Xlint:deprecation for details.
[INFO] -------------------------------------------------------------
[WARNING] COMPILATION WARNING : 
[INFO] -------------------------------------------------------------
[WARNING] /workspace/source/src/main/java/org/entando/entando/plugins/jpseo/aps/******/services/mapping/SeoMappingManager.java:[157,44] unchecked call to FieldSearchFilter(java.lang.String,T,boolean) as a member of the raw type com.agiletec.aps.******.common.FieldSearchFilter
[WARNING] /workspace/source/src/main/java/org/entando/entando/plugins/jpseo/aps/******/services/mapping/SeoMappingManager.java:[158,44] unchecked call to FieldSearchFilter(java.lang.String,T,boolean) as a member of the raw type com.agiletec.aps.******.common.FieldSearchFilter
[WARNING] /workspace/source/src/main/java/org/entando/entando/plugins/jpseo/aps/******/services/page/SeoPageExtraConfigDOM.java:[92,73] unchecked conversion
  required: java.util.List<org.jdom.Element>
  found:    java.util.List
[WARNING] /workspace/source/src/main/java/org/entando/entando/plugins/jpseo/aps/******/services/page/SeoPageExtraConfigDOM.java:[100,65] unchecked conversion
  required: java.util.List<org.jdom.Element>
  found:    java.util.List
[WARNING] /workspace/source/src/main/java/org/entando/entando/plugins/jpseo/aps/******/services/page/SeoPageExtraConfigDOM.java:[122,66] unchecked conversion
  required: java.util.List<org.jdom.Element>
  found:    java.util.List
[WARNING] /workspace/source/src/main/java/org/entando/entando/plugins/jpseo/aps/******/services/page/SeoPageExtraConfigDOM.java:[186,70] unchecked conversion
  required: java.util.List<org.jdom.Element>
  found:    java.util.List
[WARNING] /workspace/source/src/main/java/org/entando/entando/plugins/jpseo/aps/******/services/page/SeoPageExtraConfigDOM.java:[203,70] unchecked conversion
  required: java.util.List<org.jdom.Element>
  found:    java.util.List
[WARNING] /workspace/source/src/main/java/org/entando/entando/plugins/jpseo/aps/******/services/page/SeoPageService.java:[270,62] unchecked conversion
  required: java.util.Map<java.lang.String,java.util.Map<java.lang.String,org.entando.entando.plugins.jpseo.aps.******.services.page.PageMetatag>>
  found:    java.util.HashMap
[WARNING] /workspace/source/src/main/java/org/entando/entando/plugins/jpseo/aps/******/services/mapping/cache/SeoMappingCacheWrapper.java:[86,61] unchecked cast
  required: java.util.List<java.lang.String>
  found:    java.util.List
[WARNING] /workspace/source/src/main/java/org/entando/entando/plugins/jpseo/aps/******/services/mapping/cache/SeoMappingCacheWrapper.java:[96,56] unchecked cast
  required: java.util.List<java.lang.String>
  found:    java.util.List
[WARNING] /workspace/source/src/main/java/org/entando/entando/plugins/jpseo/aps/tags/SiteMapTag.java:[90,44] unchecked call to FieldSearchFilter(java.lang.String,T,boolean) as a member of the raw type com.agiletec.aps.******.common.FieldSearchFilter
[WARNING] /workspace/source/src/main/java/org/entando/entando/plugins/jpseo/aps/******/services/url/URLManager.java:[73,38] unchecked method invocation: method createURL in class com.agiletec.aps.******.services.url.URLManager is applied to given types
  required: com.agiletec.aps.******.services.page.IPage,com.agiletec.aps.******.services.lang.Lang,java.util.Map<java.lang.String,java.lang.String>,boolean,javax.servlet.http.HttpServletRequest
  found: com.agiletec.aps.******.services.page.IPage,com.agiletec.aps.******.services.lang.Lang,java.util.Map,boolean,javax.servlet.http.HttpServletRequest
[WARNING] /workspace/source/src/main/java/org/entando/entando/plugins/jpseo/aps/******/services/url/URLManager.java:[73,72] unchecked conversion
  required: java.util.Map<java.lang.String,java.lang.String>
  found:    java.util.Map
[WARNING] /workspace/source/src/main/java/org/entando/entando/plugins/jpseo/aps/******/services/url/URLManager.java:[75,45] unchecked method invocation: method createFriendlyUrl in class org.entando.entando.plugins.jpseo.aps.******.services.url.URLManager is applied to given types
  required: java.lang.String,com.agiletec.aps.******.services.lang.Lang,java.util.Map<java.lang.String,java.lang.String>,boolean,javax.servlet.http.HttpServletRequest
  found: java.lang.String,com.agiletec.aps.******.services.lang.Lang,java.util.Map,boolean,javax.servlet.http.HttpServletRequest
[WARNING] /workspace/source/src/main/java/org/entando/entando/plugins/jpseo/aps/******/services/url/URLManager.java:[75,83] unchecked conversion
  required: java.util.Map<java.lang.String,java.lang.String>
  found:    java.util.Map
[WARNING] /workspace/source/src/main/java/org/entando/entando/plugins/jpseo/aps/******/services/metatag/MetatagDOM.java:[44,83] unchecked conversion
  required: java.util.List<org.jdom.Element>
  found:    java.util.List
[WARNING] /workspace/source/src/main/java/org/entando/entando/plugins/jpseo/aps/******/sitemap/SitemapAction.java:[109,44] unchecked call to FieldSearchFilter(java.lang.String,T,boolean) as a member of the raw type com.agiletec.aps.******.common.FieldSearchFilter
[INFO] 17 warnings 
[INFO] -------------------------------------------------------------
[INFO] -------------------------------------------------------------
[ERROR] COMPILATION ERROR : 
[INFO] -------------------------------------------------------------
[ERROR] /workspace/source/src/main/java/org/entando/entando/plugins/jpseo/aps/******/services/mapping/SeoMappingManager.java:[73,56] cannot find symbol
  symbol:   method release()
  location: class com.agiletec.aps.******.common.AbstractCacheWrapper
[ERROR] /workspace/source/src/main/java/org/entando/entando/plugins/jpseo/aps/******/services/mapping/cache/SeoMappingCacheWrapper.java:[45,5] method does not override or implement a method from a supertype
[INFO] 2 errors 
[INFO] -------------------------------------------------------------
[INFO] 
[INFO] ------------------------------------------------------------------------
[INFO] Skipping Entando Plugin: SEO
[INFO] This project has been banned from the build due to previous failures.
[INFO] ------------------------------------------------------------------------
[INFO] ------------------------------------------------------------------------
[INFO] BUILD FAILURE
[INFO] ------------------------------------------------------------------------
[INFO] Total time:  25.646 s
[INFO] Finished at: 2020-10-13T15:58:09Z
[INFO] ------------------------------------------------------------------------
[ERROR] Failed to e**cute goal org.apache.maven.plugins:maven-compiler-plugin:3.8.1:compile (default-compile) on project entando-plugin-jpseo: Compilation failure: Compilation failure: 
[ERROR] /workspace/source/src/main/java/org/entando/entando/plugins/jpseo/aps/******/services/mapping/SeoMappingManager.java:[73,56] cannot find symbol
[ERROR]   symbol:   method release()
[ERROR]   location: class com.agiletec.aps.******.common.AbstractCacheWrapper
[ERROR] /workspace/source/src/main/java/org/entando/entando/plugins/jpseo/aps/******/services/mapping/cache/SeoMappingCacheWrapper.java:[45,5] method does not override or implement a method from a supertype
[ERROR] -> [Help 1]
[ERROR] 
[ERROR] To see the full stack trace of the errors, re-run Maven with the -e switch.
[ERROR] Re-run Maven using the -X switch to enable full debug logging.
[ERROR] 
[ERROR] For more information about the errors and possible solutions, please read the following articles:
[ERROR] [Help 1] http://cwiki.apache.org/confluence/display/MAVEN/MojoFailureException
shallow cloning https://github.com/entando-k8s/devops-results.git branch gh-pages
ran git init in /tmp/jenkins-x-collect703271292
ran git add remote origin https://github.com/entando-k8s/devops-results.git in /tmp/jenkins-x-collect703271292
ran git fetch origin --depth=1 gh-pages in dir /tmp/jenkins-x-collect703271292
No pre-deployment test results found for entando-plugin-jpseo-PR-16.
  % Total    % Received % Xferd  Average Speed   Time    Time     Time  Current
                                 Dload  Upload   Total   Spent    Left  Speed
  0     0    0     0    0     0      0      0 --:--:-- --:--:-- --:--:--     0  0     0    0     0    0     0      0      0 --:--:-- --:--:-- --:--:--     0100  1845  100  1633  100   212   1599    207  0:00:01  0:00:01 --:--:--  1602
{
  "url": "https://api.github.com/repos/entando/entando-plugin-jpseo/statuses/93bbf334d81d2fd16962227e2a583327e0db24ac",
  "avatar_url": "https://avatars2.githubusercontent.com/u/57885396?v=4",
  "id": 11036635833,
  "node_id": "MDEzOlN0YXR1c0NvbnRleHQxMTAzNjYzNTgzMw==",
  "state": "failure",
  "description": "Pre-deployment tests failure!",
  "target_url": "https://entando-k8s.github.io/devops-results/entando-plugin-jpseo/PR-16/surefire-report.html",
  "context": "Pre-deployment tests",
  "created_at": "2020-10-13T16:01:13Z",
  "updated_at": "2020-10-13T16:01:13Z",
  "creator": {
    "login": "entando-**",
    "id": 57885396,
    "node_id": "MDQ6VXNlcjU3ODg1Mzk2",
    "avatar_url": "https://avatars2.githubusercontent.com/u/57885396?v=4",
    "gravatar_id": "",
    "url": "https://api.github.com/users/entando-**",
    "html_url": "https://github.com/entando-**",
    "followers_url": "https://api.github.com/users/entando-**/followers",
    "following_url": "https://api.github.com/users/entando-**/following{/other_user}",
    "gists_url": "https://api.github.com/users/entando-**/gists{/gist_id}",
    "starred_url": "https://api.github.com/users/entando-**/starred{/owner}{/repo}",
    "subscriptions_url": "https://api.github.com/users/entando-**/subscriptions",
    "organizations_url": "https://api.github.com/users/entando-**/orgs",
    "repos_url": "https://api.github.com/users/entando-**/repos",
    "events_url": "https://api.github.com/users/entando-**/events{/privacy}",
    "received_events_url": "https://api.github.com/users/entando-**/received_events",
    "type": "User",
    "site_*****": *****
  }
}
OWASP has found dependencies with vulnerabilities for entando-plugin-jpseo-PR-16.
  % Total    % Received % Xferd  Average Speed   Time    Time     Time  Current
                                 Dload  Upload   Total   Spent    Left  Speed
  0     0    0     0    0     0      0      0 --:--:-- --:--:-- --:--:--     0  0     0    0     0    0     0      0      0 --:--:-- --:--:-- --:--:--     0100  1817  100  1619  100   198   2151    263 --:--:-- --:--:-- --:--:--  2150
{
  "url": "https://api.github.com/repos/entando/entando-plugin-jpseo/statuses/93bbf334d81d2fd16962227e2a583327e0db24ac",
  "avatar_url": "https://avatars2.githubusercontent.com/u/57885396?v=4",
  "id": 11036636046,
  "node_id": "MDEzOlN0YXR1c0NvbnRleHQxMTAzNjYzNjA0Ng==",
  "state": "failure",
  "description": "OWASP CVE failure!",
  "target_url": "https://entando-k8s.github.io/devops-results/entando-plugin-jpseo/PR-16/dependency-check-report.html",
  "context": "OWASP CVE",
  "created_at": "2020-10-13T16:01:14Z",
  "updated_at": "2020-10-13T16:01:14Z",
  "creator": {
    "login": "entando-**",
    "id": 57885396,
    "node_id": "MDQ6VXNlcjU3ODg1Mzk2",
    "avatar_url": "https://avatars2.githubusercontent.com/u/57885396?v=4",
    "gravatar_id": "",
    "url": "https://api.github.com/users/entando-**",
    "html_url": "https://github.com/entando-**",
    "followers_url": "https://api.github.com/users/entando-**/followers",
    "following_url": "https://api.github.com/users/entando-**/following{/other_user}",
    "gists_url": "https://api.github.com/users/entando-**/gists{/gist_id}",
    "starred_url": "https://api.github.com/users/entando-**/starred{/owner}{/repo}",
    "subscriptions_url": "https://api.github.com/users/entando-**/subscriptions",
    "organizations_url": "https://api.github.com/users/entando-**/orgs",
    "repos_url": "https://api.github.com/users/entando-**/repos",
    "events_url": "https://api.github.com/users/**********/events{/privacy}",
    "received_events_url": "https://api.github.com/users/entando-**/received_events",
    "type": "User",
    "site_*****": *****
  }
}
The following checks failed: for entando-plugin-jpseo-PR-16 : Pre-deployment tests; OWASP Maven Dependency Check; 
[31m
Pipeline failed on stage 'from-build-pack' : container 'step-build-mvn-verify-pr'. The execution of the pipeline has stopped.[0m
