
Showing logs for build [32mentando-entando-spring-boot-par-h5lcj-2[0m stage [32mfrom-build-pack[0m and container [32mstep-credential-initializer-d6zwg[0m
{"level":"warn","ts":1600441638.4286497,"logger":"fallback-logger","caller":"logging/config.go:69","msg":"Fetch GitHub commit ID from kodata failed: \"ref: refs/heads/0.8.0-**-support-backwards-incompats\" is not a valid GitHub commit ID"}
{"level":"info","ts":1600441638.549751,"logger":"fallback-logger","caller":"creds-init/main.go:40","msg":"Credentials initialized."}

Showing logs for build [32mentando-entando-spring-boot-par-h5lcj-2[0m stage [32mfrom-build-pack[0m and container [32mstep-working-dir-initializer-gb49d[0m
{"level":"warn","ts":1600441642.2102978,"logger":"fallback-logger","caller":"logging/config.go:69","msg":"Fetch GitHub commit ID from kodata failed: open /var/run/ko/HEAD: no such file or directory"}
{"level":"info","ts":1600441642.2259152,"logger":"fallback-logger","caller":"bash/main.go:64","msg":"Successfully e**cuted command \"sh -c mkdir -p /workspace/source\"; output "}

Showing logs for build [32mentando-entando-spring-boot-par-h5lcj-2[0m stage [32mfrom-build-pack[0m and container [32mstep-place-tools[0m

Showing logs for build [32mentando-entando-spring-boot-par-h5lcj-2[0m stage [32mfrom-build-pack[0m and container [32mstep-git-source-entando-entando-spring-boot-par-fmvw9[0m
{"level":"warn","ts":1600441695.845159,"logger":"fallback-logger","caller":"logging/config.go:69","msg":"Fetch GitHub commit ID from kodata failed: \"ref: refs/heads/0.8.0-**-support-backwards-incompats\" is not a valid GitHub commit ID"}
{"level":"info","ts":1600441697.86499,"logger":"fallback-logger","caller":"git/git.go:103","msg":"Successfully cloned https://github.com/entando/entando-spring-boot-parent.git @ master in path /workspace/source"}

Showing logs for build [32mentando-entando-spring-boot-par-h5lcj-2[0m stage [32mfrom-build-pack[0m and container [32mstep-git-merge[0m
Using SHAs from PULL_REFS=master:a287e2c3b6f816568d2097c9f8c1255897dbdf27,2:5a80ae32f0c3845805e35f3d995104969bd6a7d2
DEBUG: ran git fetch --unshallow origin 5a80ae32f0c3845805e35f3d995104969bd6a7d2: a287e2c3b6f816568d2097c9f8c1255897dbdf27: in 
DEBUG: ran git checkout master in 
DEBUG: ran git reset --hard a287e2c3b6f816568d2097c9f8c1255897dbdf27 in 
DEBUG: ran clean --force -d . in 
DEBUG: ran git merge 5a80ae32f0c3845805e35f3d995104969bd6a7d2 in 
Merged SHA 5a80ae32f0c3845805e35f3d995104969bd6a7d2 with commit message 'Adds the first version of snakeyaml not vulnerable' into base branch master

Showing logs for build [32mentando-entando-spring-boot-par-h5lcj-2[0m stage [32mfrom-build-pack[0m and container [32mstep-build-set-version[0m
Picked up _JAVA_OPTIONS: -XX:+UnlockExperimentalVMOptions -Dsun.zip.disableMemoryMapping=true -XX:+UseParallelGC -XX:MinHeapFreeRatio=5 -XX:MaxHeapFreeRatio=10 -XX:GCTimeRatio=4 -XX:AdaptiveSizePolicyWeight=90 -Xms10m -Xmx192m
[INFO] Scanning for projects...
[INFO] 
[INFO] ---------------< org.entando:entando-spring-boot-parent >---------------
[INFO] Building Entando Spring Boot Parent 6.2.0-SNAPSHOT
[INFO] --------------------------------[ pom ]---------------------------------
[INFO] 
[INFO] --- versions-maven-plugin:2.8.1:set (default-cli) @ entando-spring-boot-parent ---
[INFO] Local aggregation ****: /workspace/source
[INFO] Processing change of org.entando:entando-spring-boot-parent:6.2.0-SNAPSHOT -> 0.0.0-SNAPSHOT-PR-2-2
[INFO] Processing org.entando:entando-spring-boot-parent
[INFO]     Updating project org.entando:entando-spring-boot-parent
[INFO]         from version 6.2.0-SNAPSHOT to 0.0.0-SNAPSHOT-PR-2-2
[INFO] 
[INFO] ------------------------------------------------------------------------
[INFO] BUILD SUCCESS
[INFO] ------------------------------------------------------------------------
[INFO] Total time:  22.094 s
[INFO] Finished at: 2020-09-18T15:08:46Z
[INFO] ------------------------------------------------------------------------

Showing logs for build [32mentando-entando-spring-boot-par-h5lcj-2[0m stage [32mfrom-build-pack[0m and container [32mstep-build-mvn-verify[0m
Picked up _JAVA_OPTIONS: -XX:+UnlockExperimentalVMOptions -Dsun.zip.disableMemoryMapping=true -XX:+UseParallelGC -XX:MinHeapFreeRatio=5 -XX:MaxHeapFreeRatio=10 -XX:GCTimeRatio=4 -XX:AdaptiveSizePolicyWeight=90 -Xms10m -Xmx192m
[INFO] Scanning for projects...
[INFO] 
[INFO] ---------------< org.entando:entando-spring-boot-parent >---------------
[INFO] Building Entando Spring Boot Parent 0.0.0-SNAPSHOT-PR-2-2
[INFO] --------------------------------[ pom ]---------------------------------
[INFO] 
[INFO] --- maven-clean-plugin:2.5:clean (default-clean) @ entando-spring-boot-parent ---
[INFO] 
[INFO] --- maven-surefire-report-plugin:3.0.0-M4:failsafe-report-only (integration-tests) @ entando-spring-boot-parent ---
[INFO] 
[INFO] --- maven-surefire-report-plugin:3.0.0-M4:report-only (unit-tests) @ entando-spring-boot-parent ---
[WARNING] Unable to locate Test Source XRef to link to - DISABLED
[INFO] ------------------------------------------------------------------------
[INFO] BUILD SUCCESS
[INFO] ------------------------------------------------------------------------
[INFO] Total time:  7.799 s
[INFO] Finished at: 2020-09-18T15:08:59Z
[INFO] ------------------------------------------------------------------------
