
Showing logs for build [32mmeta-entando-k8s-entando-k8s-co-prgr7-4[0m stage [32mmeta-pipeline[0m and container [32mstep-credential-initializer-gf8pj[0m
{"level":"warn","ts":1602061199.744079,"logger":"fallback-logger","caller":"logging/config.go:69","msg":"Fetch GitHub commit ID from kodata failed: \"ref: refs/heads/0.8.0-**-support-backwards-incompats\" is not a valid GitHub commit ID"}
{"level":"info","ts":1602061199.7505953,"logger":"fallback-logger","caller":"creds-init/main.go:40","msg":"Credentials initialized."}

Showing logs for build [32mmeta-entando-k8s-entando-k8s-co-prgr7-4[0m stage [32mmeta-pipeline[0m and container [32mstep-working-dir-initializer-jp8nr[0m
{"level":"warn","ts":1602061204.2375247,"logger":"fallback-logger","caller":"logging/config.go:69","msg":"Fetch GitHub commit ID from kodata failed: open /var/run/ko/HEAD: no such file or directory"}
{"level":"info","ts":1602061204.3286712,"logger":"fallback-logger","caller":"bash/main.go:64","msg":"Successfully e**cuted command \"sh -c mkdir -p /workspace/source\"; output "}

Showing logs for build [32mmeta-entando-k8s-entando-k8s-co-prgr7-4[0m stage [32mmeta-pipeline[0m and container [32mstep-place-tools[0m

Showing logs for build [32mmeta-entando-k8s-entando-k8s-co-prgr7-4[0m stage [32mmeta-pipeline[0m and container [32mstep-git-source-meta-entando-k8s-entando-k8s-co-grgxf[0m
{"level":"warn","ts":1602061307.586105,"logger":"fallback-logger","caller":"logging/config.go:69","msg":"Fetch GitHub commit ID from kodata failed: \"ref: refs/heads/0.8.0-**-support-backwards-incompats\" is not a valid GitHub commit ID"}
{"level":"info","ts":1602061308.8496327,"logger":"fallback-logger","caller":"git/git.go:103","msg":"Successfully cloned https://github.com/entando-k8s/entando-k8s-composite-app-controller.git @ 0ca48a3840a2efe2d2f11f764480a9af04e81d29 in path /workspace/source"}

Showing logs for build [32mmeta-entando-k8s-entando-k8s-co-prgr7-4[0m stage [32mmeta-pipeline[0m and container [32mstep-git-merge[0m
Using SHAs from PULL_REFS=master:0ca48a3840a2efe2d2f11f764480a9af04e81d29,10:099b444049d9bf93dbe3eb1a3e01c322c3e7db0d
DEBUG: ran git fetch --unshallow origin 099b444049d9bf93dbe3eb1a3e01c322c3e7db0d: 0ca48a3840a2efe2d2f11f764480a9af04e81d29: in 
DEBUG: ran git checkout master in 
DEBUG: ran git reset --hard 0ca48a3840a2efe2d2f11f764480a9af04e81d29 in 
DEBUG: ran clean --force -d . in 
DEBUG: ran git merge 099b444049d9bf93dbe3eb1a3e01c322c3e7db0d in 
Merged SHA 099b444049d9bf93dbe3eb1a3e01c322c3e7db0d with commit message 'ENG-1266 increased timeout for test' into base branch master
Merged SHA f1a7fe1b2f2658d32a3a30d0a274cebd7aaf00f9 with commit message 'ENG-1266 bumped to latest version of all projects' into base branch master

Showing logs for build [32mmeta-entando-k8s-entando-k8s-co-prgr7-4[0m stage [32mmeta-pipeline[0m and container [32mstep-merge-pull-refs[0m
DEBUG: ran git fetch origin 099b444049d9bf93dbe3eb1a3e01c322c3e7db0d: 0ca48a3840a2efe2d2f11f764480a9af04e81d29: in 
DEBUG: Unshallowed git repo in 
DEBUG: ran git checkout master in 
DEBUG: ran git reset --hard 0ca48a3840a2efe2d2f11f764480a9af04e81d29 in 
DEBUG: ran clean --force -d . in 
DEBUG: ran git merge 099b444049d9bf93dbe3eb1a3e01c322c3e7db0d in 
Merged SHA 099b444049d9bf93dbe3eb1a3e01c322c3e7db0d with commit message 'ENG-1266 increased timeout for test' into base branch master
Merged SHA f1a7fe1b2f2658d32a3a30d0a274cebd7aaf00f9 with commit message 'ENG-1266 bumped to latest version of all projects' into base branch master

Showing logs for build [32mmeta-entando-k8s-entando-k8s-co-prgr7-4[0m stage [32mmeta-pipeline[0m and container [32mstep-create-effective-pipeline[0m
error: failed to load project config in dir /workspace/source: failed to validate YAML file /workspace/source/jenkins-x.yml due to yaml: line 9: mapping values are not allowed in this context
[31m
Pipeline failed on stage 'meta-pipeline' : container 'step-create-effective-pipeline'. The execution of the pipeline has stopped.[0m
