
Showing logs for build [32mentando-k8s-entando-de-app-pr-9-9hd57-2[0m stage [32mfrom-build-pack[0m and container [32mstep-credential-initializer-6f8n6[0m
{"level":"warn","ts":1601546464.9515038,"logger":"fallback-logger","caller":"logging/config.go:69","msg":"Fetch GitHub commit ID from kodata failed: \"ref: refs/heads/0.8.0-**-support-backwards-incompats\" is not a valid GitHub commit ID"}
{"level":"info","ts":1601546464.9556653,"logger":"fallback-logger","caller":"creds-init/main.go:40","msg":"Credentials initialized."}

Showing logs for build [32mentando-k8s-entando-de-app-pr-9-9hd57-2[0m stage [32mfrom-build-pack[0m and container [32mstep-working-dir-initializer-qq97n[0m
{"level":"warn","ts":1601546467.3618588,"logger":"fallback-logger","caller":"logging/config.go:69","msg":"Fetch GitHub commit ID from kodata failed: open /var/run/ko/HEAD: no such file or directory"}
{"level":"info","ts":1601546467.3678672,"logger":"fallback-logger","caller":"bash/main.go:64","msg":"Successfully e**cuted command \"sh -c mkdir -p /workspace/source\"; output "}

Showing logs for build [32mentando-k8s-entando-de-app-pr-9-9hd57-2[0m stage [32mfrom-build-pack[0m and container [32mstep-place-tools[0m

Showing logs for build [32mentando-k8s-entando-de-app-pr-9-9hd57-2[0m stage [32mfrom-build-pack[0m and container [32mstep-git-source-entando-k8s-entando-de-app-pr-9-5xlxw[0m
{"level":"warn","ts":1601546569.3961344,"logger":"fallback-logger","caller":"logging/config.go:69","msg":"Fetch GitHub commit ID from kodata failed: \"ref: refs/heads/0.8.0-**-support-backwards-incompats\" is not a valid GitHub commit ID"}
{"level":"info","ts":1601546572.9558308,"logger":"fallback-logger","caller":"git/git.go:103","msg":"Successfully cloned https://github.com/entando-k8s/entando-de-app.git @ master in path /workspace/source"}

Showing logs for build [32mentando-k8s-entando-de-app-pr-9-9hd57-2[0m stage [32mfrom-build-pack[0m and container [32mstep-git-merge[0m
Using SHAs from PULL_REFS=master:ff2350c8e3c15cbc868122c951cf2151cab47657,94:cd1f36bbe86e2d8af1d3876deb583fd3785fc87a
DEBUG: ran git fetch --unshallow origin cd1f36bbe86e2d8af1d3876deb583fd3785fc87a: ff2350c8e3c15cbc868122c951cf2151cab47657: in 
DEBUG: ran git checkout master in 
DEBUG: ran git reset --hard ff2350c8e3c15cbc868122c951cf2151cab47657 in 
DEBUG: ran clean --force -d . in 
DEBUG: ran git merge cd1f36bbe86e2d8af1d3876deb583fd3785fc87a in 
Merged SHA cd1f36bbe86e2d8af1d3876deb583fd3785fc87a with commit message 'ENG-1295 Updating entando-engine and jacms version' into base branch master

Showing logs for build [32mentando-k8s-entando-de-app-pr-9-9hd57-2[0m stage [32mfrom-build-pack[0m and container [32mstep-build-set-version[0m
Picked up _JAVA_OPTIONS: -XX:+UnlockExperimentalVMOptions -Dsun.zip.disableMemoryMapping=true -XX:+UseParallelGC -XX:MinHeapFreeRatio=5 -XX:MaxHeapFreeRatio=10 -XX:GCTimeRatio=4 -XX:AdaptiveSizePolicyWeight=90 -Xms1000m -Xmx12000m
[INFO] Scanning for projects...
[INFO] 
[INFO] -----------------< org.entando.entando:entando-de-app >-----------------
[INFO] Building entando-de-app 6.1.16
[INFO] --------------------------------[ war ]---------------------------------
[INFO] 
[INFO] --- versions-maven-plugin:2.8.1:set (default-cli) @ entando-de-app ---
[INFO] Local aggregation ****: /workspace/source
[INFO] Processing change of org.entando.entando:entando-de-app:6.1.16 -> 0.0.0-SNAPSHOT-PR-94-2
[INFO] Processing org.entando.entando:entando-de-app
[INFO]     Updating project org.entando.entando:entando-de-app
[INFO]         from version 6.1.16 to 0.0.0-SNAPSHOT-PR-94-2
[INFO] 
[INFO] ------------------------------------------------------------------------
[INFO] BUILD SUCCESS
[INFO] ------------------------------------------------------------------------
[INFO] Total time:  7.159 s
[INFO] Finished at: 2020-10-01T10:03:04Z
[INFO] ------------------------------------------------------------------------

Showing logs for build [32mentando-k8s-entando-de-app-pr-9-9hd57-2[0m stage [32mfrom-build-pack[0m and container [32mstep-build-mvn-verify[0m
Picked up _JAVA_OPTIONS: -XX:+UnlockExperimentalVMOptions -Dsun.zip.disableMemoryMapping=true -XX:+UseParallelGC -XX:MinHeapFreeRatio=5 -XX:MaxHeapFreeRatio=10 -XX:GCTimeRatio=4 -XX:AdaptiveSizePolicyWeight=90 -Xms1000m -Xmx12000m
[INFO] Scanning for projects...
[INFO] 
[INFO] -----------------< org.entando.entando:entando-de-app >-----------------
[INFO] Building entando-de-app 0.0.0-SNAPSHOT-PR-94-2
[INFO] --------------------------------[ war ]---------------------------------
[WARNING] The POM for org.entando.entando.plugins:entando-plugin-jacms:jar:classes:6.2.39 is missing, no dependency information available
[WARNING] The POM for org.entando.entando.plugins:entando-plugin-jacms:war:6.2.39 is missing, no dependency information available
[INFO] ------------------------------------------------------------------------
[INFO] BUILD FAILURE
[INFO] ------------------------------------------------------------------------
[INFO] Total time:  7.081 s
[INFO] Finished at: 2020-10-01T10:03:14Z
[INFO] ------------------------------------------------------------------------
[ERROR] Failed to e**cute goal on project entando-de-app: Could not resolve dependencies for project org.entando.entando:entando-de-app:war:0.0.0-SNAPSHOT-PR-94-2: The following artifacts could not be resolved: org.entando.entando.plugins:entando-plugin-jacms:jar:classes:6.2.39, org.entando.entando.plugins:entando-plugin-jacms:war:6.2.39: Could not find artifact org.entando.entando.plugins:entando-plugin-jacms:jar:classes:6.2.39 in nexus (http://nexus/repository/maven-group/) -> [Help 1]
[ERROR] 
[ERROR] To see the full stack trace of the errors, re-run Maven with the -e switch.
[ERROR] Re-run Maven using the -X switch to enable full debug logging.
[ERROR] 
[ERROR] For more information about the errors and possible solutions, please read the following articles:
[ERROR] [Help 1] http://cwiki.apache.org/confluence/display/MAVEN/DependencyResolutionException
[31m
Pipeline failed on stage 'from-build-pack' : container 'step-build-mvn-verify'. The execution of the pipeline has stopped.[0m
