
Showing logs for build [32mentando-k8s-environment-entando-bdqn4-1[0m stage [32mfrom-build-pack[0m and container [32mstep-credential-initializer-lp8bh[0m
{"level":"warn","ts":1602165032.6968706,"logger":"fallback-logger","caller":"logging/config.go:69","msg":"Fetch GitHub commit ID from kodata failed: \"ref: refs/heads/0.8.0-**-support-backwards-incompats\" is not a valid GitHub commit ID"}
{"level":"info","ts":1602165032.7757962,"logger":"fallback-logger","caller":"creds-init/main.go:40","msg":"Credentials initialized."}

Showing logs for build [32mentando-k8s-environment-entando-bdqn4-1[0m stage [32mfrom-build-pack[0m and container [32mstep-working-dir-initializer-hxt7s[0m
{"level":"warn","ts":1602165038.81728,"logger":"fallback-logger","caller":"logging/config.go:69","msg":"Fetch GitHub commit ID from kodata failed: open /var/run/ko/HEAD: no such file or directory"}
{"level":"info","ts":1602165038.8307252,"logger":"fallback-logger","caller":"bash/main.go:64","msg":"Successfully e**cuted command \"sh -c mkdir -p /workspace/source\"; output "}

Showing logs for build [32mentando-k8s-environment-entando-bdqn4-1[0m stage [32mfrom-build-pack[0m and container [32mstep-place-tools[0m

Showing logs for build [32mentando-k8s-environment-entando-bdqn4-1[0m stage [32mfrom-build-pack[0m and container [32mstep-git-source-entando-k8s-environment-entando-wj6sr[0m
{"level":"warn","ts":1602165068.5691407,"logger":"fallback-logger","caller":"logging/config.go:69","msg":"Fetch GitHub commit ID from kodata failed: \"ref: refs/heads/0.8.0-**-support-backwards-incompats\" is not a valid GitHub commit ID"}
{"level":"info","ts":1602165069.9446692,"logger":"fallback-logger","caller":"git/git.go:103","msg":"Successfully cloned https://github.com/entando-k8s/environment-entando-**-staging.git @ master in path /workspace/source"}

Showing logs for build [32mentando-k8s-environment-entando-bdqn4-1[0m stage [32mfrom-build-pack[0m and container [32mstep-git-merge[0m
Using SHAs from PULL_REFS=master:f3ea5659ad6f202e85965cf52c53addbaa1b9766,120:366f75275fcf0a18ae714522373ab2fc1fdea02b
DEBUG: ran git fetch --unshallow origin 366f75275fcf0a18ae714522373ab2fc1fdea02b: f3ea5659ad6f202e85965cf52c53addbaa1b9766: in 
DEBUG: ran git checkout master in 
DEBUG: ran git reset --hard f3ea5659ad6f202e85965cf52c53addbaa1b9766 in 
DEBUG: ran clean --force -d . in 
DEBUG: ran git merge 366f75275fcf0a18ae714522373ab2fc1fdea02b in 
Merged SHA 366f75275fcf0a18ae714522373ab2fc1fdea02b with commit message 'chore: Promote entando-k8s-controller-coordinator to version 6.2.9' into base branch master

Showing logs for build [32mentando-k8s-environment-entando-bdqn4-1[0m stage [32mfrom-build-pack[0m and container [32mstep-build-helm-build[0m
WARNING: No $CHART_REPOSITORY defined so using the default value of: http://jenkins-x-chartmuseum:8080
Adding missing Helm repo: storage.googleapis.com https://storage.googleapis.com/chartmuseum.jenkins-x.io
Successfully added Helm repository storage.googleapis.com.
Adding missing Helm repo: jenkins-x-chartmuseum http://jenkins-x-chartmuseum:8080
Successfully added Helm repository jenkins-x-chartmuseum.
WARNING: No $CHART_REPOSITORY defined so using the default value of: http://jenkins-x-chartmuseum:8080
Adding missing Helm repo: chartmuseum.jenkins-x.io http://chartmuseum.jenkins-x.io
Successfully added Helm repository chartmuseum.jenkins-x.io.
