
Showing logs for build [32mentando-entando-docker-base-ima-wbttf-1[0m stage [32mfrom-build-pack[0m and container [32mstep-credential-initializer-k8cgm[0m
{"level":"warn","ts":1602498110.225616,"logger":"fallback-logger","caller":"logging/config.go:69","msg":"Fetch GitHub commit ID from kodata failed: \"ref: refs/heads/0.8.0-**-support-backwards-incompats\" is not a valid GitHub commit ID"}
{"level":"info","ts":1602498110.22755,"logger":"fallback-logger","caller":"creds-init/main.go:40","msg":"Credentials initialized."}

Showing logs for build [32mentando-entando-docker-base-ima-wbttf-1[0m stage [32mfrom-build-pack[0m and container [32mstep-working-dir-initializer-2sd42[0m
{"level":"warn","ts":1602498112.8211608,"logger":"fallback-logger","caller":"logging/config.go:69","msg":"Fetch GitHub commit ID from kodata failed: open /var/run/ko/HEAD: no such file or directory"}
{"level":"info","ts":1602498112.8245142,"logger":"fallback-logger","caller":"bash/main.go:64","msg":"Successfully e**cuted command \"sh -c mkdir -p /workspace/source\"; output "}

Showing logs for build [32mentando-entando-docker-base-ima-wbttf-1[0m stage [32mfrom-build-pack[0m and container [32mstep-place-tools[0m

Showing logs for build [32mentando-entando-docker-base-ima-wbttf-1[0m stage [32mfrom-build-pack[0m and container [32mstep-git-source-entando-entando-docker-base-ima-25x7l[0m
{"level":"warn","ts":1602498152.9073815,"logger":"fallback-logger","caller":"logging/config.go:69","msg":"Fetch GitHub commit ID from kodata failed: \"ref: refs/heads/0.8.0-**-support-backwards-incompats\" is not a valid GitHub commit ID"}
{"level":"info","ts":1602498156.063023,"logger":"fallback-logger","caller":"git/git.go:103","msg":"Successfully cloned https://github.com/entando/entando-docker-base-images.git @ v6.2.2 in path /workspace/source"}

Showing logs for build [32mentando-entando-docker-base-ima-wbttf-1[0m stage [32mfrom-build-pack[0m and container [32mstep-git-merge[0m
Using SHAs from PULL_REFS=master:61d03d41c20eb1ce848709d4ea1976dd1c87c541
WARNING: no SHAs to merge, falling back to initial cloned commit

Showing logs for build [32mentando-entando-docker-base-ima-wbttf-1[0m stage [32mfrom-build-pack[0m and container [32mstep-setup-jx-git-credentials[0m
Generated Git credentials file /workspace/xdg_config/git/credentials

Showing logs for build [32mentando-entando-docker-base-ima-wbttf-1[0m stage [32mfrom-build-pack[0m and container [32mstep-container-build1[0m
This avoids unwanted kaniko command substitution
Generating tags...
 - entando/entando-base-common -> docker.io/entando/entando-base-common:6.2.2
Checking cache...
 - entando/entando-base-common: Not found. Building
Building [entando/entando-base-common]...
Sending build context to Docker daemon  551.9kBSending build context to Docker daemon   9.43MBSending build context to Docker daemon  13.31MBSending build context to Docker daemon  16.64MBSending build context to Docker daemon  20.49MBSending build context to Docker daemon  24.93MBSending build context to Docker daemon  26.17MB
Step 1/12 : FROM busybox:latest
Trying to pull repository docker.io/library/busybox ... 
latest: Pulling from docker.io/library/busybox
df8698476c65: Pulling fs layer
df8698476c65: Verifying Checksum
df8698476c65: Download complete
df8698476c65: Pull complete
Digest: sha256:d366a4665ab44f0648d7a00ae3fae139d55e32f9712c67accd604bb55df9d05a
Status: Downloaded newer image for docker.io/busybox:latest
 ---> 6858809bf669
Step 2/12 : ENV USERID_TO_USE 1001 ENTANDO_COMMON_PATH "/entando-common" HOME opt/app-****/src
 ---> Running in 05149aae4377
 ---> f543844915ec
Step 3/12 : COPY --chown=1001:0 ./entando-dependencies-bootstrap "${ENTANDO_COMMON_PATH}"
time="2020-10-12T10:22:44Z" level=fatal msg="build failed: build failed: building [entando/entando-base-common]: build artifact: unable to stream build output: Unknown flag: chown"
[31m
Pipeline failed on stage 'from-build-pack' : container 'step-container-build1'. The execution of the pipeline has stopped.[0m
