
Showing logs for build [32mentando-entando-core-parent-mas-r5f4z-33[0m stage [32mfrom-build-pack[0m and container [32mstep-credential-initializer-wwtqc[0m
{"level":"warn","ts":1601997003.3136473,"logger":"fallback-logger","caller":"logging/config.go:69","msg":"Fetch GitHub commit ID from kodata failed: \"ref: refs/heads/0.8.0-**-support-backwards-incompats\" is not a valid GitHub commit ID"}
{"level":"info","ts":1601997003.3170764,"logger":"fallback-logger","caller":"creds-init/main.go:40","msg":"Credentials initialized."}

Showing logs for build [32mentando-entando-core-parent-mas-r5f4z-33[0m stage [32mfrom-build-pack[0m and container [32mstep-working-dir-initializer-5vxbx[0m
{"level":"warn","ts":1601997009.5442054,"logger":"fallback-logger","caller":"logging/config.go:69","msg":"Fetch GitHub commit ID from kodata failed: open /var/run/ko/HEAD: no such file or directory"}
{"level":"info","ts":1601997009.5522757,"logger":"fallback-logger","caller":"bash/main.go:64","msg":"Successfully e**cuted command \"sh -c mkdir -p /workspace/source\"; output "}

Showing logs for build [32mentando-entando-core-parent-mas-r5f4z-33[0m stage [32mfrom-build-pack[0m and container [32mstep-place-tools[0m

Showing logs for build [32mentando-entando-core-parent-mas-r5f4z-33[0m stage [32mfrom-build-pack[0m and container [32mstep-git-source-entando-entando-core-parent-mas-x7d5n[0m
{"level":"warn","ts":1601997097.56039,"logger":"fallback-logger","caller":"logging/config.go:69","msg":"Fetch GitHub commit ID from kodata failed: \"ref: refs/heads/0.8.0-**-support-backwards-incompats\" is not a valid GitHub commit ID"}
{"level":"info","ts":1601997098.8220425,"logger":"fallback-logger","caller":"git/git.go:103","msg":"Successfully cloned https://github.com/entando/entando-core-parent.git @ v6.2.17 in path /workspace/source"}

Showing logs for build [32mentando-entando-core-parent-mas-r5f4z-33[0m stage [32mfrom-build-pack[0m and container [32mstep-git-merge[0m
Using SHAs from PULL_REFS=master:2aad6e983a506e4d5caeb9152953379116087ebf
WARNING: no SHAs to merge, falling back to initial cloned commit

Showing logs for build [32mentando-entando-core-parent-mas-r5f4z-33[0m stage [32mfrom-build-pack[0m and container [32mstep-setup-jx-git-credentials[0m
Generated Git credentials file /workspace/xdg_config/git/credentials

Showing logs for build [32mentando-entando-core-parent-mas-r5f4z-33[0m stage [32mfrom-build-pack[0m and container [32mstep-build-mvn-deploy[0m
Picked up _JAVA_OPTIONS: -XX:+UnlockExperimentalVMOptions -Dsun.zip.disableMemoryMapping=true -XX:+UseParallelGC -XX:MinHeapFreeRatio=5 -XX:MaxHeapFreeRatio=10 -XX:GCTimeRatio=4 -XX:AdaptiveSizePolicyWeight=90 -Xms10m -Xmx8000m
[INFO] Scanning for projects...
[INFO] 
[INFO] ------------------< org.entando:entando-core-parent >-------------------
[INFO] Building Entando Core Maven Parent POM 6.2.17
[INFO] --------------------------------[ pom ]---------------------------------
[INFO] 
[INFO] --- maven-clean-plugin:2.5:clean (default-clean) @ entando-core-parent ---
[INFO] 
[INFO] --- maven-resources-plugin:2.5:copy-resources (copy-resources-test) @ entando-core-parent ---
[debug] e**cute contextualize
[INFO] Using 'UTF-8' encoding to copy filtered resources.
[INFO] skip non existing resourceDirectory /workspace/source/src/test/config
[INFO] 
[INFO] --- maven-resources-plugin:2.5:copy-resources (copy-resources-file-test-) @ entando-core-parent ---
[debug] e**cute contextualize
[INFO] Using 'UTF-8' encoding to copy filtered resources.
[INFO] skip non existing resourceDirectory /workspace/source/src/test/config
[INFO] 
[INFO] --- maven-surefire-report-plugin:3.0.0-M4:failsafe-report-only (integration-tests) @ entando-core-parent ---
[INFO] 
[INFO] --- maven-surefire-report-plugin:3.0.0-M4:report-only (unit-tests) @ entando-core-parent ---
[WARNING] Unable to locate Test Source XRef to link to - DISABLED
[INFO] 
[INFO] --- maven-install-plugin:2.4:install (default-install) @ entando-core-parent ---
[INFO] Installing /workspace/source/pom.xml to /home/jenkins/.mvnrepository/org/entando/entando-core-parent/6.2.17/entando-core-parent-6.2.17.pom
[INFO] 
[INFO] --- maven-deploy-plugin:2.8.2:deploy (default-deploy) @ entando-core-parent ---
[INFO] Using alternate deployment repository local-nexus::default::http://nexus/repository/maven-releases/
[INFO] ------------------------------------------------------------------------
[INFO] BUILD SUCCESS
[INFO] ------------------------------------------------------------------------
[INFO] Total time:  7.226 s
[INFO] Finished at: 2020-10-06T15:11:50Z
[INFO] ------------------------------------------------------------------------

Showing logs for build [32mentando-entando-core-parent-mas-r5f4z-33[0m stage [32mfrom-build-pack[0m and container [32mstep-promote-changelog[0m
Converted /workspace/source to an unshallow repository
Generating change log from git ref 385c471d76fc94e0eb0795c9d6e3d795cb1c67f2 => cddba1d255c22e4ef8a02e7df544949bd431e7d0
Associating user w-caffiero-entando in users.jenkins.io with email 63636347+w-caffiero-entando@users.noreply.github.com to git GitProvider user with login w-caffiero-entando-1 as emails match
Adding label jenkins.io/git-github-userid=w-caffiero-entando-1 to user w-caffiero-entando in users.jenkins.io
Associating user github in users.jenkins.io with email noreply@github.com to git GitProvider user with login github-0 as emails match
Adding label jenkins.io/git-github-userid=github-0 to user github in users.jenkins.io
Finding issues in commit messages using git format
WARNING: No release found for entando/entando-core-parent and tag v6.2.17 so creating a new release
Updated the release information at https://github.com/entando/entando-core-parent/releases/tag/v6.2.17
generated: /workspace/source/templates/release.yaml
Created Release entando-core-parent-6-2-17 resource in namespace **
Updating PipelineActivity entando-entando-core-parent-master-33 with version 6.2.17
Updated PipelineActivities entando-entando-core-parent-master-33 with release notes URL: https://github.com/entando/entando-core-parent/releases/tag/v6.2.17
