
Showing logs for build [32mentando-entando-core-parent-mas-qqm9k-34[0m stage [32mfrom-build-pack[0m and container [32mstep-credential-initializer-v2szq[0m
{"level":"warn","ts":1601998231.0465677,"logger":"fallback-logger","caller":"logging/config.go:69","msg":"Fetch GitHub commit ID from kodata failed: \"ref: refs/heads/0.8.0-**-support-backwards-incompats\" is not a valid GitHub commit ID"}
{"level":"info","ts":1601998231.0503051,"logger":"fallback-logger","caller":"creds-init/main.go:40","msg":"Credentials initialized."}

Showing logs for build [32mentando-entando-core-parent-mas-qqm9k-34[0m stage [32mfrom-build-pack[0m and container [32mstep-working-dir-initializer-vpwq7[0m
{"level":"warn","ts":1601998234.4072893,"logger":"fallback-logger","caller":"logging/config.go:69","msg":"Fetch GitHub commit ID from kodata failed: open /var/run/ko/HEAD: no such file or directory"}
{"level":"info","ts":1601998234.4155989,"logger":"fallback-logger","caller":"bash/main.go:64","msg":"Successfully e**cuted command \"sh -c mkdir -p /workspace/source\"; output "}

Showing logs for build [32mentando-entando-core-parent-mas-qqm9k-34[0m stage [32mfrom-build-pack[0m and container [32mstep-place-tools[0m

Showing logs for build [32mentando-entando-core-parent-mas-qqm9k-34[0m stage [32mfrom-build-pack[0m and container [32mstep-git-source-entando-entando-core-parent-mas-r4vj8[0m
{"level":"warn","ts":1601998263.9169142,"logger":"fallback-logger","caller":"logging/config.go:69","msg":"Fetch GitHub commit ID from kodata failed: \"ref: refs/heads/0.8.0-**-support-backwards-incompats\" is not a valid GitHub commit ID"}
{"level":"info","ts":1601998265.1091733,"logger":"fallback-logger","caller":"git/git.go:103","msg":"Successfully cloned https://github.com/entando/entando-core-parent.git @ v6.2.18 in path /workspace/source"}

Showing logs for build [32mentando-entando-core-parent-mas-qqm9k-34[0m stage [32mfrom-build-pack[0m and container [32mstep-git-merge[0m
Using SHAs from PULL_REFS=master:ec35f8506b3aa88adf7b3de258cb2b9c390d5603
WARNING: no SHAs to merge, falling back to initial cloned commit

Showing logs for build [32mentando-entando-core-parent-mas-qqm9k-34[0m stage [32mfrom-build-pack[0m and container [32mstep-setup-jx-git-credentials[0m
Generated Git credentials file /workspace/xdg_config/git/credentials

Showing logs for build [32mentando-entando-core-parent-mas-qqm9k-34[0m stage [32mfrom-build-pack[0m and container [32mstep-build-mvn-deploy[0m
Picked up _JAVA_OPTIONS: -XX:+UnlockExperimentalVMOptions -Dsun.zip.disableMemoryMapping=true -XX:+UseParallelGC -XX:MinHeapFreeRatio=5 -XX:MaxHeapFreeRatio=10 -XX:GCTimeRatio=4 -XX:AdaptiveSizePolicyWeight=90 -Xms10m -Xmx8000m
[INFO] Scanning for projects...
[INFO] 
[INFO] ------------------< org.entando:entando-core-parent >-------------------
[INFO] Building Entando Core Maven Parent POM 6.2.18
[INFO] --------------------------------[ pom ]---------------------------------
[INFO] 
[INFO] --- maven-clean-plugin:2.5:clean (default-clean) @ entando-core-parent ---
[INFO] 
[INFO] --- maven-resources-plugin:2.5:copy-resources (copy-resources-test) @ entando-core-parent ---
[debug] e**cute contextualize
[INFO] Using 'UTF-8' encoding to copy filtered resources.
[INFO] skip non existing resourceDirectory /workspace/source/src/test/config
[INFO] 
[INFO] --- maven-resources-plugin:2.5:copy-resources (copy-resources-file-test-) @ entando-core-parent ---
[debug] e**cute contextualize
[INFO] Using 'UTF-8' encoding to copy filtered resources.
[INFO] skip non existing resourceDirectory /workspace/source/src/test/config
[INFO] 
[INFO] --- maven-surefire-report-plugin:3.0.0-M4:failsafe-report-only (integration-tests) @ entando-core-parent ---
[INFO] 
[INFO] --- maven-surefire-report-plugin:3.0.0-M4:report-only (unit-tests) @ entando-core-parent ---
[WARNING] Unable to locate Test Source XRef to link to - DISABLED
[INFO] 
[INFO] --- maven-install-plugin:2.4:install (default-install) @ entando-core-parent ---
[INFO] Installing /workspace/source/pom.xml to /home/jenkins/.mvnrepository/org/entando/entando-core-parent/6.2.18/entando-core-parent-6.2.18.pom
[INFO] 
[INFO] --- maven-deploy-plugin:2.8.2:deploy (default-deploy) @ entando-core-parent ---
[INFO] Using alternate deployment repository local-nexus::default::http://nexus/repository/maven-releases/
[INFO] ------------------------------------------------------------------------
[INFO] BUILD SUCCESS
[INFO] ------------------------------------------------------------------------
[INFO] Total time:  7.529 s
[INFO] Finished at: 2020-10-06T15:31:16Z
[INFO] ------------------------------------------------------------------------

Showing logs for build [32mentando-entando-core-parent-mas-qqm9k-34[0m stage [32mfrom-build-pack[0m and container [32mstep-promote-changelog[0m
Converted /workspace/source to an unshallow repository
Generating change log from git ref cddba1d255c22e4ef8a02e7df544949bd431e7d0 => 870ccbf28e44d5d8aecc57cb3ec902e40b8abcc3
Associating user w-caffiero-entando in users.jenkins.io with email 63636347+w-caffiero-entando@users.noreply.github.com to git GitProvider user with login w-caffiero-entando-1 as emails match
Adding label jenkins.io/git-github-userid=w-caffiero-entando-1 to user w-caffiero-entando in users.jenkins.io
Associating user github in users.jenkins.io with email noreply@github.com to git GitProvider user with login github-0 as emails match
Adding label jenkins.io/git-github-userid=github-0 to user github in users.jenkins.io
Finding issues in commit messages using git format
WARNING: No release found for entando/entando-core-parent and tag v6.2.18 so creating a new release
Updated the release information at https://github.com/entando/entando-core-parent/releases/tag/v6.2.18
generated: /workspace/source/templates/release.yaml
Created Release entando-core-parent-6-2-18 resource in namespace **
Updating PipelineActivity entando-entando-core-parent-master-34 with version 6.2.18
Updated PipelineActivities entando-entando-core-parent-master-34 with release notes URL: https://github.com/entando/entando-core-parent/releases/tag/v6.2.18
