
Showing logs for build [32mentando-k8s-environment-entando-gqs9h-1[0m stage [32mfrom-build-pack[0m and container [32mstep-credential-initializer-wc8bx[0m
{"level":"warn","ts":1601889517.828328,"logger":"fallback-logger","caller":"logging/config.go:69","msg":"Fetch GitHub commit ID from kodata failed: \"ref: refs/heads/0.8.0-**-support-backwards-incompats\" is not a valid GitHub commit ID"}
{"level":"info","ts":1601889517.834266,"logger":"fallback-logger","caller":"creds-init/main.go:40","msg":"Credentials initialized."}

Showing logs for build [32mentando-k8s-environment-entando-gqs9h-1[0m stage [32mfrom-build-pack[0m and container [32mstep-working-dir-initializer-vjf9b[0m
{"level":"warn","ts":1601889519.0320613,"logger":"fallback-logger","caller":"logging/config.go:69","msg":"Fetch GitHub commit ID from kodata failed: open /var/run/ko/HEAD: no such file or directory"}
{"level":"info","ts":1601889519.0541778,"logger":"fallback-logger","caller":"bash/main.go:64","msg":"Successfully e**cuted command \"sh -c mkdir -p /workspace/source\"; output "}

Showing logs for build [32mentando-k8s-environment-entando-gqs9h-1[0m stage [32mfrom-build-pack[0m and container [32mstep-place-tools[0m

Showing logs for build [32mentando-k8s-environment-entando-gqs9h-1[0m stage [32mfrom-build-pack[0m and container [32mstep-git-source-entando-k8s-environment-entando-wlnvj[0m
{"level":"warn","ts":1601889540.1845102,"logger":"fallback-logger","caller":"logging/config.go:69","msg":"Fetch GitHub commit ID from kodata failed: \"ref: refs/heads/0.8.0-**-support-backwards-incompats\" is not a valid GitHub commit ID"}
{"level":"info","ts":1601889541.5321584,"logger":"fallback-logger","caller":"git/git.go:103","msg":"Successfully cloned https://github.com/entando-k8s/environment-**********-staging.git @ master in path /workspace/source"}

Showing logs for build [32mentando-k8s-environment-entando-gqs9h-1[0m stage [32mfrom-build-pack[0m and container [32mstep-git-merge[0m
Using SHAs from PULL_REFS=master:1142485fd742fe2360d927eb9d109fa27e339e5e,118:84789afa7f5ef3fdce05cedc311b4ed9cf04bada
DEBUG: ran git fetch --unshallow origin 84789afa7f5ef3fdce05cedc311b4ed9cf04bada: 1142485fd742fe2360d927eb9d109fa27e339e5e: in 
DEBUG: ran git checkout master in 
DEBUG: ran git reset --hard 1142485fd742fe2360d927eb9d109fa27e339e5e in 
DEBUG: ran clean --force -d . in 
DEBUG: ran git merge 84789afa7f5ef3fdce05cedc311b4ed9cf04bada in 
Merged SHA 84789afa7f5ef3fdce05cedc311b4ed9cf04bada with commit message 'chore: Promote entando-k8s-controller-coordinator to version 6.2.7' into base branch master

Showing logs for build [32mentando-k8s-environment-entando-gqs9h-1[0m stage [32mfrom-build-pack[0m and container [32mstep-build-helm-build[0m
WARNING: No $CHART_REPOSITORY defined so using the default value of: http://jenkins-x-chartmuseum:8080
Adding missing Helm repo: storage.googleapis.com https://storage.googleapis.com/chartmuseum.jenkins-x.io
Successfully added Helm repository storage.googleapis.com.
Adding missing Helm repo: jenkins-x-chartmuseum http://jenkins-x-chartmuseum:8080
Successfully added Helm repository jenkins-x-chartmuseum.
WARNING: No $CHART_REPOSITORY defined so using the default value of: http://jenkins-x-chartmuseum:8080
Adding missing Helm repo: chartmuseum.jenkins-x.io http://chartmuseum.jenkins-x.io
Successfully added Helm repository chartmuseum.jenkins-x.io.
