
Showing logs for build [32mentando-entando-admin-console-p-4bz2x-4[0m stage [32mfrom-build-pack[0m and container [32mstep-credential-initializer-6r5rv[0m
{"level":"warn","ts":1602177558.9600575,"logger":"fallback-logger","caller":"logging/config.go:69","msg":"Fetch GitHub commit ID from kodata failed: \"ref: refs/heads/0.8.0-**-support-backwards-incompats\" is not a valid GitHub commit ID"}
{"level":"info","ts":1602177558.9681654,"logger":"fallback-logger","caller":"creds-init/main.go:40","msg":"Credentials initialized."}

Showing logs for build [32mentando-entando-admin-console-p-4bz2x-4[0m stage [32mfrom-build-pack[0m and container [32mstep-working-dir-initializer-b8pj9[0m
{"level":"warn","ts":1602177560.2862227,"logger":"fallback-logger","caller":"logging/config.go:69","msg":"Fetch GitHub commit ID from kodata failed: open /var/run/ko/HEAD: no such file or directory"}
{"level":"info","ts":1602177560.3110502,"logger":"fallback-logger","caller":"bash/main.go:64","msg":"Successfully e**cuted command \"sh -c mkdir -p /workspace/source\"; output "}

Showing logs for build [32mentando-entando-admin-console-p-4bz2x-4[0m stage [32mfrom-build-pack[0m and container [32mstep-place-tools[0m

Showing logs for build [32mentando-entando-admin-console-p-4bz2x-4[0m stage [32mfrom-build-pack[0m and container [32mstep-git-source-entando-entando-admin-console-p-4c6rb[0m
{"level":"warn","ts":1602177644.1796083,"logger":"fallback-logger","caller":"logging/config.go:69","msg":"Fetch GitHub commit ID from kodata failed: \"ref: refs/heads/0.8.0-**-support-backwards-incompats\" is not a valid GitHub commit ID"}
{"level":"info","ts":1602177648.7905354,"logger":"fallback-logger","caller":"git/git.go:103","msg":"Successfully cloned https://github.com/entando/entando-*****-console.git @ master in path /workspace/source"}

Showing logs for build [32mentando-entando-admin-console-p-4bz2x-4[0m stage [32mfrom-build-pack[0m and container [32mstep-git-merge[0m
Using SHAs from PULL_REFS=master:ef99d215a12e0704da4d6904806401c0056b3ad8,59:4dc354b7c78743527010f555e527a872273ad0b3
DEBUG: ran git fetch --unshallow origin 4dc354b7c78743527010f555e527a872273ad0b3: ef99d215a12e0704da4d6904806401c0056b3ad8: in 
DEBUG: ran git checkout master in 
DEBUG: ran git reset --hard ef99d215a12e0704da4d6904806401c0056b3ad8 in 
DEBUG: ran clean --force -d . in 
DEBUG: ran git merge 4dc354b7c78743527010f555e527a872273ad0b3 in 
Merged SHA 4dc354b7c78743527010f555e527a872273ad0b3 with commit message 'ENG-1244 Update bom' into base branch master
Merged SHA 85a7086f670f77e47fef58ca47a2a04b838d3c1b with commit message 'Merge branch 'master' into ENG-1244-add-option-to-make-widget-default-config-not-overridable' into base branch master
Merged SHA 7a86171be96512010b82e52d5166d48f61005f4b with commit message 'ENG-1244 readOnlyDefaultConfig label amended' into base branch master
Merged SHA 929816ac873e706c235a857f784725b6c20e525a with commit message 'ENG-1244 readOnlyDefaultConfig added' into base branch master

Showing logs for build [32mentando-entando-admin-console-p-4bz2x-4[0m stage [32mfrom-build-pack[0m and container [32mstep-build-set-version[0m
Picked up _JAVA_OPTIONS: -XX:+UnlockExperimentalVMOptions -Dsun.zip.disableMemoryMapping=true -XX:+UseParallelGC -XX:MinHeapFreeRatio=5 -XX:MaxHeapFreeRatio=10 -XX:GCTimeRatio=4 -XX:AdaptiveSizePolicyWeight=90 -Xms10m -Xmx8000m
[INFO] Scanning for projects...
[ERROR] [ERROR] Some problems were encountered while processing the POMs:
[ERROR] Non-resolvable import POM: Could not find artifact org.entando:entando-core-bom:pom:6.2.80 in nexus (http://nexus/repository/maven-group/) @ line 211, column 25
[ERROR] 'dependencies.dependency.version' for org.entando.entando:entando-engine:jar is missing. @ line 221, column 21
[ERROR] 'dependencies.dependency.version' for org.entando.entando:entando-engine:test-jar is missing. @ line 225, column 21
 @ 
[ERROR] The build could not read 1 project -> [Help 1]
[ERROR]   
[ERROR]   The project org.entando.entando:entando-*****-console:6.2.0-SNAPSHOT (/workspace/source/pom.xml) has 3 errors
[ERROR]     Non-resolvable import POM: Could not find artifact org.entando:entando-core-bom:pom:6.2.80 in nexus (http://nexus/repository/maven-group/) @ line 211, column 25 -> [Help 2]
[ERROR]     'dependencies.dependency.version' for org.entando.entando:entando-engine:jar is missing. @ line 221, column 21
[ERROR]     'dependencies.dependency.version' for org.entando.entando:entando-engine:test-jar is missing. @ line 225, column 21
[ERROR] 
[ERROR] To see the full stack trace of the errors, re-run Maven with the -e switch.
[ERROR] Re-run Maven using the -X switch to enable full debug logging.
[ERROR] 
[ERROR] For more information about the errors and possible solutions, please read the following articles:
[ERROR] [Help 1] http://cwiki.apache.org/confluence/display/MAVEN/ProjectBuildingException
[ERROR] [Help 2] http://cwiki.apache.org/confluence/display/MAVEN/UnresolvableModelException
[31m
Pipeline failed on stage 'from-build-pack' : container 'step-build-set-version'. The execution of the pipeline has stopped.[0m
