
Showing logs for build [32mentando-k8s-entando-component-m-f4t8v-3[0m stage [32mfrom-build-pack[0m and container [32mstep-credential-initializer-292dc[0m
{"level":"warn","ts":1601643056.6745417,"logger":"fallback-logger","caller":"logging/config.go:69","msg":"Fetch GitHub commit ID from kodata failed: \"ref: refs/heads/0.8.0-**-support-backwards-incompats\" is not a valid GitHub commit ID"}
{"level":"info","ts":1601643056.6814175,"logger":"fallback-logger","caller":"creds-init/main.go:40","msg":"Credentials initialized."}

Showing logs for build [32mentando-k8s-entando-component-m-f4t8v-3[0m stage [32mfrom-build-pack[0m and container [32mstep-working-dir-initializer-hr898[0m
{"level":"warn","ts":1601643059.3465157,"logger":"fallback-logger","caller":"logging/config.go:69","msg":"Fetch GitHub commit ID from kodata failed: open /var/run/ko/HEAD: no such file or directory"}
{"level":"info","ts":1601643059.357385,"logger":"fallback-logger","caller":"bash/main.go:64","msg":"Successfully e**cuted command \"sh -c mkdir -p /workspace/source\"; output "}

Showing logs for build [32mentando-k8s-entando-component-m-f4t8v-3[0m stage [32mfrom-build-pack[0m and container [32mstep-place-tools[0m

Showing logs for build [32mentando-k8s-entando-component-m-f4t8v-3[0m stage [32mfrom-build-pack[0m and container [32mstep-git-source-entando-k8s-entando-component-m-n6zgc[0m
{"level":"warn","ts":1601643156.9652958,"logger":"fallback-logger","caller":"logging/config.go:69","msg":"Fetch GitHub commit ID from kodata failed: \"ref: refs/heads/0.8.0-**-support-backwards-incompats\" is not a valid GitHub commit ID"}
{"level":"info","ts":1601643158.6765952,"logger":"fallback-logger","caller":"git/git.go:103","msg":"Successfully cloned https://github.com/entando-k8s/entando-component-manager.git @ master in path /workspace/source"}

Showing logs for build [32mentando-k8s-entando-component-m-f4t8v-3[0m stage [32mfrom-build-pack[0m and container [32mstep-git-merge[0m
Using SHAs from PULL_REFS=master:6eff462238e344d1385179c31d9a4fb36c4b83d0,65:b936cd2738337070bc01480ce1222ebf07c3d4bc
DEBUG: ran git fetch --unshallow origin b936cd2738337070bc01480ce1222ebf07c3d4bc: 6eff462238e344d1385179c31d9a4fb36c4b83d0: in 
DEBUG: ran git checkout master in 
DEBUG: ran git reset --hard 6eff462238e344d1385179c31d9a4fb36c4b83d0 in 
DEBUG: ran clean --force -d . in 
DEBUG: ran git merge b936cd2738337070bc01480ce1222ebf07c3d4bc in 
Merged SHA b936cd2738337070bc01480ce1222ebf07c3d4bc with commit message 'ENG-1123 fi**d typo in test' into base branch master
Merged SHA b9a080040a12414f0862b17f522fccdb947c9ffb with commit message 'ENG-1123 added tests' into base branch master
Merged SHA dc4b190f6398efd92b518a2a8bf3bdb8b6c4a1e9 with commit message 'Merge commit '6eff462238e344d1385179c31d9a4fb36c4b83d0' into ENG-1123-page-configuration' into base branch master
Merged SHA 9067577a0ba47822080e6a40a90e527f4adfa9a8 with commit message 'ENG-1123 adding support for page configuration when installing a page' into base branch master

Showing logs for build [32mentando-k8s-entando-component-m-f4t8v-3[0m stage [32mfrom-build-pack[0m and container [32mstep-build-set-version[0m
Picked up _JAVA_OPTIONS: -XX:+UnlockExperimentalVMOptions -Dsun.zip.disableMemoryMapping=true -XX:+UseParallelGC -XX:MinHeapFreeRatio=5 -XX:MaxHeapFreeRatio=10 -XX:GCTimeRatio=4 -XX:AdaptiveSizePolicyWeight=90 -Xms1000m -Xmx12000m
[INFO] Scanning for projects...
[INFO] 
[INFO] ---------------< org.entando:entando-component-manager >----------------
[INFO] Building Entando Component Manager 6.2.0-SNAPSHOT
[INFO] --------------------------------[ jar ]---------------------------------
[INFO] 
[INFO] --- versions-maven-plugin:2.8.1:set (default-cli) @ entando-component-manager ---
[INFO] Local aggregation ****: /workspace/source
[INFO] Processing change of org.entando:entando-component-manager:6.2.0-SNAPSHOT -> 0.0.0-SNAPSHOT-PR-65-3
[INFO] Processing org.entando:entando-component-manager
[INFO]     Updating project org.entando:entando-component-manager
[INFO]         from version 6.2.0-SNAPSHOT to 0.0.0-SNAPSHOT-PR-65-3
[INFO] 
[INFO] ------------------------------------------------------------------------
[INFO] BUILD SUCCESS
[INFO] ------------------------------------------------------------------------
[INFO] Total time:  14.390 s
[INFO] Finished at: 2020-10-02T12:53:00Z
[INFO] ------------------------------------------------------------------------

Showing logs for build [32mentando-k8s-entando-component-m-f4t8v-3[0m stage [32mfrom-build-pack[0m and container [32mstep-build-fix-git-for-sonar[0m
Switched to a new branch 'PR-65'
M	pom.xml
Deleted branch master (was b936cd2).
From https://github.com/entando-k8s/entando-component-manager
 * [new branch]      master     -> master
 * [new tag]         list       -> list
 * [new tag]         v6.0.32    -> v6.0.32
 * [new tag]         v6.0.32.1  -> v6.0.32.1

Showing logs for build [32mentando-k8s-entando-component-m-f4t8v-3[0m stage [32mfrom-build-pack[0m and container [32mstep-build-mvn-verify-pr[0m
  % Total    % Received % Xferd  Average Speed   Time    Time     Time  Current
                                 Dload  Upload   Total   Spent    Left  Speed
  0     0    0     0    0     0      0      0 --:--:-- --:--:-- --:--:--     0100  1864  100  1647  100   217   2046    269 --:--:-- --:--:-- --:--:--  2056
{
  "url": "https://api.github.com/repos/entando-k8s/entando-component-manager/statuses/b936cd2738337070bc01480ce1222ebf07c3d4bc",
  "avatar_url": "https://avatars2.githubusercontent.com/u/57885396?v=4",
  "id": 10938799322,
  "node_id": "MDEzOlN0YXR1c0NvbnRleHQxMDkzODc5OTMyMg==",
  "state": "pending",
  "description": "Pre-deployment tests pending!",
  "target_url": "https://entando-k8s.github.io/devops-results/entando-component-manager/PR-65/surefire-report.html",
  "context": "Pre-deployment tests",
  "created_at": "2020-10-02T12:53:02Z",
  "updated_at": "2020-10-02T12:53:02Z",
  "creator": {
    "login": "entando-**",
    "id": 57885396,
    "node_id": "MDQ6VXNlcjU3ODg1Mzk2",
    "avatar_url": "https://avatars2.githubusercontent.com/u/57885396?v=4",
    "gravatar_id": "",
    "url": "https://api.github.com/users/**********",
    "html_url": "https://github.com/entando-**",
    "followers_url": "https://api.github.com/users/entando-**/followers",
    "following_url": "https://api.github.com/users/entando-**/following{/other_user}",
    "gists_url": "https://api.github.com/users/entando-**/gists{/gist_id}",
    "starred_url": "https://api.github.com/users/**********/starred{/owner}{/repo}",
    "subscriptions_url": "https://api.github.com/users/entando-**/subscriptions",
    "organizations_url": "https://api.github.com/users/entando-**/orgs",
    "repos_url": "https://api.github.com/users/entando-**/repos",
    "events_url": "https://api.github.com/users/entando-**/events{/privacy}",
    "received_events_url": "https://api.github.com/users/entando-**/received_events",
    "type": "User",
    "site_*****": *****
  }
}
  % Total    % Received % Xferd  Average Speed   Time    Time     Time  Current
                                 Dload  Upload   Total   Spent    Left  Speed
  0     0    0     0    0     0      0      0 --:--:-- --:--:-- --:--:--     0  0     0    0     0    0     0      0      0 --:--:-- --:--:-- --:--:--     0100  1814  100  1622  100   192   2440    288 --:--:-- --:--:-- --:--:--  2439
{
  "url": "https://api.github.com/repos/entando-k8s/entando-component-manager/statuses/b936cd2738337070bc01480ce1222ebf07c3d4bc",
  "avatar_url": "https://avatars2.githubusercontent.com/u/57885396?v=4",
  "id": 10938799468,
  "node_id": "MDEzOlN0YXR1c0NvbnRleHQxMDkzODc5OTQ2OA==",
  "state": "pending",
  "description": "Checkstyle pending!",
  "target_url": "https://entando-k8s.github.io/devops-results/entando-component-manager/PR-65/checkstyle.html",
  "context": "Checkstyle",
  "created_at": "2020-10-02T12:53:02Z",
  "updated_at": "2020-10-02T12:53:02Z",
  "creator": {
    "login": "**********",
    "id": 57885396,
    "node_id": "MDQ6VXNlcjU3ODg1Mzk2",
    "avatar_url": "https://avatars2.githubusercontent.com/u/57885396?v=4",
    "gravatar_id": "",
    "url": "https://api.github.com/users/entando-**",
    "html_url": "https://github.com/entando-**",
    "followers_url": "https://api.github.com/users/entando-**/followers",
    "following_url": "https://api.github.com/users/**********/following{/other_user}",
    "gists_url": "https://api.github.com/users/entando-**/gists{/gist_id}",
    "starred_url": "https://api.github.com/users/entando-**/starred{/owner}{/repo}",
    "subscriptions_url": "https://api.github.com/users/entando-**/subscriptions",
    "organizations_url": "https://api.github.com/users/entando-**/orgs",
    "repos_url": "https://api.github.com/users/entando-**/repos",
    "events_url": "https://api.github.com/users/entando-**/events{/privacy}",
    "received_events_url": "https://api.github.com/users/entando-**/received_events",
    "type": "User",
    "site_*****": *****
  }
}
  % Total    % Received % Xferd  Average Speed   Time    Time     Time  Current
                                 Dload  Upload   Total   Spent    Left  Speed
  0     0    0     0    0     0      0      0 --:--:-- --:--:-- --:--:--     0 11  1836    0     0  100   203      0    327 --:--:-- --:--:-- --:--:--   327100  1836  100  1633  100   203   2631    327 --:--:-- --:--:-- --:--:--  2638
{
  "url": "https://api.github.com/repos/entando-k8s/entando-component-manager/statuses/b936cd2738337070bc01480ce1222ebf07c3d4bc",
  "avatar_url": "https://avatars2.githubusercontent.com/u/57885396?v=4",
  "id": 10938799584,
  "node_id": "MDEzOlN0YXR1c0NvbnRleHQxMDkzODc5OTU4NA==",
  "state": "pending",
  "description": "OWASP CVE pending!",
  "target_url": "https://entando-k8s.github.io/devops-results/entando-component-manager/PR-65/dependency-check-report.html",
  "context": "OWASP CVE",
  "created_at": "2020-10-02T12:53:03Z",
  "updated_at": "2020-10-02T12:53:03Z",
  "creator": {
    "login": "entando-**",
    "id": 57885396,
    "node_id": "MDQ6VXNlcjU3ODg1Mzk2",
    "avatar_url": "https://avatars2.githubusercontent.com/u/57885396?v=4",
    "gravatar_id": "",
    "url": "https://api.github.com/users/entando-**",
    "html_url": "https://github.com/entando-**",
    "followers_url": "https://api.github.com/users/entando-**/followers",
    "following_url": "https://api.github.com/users/entando-**/following{/other_user}",
    "gists_url": "https://api.github.com/users/entando-**/gists{/gist_id}",
    "starred_url": "https://api.github.com/users/entando-**/starred{/owner}{/repo}",
    "subscriptions_url": "https://api.github.com/users/entando-**/subscriptions",
    "organizations_url": "https://api.github.com/users/entando-**/orgs",
    "repos_url": "https://api.github.com/users/entando-**/repos",
    "events_url": "https://api.github.com/users/entando-**/events{/privacy}",
    "received_events_url": "https://api.github.com/users/**********/received_events",
    "type": "User",
    "site_*****": *****
  }
}
Picked up _JAVA_OPTIONS: -XX:+UnlockExperimentalVMOptions -Dsun.zip.disableMemoryMapping=true -XX:+UseParallelGC -XX:MinHeapFreeRatio=5 -XX:MaxHeapFreeRatio=10 -XX:GCTimeRatio=4 -XX:AdaptiveSizePolicyWeight=90 -Xms1000m -Xmx12000m
[INFO] Scanning for projects...
[INFO] 
[INFO] ---------------< org.entando:entando-component-manager >----------------
[INFO] Building Entando Component Manager 0.0.0-SNAPSHOT-PR-65-3
[INFO] --------------------------------[ jar ]---------------------------------
[INFO] 
[INFO] --- maven-checkstyle-plugin:3.1.1:check (validate) @ entando-component-manager ---
[INFO] Starting audit...
Audit done.
[INFO] You have 0 Checkstyle violations.
[INFO] 
[INFO] --- maven-checkstyle-plugin:3.1.1:checkstyle (validate) @ entando-component-manager ---
[INFO] Starting audit...
Audit done.
[INFO] 
[INFO] --- jacoco-maven-plugin:0.8.5:prepare-agent (prepare-agent) @ entando-component-manager ---
[INFO] argLine set to -javaagent:/home/jenkins/.mvnrepository/org/jacoco/org.jacoco.agent/0.8.5/org.jacoco.agent-0.8.5-runtime.jar=destfile=/workspace/source/target/jacoco.e**c
[INFO] 
[INFO] --- maven-resources-plugin:2.6:resources (default-resources) @ entando-component-manager ---
[INFO] Using 'UTF-8' encoding to copy filtered resources.
[INFO] Copying 7 resources
[INFO] 
[INFO] --- maven-compiler-plugin:3.8.1:compile (default-compile) @ entando-component-manager ---
[INFO] Changes detected - recompiling the module!
[INFO] Compiling 185 source files to /workspace/source/target/classes
[INFO] /workspace/source/src/main/java/org/entando/kubernetes/client/core/DefaultEntandoCoreClient.java: Some input files use or override a deprecated API.
[INFO] /workspace/source/src/main/java/org/entando/kubernetes/client/core/DefaultEntandoCoreClient.java: Recompile with -Xlint:deprecation for details.
[INFO] -------------------------------------------------------------
[ERROR] COMPILATION ERROR : 
[INFO] -------------------------------------------------------------
[ERROR] /workspace/source/src/main/java/org/entando/kubernetes/model/bundle/installable/PageInstallable.java:[3,53] package com.sun.javafx.scene.control.skin.VirtualFlow does not exist
[INFO] 1 error
[INFO] -------------------------------------------------------------
[INFO] 
[INFO] ------------------------------------------------------------------------
[INFO] Skipping Entando Component Manager
[INFO] This project has been banned from the build due to previous failures.
[INFO] ------------------------------------------------------------------------
[INFO] ------------------------------------------------------------------------
[INFO] BUILD FAILURE
[INFO] ------------------------------------------------------------------------
[INFO] Total time:  43.570 s
[INFO] Finished at: 2020-10-02T12:53:49Z
[INFO] ------------------------------------------------------------------------
[WARNING] The requested profile "***" could not be activated because it does not exist.
[ERROR] Failed to e**cute goal org.apache.maven.plugins:maven-compiler-plugin:3.8.1:compile (default-compile) on project entando-component-manager: Compilation failure
[ERROR] /workspace/source/src/main/java/org/entando/kubernetes/model/bundle/installable/PageInstallable.java:[3,53] package com.sun.javafx.scene.control.skin.VirtualFlow does not exist
[ERROR] 
[ERROR] -> [Help 1]
[ERROR] 
[ERROR] To see the full stack trace of the errors, re-run Maven with the -e switch.
[ERROR] Re-run Maven using the -X switch to enable full debug logging.
[ERROR] 
[ERROR] For more information about the errors and possible solutions, please read the following articles:
[ERROR] [Help 1] http://cwiki.apache.org/confluence/display/MAVEN/MojoFailureException
shallow cloning https://github.com/entando-k8s/devops-results.git branch gh-pages
ran git init in /tmp/jenkins-x-collect195295146
ran git add remote origin https://github.com/entando-k8s/devops-results.git in /tmp/jenkins-x-collect195295146
ran git fetch origin --depth=1 gh-pages in dir /tmp/jenkins-x-collect195295146
Publishing https://raw.githubusercontent.com/entando-k8s/devops-results/gh-pages/entando-component-manager/PR-65/checkstyle.html
Publishing https://raw.githubusercontent.com/entando-k8s/devops-results/gh-pages/entando-component-manager/PR-65/checkstyle.rss
Publishing https://raw.githubusercontent.com/entando-k8s/devops-results/gh-pages/entando-component-manager/PR-65/images/rss.png
stashed: https://raw.githubusercontent.com/entando-k8s/devops-results/gh-pages/entando-component-manager/PR-65/checkstyle.html
stashed: https://raw.githubusercontent.com/entando-k8s/devops-results/gh-pages/entando-component-manager/PR-65/checkstyle.rss
stashed: https://raw.githubusercontent.com/entando-k8s/devops-results/gh-pages/entando-component-manager/PR-65/images/rss.png
error: etcdserver: request is too large
No pre-deployment test results found for entando-component-manager-PR-65.
  % Total    % Received % Xferd  Average Speed   Time    Time     Time  Current
                                 Dload  Upload   Total   Spent    Left  Speed
{
  "url": "https://api.github.com/repos/entando-k8s/entando-component-manager/statuses/b936cd2738337070bc01480ce1222ebf07c3d4bc",
  "avatar_url": "https://avatars2.githubusercontent.com/u/57885396?v=4",
  "id": 10938830889,
  "node_id": "MDEzOlN0YXR1c0NvbnRleHQxMDkzODgzMDg4OQ==",
  "state": "failure",
  "description": "Pre-deployment tests failure!",
  "target_url": "https://entando-k8s.github.io/devops-results/entando-component-manager/PR-65/surefire-report.html",
  "context": "Pre-deployment tests",
  "created_at": "2020-10-02T12:56:17Z",
  "updated_at": "2020-10-02T12:56:17Z",
  "creator": {
    "login": "**********",
    "id": 57885396,
    "node_id": "MDQ6VXNlcjU3ODg1Mzk2",
    "avatar_url": "https://avatars2.githubusercontent.com/u/57885396?v=4",
    "gravatar_id": "",
    "url": "https://api.github.com/users/entando-**",
    "html_url": "https://github.com/entando-**",
    "followers_url": "https://api.github.com/users/entando-**/followers",
    "following_url": "https://api.github.com/users/entando-**/following{/other_user}",
    "gists_url": "https://api.github.com/users/**********/gists{/gist_id}",
    "starred_url": "https://api.github.com/users/entando-**/starred{/owner}{/repo}",
    "subscriptions_url": "https://api.github.com/users/entando-**/subscriptions",
    "organizations_url": "https://api.github.com/users/entando-**/orgs",
    "repos_url": "https://api.github.com/users/entando-**/repos",
    "events_url": "https://api.github.com/users/entando-**/events{/privacy}",
    "received_events_url": "https://api.github.com/users/entando-**/received_events",
    "type": "User",
    "site_*****": *****
  }
}
  0     0    0     0    0     0      0      0 --:--:-- --:--:-- --:--:--     0100  1864  100  1647  100   217   2535    334 --:--:-- --:--:-- --:--:--  2537
  % Total    % Received % Xferd  Average Speed   Time    Time     Time  Current
                                 Dload  Upload   Total   Spent    Left  Speed
{
  "url": "https://api.github.com/repos/entando-k8s/entando-component-manager/statuses/b936cd2738337070bc01480ce1222ebf07c3d4bc",
  "avatar_url": "https://avatars2.githubusercontent.com/u/57885396?v=4",
  "id": 10938831030,
  "node_id": "MDEzOlN0YXR1c0NvbnRleHQxMDkzODgzMTAzMA==",
  "state": "success",
  "description": "Checkstyle success!",
  "target_url": "https://entando-k8s.github.io/devops-results/entando-component-manager/PR-65/checkstyle.html",
  "context": "Checkstyle",
  "created_at": "2020-10-02T12:56:17Z",
  "updated_at": "2020-10-02T12:56:17Z",
  "creator": {
    "login": "entando-**",
    "id": 57885396,
    "node_id": "MDQ6VXNlcjU3ODg1Mzk2",
    "avatar_url": "https://avatars2.githubusercontent.com/u/57885396?v=4",
    "gravatar_id": "",
    "url": "https://api.github.com/users/entando-**",
    "html_url": "https://github.com/entando-**",
    "followers_url": "https://api.github.com/users/entando-**/followers",
    "following_url": "https://api.github.com/users/entando-**/following{/other_user}",
    "gists_url": "https://api.github.com/users/entando-**/gists{/gist_id}",
    "starred_url": "https://api.github.com/users/entando-**/starred{/owner}{/repo}",
    "subscriptions_url": "https://api.github.com/users/entando-**/subscriptions",
    "organizations_url": "https://api.github.com/users/entando-**/orgs",
    "repos_url": "https://api.github.com/users/**********/repos",
    "events_url": "https://api.github.com/users/entando-**/events{/privacy}",
    "received_events_url": "https://api.github.com/users/entando-**/received_events",
    "type": "User",
    "site_*****": *****
  }
}
  0     0    0     0    0     0      0      0 --:--:-- --:--:-- --:--:--     0  0     0    0     0    0     0      0      0 --:--:-- --:--:-- --:--:--     0100  1814  100  1622  100   192   2468    292 --:--:-- --:--:-- --:--:--  2476
OWASP has found dependencies with vulnerabilities for entando-component-manager-PR-65.
  % Total    % Received % Xferd  Average Speed   Time    Time     Time  Current
                                 Dload  Upload   Total   Spent    Left  Speed
{
  "url": "https://api.github.com/repos/entando-k8s/entando-component-manager/statuses/b936cd2738337070bc01480ce1222ebf07c3d4bc",
  "avatar_url": "https://avatars2.githubusercontent.com/u/57885396?v=4",
  "id": 10938831156,
  "node_id": "MDEzOlN0YXR1c0NvbnRleHQxMDkzODgzMTE1Ng==",
  "state": "failure",
  "description": "OWASP CVE failure!",
  "target_url": "https://entando-k8s.github.io/devops-results/entando-component-manager/PR-65/dependency-check-report.html",
  "context": "OWASP CVE",
  "created_at": "2020-10-02T12:56:18Z",
  "updated_at": "2020-10-02T12:56:18Z",
  "creator": {
    "login": "entando-**",
    "id": 57885396,
    "node_id": "MDQ6VXNlcjU3ODg1Mzk2",
    "avatar_url": "https://avatars2.githubusercontent.com/u/57885396?v=4",
    "gravatar_id": "",
    "url": "https://api.github.com/users/entando-**",
    "html_url": "https://github.com/entando-**",
    "followers_url": "https://api.github.com/users/entando-**/followers",
    "following_url": "https://api.github.com/users/entando-**/following{/other_user}",
    "gists_url": "https://api.github.com/users/entando-**/gists{/gist_id}",
    "starred_url": "https://api.github.com/users/entando-**/starred{/owner}{/repo}",
    "subscriptions_url": "https://api.github.com/users/entando-**/subscriptions",
    "organizations_url": "https://api.github.com/users/entando-**/orgs",
    "repos_url": "https://api.github.com/users/entando-**/repos",
    "events_url": "https://api.github.com/users/entando-**/events{/privacy}",
    "received_events_url": "https://api.github.com/users/**********/received_events",
    "type": "User",
    "site_*****": *****
  }
}
  0     0    0     0    0     0      0      0 --:--:-- --:--:-- --:--:--     0 11  1836    0     0  100   203      0    318 --:--:-- --:--:-- --:--:--   318100  1836  100  1633  100   203   2563    318 --:--:-- --:--:-- --:--:--  2563
The following checks failed: for entando-component-manager-PR-65 : Pre-deployment tests; OWASP Maven Dependency Check; 
[31m
Pipeline failed on stage 'from-build-pack' : container 'step-build-mvn-verify-pr'. The execution of the pipeline has stopped.[0m
