
Showing logs for build [32mentando-k8s-entando-quarkus-par-66rlx-16[0m stage [32mfrom-build-pack[0m and container [32mstep-credential-initializer-4hgzq[0m
{"level":"warn","ts":1599472796.990474,"logger":"fallback-logger","caller":"logging/config.go:69","msg":"Fetch GitHub commit ID from kodata failed: \"ref: refs/heads/0.8.0-**-support-backwards-incompats\" is not a valid GitHub commit ID"}
{"level":"info","ts":1599472796.9923768,"logger":"fallback-logger","caller":"creds-init/main.go:40","msg":"Credentials initialized."}

Showing logs for build [32mentando-k8s-entando-quarkus-par-66rlx-16[0m stage [32mfrom-build-pack[0m and container [32mstep-working-dir-initializer-g92zc[0m
{"level":"warn","ts":1599472798.732202,"logger":"fallback-logger","caller":"logging/config.go:69","msg":"Fetch GitHub commit ID from kodata failed: open /var/run/ko/HEAD: no such file or directory"}
{"level":"info","ts":1599472798.7357569,"logger":"fallback-logger","caller":"bash/main.go:64","msg":"Successfully e**cuted command \"sh -c mkdir -p /workspace/source\"; output "}

Showing logs for build [32mentando-k8s-entando-quarkus-par-66rlx-16[0m stage [32mfrom-build-pack[0m and container [32mstep-place-tools[0m

Showing logs for build [32mentando-k8s-entando-quarkus-par-66rlx-16[0m stage [32mfrom-build-pack[0m and container [32mstep-git-source-entando-k8s-entando-quarkus-par-2mxj5[0m
{"level":"warn","ts":1599472892.1929677,"logger":"fallback-logger","caller":"logging/config.go:69","msg":"Fetch GitHub commit ID from kodata failed: \"ref: refs/heads/0.8.0-**-support-backwards-incompats\" is not a valid GitHub commit ID"}
{"level":"info","ts":1599472893.388153,"logger":"fallback-logger","caller":"git/git.go:103","msg":"Successfully cloned https://github.com/entando-k8s/entando-quarkus-parent.git @ v6.2.1 in path /workspace/source"}

Showing logs for build [32mentando-k8s-entando-quarkus-par-66rlx-16[0m stage [32mfrom-build-pack[0m and container [32mstep-git-merge[0m
Using SHAs from PULL_REFS=master:708d83f3c33aee94f57c46c68554af8ba425a00e
WARNING: no SHAs to merge, falling back to initial cloned commit

Showing logs for build [32mentando-k8s-entando-quarkus-par-66rlx-16[0m stage [32mfrom-build-pack[0m and container [32mstep-setup-jx-git-credentials[0m
Generated Git credentials file /workspace/xdg_config/git/credentials

Showing logs for build [32mentando-k8s-entando-quarkus-par-66rlx-16[0m stage [32mfrom-build-pack[0m and container [32mstep-build-fetch-full-repo[0m
From https://github.com/entando-k8s/entando-quarkus-parent
 * [new branch]      master     -> origin/master
 * [new tag]         v6.2.1     -> v6.2.1

Showing logs for build [32mentando-k8s-entando-quarkus-par-66rlx-16[0m stage [32mfrom-build-pack[0m and container [32mstep-build-mvn-deploy[0m
Picked up _JAVA_OPTIONS: -XX:+UnlockExperimentalVMOptions -Dsun.zip.disableMemoryMapping=true -XX:+UseParallelGC -XX:MinHeapFreeRatio=5 -XX:MaxHeapFreeRatio=10 -XX:GCTimeRatio=4 -XX:AdaptiveSizePolicyWeight=90 -Xms10m -Xmx192m
[INFO] Scanning for projects...
[INFO] 
[INFO] -----------------< org.entando:entando-quarkus-parent >-----------------
[INFO] Building Entando Quarkus Parent POM 6.2.1
[INFO] --------------------------------[ pom ]---------------------------------
[INFO] 
[INFO] --- maven-clean-plugin:2.5:clean (default-clean) @ entando-quarkus-parent ---
[INFO] 
[INFO] --- maven-surefire-report-plugin:3.0.0-M4:failsafe-report-only (integration-tests) @ entando-quarkus-parent ---
[INFO] 
[INFO] --- maven-surefire-report-plugin:3.0.0-M4:report-only (unit-tests) @ entando-quarkus-parent ---
[WARNING] Unable to locate Test Source XRef to link to - DISABLED
[INFO] 
[INFO] --- maven-install-plugin:2.4:install (default-install) @ entando-quarkus-parent ---
[INFO] Installing /workspace/source/pom.xml to /home/jenkins/.mvnrepository/org/entando/entando-quarkus-parent/6.2.1/entando-quarkus-parent-6.2.1.pom
[INFO] 
[INFO] --- maven-deploy-plugin:2.8.2:deploy (default-deploy) @ entando-quarkus-parent ---
[INFO] Using alternate deployment repository local-nexus::default::http://nexus/repository/maven-releases/
[INFO] ------------------------------------------------------------------------
[INFO] BUILD SUCCESS
[INFO] ------------------------------------------------------------------------
[INFO] Total time:  14.493 s
[INFO] Finished at: 2020-09-07T10:01:56Z
[INFO] ------------------------------------------------------------------------
