
Showing logs for build [32mentando-k8s-environment-entando-hqgg7-1[0m stage [32mfrom-build-pack[0m and container [32mstep-credential-initializer-mcn7c[0m
{"level":"warn","ts":1602144859.098081,"logger":"fallback-logger","caller":"logging/config.go:69","msg":"Fetch GitHub commit ID from kodata failed: \"ref: refs/heads/0.8.0-**-support-backwards-incompats\" is not a valid GitHub commit ID"}
{"level":"info","ts":1602144859.10608,"logger":"fallback-logger","caller":"creds-init/main.go:40","msg":"Credentials initialized."}

Showing logs for build [32mentando-k8s-environment-entando-hqgg7-1[0m stage [32mfrom-build-pack[0m and container [32mstep-working-dir-initializer-9kvfw[0m
{"level":"warn","ts":1602144863.2878642,"logger":"fallback-logger","caller":"logging/config.go:69","msg":"Fetch GitHub commit ID from kodata failed: open /var/run/ko/HEAD: no such file or directory"}
{"level":"info","ts":1602144863.3023171,"logger":"fallback-logger","caller":"bash/main.go:64","msg":"Successfully e**cuted command \"sh -c mkdir -p /workspace/source\"; output "}

Showing logs for build [32mentando-k8s-environment-entando-hqgg7-1[0m stage [32mfrom-build-pack[0m and container [32mstep-place-tools[0m

Showing logs for build [32mentando-k8s-environment-entando-hqgg7-1[0m stage [32mfrom-build-pack[0m and container [32mstep-git-source-entando-k8s-environment-entando-wnwx8[0m
{"level":"warn","ts":1602144877.9693623,"logger":"fallback-logger","caller":"logging/config.go:69","msg":"Fetch GitHub commit ID from kodata failed: \"ref: refs/heads/0.8.0-**-support-backwards-incompats\" is not a valid GitHub commit ID"}
{"level":"info","ts":1602144879.1947587,"logger":"fallback-logger","caller":"git/git.go:103","msg":"Successfully cloned https://github.com/entando-k8s/environment-**********-staging.git @ master in path /workspace/source"}

Showing logs for build [32mentando-k8s-environment-entando-hqgg7-1[0m stage [32mfrom-build-pack[0m and container [32mstep-git-merge[0m
Using SHAs from PULL_REFS=master:e70bf0cc0247c10f07f4d3432547e3acfc8ec266,119:2f0b7e6d11b24d910e0300b3d7246e047f24bd38
DEBUG: ran git fetch --unshallow origin 2f0b7e6d11b24d910e0300b3d7246e047f24bd38: e70bf0cc0247c10f07f4d3432547e3acfc8ec266: in 
DEBUG: ran git checkout master in 
DEBUG: ran git reset --hard e70bf0cc0247c10f07f4d3432547e3acfc8ec266 in 
DEBUG: ran clean --force -d . in 
DEBUG: ran git merge 2f0b7e6d11b24d910e0300b3d7246e047f24bd38 in 
Merged SHA 2f0b7e6d11b24d910e0300b3d7246e047f24bd38 with commit message 'chore: Promote entando-k8s-controller-coordinator to version 6.2.8' into base branch master

Showing logs for build [32mentando-k8s-environment-entando-hqgg7-1[0m stage [32mfrom-build-pack[0m and container [32mstep-build-helm-build[0m
WARNING: No $CHART_REPOSITORY defined so using the default value of: http://jenkins-x-chartmuseum:8080
Adding missing Helm repo: storage.googleapis.com https://storage.googleapis.com/chartmuseum.jenkins-x.io
Successfully added Helm repository storage.googleapis.com.
Adding missing Helm repo: jenkins-x-chartmuseum http://jenkins-x-chartmuseum:8080
Successfully added Helm repository jenkins-x-chartmuseum.
WARNING: No $CHART_REPOSITORY defined so using the default value of: http://jenkins-x-chartmuseum:8080
Adding missing Helm repo: chartmuseum.jenkins-x.io http://chartmuseum.jenkins-x.io
Successfully added Helm repository chartmuseum.jenkins-x.io.
