
Showing logs for build [32mentando-k8s-entando-k8s-plugin-kdlxv-1[0m stage [32mfrom-build-pack[0m and container [32mstep-credential-initializer-jmf7x[0m
{"level":"warn","ts":1599654698.871654,"logger":"fallback-logger","caller":"logging/config.go:69","msg":"Fetch GitHub commit ID from kodata failed: \"ref: refs/heads/0.8.0-**-support-backwards-incompats\" is not a valid GitHub commit ID"}
{"level":"info","ts":1599654698.8798902,"logger":"fallback-logger","caller":"creds-init/main.go:40","msg":"Credentials initialized."}

Showing logs for build [32mentando-k8s-entando-k8s-plugin-kdlxv-1[0m stage [32mfrom-build-pack[0m and container [32mstep-working-dir-initializer-2b94j[0m
{"level":"warn","ts":1599654701.7963138,"logger":"fallback-logger","caller":"logging/config.go:69","msg":"Fetch GitHub commit ID from kodata failed: open /var/run/ko/HEAD: no such file or directory"}
{"level":"info","ts":1599654701.851225,"logger":"fallback-logger","caller":"bash/main.go:64","msg":"Successfully e**cuted command \"sh -c mkdir -p /workspace/source\"; output "}

Showing logs for build [32mentando-k8s-entando-k8s-plugin-kdlxv-1[0m stage [32mfrom-build-pack[0m and container [32mstep-place-tools[0m

Showing logs for build [32mentando-k8s-entando-k8s-plugin-kdlxv-1[0m stage [32mfrom-build-pack[0m and container [32mstep-git-source-entando-k8s-entando-k8s-plugin-bz9hg[0m
{"level":"warn","ts":1599654730.7402763,"logger":"fallback-logger","caller":"logging/config.go:69","msg":"Fetch GitHub commit ID from kodata failed: \"ref: refs/heads/0.8.0-**-support-backwards-incompats\" is not a valid GitHub commit ID"}
{"level":"info","ts":1599654732.080251,"logger":"fallback-logger","caller":"git/git.go:103","msg":"Successfully cloned https://github.com/entando-k8s/entando-k8s-plugin-controller.git @ master in path /workspace/source"}

Showing logs for build [32mentando-k8s-entando-k8s-plugin-kdlxv-1[0m stage [32mfrom-build-pack[0m and container [32mstep-git-merge[0m
Using SHAs from PULL_REFS=master:d0b01fa547b4bc673297ddd468da7627ed82fdea,11:387d66f29d44e9da245c8ce722e958214cf69ae7
DEBUG: ran git fetch --unshallow origin 387d66f29d44e9da245c8ce722e958214cf69ae7: d0b01fa547b4bc673297ddd468da7627ed82fdea: in 
DEBUG: ran git checkout master in 
DEBUG: ran git reset --hard d0b01fa547b4bc673297ddd468da7627ed82fdea in 
DEBUG: ran clean --force -d . in 
DEBUG: ran git merge 387d66f29d44e9da245c8ce722e958214cf69ae7 in 
Merged SHA 387d66f29d44e9da245c8ce722e958214cf69ae7 with commit message 'ENG-1218 configurable resources' into base branch master

Showing logs for build [32mentando-k8s-entando-k8s-plugin-kdlxv-1[0m stage [32mfrom-build-pack[0m and container [32mstep-build-set-version[0m
Picked up _JAVA_OPTIONS: -XX:+UnlockExperimentalVMOptions -Dsun.zip.disableMemoryMapping=true -XX:+UseParallelGC -XX:MinHeapFreeRatio=5 -XX:MaxHeapFreeRatio=10 -XX:GCTimeRatio=4 -XX:AdaptiveSizePolicyWeight=90 -Xms1000m -Xmx12000m
[INFO] Scanning for projects...
[INFO] 
[INFO] -------------< org.entando:entando-k8s-plugin-controller >--------------
[INFO] Building Entando K8S Controller for Entando Plugin Deployments 6.2.0-SNAPSHOT
[INFO] --------------------------------[ jar ]---------------------------------
[INFO] 
[INFO] --- versions-maven-plugin:2.8.1:set (default-cli) @ entando-k8s-plugin-controller ---
[INFO] Local aggregation ****: /workspace/source
[INFO] Processing change of org.entando:entando-k8s-plugin-controller:6.2.0-SNAPSHOT -> 0.0.0-SNAPSHOT-PR-11-1
[INFO] Processing org.entando:entando-k8s-plugin-controller
[INFO]     Updating project org.entando:entando-k8s-plugin-controller
[INFO]         from version 6.2.0-SNAPSHOT to 0.0.0-SNAPSHOT-PR-11-1
[INFO] 
[INFO] ------------------------------------------------------------------------
[INFO] BUILD SUCCESS
[INFO] ------------------------------------------------------------------------
[INFO] Total time:  9.512 s
[INFO] Finished at: 2020-09-09T12:32:28Z
[INFO] ------------------------------------------------------------------------

Showing logs for build [32mentando-k8s-entando-k8s-plugin-kdlxv-1[0m stage [32mfrom-build-pack[0m and container [32mstep-build-fix-git-for-sonar[0m
Switched to a new branch 'PR-11'
M	pom.xml
Deleted branch master (was 387d66f).
From https://github.com/entando-k8s/entando-k8s-plugin-controller
 * [new branch]      master     -> master

Showing logs for build [32mentando-k8s-entando-k8s-plugin-kdlxv-1[0m stage [32mfrom-build-pack[0m and container [32mstep-build-mvn-verify-pr[0m
  % Total    % Received % Xferd  Average Speed   Time    Time     Time  Current
                                 Dload  Upload   Total   Spent    Left  Speed
  0     0    0     0    0     0      0      0 --:--:-- --:--:-- --:--:--     0  0     0    0     0    0     0      0      0 --:--:-- --:--:-- --:--:--     0100  1876  100  1655  100   221   2549    340 --:--:-- --:--:-- --:--:--  2565
{
  "url": "https://api.github.com/repos/entando-k8s/entando-k8s-plugin-controller/statuses/387d66f29d44e9da245c8ce722e958214cf69ae7",
  "avatar_url": "https://avatars2.githubusercontent.com/u/57885396?v=4",
  "id": 10713362465,
  "node_id": "MDEzOlN0YXR1c0NvbnRleHQxMDcxMzM2MjQ2NQ==",
  "state": "pending",
  "description": "Pre-deployment tests pending!",
  "target_url": "https://entando-k8s.github.io/devops-results/entando-k8s-plugin-controller/PR-11/surefire-report.html",
  "context": "Pre-deployment tests",
  "created_at": "2020-09-09T12:32:31Z",
  "updated_at": "2020-09-09T12:32:31Z",
  "creator": {
    "login": "entando-**",
    "id": 57885396,
    "node_id": "MDQ6VXNlcjU3ODg1Mzk2",
    "avatar_url": "https://avatars2.githubusercontent.com/u/57885396?v=4",
    "gravatar_id": "",
    "url": "https://api.github.com/users/**********",
    "html_url": "https://github.com/entando-**",
    "followers_url": "https://api.github.com/users/entando-**/followers",
    "following_url": "https://api.github.com/users/**********/following{/other_user}",
    "gists_url": "https://api.github.com/users/**********/gists{/gist_id}",
    "starred_url": "https://api.github.com/users/entando-**/starred{/owner}{/repo}",
    "subscriptions_url": "https://api.github.com/users/**********/subscriptions",
    "organizations_url": "https://api.github.com/users/entando-**/orgs",
    "repos_url": "https://api.github.com/users/entando-**/repos",
    "events_url": "https://api.github.com/users/entando-**/events{/privacy}",
    "received_events_url": "https://api.github.com/users/entando-**/received_events",
    "type": "User",
    "site_*****": false
  }
}
  % Total    % Received % Xferd  Average Speed   Time    Time     Time  Current
                                 Dload  Upload   Total   Spent    Left  Speed
  0     0    0     0    0     0      0      0 --:--:-- --:--:-- --:--:--     0 11  1880    0     0  100   223      0    371 --:--:-- --:--:-- --:--:--   371100  1880  100  1657  100   223   2761    371 --:--:-- --:--:-- --:--:--  2761
{
  "url": "https://api.github.com/repos/entando-k8s/entando-k8s-plugin-controller/statuses/387d66f29d44e9da245c8ce722e958214cf69ae7",
  "avatar_url": "https://avatars2.githubusercontent.com/u/57885396?v=4",
  "id": 10713362561,
  "node_id": "MDEzOlN0YXR1c0NvbnRleHQxMDcxMzM2MjU2MQ==",
  "state": "pending",
  "description": "Post-deployment tests pending!",
  "target_url": "https://entando-k8s.github.io/devops-results/entando-k8s-plugin-controller/PR-11/failsafe-report.html",
  "context": "Post-deployment tests",
  "created_at": "2020-09-09T12:32:31Z",
  "updated_at": "2020-09-09T12:32:31Z",
  "creator": {
    "login": "entando-**",
    "id": 57885396,
    "node_id": "MDQ6VXNlcjU3ODg1Mzk2",
    "avatar_url": "https://avatars2.githubusercontent.com/u/57885396?v=4",
    "gravatar_id": "",
    "url": "https://api.github.com/users/**********",
    "html_url": "https://github.com/**********",
    "followers_url": "https://api.github.com/users/entando-**/followers",
    "following_url": "https://api.github.com/users/entando-**/following{/other_user}",
    "gists_url": "https://api.github.com/users/**********/gists{/gist_id}",
    "starred_url": "https://api.github.com/users/entando-**/starred{/owner}{/repo}",
    "subscriptions_url": "https://api.github.com/users/entando-**/subscriptions",
    "organizations_url": "https://api.github.com/users/**********/orgs",
    "repos_url": "https://api.github.com/users/entando-**/repos",
    "events_url": "https://api.github.com/users/**********/events{/privacy}",
    "received_events_url": "https://api.github.com/users/**********/received_events",
    "type": "User",
    "site_*****": false
  }
}
  % Total    % Received % Xferd  Average Speed   Time    Time     Time  Current
                                 Dload  Upload   Total   Spent    Left  Speed
  0     0    0     0    0     0      0      0 --:--:-- --:--:-- --:--:--     0100  1826  100  1630  100   196   2550    306 --:--:-- --:--:-- --:--:--  2554
{
  "url": "https://api.github.com/repos/entando-k8s/entando-k8s-plugin-controller/statuses/387d66f29d44e9da245c8ce722e958214cf69ae7",
  "avatar_url": "https://avatars2.githubusercontent.com/u/57885396?v=4",
  "id": 10713362665,
  "node_id": "MDEzOlN0YXR1c0NvbnRleHQxMDcxMzM2MjY2NQ==",
  "state": "pending",
  "description": "Checkstyle pending!",
  "target_url": "https://entando-k8s.github.io/devops-results/entando-k8s-plugin-controller/PR-11/checkstyle.html",
  "context": "Checkstyle",
  "created_at": "2020-09-09T12:32:32Z",
  "updated_at": "2020-09-09T12:32:32Z",
  "creator": {
    "login": "**********",
    "id": 57885396,
    "node_id": "MDQ6VXNlcjU3ODg1Mzk2",
    "avatar_url": "https://avatars2.githubusercontent.com/u/57885396?v=4",
    "gravatar_id": "",
    "url": "https://api.github.com/users/**********",
    "html_url": "https://github.com/entando-**",
    "followers_url": "https://api.github.com/users/**********/followers",
    "following_url": "https://api.github.com/users/entando-**/following{/other_user}",
    "gists_url": "https://api.github.com/users/**********/gists{/gist_id}",
    "starred_url": "https://api.github.com/users/entando-**/starred{/owner}{/repo}",
    "subscriptions_url": "https://api.github.com/users/**********/subscriptions",
    "organizations_url": "https://api.github.com/users/**********/orgs",
    "repos_url": "https://api.github.com/users/**********/repos",
    "events_url": "https://api.github.com/users/**********/events{/privacy}",
    "received_events_url": "https://api.github.com/users/**********/received_events",
    "type": "User",
    "site_*****": false
  }
}
  % Total    % Received % Xferd  Average Speed   Time    Time     Time  Current
                                 Dload  Upload   Total   Spent    Left  Speed
  0     0    0     0    0     0      0      0 --:--:-- --:--:-- --:--:--     0  0     0    0     0    0     0      0      0 --:--:-- --:--:-- --:--:--     0100  1848  100  1641  100   207   2816    355 --:--:-- --:--:-- --:--:--  2814
{
  "url": "https://api.github.com/repos/entando-k8s/entando-k8s-plugin-controller/statuses/387d66f29d44e9da245c8ce722e958214cf69ae7",
  "avatar_url": "https://avatars2.githubusercontent.com/u/57885396?v=4",
  "id": 10713362758,
  "node_id": "MDEzOlN0YXR1c0NvbnRleHQxMDcxMzM2Mjc1OA==",
  "state": "pending",
  "description": "OWASP CVE pending!",
  "target_url": "https://entando-k8s.github.io/devops-results/entando-k8s-plugin-controller/PR-11/dependency-check-report.html",
  "context": "OWASP CVE",
  "created_at": "2020-09-09T12:32:32Z",
  "updated_at": "2020-09-09T12:32:32Z",
  "creator": {
    "login": "**********",
    "id": 57885396,
    "node_id": "MDQ6VXNlcjU3ODg1Mzk2",
    "avatar_url": "https://avatars2.githubusercontent.com/u/57885396?v=4",
    "gravatar_id": "",
    "url": "https://api.github.com/users/entando-**",
    "html_url": "https://github.com/entando-**",
    "followers_url": "https://api.github.com/users/entando-**/followers",
    "following_url": "https://api.github.com/users/entando-**/following{/other_user}",
    "gists_url": "https://api.github.com/users/**********/gists{/gist_id}",
    "starred_url": "https://api.github.com/users/**********/starred{/owner}{/repo}",
    "subscriptions_url": "https://api.github.com/users/**********/subscriptions",
    "organizations_url": "https://api.github.com/users/entando-**/orgs",
    "repos_url": "https://api.github.com/users/entando-**/repos",
    "events_url": "https://api.github.com/users/entando-**/events{/privacy}",
    "received_events_url": "https://api.github.com/users/**********/received_events",
    "type": "User",
    "site_*****": false
  }
}
Picked up _JAVA_OPTIONS: -XX:+UnlockExperimentalVMOptions -Dsun.zip.disableMemoryMapping=true -XX:+UseParallelGC -XX:MinHeapFreeRatio=5 -XX:MaxHeapFreeRatio=10 -XX:GCTimeRatio=4 -XX:AdaptiveSizePolicyWeight=90 -Xms1000m -Xmx12000m
[INFO] Scanning for projects...
[INFO] 
[INFO] -------------< org.entando:entando-k8s-plugin-controller >--------------
[INFO] Building Entando K8S Controller for Entando Plugin Deployments 0.0.0-SNAPSHOT-PR-11-1
[INFO] --------------------------------[ jar ]---------------------------------
[INFO] 
[INFO] --- maven-checkstyle-plugin:3.1.1:check (validate) @ entando-k8s-plugin-controller ---
[INFO] Starting audit...
Audit done.
[INFO] You have 0 Checkstyle violations.
[INFO] 
[INFO] --- maven-checkstyle-plugin:3.1.1:checkstyle (validate) @ entando-k8s-plugin-controller ---
[INFO] Starting audit...
Audit done.
[INFO] 
[INFO] --- jacoco-maven-plugin:0.8.5:prepare-agent (prepare-agent) @ entando-k8s-plugin-controller ---
[INFO] argLine set to -javaagent:/home/jenkins/.mvnrepository/org/jacoco/org.jacoco.agent/0.8.5/org.jacoco.agent-0.8.5-runtime.jar=destfile=/workspace/source/target/jacoco.e**c
[INFO] 
[INFO] --- maven-resources-plugin:2.6:resources (default-resources) @ entando-k8s-plugin-controller ---
[INFO] Using 'UTF-8' encoding to copy filtered resources.
[INFO] Copying 3 resources
[INFO] 
[INFO] --- maven-compiler-plugin:3.8.1:compile (default-compile) @ entando-k8s-plugin-controller ---
[INFO] Changes detected - recompiling the module!
[INFO] Compiling 4 source files to /workspace/source/target/classes
[INFO] -------------------------------------------------------------
[ERROR] COMPILATION ERROR : 
[INFO] -------------------------------------------------------------
[ERROR] /workspace/source/src/main/java/org/entando/kubernetes/controller/plugin/EntandoPluginServerDeployable.java:[36,8] org.entando.kubernetes.controller.plugin.EntandoPluginServerDeployable is not abstract and does not override abstract method getCustomResource() in org.entando.kubernetes.controller.spi.Deployable
[ERROR] /workspace/source/src/main/java/org/entando/kubernetes/controller/plugin/EntandoPluginServerDeployable.java:[85,34] getCustomResource() in org.entando.kubernetes.controller.plugin.EntandoPluginServerDeployable cannot implement getCustomResource() in org.entando.kubernetes.controller.spi.Deployable
  return type org.entando.kubernetes.model.EntandoCustomResource is not compatible with org.entando.kubernetes.model.EntandoBaseCustomResource<?>
[ERROR] /workspace/source/src/main/java/org/entando/kubernetes/controller/plugin/EntandoPluginServerDeployable.java:[84,5] method does not override or implement a method from a supertype
[INFO] 3 errors 
[INFO] -------------------------------------------------------------
[INFO] 
[INFO] ------------------------------------------------------------------------
[INFO] Skipping Entando K8S Controller for Entando Plugin Deployments
[INFO] This project has been banned from the build due to previous failures.
[INFO] ------------------------------------------------------------------------
[INFO] ------------------------------------------------------------------------
[INFO] BUILD FAILURE
[INFO] ------------------------------------------------------------------------
[INFO] Total time:  25.563 s
[INFO] Finished at: 2020-09-09T12:33:00Z
[INFO] ------------------------------------------------------------------------
[ERROR] Failed to e**cute goal org.apache.maven.plugins:maven-compiler-plugin:3.8.1:compile (default-compile) on project entando-k8s-plugin-controller: Compilation failure: Compilation failure: 
[ERROR] /workspace/source/src/main/java/org/entando/kubernetes/controller/plugin/EntandoPluginServerDeployable.java:[36,8] org.entando.kubernetes.controller.plugin.EntandoPluginServerDeployable is not abstract and does not override abstract method getCustomResource() in org.entando.kubernetes.controller.spi.Deployable
[ERROR] /workspace/source/src/main/java/org/entando/kubernetes/controller/plugin/EntandoPluginServerDeployable.java:[85,34] getCustomResource() in org.entando.kubernetes.controller.plugin.EntandoPluginServerDeployable cannot implement getCustomResource() in org.entando.kubernetes.controller.spi.Deployable
[ERROR]   return type org.entando.kubernetes.model.EntandoCustomResource is not compatible with org.entando.kubernetes.model.EntandoBaseCustomResource<?>
[ERROR] /workspace/source/src/main/java/org/entando/kubernetes/controller/plugin/EntandoPluginServerDeployable.java:[84,5] method does not override or implement a method from a supertype
[ERROR] -> [Help 1]
[ERROR] 
[ERROR] To see the full stack trace of the errors, re-run Maven with the -e switch.
[ERROR] Re-run Maven using the -X switch to enable full debug logging.
[ERROR] 
[ERROR] For more information about the errors and possible solutions, please read the following articles:
[ERROR] [Help 1] http://cwiki.apache.org/confluence/display/MAVEN/MojoFailureException
shallow cloning https://github.com/entando-k8s/devops-results.git branch gh-pages
ran git init in /tmp/jenkins-x-collect971402269
ran git add remote origin https://github.com/entando-k8s/devops-results.git in /tmp/jenkins-x-collect971402269
ran git fetch origin --depth=1 gh-pages in dir /tmp/jenkins-x-collect971402269
Publishing https://raw.githubusercontent.com/entando-k8s/devops-results/gh-pages/entando-k8s-plugin-controller/PR-11/checkstyle.html
Publishing https://raw.githubusercontent.com/entando-k8s/devops-results/gh-pages/entando-k8s-plugin-controller/PR-11/checkstyle.rss
Publishing https://raw.githubusercontent.com/entando-k8s/devops-results/gh-pages/entando-k8s-plugin-controller/PR-11/images/rss.png
stashed: https://raw.githubusercontent.com/entando-k8s/devops-results/gh-pages/entando-k8s-plugin-controller/PR-11/checkstyle.html
stashed: https://raw.githubusercontent.com/entando-k8s/devops-results/gh-pages/entando-k8s-plugin-controller/PR-11/checkstyle.rss
stashed: https://raw.githubusercontent.com/entando-k8s/devops-results/gh-pages/entando-k8s-plugin-controller/PR-11/images/rss.png
error: etcdserver: request is too large
No pre-deployment test results found for entando-k8s-plugin-controller-PR-11.
  % Total    % Received % Xferd  Average Speed   Time    Time     Time  Current
                                 Dload  Upload   Total   Spent    Left  Speed
  0     0    0     0    0     0      0      0 --:--:-- --:--:-- --:--:--     0 11  1876    0     0  100   221      0    334 --:--:-- --:--:-- --:--:--   334100  1876  100  1655  100   221   2503    334 --:--:-- --:--:-- --:--:--  2503
{
  "url": "https://api.github.com/repos/entando-k8s/entando-k8s-plugin-controller/statuses/387d66f29d44e9da245c8ce722e958214cf69ae7",
  "avatar_url": "https://avatars2.githubusercontent.com/u/57885396?v=4",
  "id": 10713385316,
  "node_id": "MDEzOlN0YXR1c0NvbnRleHQxMDcxMzM4NTMxNg==",
  "state": "failure",
  "description": "Pre-deployment tests failure!",
  "target_url": "https://entando-k8s.github.io/devops-results/entando-k8s-plugin-controller/PR-11/surefire-report.html",
  "context": "Pre-deployment tests",
  "created_at": "2020-09-09T12:34:59Z",
  "updated_at": "2020-09-09T12:34:59Z",
  "creator": {
    "login": "**********",
    "id": 57885396,
    "node_id": "MDQ6VXNlcjU3ODg1Mzk2",
    "avatar_url": "https://avatars2.githubusercontent.com/u/57885396?v=4",
    "gravatar_id": "",
    "url": "https://api.github.com/users/**********",
    "html_url": "https://github.com/**********",
    "followers_url": "https://api.github.com/users/entando-**/followers",
    "following_url": "https://api.github.com/users/**********/following{/other_user}",
    "gists_url": "https://api.github.com/users/entando-**/gists{/gist_id}",
    "starred_url": "https://api.github.com/users/entando-**/starred{/owner}{/repo}",
    "subscriptions_url": "https://api.github.com/users/entando-**/subscriptions",
    "organizations_url": "https://api.github.com/users/entando-**/orgs",
    "repos_url": "https://api.github.com/users/entando-**/repos",
    "events_url": "https://api.github.com/users/**********/events{/privacy}",
    "received_events_url": "https://api.github.com/users/**********/received_events",
    "type": "User",
    "site_*****": false
  }
}
  % Total    % Received % Xferd  Average Speed   Time    Time     Time  Current
                                 Dload  Upload   Total   Spent    Left  Speed
{
  "url": "https://api.github.com/repos/entando-k8s/entando-k8s-plugin-controller/statuses/387d66f29d44e9da245c8ce722e958214cf69ae7",
  "avatar_url": "https://avatars2.githubusercontent.com/u/57885396?v=4",
  "id": 10713385420,
  "node_id": "MDEzOlN0YXR1c0NvbnRleHQxMDcxMzM4NTQyMA==",
  "state": "success",
  "description": "Checkstyle success!",
  "target_url": "https://entando-k8s.github.io/devops-results/entando-k8s-plugin-controller/PR-11/checkstyle.html",
  "context": "Checkstyle",
  "created_at": "2020-09-09T12:35:00Z",
  "updated_at": "2020-09-09T12:35:00Z",
  "creator": {
    "login": "**********",
    "id": 57885396,
    "node_id": "MDQ6VXNlcjU3ODg1Mzk2",
    "avatar_url": "https://avatars2.githubusercontent.com/u/57885396?v=4",
    "gravatar_id": "",
    "url": "https://api.github.com/users/**********",
    "html_url": "https://github.com/entando-**",
    "followers_url": "https://api.github.com/users/**********/followers",
    "following_url": "https://api.github.com/users/**********/following{/other_user}",
    "gists_url": "https://api.github.com/users/**********/gists{/gist_id}",
    "starred_url": "https://api.github.com/users/entando-**/starred{/owner}{/repo}",
    "subscriptions_url": "https://api.github.com/users/entando-**/subscriptions",
    "organizations_url": "https://api.github.com/users/entando-**/orgs",
    "repos_url": "https://api.github.com/users/**********/repos",
    "events_url": "https://api.github.com/users/**********/events{/privacy}",
    "received_events_url": "https://api.github.com/users/entando-**/received_events",
    "type": "User",
    "site_*****": false
  }
}
  0     0    0     0    0     0      0      0 --:--:-- --:--:-- --:--:--     0100  1826  100  1630  100   196   2392    287 --:--:-- --:--:-- --:--:--  2393
OWASP has found dependencies with vulnerabilities for entando-k8s-plugin-controller-PR-11.
  % Total    % Received % Xferd  Average Speed   Time    Time     Time  Current
                                 Dload  Upload   Total   Spent    Left  Speed
  0     0    0     0    0     0      0      0 --:--:-- --:--:-- --:--:--     0  0     0    0     0    0     0      0      0 --:--:-- --:--:-- --:--:--     0100  1848  100  1641  100   207   2132    268 --:--:-- --:--:-- --:--:--  2136
{
  "url": "https://api.github.com/repos/entando-k8s/entando-k8s-plugin-controller/statuses/387d66f29d44e9da245c8ce722e958214cf69ae7",
  "avatar_url": "https://avatars2.githubusercontent.com/u/57885396?v=4",
  "id": 10713385523,
  "node_id": "MDEzOlN0YXR1c0NvbnRleHQxMDcxMzM4NTUyMw==",
  "state": "failure",
  "description": "OWASP CVE failure!",
  "target_url": "https://entando-k8s.github.io/devops-results/entando-k8s-plugin-controller/PR-11/dependency-check-report.html",
  "context": "OWASP CVE",
  "created_at": "2020-09-09T12:35:00Z",
  "updated_at": "2020-09-09T12:35:00Z",
  "creator": {
    "login": "**********",
    "id": 57885396,
    "node_id": "MDQ6VXNlcjU3ODg1Mzk2",
    "avatar_url": "https://avatars2.githubusercontent.com/u/57885396?v=4",
    "gravatar_id": "",
    "url": "https://api.github.com/users/**********",
    "html_url": "https://github.com/**********",
    "followers_url": "https://api.github.com/users/**********/followers",
    "following_url": "https://api.github.com/users/**********/following{/other_user}",
    "gists_url": "https://api.github.com/users/entando-**/gists{/gist_id}",
    "starred_url": "https://api.github.com/users/entando-**/starred{/owner}{/repo}",
    "subscriptions_url": "https://api.github.com/users/entando-**/subscriptions",
    "organizations_url": "https://api.github.com/users/entando-**/orgs",
    "repos_url": "https://api.github.com/users/entando-**/repos",
    "events_url": "https://api.github.com/users/entando-**/events{/privacy}",
    "received_events_url": "https://api.github.com/users/**********/received_events",
    "type": "User",
    "site_*****": false
  }
}
The following checks failed: for entando-k8s-plugin-controller-PR-11 : Pre-deployment tests; OWASP Maven Dependency Check; 
[31m
Pipeline failed on stage 'from-build-pack' : container 'step-build-mvn-verify-pr'. The execution of the pipeline has stopped.[0m
