
Showing logs for build [32mentando-entando-admin-console-p-r82tv-2[0m stage [32mfrom-build-pack[0m and container [32mstep-credential-initializer-pdkqr[0m
{"level":"warn","ts":1602745617.1970067,"logger":"fallback-logger","caller":"logging/config.go:69","msg":"Fetch GitHub commit ID from kodata failed: \"ref: refs/heads/0.8.0-**-support-backwards-incompats\" is not a valid GitHub commit ID"}
{"level":"info","ts":1602745617.202022,"logger":"fallback-logger","caller":"creds-init/main.go:40","msg":"Credentials initialized."}

Showing logs for build [32mentando-entando-admin-console-p-r82tv-2[0m stage [32mfrom-build-pack[0m and container [32mstep-working-dir-initializer-fckr9[0m
{"level":"warn","ts":1602745619.3941104,"logger":"fallback-logger","caller":"logging/config.go:69","msg":"Fetch GitHub commit ID from kodata failed: open /var/run/ko/HEAD: no such file or directory"}
{"level":"info","ts":1602745619.4096162,"logger":"fallback-logger","caller":"bash/main.go:64","msg":"Successfully e**cuted command \"sh -c mkdir -p /workspace/source\"; output "}

Showing logs for build [32mentando-entando-admin-console-p-r82tv-2[0m stage [32mfrom-build-pack[0m and container [32mstep-place-tools[0m

Showing logs for build [32mentando-entando-admin-console-p-r82tv-2[0m stage [32mfrom-build-pack[0m and container [32mstep-git-source-entando-entando-admin-console-p-b6gd5[0m
{"level":"warn","ts":1602745654.657453,"logger":"fallback-logger","caller":"logging/config.go:69","msg":"Fetch GitHub commit ID from kodata failed: \"ref: refs/heads/0.8.0-**-support-backwards-incompats\" is not a valid GitHub commit ID"}
{"level":"info","ts":1602745658.1642258,"logger":"fallback-logger","caller":"git/git.go:103","msg":"Successfully cloned https://github.com/entando/entando-*****-console.git @ master in path /workspace/source"}

Showing logs for build [32mentando-entando-admin-console-p-r82tv-2[0m stage [32mfrom-build-pack[0m and container [32mstep-git-merge[0m
Using SHAs from PULL_REFS=master:b61b5bf4a7676093152dd6575d701a6f019968fe,61:e43fcff20d064feef45a82b9a07e9a1d3db44dd8
DEBUG: ran git fetch --unshallow origin e43fcff20d064feef45a82b9a07e9a1d3db44dd8: b61b5bf4a7676093152dd6575d701a6f019968fe: in 
DEBUG: ran git checkout master in 
DEBUG: ran git reset --hard b61b5bf4a7676093152dd6575d701a6f019968fe in 
DEBUG: ran clean --force -d . in 
DEBUG: ran git merge e43fcff20d064feef45a82b9a07e9a1d3db44dd8 in 
Merged SHA e43fcff20d064feef45a82b9a07e9a1d3db44dd8 with commit message 'ENG-1171: Validation upgrade' into base branch master

Showing logs for build [32mentando-entando-admin-console-p-r82tv-2[0m stage [32mfrom-build-pack[0m and container [32mstep-build-set-version[0m
Picked up _JAVA_OPTIONS: -XX:+UnlockExperimentalVMOptions -Dsun.zip.disableMemoryMapping=true -XX:+UseParallelGC -XX:MinHeapFreeRatio=5 -XX:MaxHeapFreeRatio=10 -XX:GCTimeRatio=4 -XX:AdaptiveSizePolicyWeight=90 -Xms10m -Xmx8000m
[INFO] Scanning for projects...
[WARNING] The POM for org.eclipse.m2e:lifecycle-mapping:jar:1.0.0 is missing, no dependency information available
[WARNING] Failed to retrieve plugin descriptor for org.eclipse.m2e:lifecycle-mapping:1.0.0: Plugin org.eclipse.m2e:lifecycle-mapping:1.0.0 or one of its dependencies could not be resolved: Could not find artifact org.eclipse.m2e:lifecycle-mapping:jar:1.0.0 in nexus (http://nexus/repository/maven-group/)
[INFO] 
[INFO] -------------< org.entando.entando:entando-*****-console >--------------
[INFO] Building Entando Core: Administration Console 6.2.0-SNAPSHOT
[INFO] --------------------------------[ war ]---------------------------------
[WARNING] The POM for org.eclipse.m2e:lifecycle-mapping:jar:1.0.0 is missing, no dependency information available
[WARNING] Failed to retrieve plugin descriptor for org.eclipse.m2e:lifecycle-mapping:1.0.0: Plugin org.eclipse.m2e:lifecycle-mapping:1.0.0 or one of its dependencies could not be resolved: Failure to find org.eclipse.m2e:lifecycle-mapping:jar:1.0.0 in http://nexus/repository/maven-group/ was cached in the local repository, resolution will not be reattempted until the update interval of nexus has elapsed or updates are forced
[INFO] 
[INFO] --- versions-maven-plugin:2.8.1:set (default-cli) @ entando-*****-console ---
[INFO] Local aggregation ****: /workspace/source
[INFO] Processing change of org.entando.entando:entando-*****-console:6.2.0-SNAPSHOT -> 0.0.0-SNAPSHOT-PR-61-2
[INFO] Processing org.entando.entando:entando-*****-console
[INFO]     Updating project org.entando.entando:entando-*****-console
[INFO]         from version 6.2.0-SNAPSHOT to 0.0.0-SNAPSHOT-PR-61-2
[INFO] 
[INFO] ------------------------------------------------------------------------
[INFO] BUILD SUCCESS
[INFO] ------------------------------------------------------------------------
[INFO] Total time:  10.637 s
[INFO] Finished at: 2020-10-15T07:07:55Z
[INFO] ------------------------------------------------------------------------

Showing logs for build [32mentando-entando-admin-console-p-r82tv-2[0m stage [32mfrom-build-pack[0m and container [32mstep-build-fix-git-for-sonar[0m
M	pom.xml
Switched to a new branch 'PR-61'
Deleted branch master (was e43fcff).
From https://github.com/entando/entando-*****-console
 * [new branch]      master            -> master
 * [new tag]         pia-crs4          -> pia-crs4
 * [new tag]         v4.2.0            -> v4.2.0
 * [new tag]         v4.3.2-RC1        -> v4.3.2-RC1
 * [new tag]         v5.0.0-pre        -> v5.0.0-pre
 * [new tag]         v6.2.0-sprint1-rc -> v6.2.0-sprint1-rc
 * [new tag]         v6.2.0-sprint2-rc -> v6.2.0-sprint2-rc
 * [new tag]         v6.2.0-sprint3-rc -> v6.2.0-sprint3-rc
 * [new tag]         v6.2.0-sprint4-rc -> v6.2.0-sprint4-rc
 * [new tag]         v6.2.0-sprint5-rc -> v6.2.0-sprint5-rc

Showing logs for build [32mentando-entando-admin-console-p-r82tv-2[0m stage [32mfrom-build-pack[0m and container [32mstep-build-mvn-verify-pr[0m
  % Total    % Received % Xferd  Average Speed   Time    Time     Time  Current
                                 Dload  Upload   Total   Spent    Left  Speed
  0     0    0     0    0     0      0      0 --:--:-- --:--:-- --:--:--     0  0     0    0     0    0     0      0      0 --:--:-- --:--:-- --:--:--     0100  1848  100  1635  100   213   2289    298 --:--:-- --:--:-- --:--:--  2286
{
  "url": "https://api.github.com/repos/entando/entando-*****-console/statuses/e43fcff20d064feef45a82b9a07e9a1d3db44dd8",
  "avatar_url": "https://avatars2.githubusercontent.com/u/57885396?v=4",
  "id": 11057480761,
  "node_id": "MDEzOlN0YXR1c0NvbnRleHQxMTA1NzQ4MDc2MQ==",
  "state": "pending",
  "description": "Pre-deployment tests pending!",
  "target_url": "https://entando-k8s.github.io/devops-results/entando-*****-console/PR-61/surefire-report.html",
  "context": "Pre-deployment tests",
  "created_at": "2020-10-15T07:07:58Z",
  "updated_at": "2020-10-15T07:07:58Z",
  "creator": {
    "login": "entando-**",
    "id": 57885396,
    "node_id": "MDQ6VXNlcjU3ODg1Mzk2",
    "avatar_url": "https://avatars2.githubusercontent.com/u/57885396?v=4",
    "gravatar_id": "",
    "url": "https://api.github.com/users/entando-**",
    "html_url": "https://github.com/entando-**",
    "followers_url": "https://api.github.com/users/entando-**/followers",
    "following_url": "https://api.github.com/users/entando-**/following{/other_user}",
    "gists_url": "https://api.github.com/users/entando-**/gists{/gist_id}",
    "starred_url": "https://api.github.com/users/entando-**/starred{/owner}{/repo}",
    "subscriptions_url": "https://api.github.com/users/**********/subscriptions",
    "organizations_url": "https://api.github.com/users/entando-**/orgs",
    "repos_url": "https://api.github.com/users/entando-**/repos",
    "events_url": "https://api.github.com/users/entando-**/events{/privacy}",
    "received_events_url": "https://api.github.com/users/entando-**/received_events",
    "type": "User",
    "site_*****": *****
  }
}
  % Total    % Received % Xferd  Average Speed   Time    Time     Time  Current
                                 Dload  Upload   Total   Spent    Left  Speed
  0     0    0     0    0     0      0      0 --:--:-- --:--:-- --:--:--     0 10  1820    0     0  100   199      0    309 --:--:-- --:--:-- --:--:--   309100  1820  100  1621  100   199   2517    309 --:--:-- --:--:-- --:--:--  2517
{
  "url": "https://api.github.com/repos/entando/entando-*****-console/statuses/e43fcff20d064feef45a82b9a07e9a1d3db44dd8",
  "avatar_url": "https://avatars2.githubusercontent.com/u/57885396?v=4",
  "id": 11057480840,
  "node_id": "MDEzOlN0YXR1c0NvbnRleHQxMTA1NzQ4MDg0MA==",
  "state": "pending",
  "description": "OWASP CVE pending!",
  "target_url": "https://entando-k8s.github.io/devops-results/entando-*****-console/PR-61/dependency-check-report.html",
  "context": "OWASP CVE",
  "created_at": "2020-10-15T07:07:58Z",
  "updated_at": "2020-10-15T07:07:58Z",
  "creator": {
    "login": "entando-**",
    "id": 57885396,
    "node_id": "MDQ6VXNlcjU3ODg1Mzk2",
    "avatar_url": "https://avatars2.githubusercontent.com/u/57885396?v=4",
    "gravatar_id": "",
    "url": "https://api.github.com/users/entando-**",
    "html_url": "https://github.com/entando-**",
    "followers_url": "https://api.github.com/users/entando-**/followers",
    "following_url": "https://api.github.com/users/entando-**/following{/other_user}",
    "gists_url": "https://api.github.com/users/entando-**/gists{/gist_id}",
    "starred_url": "https://api.github.com/users/entando-**/starred{/owner}{/repo}",
    "subscriptions_url": "https://api.github.com/users/entando-**/subscriptions",
    "organizations_url": "https://api.github.com/users/entando-**/orgs",
    "repos_url": "https://api.github.com/users/entando-**/repos",
    "events_url": "https://api.github.com/users/entando-**/events{/privacy}",
    "received_events_url": "https://api.github.com/users/entando-**/received_events",
    "type": "User",
    "site_*****": *****
  }
}
Picked up _JAVA_OPTIONS: -XX:+UnlockExperimentalVMOptions -Dsun.zip.disableMemoryMapping=true -XX:+UseParallelGC -XX:MinHeapFreeRatio=5 -XX:MaxHeapFreeRatio=10 -XX:GCTimeRatio=4 -XX:AdaptiveSizePolicyWeight=90 -Xms10m -Xmx8000m
[INFO] Scanning for projects...
[WARNING] The POM for org.eclipse.m2e:lifecycle-mapping:jar:1.0.0 is missing, no dependency information available
[WARNING] Failed to retrieve plugin descriptor for org.eclipse.m2e:lifecycle-mapping:1.0.0: Plugin org.eclipse.m2e:lifecycle-mapping:1.0.0 or one of its dependencies could not be resolved: Failure to find org.eclipse.m2e:lifecycle-mapping:jar:1.0.0 in http://nexus/repository/maven-group/ was cached in the local repository, resolution will not be reattempted until the update interval of nexus has elapsed or updates are forced
[INFO] 
[INFO] -------------< org.entando.entando:entando-*****-console >--------------
[INFO] Building Entando Core: Administration Console 0.0.0-SNAPSHOT-PR-61-2
[INFO] --------------------------------[ war ]---------------------------------
[WARNING] The POM for com.sun.xml.bind:jaxb-impl:jar:2.2.11 is invalid, transitive dependencies (if any) will not be available, enable debug logging for more details
[INFO] 
[INFO] --- maven-checkstyle-plugin:3.1.1:check (validate) @ entando-*****-console ---
[INFO] 
[INFO] --- maven-checkstyle-plugin:3.1.1:checkstyle (validate) @ entando-*****-console ---
[INFO] 
[INFO] --- jacoco-maven-plugin:0.8.5:prepare-agent (prepare-agent) @ entando-*****-console ---
[INFO] argLine set to -javaagent:/home/jenkins/.mvnrepository/org/jacoco/org.jacoco.agent/0.8.5/org.jacoco.agent-0.8.5-runtime.jar=destfile=/workspace/source/target/jacoco.e**c
[INFO] 
[INFO] --- maven-resources-plugin:2.5:resources (default-resources) @ entando-*****-console ---
[debug] e**cute contextualize
[INFO] Using 'UTF-8' encoding to copy filtered resources.
[INFO] Copying 26 resources
[INFO] Copying 1 resource
[INFO] Copying 93 resources
[INFO] Copying 2 resources to META-INF
[INFO] 
[INFO] --- maven-compiler-plugin:3.8.1:compile (default-compile) @ entando-*****-console ---
[INFO] Changes detected - recompiling the module!
[INFO] Compiling 240 source files to /workspace/source/target/classes
[INFO] /workspace/source/src/main/java/com/agiletec/aps*****/******/BaseAction.java: Some input files use or override a deprecated API.
[INFO] /workspace/source/src/main/java/com/agiletec/aps*****/******/BaseAction.java: Recompile with -Xlint:deprecation for details.
[INFO] -------------------------------------------------------------
[WARNING] COMPILATION WARNING : 
[INFO] -------------------------------------------------------------
[WARNING] /workspace/source/src/main/java/com/agiletec/aps*****/******/BaseAction.java:[123,33] unchecked method invocation: method sort in class java.util.Collections is applied to given types
  required: java.util.List<T>,java.util.Comparator<? super T>
  found: java.util.List<com.agiletec.aps.******.services.group.Group>,org.apache.commons.beanutils.BeanComparator
[WARNING] /workspace/source/src/main/java/com/agiletec/aps*****/******/BaseAction.java:[123,61] unchecked conversion
  required: java.util.Comparator<? super T>
  found:    org.apache.commons.beanutils.BeanComparator
[WARNING] /workspace/source/src/main/java/org/entando/entando/aps*****/api/AbstractApiFinderAction.java:[61,29] unchecked method invocation: method sort in class java.util.Collections is applied to given types
  required: java.util.List<T>,java.util.Comparator<? super T>
  found: java.util.List<org.entando.entando.aps.******.services.api.model.ApiResource>,org.apache.commons.beanutils.BeanComparator
[WARNING] /workspace/source/src/main/java/org/entando/entando/aps*****/api/AbstractApiFinderAction.java:[61,43] unchecked conversion
  required: java.util.Comparator<? super T>
  found:    org.apache.commons.beanutils.BeanComparator
[WARNING] /workspace/source/src/main/java/com/agiletec/aps*****/******/entity/AbstractApsEntityFinderAction.java:[58,66] unchecked call to EntitySearchFilter(java.lang.String,boolean,T,boolean) as a member of the raw type com.agiletec.aps.******.common.entity.model.EntitySearchFilter
[WARNING] /workspace/source/src/main/java/com/agiletec/aps*****/******/entity/AbstractApsEntityFinderAction.java:[150,41] unchecked method invocation: method sort in class java.util.Collections is applied to given types
  required: java.util.List<T>,java.util.Comparator<? super T>
  found: java.util.List<com.agiletec.aps.******.common.entity.model.IApsEntity>,org.apache.commons.beanutils.BeanComparator
[WARNING] /workspace/source/src/main/java/com/agiletec/aps*****/******/entity/AbstractApsEntityFinderAction.java:[150,60] unchecked conversion
  required: java.util.Comparator<? super T>
  found:    org.apache.commons.beanutils.BeanComparator
[WARNING] /workspace/source/src/main/java/org/entando/entando/aps*****/user/UserProfileFinderAction.java:[50,26] unchecked call to EntitySearchFilter(java.lang.String,boolean,T,boolean) as a member of the raw type com.agiletec.aps.******.common.entity.model.EntitySearchFilter
[WARNING] /workspace/source/src/main/java/org/entando/entando/aps*****/*****/DatabaseAction.java:[202,89] unchecked call to <A>getAnnotation(java.lang.Class<A>) as a member of the raw type java.lang.Class
[WARNING] /workspace/source/src/main/java/com/agiletec/aps*****/******/entity/type/EntityTypeConfigAction.java:[229,41] unchecked method invocation: method sort in class java.util.Collections is applied to given types
  required: java.util.List<T>,java.util.Comparator<? super T>
  found: java.util.List<com.agiletec.aps.******.common.entity.model.attribute.AttributeInterface>,org.apache.commons.beanutils.BeanComparator
[WARNING] /workspace/source/src/main/java/com/agiletec/aps*****/******/entity/type/EntityTypeConfigAction.java:[229,54] unchecked conversion
  required: java.util.Comparator<? super T>
  found:    org.apache.commons.beanutils.BeanComparator
[WARNING] /workspace/source/src/main/java/org/entando/entando/aps*****/tags/PageTreeTag.java:[88,57] unchecked method invocation: method getAllowedTreeRoot in interface com.agiletec.aps*****.******.ITreeNodeBaseActionHelper is applied to given types
  required: java.util.Collection<java.lang.String>
  found: java.util.Collection
[WARNING] /workspace/source/src/main/java/org/entando/entando/aps*****/tags/PageTreeTag.java:[88,79] unchecked conversion
  required: java.util.Collection<java.lang.String>
  found:    java.util.Collection
[WARNING] /workspace/source/src/main/java/com/agiletec/aps*****/portal/AbstractPortalAction.java:[125,41] unchecked method invocation: method sort in class java.util.Collections is applied to given types
  required: java.util.List<T>,java.util.Comparator<? super T>
  found: java.util.List<com.agiletec.aps.util.SelectItem>,org.apache.commons.beanutils.BeanComparator
[WARNING] /workspace/source/src/main/java/com/agiletec/aps*****/portal/AbstractPortalAction.java:[125,55] unchecked conversion
  required: java.util.Comparator<? super T>
  found:    org.apache.commons.beanutils.BeanComparator
[WARNING] /workspace/source/src/main/java/org/entando/entando/aps*****/portal/guifragment/GuiFragmentFinderAction.java:[47,65] unchecked call to FieldSearchFilter(java.lang.String,T,boolean) as a member of the raw type com.agiletec.aps.******.common.FieldSearchFilter
[WARNING] /workspace/source/src/main/java/org/entando/entando/aps*****/portal/guifragment/GuiFragmentFinderAction.java:[51,65] unchecked call to FieldSearchFilter(java.lang.String,T,boolean) as a member of the raw type com.agiletec.aps.******.common.FieldSearchFilter
[WARNING] /workspace/source/src/main/java/org/entando/entando/aps*****/portal/guifragment/GuiFragmentFinderAction.java:[55,65] unchecked call to FieldSearchFilter(java.lang.String,T,boolean) as a member of the raw type com.agiletec.aps.******.common.FieldSearchFilter
[WARNING] /workspace/source/src/main/java/org/entando/entando/aps*****/portal/guifragment/GuiFragmentFinderAction.java:[101,49] unchecked method invocation: method sort in class java.util.Collections is applied to given types
  required: java.util.List<T>,java.util.Comparator<? super T>
  found: java.util.List<com.agiletec.aps.util.SelectItem>,org.apache.commons.beanutils.BeanComparator
[WARNING] /workspace/source/src/main/java/org/entando/entando/aps*****/portal/guifragment/GuiFragmentFinderAction.java:[101,57] unchecked conversion
  required: java.util.Comparator<? super T>
  found:    org.apache.commons.beanutils.BeanComparator
[WARNING] /workspace/source/src/main/java/com/agiletec/aps*****/user/role/RoleFinderAction.java:[34,33] unchecked method invocation: method sort in class java.util.Collections is applied to given types
  required: java.util.List<T>,java.util.Comparator<? super T>
  found: java.util.List<com.agiletec.aps.******.services.role.Role>,org.apache.commons.beanutils.BeanComparator
[WARNING] /workspace/source/src/main/java/com/agiletec/aps*****/user/role/RoleFinderAction.java:[34,41] unchecked conversion
  required: java.util.Comparator<? super T>
  found:    org.apache.commons.beanutils.BeanComparator
[WARNING] /workspace/source/src/main/java/com/agiletec/aps*****/******/entity/type/CompositeAttributeConfigAction.java:[157,41] unchecked method invocation: method sort in class java.util.Collections is applied to given types
  required: java.util.List<T>,java.util.Comparator<? super T>
  found: java.util.List<com.agiletec.aps.******.common.entity.model.attribute.AttributeInterface>,org.apache.commons.beanutils.BeanComparator
[WARNING] /workspace/source/src/main/java/com/agiletec/aps*****/******/entity/type/CompositeAttributeConfigAction.java:[157,54] unchecked conversion
  required: java.util.Comparator<? super T>
  found:    org.apache.commons.beanutils.BeanComparator
[WARNING] /workspace/source/src/main/java/org/entando/entando/aps*****/api/helper/SchemaGeneratorActionHelper.java:[72,57] unchecked call to getDeclaredMethod(java.lang.String,java.lang.Class<?>...) as a member of the raw type java.lang.Class
[WARNING] /workspace/source/src/main/java/org/entando/entando/aps*****/api/helper/SchemaGeneratorActionHelper.java:[81,61] unchecked call to getDeclaredMethod(java.lang.String,java.lang.Class<?>...) as a member of the raw type java.lang.Class
[WARNING] /workspace/source/src/main/java/org/entando/entando/aps*****/api/helper/SchemaGeneratorActionHelper.java:[87,61] unchecked call to getDeclaredMethod(java.lang.String,java.lang.Class<?>...) as a member of the raw type java.lang.Class
[WARNING] /workspace/source/src/main/java/org/entando/entando/aps*****/******/services/shortcut/UserShortcutConfigDOM.java:[67,82] unchecked conversion
  required: java.util.List<org.jdom.Element>
  found:    java.util.List
[WARNING] /workspace/source/src/main/java/org/entando/entando/aps*****/api/AbstractApiAction.java:[53,29] unchecked method invocation: method sort in class java.util.Collections is applied to given types
  required: java.util.List<T>,java.util.Comparator<? super T>
  found: java.util.List<com.agiletec.aps.******.services.role.Permission>,org.apache.commons.beanutils.BeanComparator
[WARNING] /workspace/source/src/main/java/org/entando/entando/aps*****/api/AbstractApiAction.java:[53,43] unchecked conversion
  required: java.util.Comparator<? super T>
  found:    org.apache.commons.beanutils.BeanComparator
[WARNING] /workspace/source/src/main/java/org/entando/entando/aps*****/******/services/shortcut/ShortcutDefDOM.java:[92,78] unchecked conversion
  required: java.util.List<org.jdom.Element>
  found:    java.util.List
[WARNING] /workspace/source/src/main/java/org/entando/entando/aps*****/******/services/shortcut/ShortcutDefDOM.java:[103,85] unchecked conversion
  required: java.util.List<org.jdom.Element>
  found:    java.util.List
[WARNING] /workspace/source/src/main/java/org/entando/entando/aps*****/******/services/shortcut/ShortcutDefDOM.java:[131,84] unchecked conversion
  required: java.util.List<org.jdom.Element>
  found:    java.util.List
[WARNING] /workspace/source/src/main/java/com/agiletec/aps*****/******/entity/EntityActionHelper.java:[202,82] unchecked call to EntitySearchFilter(java.lang.String,boolean,T,boolean) as a member of the raw type com.agiletec.aps.******.common.entity.model.EntitySearchFilter
[WARNING] /workspace/source/src/main/java/com/agiletec/aps*****/******/entity/EntityActionHelper.java:[209,82] unchecked call to EntitySearchFilter(java.lang.String,boolean,T,T) as a member of the raw type com.agiletec.aps.******.common.entity.model.EntitySearchFilter
[WARNING] /workspace/source/src/main/java/com/agiletec/aps*****/******/entity/EntityActionHelper.java:[215,82] unchecked call to EntitySearchFilter(java.lang.String,boolean,T,boolean) as a member of the raw type com.agiletec.aps.******.common.entity.model.EntitySearchFilter
[WARNING] /workspace/source/src/main/java/com/agiletec/aps*****/******/entity/EntityActionHelper.java:[222,82] unchecked call to EntitySearchFilter(java.lang.String,boolean,T,T) as a member of the raw type com.agiletec.aps.******.common.entity.model.EntitySearchFilter
[WARNING] /workspace/source/src/main/java/org/entando/entando/aps*****/tags/EntityTypesInfoTag.java:[51,57] unchecked method invocation: method sort in class java.util.Collections is applied to given types
  required: java.util.List<T>,java.util.Comparator<? super T>
  found: java.util.List<com.agiletec.aps.******.common.entity.model.IApsEntity>,org.apache.commons.beanutils.BeanComparator
[WARNING] /workspace/source/src/main/java/org/entando/entando/aps*****/tags/EntityTypesInfoTag.java:[51,71] unchecked conversion
  required: java.util.Comparator<? super T>
  found:    org.apache.commons.beanutils.BeanComparator
[WARNING] /workspace/source/src/main/java/com/agiletec/aps*****/******/conversion/ApsTimestampTypeConverter.java:[48,72] unchecked call to getConstructor(java.lang.Class<?>...) as a member of the raw type java.lang.Class
[WARNING] /workspace/source/src/main/java/com/agiletec/aps*****/******/conversion/ApsDateTypeConverter.java:[54,72] unchecked call to getConstructor(java.lang.Class<?>...) as a member of the raw type java.lang.Class
[WARNING] /workspace/source/src/main/java/org/entando/entando/aps*****/portal/guifragment/GuiFragmentAction.java:[205,59] unchecked method invocation: method setReferences in class org.entando.entando.aps*****.portal.guifragment.GuiFragmentAction is applied to given types
  required: java.util.Map<java.lang.String,java.util.List<java.lang.Object>>
  found: java.util.Map
[WARNING] /workspace/source/src/main/java/org/entando/entando/aps*****/portal/guifragment/GuiFragmentAction.java:[205,60] unchecked conversion
  required: java.util.Map<java.lang.String,java.util.List<java.lang.Object>>
  found:    java.util.Map
[WARNING] /workspace/source/src/main/java/com/agiletec/aps*****/tags/HookPointTag.java:[66,33] unchecked method invocation: method sort in class java.util.Collections is applied to given types
  required: java.util.List<T>,java.util.Comparator<? super T>
  found: java.util.List<com.agiletec.aps*****.******.plugin.HookPointElementContainer>,org.apache.commons.beanutils.BeanComparator
[WARNING] /workspace/source/src/main/java/com/agiletec/aps*****/tags/HookPointTag.java:[66,46] unchecked conversion
  required: java.util.Comparator<? super T>
  found:    org.apache.commons.beanutils.BeanComparator
[WARNING] /workspace/source/src/main/java/com/agiletec/aps*****/user/group/GroupAction.java:[184,59] unchecked method invocation: method setReferences in class com.agiletec.aps*****.user.group.GroupAction is applied to given types
  required: java.util.Map<java.lang.String,java.util.List<java.lang.Object>>
  found: java.util.Map
[WARNING] /workspace/source/src/main/java/com/agiletec/aps*****/user/group/GroupAction.java:[184,60] unchecked conversion
  required: java.util.Map<java.lang.String,java.util.List<java.lang.Object>>
  found:    java.util.Map
[WARNING] /workspace/source/src/main/java/org/entando/entando/aps*****/api/ConsumerFinderAction.java:[49,37] unchecked call to FieldSearchFilter(java.lang.String,T,boolean) as a member of the raw type com.agiletec.aps.******.common.FieldSearchFilter
[WARNING] /workspace/source/src/main/java/org/entando/entando/aps*****/api/ConsumerFinderAction.java:[57,43] unchecked call to FieldSearchFilter(java.lang.String,T,boolean) as a member of the raw type com.agiletec.aps.******.common.FieldSearchFilter
[WARNING] /workspace/source/src/main/java/org/entando/entando/aps*****/tags/ShortcutListTag.java:[119,49] unchecked method invocation: method sort in class java.util.Collections is applied to given types
  required: java.util.List<T>,java.util.Comparator<? super T>
  found: java.util.List<com.agiletec.aps.util.SelectItem>,org.apache.commons.beanutils.BeanComparator
[WARNING] /workspace/source/src/main/java/org/entando/entando/aps*****/tags/ShortcutListTag.java:[119,64] unchecked conversion
  required: java.util.Comparator<? super T>
  found:    org.apache.commons.beanutils.BeanComparator
[WARNING] /workspace/source/src/main/java/org/entando/entando/aps*****/******/services/shortcut/ShortcutManager.java:[191,33] unchecked method invocation: method sort in class java.util.Collections is applied to given types
  required: java.util.List<T>,java.util.Comparator<? super T>
  found: java.util.List<org.entando.entando.aps*****.******.services.shortcut.model.Shortcut>,org.apache.commons.beanutils.BeanComparator
[WARNING] /workspace/source/src/main/java/org/entando/entando/aps*****/******/services/shortcut/ShortcutManager.java:[191,52] unchecked conversion
  required: java.util.Comparator<? super T>
  found:    org.apache.commons.beanutils.BeanComparator
[WARNING] /workspace/source/src/main/java/com/agiletec/aps*****/portal/PageAction.java:[770,25] unchecked method invocation: method sort in class java.util.Collections is applied to given types
  required: java.util.List<T>,java.util.Comparator<? super T>
  found: java.util.List<com.agiletec.aps.******.services.group.Group>,org.apache.commons.beanutils.BeanComparator
[WARNING] /workspace/source/src/main/java/com/agiletec/aps*****/portal/PageAction.java:[770,34] unchecked conversion
  required: java.util.Comparator<? super T>
  found:    org.apache.commons.beanutils.BeanComparator
[WARNING] /workspace/source/src/main/java/com/agiletec/aps*****/user/group/helper/GroupActionHelper.java:[57,77] unchecked conversion
  required: java.util.List<java.lang.Object>
  found:    java.util.List
[WARNING] /workspace/source/src/main/java/org/entando/entando/aps*****/api/ApiServiceFinderAction.java:[79,49] unchecked method invocation: method sort in class java.util.Collections is applied to given types
  required: java.util.List<T>,java.util.Comparator<? super T>
  found: java.util.List<org.entando.entando.aps*****.api.model.ApiSelectItem>,org.apache.commons.beanutils.BeanComparator
[WARNING] /workspace/source/src/main/java/org/entando/entando/aps*****/api/ApiServiceFinderAction.java:[79,57] unchecked conversion
  required: java.util.Comparator<? super T>
  found:    org.apache.commons.beanutils.BeanComparator
[WARNING] /workspace/source/src/main/java/org/entando/entando/aps*****/portal/model/PageModelAction.java:[342,59] unchecked method invocation: method setReferences in class org.entando.entando.aps*****.portal.model.PageModelAction is applied to given types
  required: java.util.Map<java.lang.String,java.util.List<java.lang.Object>>
  found: java.util.Map
[WARNING] /workspace/source/src/main/java/org/entando/entando/aps*****/portal/model/PageModelAction.java:[342,60] unchecked conversion
  required: java.util.Map<java.lang.String,java.util.List<java.lang.Object>>
  found:    java.util.Map
[WARNING] /workspace/source/src/main/java/com/agiletec/aps*****/******/entity/type/EntityAttributeConfigAction.java:[280,29] unchecked method invocation: method sort in class java.util.Collections is applied to given types
  required: java.util.List<T>,java.util.Comparator<? super T>
  found: java.util.List<com.agiletec.aps.******.common.entity.model.attribute.AttributeInterface>,org.apache.commons.beanutils.BeanComparator
[WARNING] /workspace/source/src/main/java/com/agiletec/aps*****/******/entity/type/EntityAttributeConfigAction.java:[280,42] unchecked conversion
  required: java.util.Comparator<? super T>
  found:    org.apache.commons.beanutils.BeanComparator
[WARNING] /workspace/source/src/main/java/com/agiletec/aps*****/category/CategoryAction.java:[87,41] unchecked method invocation: method sort in class java.util.Collections is applied to given types
  required: java.util.List<T>,java.util.Comparator<? super T>
  found: java.util.List<com.agiletec.aps*****.******.TreeNodeWrapper>,org.apache.commons.beanutils.BeanComparator
[WARNING] /workspace/source/src/main/java/com/agiletec/aps*****/category/CategoryAction.java:[87,50] unchecked conversion
  required: java.util.Comparator<? super T>
  found:    org.apache.commons.beanutils.BeanComparator
[WARNING] /workspace/source/src/main/java/com/agiletec/aps*****/user/group/GroupFinderAction.java:[34,33] unchecked method invocation: method sort in class java.util.Collections is applied to given types
  required: java.util.List<T>,java.util.Comparator<? super T>
  found: java.util.List<com.agiletec.aps.******.services.group.Group>,org.apache.commons.beanutils.BeanComparator
[WARNING] /workspace/source/src/main/java/com/agiletec/aps*****/user/group/GroupFinderAction.java:[34,42] unchecked conversion
  required: java.util.Comparator<? super T>
  found:    org.apache.commons.beanutils.BeanComparator
[WARNING] /workspace/source/src/main/java/com/agiletec/aps*****/portal/PageTreeMenuAction.java:[157,29] unchecked method invocation: method sort in class java.util.Collections is applied to given types
  required: java.util.List<T>,java.util.Comparator<? super T>
  found: java.util.List<com.agiletec.aps.util.SelectItem>,org.apache.commons.beanutils.BeanComparator
[WARNING] /workspace/source/src/main/java/com/agiletec/aps*****/portal/PageTreeMenuAction.java:[157,43] unchecked conversion
  required: java.util.Comparator<? super T>
  found:    org.apache.commons.beanutils.BeanComparator
[WARNING] /workspace/source/src/main/java/org/entando/entando/aps*****/******/RedirectMessageInterceptor.java:[93,59] unchecked conversion
  required: java.util.Collection<java.lang.String>
  found:    java.util.Collection
[WARNING] /workspace/source/src/main/java/org/entando/entando/aps*****/******/RedirectMessageInterceptor.java:[99,61] unchecked conversion
  required: java.util.Collection<java.lang.String>
  found:    java.util.Collection
[WARNING] /workspace/source/src/main/java/org/entando/entando/aps*****/******/RedirectMessageInterceptor.java:[105,65] unchecked conversion
  required: java.util.Map<java.lang.String,java.util.List<java.lang.String>>
  found:    java.util.Map
[WARNING] /workspace/source/src/main/java/org/entando/entando/aps*****/portal/model/PageModelFinderAction.java:[33,33] unchecked method invocation: method sort in class java.util.Collections is applied to given types
  required: java.util.List<T>,java.util.Comparator<? super T>
  found: java.util.List<com.agiletec.aps.******.services.pagemodel.PageModel>,org.apache.commons.beanutils.BeanComparator
[WARNING] /workspace/source/src/main/java/org/entando/entando/aps*****/portal/model/PageModelFinderAction.java:[33,42] unchecked conversion
  required: java.util.Comparator<? super T>
  found:    org.apache.commons.beanutils.BeanComparator
[WARNING] /workspace/source/src/main/java/com/agiletec/aps*****/******/entity/type/EntityTypesAction.java:[76,41] unchecked method invocation: method sort in class java.util.Collections is applied to given types
  required: java.util.List<T>,java.util.Comparator<? super T>
  found: java.util.List<com.agiletec.aps.******.common.entity.model.IApsEntity>,org.apache.commons.beanutils.BeanComparator
[WARNING] /workspace/source/src/main/java/com/agiletec/aps*****/******/entity/type/EntityTypesAction.java:[76,60] unchecked conversion
  required: java.util.Comparator<? super T>
  found:    org.apache.commons.beanutils.BeanComparator
[WARNING] /workspace/source/src/main/java/com/agiletec/aps*****/******/entity/type/EntityTypesAction.java:[146,53] unchecked call to EntitySearchFilter(java.lang.String,boolean,T,boolean) as a member of the raw type com.agiletec.aps.******.common.entity.model.EntitySearchFilter
[WARNING] /workspace/source/src/main/java/org/entando/entando/aps*****/portal/model/helper/PageModelActionHelper.java:[55,105] unchecked conversion
  required: java.util.List<java.lang.Object>
  found:    java.util.List
[INFO] 77 warnings 
[INFO] -------------------------------------------------------------
[INFO] -------------------------------------------------------------
[ERROR] COMPILATION ERROR : 
[INFO] -------------------------------------------------------------
[ERROR] /workspace/source/src/main/java/com/agiletec/aps*****/******/entity/EntityActionHelper.java:[82,91] method validate in interface com.agiletec.aps.******.common.entity.model.attribute.AttributeInterface cannot be applied to given types;
  required: com.agiletec.aps.******.common.entity.model.AttributeTracer
  found: com.agiletec.aps.******.common.entity.model.AttributeTracer,com.agiletec.aps.******.services.lang.ILangManager
  reason: actual and formal argument lists differ in length
[INFO] 1 error
[INFO] -------------------------------------------------------------
[INFO] 
[INFO] ------------------------------------------------------------------------
[INFO] Skipping Entando Core: Administration Console
[INFO] This project has been banned from the build due to previous failures.
[INFO] ------------------------------------------------------------------------
[INFO] ------------------------------------------------------------------------
[INFO] BUILD FAILURE
[INFO] ------------------------------------------------------------------------
[INFO] Total time:  24.403 s
[INFO] Finished at: 2020-10-15T07:08:26Z
[INFO] ------------------------------------------------------------------------
[ERROR] Failed to e**cute goal org.apache.maven.plugins:maven-compiler-plugin:3.8.1:compile (default-compile) on project entando-*****-console: Compilation failure
[ERROR] /workspace/source/src/main/java/com/agiletec/aps*****/******/entity/EntityActionHelper.java:[82,91] method validate in interface com.agiletec.aps.******.common.entity.model.attribute.AttributeInterface cannot be applied to given types;
[ERROR]   required: com.agiletec.aps.******.common.entity.model.AttributeTracer
[ERROR]   found: com.agiletec.aps.******.common.entity.model.AttributeTracer,com.agiletec.aps.******.services.lang.ILangManager
[ERROR]   reason: actual and formal argument lists differ in length
[ERROR] 
[ERROR] -> [Help 1]
[ERROR] 
[ERROR] To see the full stack trace of the errors, re-run Maven with the -e switch.
[ERROR] Re-run Maven using the -X switch to enable full debug logging.
[ERROR] 
[ERROR] For more information about the errors and possible solutions, please read the following articles:
[ERROR] [Help 1] http://cwiki.apache.org/confluence/display/MAVEN/MojoFailureException
shallow cloning https://github.com/entando-k8s/devops-results.git branch gh-pages
ran git init in /tmp/jenkins-x-collect429327918
ran git add remote origin https://github.com/entando-k8s/devops-results.git in /tmp/jenkins-x-collect429327918
ran git fetch origin --depth=1 gh-pages in dir /tmp/jenkins-x-collect429327918
No pre-deployment test results found for entando-*****-console-PR-61.
  % Total    % Received % Xferd  Average Speed   Time    Time     Time  Current
                                 Dload  Upload   Total   Spent    Left  Speed
{
  "url": "https://api.github.com/repos/entando/entando-*****-console/statuses/e43fcff20d064feef45a82b9a07e9a1d3db44dd8",
  "avatar_url": "https://avatars2.githubusercontent.com/u/57885396?v=4",
  "id": 11057504883,
  "node_id": "MDEzOlN0YXR1c0NvbnRleHQxMTA1NzUwNDg4Mw==",
  "state": "failure",
  "description": "Pre-deployment tests failure!",
  "target_url": "https://entando-k8s.github.io/devops-results/entando-*****-console/PR-61/surefire-report.html",
  "context": "Pre-deployment tests",
  "created_at": "2020-10-15T07:11:10Z",
  "updated_at": "2020-10-15T07:11:10Z",
  "creator": {
    "login": "entando-**",
    "id": 57885396,
    "node_id": "MDQ6VXNlcjU3ODg1Mzk2",
    "avatar_url": "https://avatars2.githubusercontent.com/u/57885396?v=4",
    "gravatar_id": "",
    "url": "https://api.github.com/users/entando-**",
    "html_url": "https://github.com/entando-**",
    "followers_url": "https://api.github.com/users/entando-**/followers",
    "following_url": "https://api.github.com/users/entando-**/following{/other_user}",
    "gists_url": "https://api.github.com/users/entando-**/gists{/gist_id}",
    "starred_url": "https://api.github.com/users/entando-**/starred{/owner}{/repo}",
    "subscriptions_url": "https://api.github.com/users/entando-**/subscriptions",
    "organizations_url": "https://api.github.com/users/entando-**/orgs",
    "repos_url": "https://api.github.com/users/entando-**/repos",
    "events_url": "https://api.github.com/users/entando-**/events{/privacy}",
    "received_events_url": "https://api.github.com/users/entando-**/received_events",
    "type": "User",
    "site_*****": *****
  }
}
  0     0    0     0    0     0      0      0 --:--:-- --:--:-- --:--:--     0100  1848  100  1635  100   213   2068    269 --:--:-- --:--:-- --:--:--  2077
OWASP has found dependencies with vulnerabilities for entando-*****-console-PR-61.
  % Total    % Received % Xferd  Average Speed   Time    Time     Time  Current
                                 Dload  Upload   Total   Spent    Left  Speed
  0     0    0     0    0     0      0      0 --:--:-- --:--:-- --:--:--     0  0     0    0     0    0     0      0      0 --:--:-- --:--:-- --:--:--     0100  1820  100  1621  100   199   2424    297 --:--:-- --:--:-- --:--:--  2437
{
  "url": "https://api.github.com/repos/entando/entando-*****-console/statuses/e43fcff20d064feef45a82b9a07e9a1d3db44dd8",
  "avatar_url": "https://avatars2.githubusercontent.com/u/57885396?v=4",
  "id": 11057504971,
  "node_id": "MDEzOlN0YXR1c0NvbnRleHQxMTA1NzUwNDk3MQ==",
  "state": "failure",
  "description": "OWASP CVE failure!",
  "target_url": "https://entando-k8s.github.io/devops-results/entando-*****-console/PR-61/dependency-check-report.html",
  "context": "OWASP CVE",
  "created_at": "2020-10-15T07:11:10Z",
  "updated_at": "2020-10-15T07:11:10Z",
  "creator": {
    "login": "entando-**",
    "id": 57885396,
    "node_id": "MDQ6VXNlcjU3ODg1Mzk2",
    "avatar_url": "https://avatars2.githubusercontent.com/u/57885396?v=4",
    "gravatar_id": "",
    "url": "https://api.github.com/users/entando-**",
    "html_url": "https://github.com/entando-**",
    "followers_url": "https://api.github.com/users/entando-**/followers",
    "following_url": "https://api.github.com/users/entando-**/following{/other_user}",
    "gists_url": "https://api.github.com/users/entando-**/gists{/gist_id}",
    "starred_url": "https://api.github.com/users/entando-**/starred{/owner}{/repo}",
    "subscriptions_url": "https://api.github.com/users/entando-**/subscriptions",
    "organizations_url": "https://api.github.com/users/entando-**/orgs",
    "repos_url": "https://api.github.com/users/entando-**/repos",
    "events_url": "https://api.github.com/users/entando-**/events{/privacy}",
    "received_events_url": "https://api.github.com/users/entando-**/received_events",
    "type": "User",
    "site_*****": *****
  }
}
The following checks failed: for entando-*****-console-PR-61 : Pre-deployment tests; OWASP Maven Dependency Check; 
[31m
Pipeline failed on stage 'from-build-pack' : container 'step-build-mvn-verify-pr'. The execution of the pipeline has stopped.[0m
